[2022-06-01T10:00:19.352Z] Validating found git in: git
[2022-06-01T10:00:19.550Z] Using git 2.25.1 from git
[2022-06-01T10:00:19.785Z] > git rev-parse --show-toplevel [202ms]
[2022-06-01T10:00:19.842Z] > git rev-parse --git-dir --git-common-dir [27ms]
[2022-06-01T10:00:19.884Z] Open repository: /home/ubuntu-1021941
[2022-06-01T10:00:20.740Z] > git status -z -uall [805ms]
[2022-06-01T10:00:20.839Z] > git symbolic-ref --short HEAD [78ms]
[2022-06-01T10:00:20.874Z] > git for-each-ref --format=%(refname)%00%(upstream:short)%00%(objectname)%00%(upstream:track)%00%(upstream:remotename)%00%(upstream:remoteref) refs/heads/main refs/remotes/main [5ms]
[2022-06-01T10:00:20.926Z] > git remote --verbose [9ms]
[2022-06-01T10:00:20.927Z] > git for-each-ref --sort -committerdate --format %(refname) %(objectname) %(*objectname) [41ms]
[2022-06-01T10:00:29.875Z] > git fetch [9952ms]
[2022-06-01T10:00:29.875Z] Missing or invalid credentials.
Skip silent fetch commands
Missing or invalid credentials.
Skip silent fetch commands
remote: Repository not found.
fatal: Authentication failed for 'https://github.com/Giovanny-HR/Project34.git/'
[2022-06-01T10:00:29.895Z] > git config --get commit.template [27ms]
[2022-06-01T10:00:30.610Z] > git check-ignore -v -z --stdin [11ms]
[2022-06-01T10:00:30.710Z] > git show --textconv :.vscode-server/api/routes/posts.js [17ms]
[2022-06-01T10:00:30.720Z] > git ls-files --stage -- /home/ubuntu-1021941/.vscode-server/api/routes/posts.js [11ms]
[2022-06-01T10:00:31.214Z] > git ls-files --stage -- /home/ubuntu-1021941/.vscode-server/api/routes/posts.js [6ms]
[2022-06-01T10:00:31.240Z] > git show --textconv :.vscode-server/api/routes/posts.js [6ms]
[2022-06-01T10:00:36.154Z] > git status -z -uall [200ms]
[2022-06-01T10:00:36.168Z] > git symbolic-ref --short HEAD [5ms]
[2022-06-01T10:00:36.187Z] > git for-each-ref --format=%(refname)%00%(upstream:short)%00%(objectname)%00%(upstream:track)%00%(upstream:remotename)%00%(upstream:remoteref) refs/heads/main refs/remotes/main [4ms]
[2022-06-01T10:00:36.207Z] > git for-each-ref --sort -committerdate --format %(refname) %(objectname) %(*objectname) [12ms]
[2022-06-01T10:00:36.211Z] > git remote --verbose [6ms]
[2022-06-01T10:00:40.680Z] > git config --get commit.template [17ms]
[2022-06-01T10:00:46.389Z] > git status -z -uall [218ms]
[2022-06-01T10:00:46.404Z] > git symbolic-ref --short HEAD [6ms]
[2022-06-01T10:00:46.418Z] > git for-each-ref --format=%(refname)%00%(upstream:short)%00%(objectname)%00%(upstream:track)%00%(upstream:remotename)%00%(upstream:remoteref) refs/heads/main refs/remotes/main [6ms]
[2022-06-01T10:00:46.438Z] > git for-each-ref --sort -committerdate --format %(refname) %(objectname) %(*objectname) [12ms]
[2022-06-01T10:00:46.442Z] > git remote --verbose [6ms]
[2022-06-01T10:00:50.598Z] > git config --get commit.template [13ms]
[2022-06-01T10:00:56.424Z] > git status -z -uall [194ms]
[2022-06-01T10:00:56.441Z] > git symbolic-ref --short HEAD [7ms]
[2022-06-01T10:00:56.455Z] > git for-each-ref --format=%(refname)%00%(upstream:short)%00%(objectname)%00%(upstream:track)%00%(upstream:remotename)%00%(upstream:remoteref) refs/heads/main refs/remotes/main [6ms]
[2022-06-01T10:00:56.477Z] > git for-each-ref --sort -committerdate --format %(refname) %(objectname) %(*objectname) [13ms]
[2022-06-01T10:00:56.482Z] > git remote --verbose [8ms]
[2022-06-01T10:01:00.739Z] > git config --get commit.template [15ms]
[2022-06-01T10:01:03.482Z] > git check-ignore -v -z --stdin [10ms]
[2022-06-01T10:01:05.731Z] > git show --textconv :.vscode-server/api/routes/balance.js [38ms]
[2022-06-01T10:01:05.741Z] > git ls-files --stage -- /home/ubuntu-1021941/.vscode-server/api/routes/balance.js [14ms]
[2022-06-01T10:01:06.327Z] > git status -z -uall [550ms]
[2022-06-01T10:01:06.390Z] > git symbolic-ref --short HEAD [25ms]
[2022-06-01T10:01:06.420Z] > git for-each-ref --format=%(refname)%00%(upstream:short)%00%(objectname)%00%(upstream:track)%00%(upstream:remotename)%00%(upstream:remoteref) refs/heads/main refs/remotes/main [15ms]
[2022-06-01T10:01:06.463Z] > git for-each-ref --sort -committerdate --format %(refname) %(objectname) %(*objectname) [26ms]
[2022-06-01T10:01:06.480Z] > git remote --verbose [19ms]
[2022-06-01T10:01:10.756Z] > git config --get commit.template [26ms]
[2022-06-01T10:01:15.982Z] > git status -z -uall [211ms]
[2022-06-01T10:01:15.998Z] > git symbolic-ref --short HEAD [5ms]
[2022-06-01T10:01:16.012Z] > git for-each-ref --format=%(refname)%00%(upstream:short)%00%(objectname)%00%(upstream:track)%00%(upstream:remotename)%00%(upstream:remoteref) refs/heads/main refs/remotes/main [5ms]
[2022-06-01T10:01:16.035Z] > git for-each-ref --sort -committerdate --format %(refname) %(objectname) %(*objectname) [14ms]
[2022-06-01T10:01:16.039Z] > git remote --verbose [7ms]
[2022-06-01T10:01:20.341Z] > git config --get commit.template [13ms]
[2022-06-01T10:01:25.551Z] > git status -z -uall [197ms]
[2022-06-01T10:01:25.568Z] > git symbolic-ref --short HEAD [5ms]
[2022-06-01T10:01:25.582Z] > git for-each-ref --format=%(refname)%00%(upstream:short)%00%(objectname)%00%(upstream:track)%00%(upstream:remotename)%00%(upstream:remoteref) refs/heads/main refs/remotes/main [5ms]
[2022-06-01T10:01:25.603Z] > git for-each-ref --sort -committerdate --format %(refname) %(objectname) %(*objectname) [13ms]
[2022-06-01T10:01:25.607Z] > git remote --verbose [6ms]
[2022-06-01T10:01:29.761Z] > git config --get commit.template [14ms]
[2022-06-01T10:01:34.972Z] > git status -z -uall [194ms]
[2022-06-01T10:01:34.988Z] > git symbolic-ref --short HEAD [5ms]
[2022-06-01T10:01:35.000Z] > git for-each-ref --format=%(refname)%00%(upstream:short)%00%(objectname)%00%(upstream:track)%00%(upstream:remotename)%00%(upstream:remoteref) refs/heads/main refs/remotes/main [4ms]
[2022-06-01T10:01:35.022Z] > git for-each-ref --sort -committerdate --format %(refname) %(objectname) %(*objectname) [13ms]
[2022-06-01T10:01:35.026Z] > git remote --verbose [6ms]
[2022-06-01T10:01:39.044Z] > git config --get commit.template [13ms]
[2022-06-01T10:01:44.369Z] > git status -z -uall [308ms]
[2022-06-01T10:01:44.388Z] > git symbolic-ref --short HEAD [8ms]
[2022-06-01T10:01:44.400Z] > git for-each-ref --format=%(refname)%00%(upstream:short)%00%(objectname)%00%(upstream:track)%00%(upstream:remotename)%00%(upstream:remoteref) refs/heads/main refs/remotes/main [4ms]
[2022-06-01T10:01:44.419Z] > git for-each-ref --sort -committerdate --format %(refname) %(objectname) %(*objectname) [11ms]
[2022-06-01T10:01:44.421Z] > git remote --verbose [4ms]
[2022-06-01T10:01:48.054Z] > git config --get commit.template [3501ms]
[2022-06-01T10:01:53.269Z] > git status -z -uall [202ms]
[2022-06-01T10:01:53.283Z] > git symbolic-ref --short HEAD [4ms]
[2022-06-01T10:01:53.297Z] > git for-each-ref --format=%(refname)%00%(upstream:short)%00%(objectname)%00%(upstream:track)%00%(upstream:remotename)%00%(upstream:remoteref) refs/heads/main refs/remotes/main [5ms]
[2022-06-01T10:01:53.317Z] > git for-each-ref --sort -committerdate --format %(refname) %(objectname) %(*objectname) [12ms]
[2022-06-01T10:01:53.321Z] > git remote --verbose [6ms]
[2022-06-01T10:01:57.415Z] > git config --get commit.template [15ms]
[2022-06-01T10:02:02.654Z] > git status -z -uall [216ms]
[2022-06-01T10:02:02.671Z] > git symbolic-ref --short HEAD [5ms]
[2022-06-01T10:02:02.684Z] > git for-each-ref --format=%(refname)%00%(upstream:short)%00%(objectname)%00%(upstream:track)%00%(upstream:remotename)%00%(upstream:remoteref) refs/heads/main refs/remotes/main [4ms]
[2022-06-01T10:02:02.707Z] > git for-each-ref --sort -committerdate --format %(refname) %(objectname) %(*objectname) [13ms]
[2022-06-01T10:02:02.711Z] > git remote --verbose [6ms]
[2022-06-01T10:02:06.848Z] > git config --get commit.template [14ms]
[2022-06-01T10:02:12.089Z] > git status -z -uall [224ms]
[2022-06-01T10:02:12.115Z] > git symbolic-ref --short HEAD [6ms]
[2022-06-01T10:02:12.131Z] > git for-each-ref --format=%(refname)%00%(upstream:short)%00%(objectname)%00%(upstream:track)%00%(upstream:remotename)%00%(upstream:remoteref) refs/heads/main refs/remotes/main [7ms]
[2022-06-01T10:02:12.154Z] > git for-each-ref --sort -committerdate --format %(refname) %(objectname) %(*objectname) [14ms]
[2022-06-01T10:02:12.157Z] > git remote --verbose [5ms]
[2022-06-01T10:02:16.286Z] > git config --get commit.template [11ms]
[2022-06-01T10:02:16.859Z] > git show --textconv :.vscode-server/api/app.js [16ms]
[2022-06-01T10:02:16.862Z] > git ls-files --stage -- /home/ubuntu-1021941/.vscode-server/api/app.js [3ms]
[2022-06-01T10:02:16.884Z] > git cat-file -s b4718e023fe99e4b48d7f4762a704869733cc7bb [13ms]
[2022-06-01T10:02:21.496Z] > git status -z -uall [197ms]
[2022-06-01T10:02:21.512Z] > git symbolic-ref --short HEAD [4ms]
[2022-06-01T10:02:21.525Z] > git for-each-ref --format=%(refname)%00%(upstream:short)%00%(objectname)%00%(upstream:track)%00%(upstream:remotename)%00%(upstream:remoteref) refs/heads/main refs/remotes/main [4ms]
[2022-06-01T10:02:21.548Z] > git for-each-ref --sort -committerdate --format %(refname) %(objectname) %(*objectname) [14ms]
[2022-06-01T10:02:21.552Z] > git remote --verbose [6ms]
[2022-06-01T10:02:26.256Z] > git config --get commit.template [18ms]
[2022-06-01T10:02:31.522Z] > git status -z -uall [240ms]
[2022-06-01T10:02:31.539Z] > git symbolic-ref --short HEAD [5ms]
[2022-06-01T10:02:31.554Z] > git for-each-ref --format=%(refname)%00%(upstream:short)%00%(objectname)%00%(upstream:track)%00%(upstream:remotename)%00%(upstream:remoteref) refs/heads/main refs/remotes/main [5ms]
[2022-06-01T10:02:31.578Z] > git for-each-ref --sort -committerdate --format %(refname) %(objectname) %(*objectname) [14ms]
[2022-06-01T10:02:31.582Z] > git remote --verbose [6ms]
[2022-06-01T10:02:37.352Z] > git config --get commit.template [16ms]
[2022-06-01T10:02:42.595Z] > git status -z -uall [228ms]
[2022-06-01T10:02:42.611Z] > git symbolic-ref --short HEAD [5ms]
[2022-06-01T10:02:42.626Z] > git for-each-ref --format=%(refname)%00%(upstream:short)%00%(objectname)%00%(upstream:track)%00%(upstream:remotename)%00%(upstream:remoteref) refs/heads/main refs/remotes/main [5ms]
[2022-06-01T10:02:42.647Z] > git for-each-ref --sort -committerdate --format %(refname) %(objectname) %(*objectname) [12ms]
[2022-06-01T10:02:42.651Z] > git remote --verbose [6ms]
[2022-06-01T10:02:46.838Z] > git config --get commit.template [15ms]
[2022-06-01T10:02:52.049Z] > git status -z -uall [194ms]
[2022-06-01T10:02:52.064Z] > git symbolic-ref --short HEAD [5ms]
[2022-06-01T10:02:52.078Z] > git for-each-ref --format=%(refname)%00%(upstream:short)%00%(objectname)%00%(upstream:track)%00%(upstream:remotename)%00%(upstream:remoteref) refs/heads/main refs/remotes/main [5ms]
[2022-06-01T10:02:52.123Z] > git for-each-ref --sort -committerdate --format %(refname) %(objectname) %(*objectname) [21ms]
[2022-06-01T10:02:52.130Z] > git remote --verbose [9ms]
[2022-06-01T10:02:56.300Z] > git config --get commit.template [13ms]
[2022-06-01T10:02:57.854Z] > git check-ignore -v -z --stdin [15ms]
[2022-06-01T10:02:59.046Z] > git check-ignore -v -z --stdin [5ms]
[2022-06-01T10:02:59.940Z] > git check-ignore -v -z --stdin [5ms]
[2022-06-01T10:03:01.514Z] > git status -z -uall [201ms]
[2022-06-01T10:03:01.529Z] > git symbolic-ref --short HEAD [5ms]
[2022-06-01T10:03:01.542Z] > git for-each-ref --format=%(refname)%00%(upstream:short)%00%(objectname)%00%(upstream:track)%00%(upstream:remotename)%00%(upstream:remoteref) refs/heads/main refs/remotes/main [4ms]
[2022-06-01T10:03:01.565Z] > git for-each-ref --sort -committerdate --format %(refname) %(objectname) %(*objectname) [14ms]
[2022-06-01T10:03:01.568Z] > git remote --verbose [6ms]
[2022-06-01T10:03:05.815Z] > git config --get commit.template [13ms]
[2022-06-01T10:03:11.043Z] > git status -z -uall [210ms]
[2022-06-01T10:03:11.061Z] > git symbolic-ref --short HEAD [5ms]
[2022-06-01T10:03:11.075Z] > git for-each-ref --format=%(refname)%00%(upstream:short)%00%(objectname)%00%(upstream:track)%00%(upstream:remotename)%00%(upstream:remoteref) refs/heads/main refs/remotes/main [5ms]
[2022-06-01T10:03:11.099Z] > git for-each-ref --sort -committerdate --format %(refname) %(objectname) %(*objectname) [14ms]
[2022-06-01T10:03:11.103Z] > git remote --verbose [6ms]
[2022-06-01T10:03:15.271Z] > git config --get commit.template [7ms]
[2022-06-01T10:03:29.875Z] > git status -z -uall [244ms]
[2022-06-01T10:03:29.888Z] > git symbolic-ref --short HEAD [4ms]
[2022-06-01T10:03:29.900Z] > git for-each-ref --format=%(refname)%00%(upstream:short)%00%(objectname)%00%(upstream:track)%00%(upstream:remotename)%00%(upstream:remoteref) refs/heads/main refs/remotes/main [4ms]
[2022-06-01T10:03:29.918Z] > git for-each-ref --sort -committerdate --format %(refname) %(objectname) %(*objectname) [10ms]
[2022-06-01T10:03:29.921Z] > git remote --verbose [6ms]
[2022-06-01T10:03:33.998Z] > git config --get commit.template [14ms]
[2022-06-01T10:04:14.824Z] > git status -z -uall [253ms]
[2022-06-01T10:04:14.838Z] > git symbolic-ref --short HEAD [4ms]
[2022-06-01T10:04:14.851Z] > git for-each-ref --format=%(refname)%00%(upstream:short)%00%(objectname)%00%(upstream:track)%00%(upstream:remotename)%00%(upstream:remoteref) refs/heads/main refs/remotes/main [6ms]
[2022-06-01T10:04:14.869Z] > git for-each-ref --sort -committerdate --format %(refname) %(objectname) %(*objectname) [11ms]
[2022-06-01T10:04:14.872Z] > git remote --verbose [6ms]
[2022-06-01T10:04:18.954Z] > git config --get commit.template [14ms]
[2022-06-01T10:07:32.481Z] > git status -z -uall [268ms]
[2022-06-01T10:07:32.495Z] > git symbolic-ref --short HEAD [5ms]
[2022-06-01T10:07:32.508Z] > git for-each-ref --format=%(refname)%00%(upstream:short)%00%(objectname)%00%(upstream:track)%00%(upstream:remotename)%00%(upstream:remoteref) refs/heads/main refs/remotes/main [6ms]
[2022-06-01T10:07:32.529Z] > git for-each-ref --sort -committerdate --format %(refname) %(objectname) %(*objectname) [14ms]
[2022-06-01T10:07:32.533Z] > git remote --verbose [9ms]
[2022-06-01T10:07:36.639Z] > git config --get commit.template [16ms]
[2022-06-01T10:07:41.855Z] > git status -z -uall [197ms]
[2022-06-01T10:07:41.871Z] > git symbolic-ref --short HEAD [4ms]
[2022-06-01T10:07:41.885Z] > git for-each-ref --format=%(refname)%00%(upstream:short)%00%(objectname)%00%(upstream:track)%00%(upstream:remotename)%00%(upstream:remoteref) refs/heads/main refs/remotes/main [5ms]
[2022-06-01T10:07:41.906Z] > git for-each-ref --sort -committerdate --format %(refname) %(objectname) %(*objectname) [13ms]
[2022-06-01T10:07:41.910Z] > git remote --verbose [6ms]
[2022-06-01T10:07:46.017Z] > git config --get commit.template [14ms]
[2022-06-01T10:07:51.228Z] > git status -z -uall [199ms]
[2022-06-01T10:07:51.244Z] > git symbolic-ref --short HEAD [5ms]
[2022-06-01T10:07:51.257Z] > git for-each-ref --format=%(refname)%00%(upstream:short)%00%(objectname)%00%(upstream:track)%00%(upstream:remotename)%00%(upstream:remoteref) refs/heads/main refs/remotes/main [4ms]
[2022-06-01T10:07:51.278Z] > git for-each-ref --sort -committerdate --format %(refname) %(objectname) %(*objectname) [13ms]
[2022-06-01T10:07:51.281Z] > git remote --verbose [5ms]
[2022-06-01T10:07:55.391Z] > git config --get commit.template [14ms]
[2022-06-01T10:09:29.070Z] > git status -z -uall [256ms]
[2022-06-01T10:09:29.083Z] > git symbolic-ref --short HEAD [4ms]
[2022-06-01T10:09:29.094Z] > git for-each-ref --format=%(refname)%00%(upstream:short)%00%(objectname)%00%(upstream:track)%00%(upstream:remotename)%00%(upstream:remoteref) refs/heads/main refs/remotes/main [4ms]
[2022-06-01T10:09:29.111Z] > git for-each-ref --sort -committerdate --format %(refname) %(objectname) %(*objectname) [10ms]
[2022-06-01T10:09:29.115Z] > git remote --verbose [6ms]
[2022-06-01T10:09:33.362Z] > git config --get commit.template [14ms]
[2022-06-01T10:09:38.609Z] > git status -z -uall [230ms]
[2022-06-01T10:09:38.631Z] > git symbolic-ref --short HEAD [12ms]
[2022-06-01T10:09:38.644Z] > git for-each-ref --format=%(refname)%00%(upstream:short)%00%(objectname)%00%(upstream:track)%00%(upstream:remotename)%00%(upstream:remoteref) refs/heads/main refs/remotes/main [5ms]
[2022-06-01T10:09:38.665Z] > git for-each-ref --sort -committerdate --format %(refname) %(objectname) %(*objectname) [13ms]
[2022-06-01T10:09:38.691Z] > git show --textconv :.vscode-server/api/routes/posts.js [13ms]
[2022-06-01T10:09:38.692Z] > git remote --verbose [29ms]
[2022-06-01T10:09:42.891Z] > git ls-files --stage -- /home/ubuntu-1021941/.vscode-server/api/routes/posts.js [4200ms]
[2022-06-01T10:09:42.905Z] > git config --get commit.template [18ms]
[2022-06-01T10:09:43.797Z] > git show --textconv :.vscode-server/api/routes/balance.js [9ms]
[2022-06-01T10:09:43.801Z] > git ls-files --stage -- /home/ubuntu-1021941/.vscode-server/api/routes/balance.js [5ms]
[2022-06-01T10:09:48.119Z] > git status -z -uall [202ms]
[2022-06-01T10:09:48.135Z] > git symbolic-ref --short HEAD [5ms]
[2022-06-01T10:09:48.148Z] > git for-each-ref --format=%(refname)%00%(upstream:short)%00%(objectname)%00%(upstream:track)%00%(upstream:remotename)%00%(upstream:remoteref) refs/heads/main refs/remotes/main [5ms]
[2022-06-01T10:09:48.171Z] > git for-each-ref --sort -committerdate --format %(refname) %(objectname) %(*objectname) [14ms]
[2022-06-01T10:09:48.174Z] > git remote --verbose [6ms]
[2022-06-01T10:09:52.423Z] > git config --get commit.template [14ms]
[2022-06-01T10:09:57.639Z] > git status -z -uall [203ms]
[2022-06-01T10:09:57.655Z] > git symbolic-ref --short HEAD [5ms]
[2022-06-01T10:09:57.668Z] > git for-each-ref --format=%(refname)%00%(upstream:short)%00%(objectname)%00%(upstream:track)%00%(upstream:remotename)%00%(upstream:remoteref) refs/heads/main refs/remotes/main [5ms]
[2022-06-01T10:09:57.689Z] > git for-each-ref --sort -committerdate --format %(refname) %(objectname) %(*objectname) [13ms]
[2022-06-01T10:09:57.692Z] > git remote --verbose [5ms]
[2022-06-01T10:10:01.909Z] > git config --get commit.template [14ms]
[2022-06-01T10:10:07.142Z] > git status -z -uall [216ms]
[2022-06-01T10:10:07.158Z] > git symbolic-ref --short HEAD [5ms]
[2022-06-01T10:10:07.177Z] > git for-each-ref --format=%(refname)%00%(upstream:short)%00%(objectname)%00%(upstream:track)%00%(upstream:remotename)%00%(upstream:remoteref) refs/heads/main refs/remotes/main [10ms]
[2022-06-01T10:10:07.199Z] > git for-each-ref --sort -committerdate --format %(refname) %(objectname) %(*objectname) [13ms]
[2022-06-01T10:10:07.203Z] > git remote --verbose [6ms]
[2022-06-01T10:10:11.448Z] > git config --get commit.template [14ms]
[2022-06-01T10:10:17.516Z] > git status -z -uall [225ms]
[2022-06-01T10:10:17.533Z] > git symbolic-ref --short HEAD [6ms]
[2022-06-01T10:10:17.548Z] > git for-each-ref --format=%(refname)%00%(upstream:short)%00%(objectname)%00%(upstream:track)%00%(upstream:remotename)%00%(upstream:remoteref) refs/heads/main refs/remotes/main [5ms]
[2022-06-01T10:10:17.571Z] > git for-each-ref --sort -committerdate --format %(refname) %(objectname) %(*objectname) [13ms]
[2022-06-01T10:10:17.575Z] > git remote --verbose [6ms]
[2022-06-01T10:10:21.874Z] > git config --get commit.template [14ms]
[2022-06-01T10:10:23.173Z] > git show --textconv :.vscode-server/api/routes/posts.js [20ms]
[2022-06-01T10:10:23.177Z] > git ls-files --stage -- /home/ubuntu-1021941/.vscode-server/api/routes/posts.js [10ms]
[2022-06-01T10:10:24.701Z] > git show --textconv :.vscode-server/api/app.js [14ms]
[2022-06-01T10:10:24.708Z] > git ls-files --stage -- /home/ubuntu-1021941/.vscode-server/api/app.js [8ms]
[2022-06-01T10:10:24.731Z] > git cat-file -s b4718e023fe99e4b48d7f4762a704869733cc7bb [14ms]
[2022-06-01T10:10:27.090Z] > git status -z -uall [203ms]
[2022-06-01T10:10:27.107Z] > git symbolic-ref --short HEAD [5ms]
[2022-06-01T10:10:27.121Z] > git for-each-ref --format=%(refname)%00%(upstream:short)%00%(objectname)%00%(upstream:track)%00%(upstream:remotename)%00%(upstream:remoteref) refs/heads/main refs/remotes/main [5ms]
[2022-06-01T10:10:27.143Z] > git for-each-ref --sort -committerdate --format %(refname) %(objectname) %(*objectname) [13ms]
[2022-06-01T10:10:27.147Z] > git remote --verbose [6ms]
[2022-06-01T10:10:31.300Z] > git config --get commit.template [15ms]
[2022-06-01T10:10:36.817Z] > git status -z -uall [458ms]
[2022-06-01T10:10:36.850Z] > git symbolic-ref --short HEAD [16ms]
[2022-06-01T10:10:36.874Z] > git for-each-ref --format=%(refname)%00%(upstream:short)%00%(objectname)%00%(upstream:track)%00%(upstream:remotename)%00%(upstream:remoteref) refs/heads/main refs/remotes/main [13ms]
[2022-06-01T10:10:36.901Z] > git for-each-ref --sort -committerdate --format %(refname) %(objectname) %(*objectname) [16ms]
[2022-06-01T10:10:36.912Z] > git remote --verbose [12ms]
[2022-06-01T10:10:40.681Z] > git config --get commit.template [3584ms]
[2022-06-01T10:10:45.969Z] > git status -z -uall [267ms]
[2022-06-01T10:10:45.996Z] > git symbolic-ref --short HEAD [10ms]
[2022-06-01T10:10:46.014Z] > git for-each-ref --format=%(refname)%00%(upstream:short)%00%(objectname)%00%(upstream:track)%00%(upstream:remotename)%00%(upstream:remoteref) refs/heads/main refs/remotes/main [9ms]
[2022-06-01T10:10:46.046Z] > git for-each-ref --sort -committerdate --format %(refname) %(objectname) %(*objectname) [14ms]
[2022-06-01T10:10:46.054Z] > git remote --verbose [13ms]
[2022-06-01T10:10:46.227Z] > git config --get commit.template [3ms]
[2022-06-01T10:10:51.440Z] > git status -z -uall [194ms]
[2022-06-01T10:10:51.458Z] > git symbolic-ref --short HEAD [6ms]
[2022-06-01T10:10:51.473Z] > git for-each-ref --format=%(refname)%00%(upstream:short)%00%(objectname)%00%(upstream:track)%00%(upstream:remotename)%00%(upstream:remoteref) refs/heads/main refs/remotes/main [4ms]
[2022-06-01T10:10:51.497Z] > git for-each-ref --sort -committerdate --format %(refname) %(objectname) %(*objectname) [14ms]
[2022-06-01T10:10:51.500Z] > git remote --verbose [5ms]
[2022-06-01T10:10:55.511Z] > git config --get commit.template [13ms]
[2022-06-01T10:11:42.993Z] > git status -z -uall [256ms]
[2022-06-01T10:11:43.008Z] > git symbolic-ref --short HEAD [5ms]
[2022-06-01T10:11:43.020Z] > git for-each-ref --format=%(refname)%00%(upstream:short)%00%(objectname)%00%(upstream:track)%00%(upstream:remotename)%00%(upstream:remoteref) refs/heads/main refs/remotes/main [4ms]
[2022-06-01T10:11:43.040Z] > git for-each-ref --sort -committerdate --format %(refname) %(objectname) %(*objectname) [12ms]
[2022-06-01T10:11:43.045Z] > git remote --verbose [7ms]
[2022-06-01T10:11:47.072Z] > git config --get commit.template [16ms]
[2022-06-01T10:11:52.303Z] > git status -z -uall [195ms]
[2022-06-01T10:11:52.319Z] > git symbolic-ref --short HEAD [5ms]
[2022-06-01T10:11:52.333Z] > git for-each-ref --format=%(refname)%00%(upstream:short)%00%(objectname)%00%(upstream:track)%00%(upstream:remotename)%00%(upstream:remoteref) refs/heads/main refs/remotes/main [5ms]
[2022-06-01T10:11:52.355Z] > git for-each-ref --sort -committerdate --format %(refname) %(objectname) %(*objectname) [13ms]
[2022-06-01T10:11:52.359Z] > git remote --verbose [6ms]
[2022-06-01T10:11:56.485Z] > git config --get commit.template [16ms]
[2022-06-01T10:17:02.359Z] > git status -z -uall [280ms]
[2022-06-01T10:17:02.375Z] > git symbolic-ref --short HEAD [5ms]
[2022-06-01T10:17:02.387Z] > git for-each-ref --format=%(refname)%00%(upstream:short)%00%(objectname)%00%(upstream:track)%00%(upstream:remotename)%00%(upstream:remoteref) refs/heads/main refs/remotes/main [5ms]
[2022-06-01T10:17:02.404Z] > git for-each-ref --sort -committerdate --format %(refname) %(objectname) %(*objectname) [10ms]
[2022-06-01T10:17:02.409Z] > git remote --verbose [7ms]
[2022-06-01T10:17:06.535Z] > git config --get commit.template [17ms]
[2022-06-01T10:17:07.227Z] > git show --textconv :.vscode-server/api/models/Post.js [31ms]
[2022-06-01T10:17:07.228Z] > git ls-files --stage -- /home/ubuntu-1021941/.vscode-server/api/models/Post.js [14ms]
[2022-06-01T10:17:10.452Z] > git show --textconv :.vscode-server/api/routes/balance.js [15ms]
[2022-06-01T10:17:10.458Z] > git ls-files --stage -- /home/ubuntu-1021941/.vscode-server/api/routes/balance.js [7ms]
[2022-06-01T10:17:11.750Z] > git status -z -uall [201ms]
[2022-06-01T10:17:11.768Z] > git symbolic-ref --short HEAD [5ms]
[2022-06-01T10:17:11.780Z] > git for-each-ref --format=%(refname)%00%(upstream:short)%00%(objectname)%00%(upstream:track)%00%(upstream:remotename)%00%(upstream:remoteref) refs/heads/main refs/remotes/main [4ms]
[2022-06-01T10:17:11.807Z] > git for-each-ref --sort -committerdate --format %(refname) %(objectname) %(*objectname) [19ms]
[2022-06-01T10:17:11.811Z] > git remote --verbose [5ms]
[2022-06-01T10:17:15.905Z] > git config --get commit.template [14ms]
[2022-06-01T10:17:16.613Z] > git show --textconv :.vscode-server/api/routes/posts.js [15ms]
[2022-06-01T10:17:16.620Z] > git ls-files --stage -- /home/ubuntu-1021941/.vscode-server/api/routes/posts.js [8ms]
[2022-06-01T10:17:17.651Z] > git show --textconv :.vscode-server/api/app.js [22ms]
[2022-06-01T10:17:17.651Z] > git ls-files --stage -- /home/ubuntu-1021941/.vscode-server/api/app.js [9ms]
[2022-06-01T10:17:17.674Z] > git cat-file -s b4718e023fe99e4b48d7f4762a704869733cc7bb [14ms]
[2022-06-01T10:17:21.113Z] > git status -z -uall [195ms]
[2022-06-01T10:17:21.128Z] > git symbolic-ref --short HEAD [5ms]
[2022-06-01T10:17:21.141Z] > git for-each-ref --format=%(refname)%00%(upstream:short)%00%(objectname)%00%(upstream:track)%00%(upstream:remotename)%00%(upstream:remoteref) refs/heads/main refs/remotes/main [4ms]
[2022-06-01T10:17:21.162Z] > git for-each-ref --sort -committerdate --format %(refname) %(objectname) %(*objectname) [12ms]
[2022-06-01T10:17:21.166Z] > git remote --verbose [5ms]
[2022-06-01T10:17:25.282Z] > git config --get commit.template [14ms]
[2022-06-01T10:17:30.498Z] > git status -z -uall [203ms]
[2022-06-01T10:17:30.516Z] > git symbolic-ref --short HEAD [5ms]
[2022-06-01T10:17:30.529Z] > git for-each-ref --format=%(refname)%00%(upstream:short)%00%(objectname)%00%(upstream:track)%00%(upstream:remotename)%00%(upstream:remoteref) refs/heads/main refs/remotes/main [4ms]
[2022-06-01T10:17:30.551Z] > git for-each-ref --sort -committerdate --format %(refname) %(objectname) %(*objectname) [14ms]
[2022-06-01T10:17:30.554Z] > git remote --verbose [5ms]
[2022-06-01T10:17:34.849Z] > git config --get commit.template [14ms]
[2022-06-01T10:18:07.390Z] > git status -z -uall [305ms]
[2022-06-01T10:18:07.403Z] > git symbolic-ref --short HEAD [4ms]
[2022-06-01T10:18:07.414Z] > git for-each-ref --format=%(refname)%00%(upstream:short)%00%(objectname)%00%(upstream:track)%00%(upstream:remotename)%00%(upstream:remoteref) refs/heads/main refs/remotes/main [4ms]
[2022-06-01T10:18:07.432Z] > git for-each-ref --sort -committerdate --format %(refname) %(objectname) %(*objectname) [12ms]
[2022-06-01T10:18:07.436Z] > git remote --verbose [6ms]
[2022-06-01T10:18:11.446Z] > git config --get commit.template [13ms]
[2022-06-01T10:24:17.827Z] > git status -z -uall [267ms]
[2022-06-01T10:24:17.844Z] > git symbolic-ref --short HEAD [7ms]
[2022-06-01T10:24:17.856Z] > git for-each-ref --format=%(refname)%00%(upstream:short)%00%(objectname)%00%(upstream:track)%00%(upstream:remotename)%00%(upstream:remoteref) refs/heads/main refs/remotes/main [5ms]
[2022-06-01T10:24:17.875Z] > git for-each-ref --sort -committerdate --format %(refname) %(objectname) %(*objectname) [12ms]
[2022-06-01T10:24:17.878Z] > git remote --verbose [6ms]
[2022-06-01T10:24:22.003Z] > git config --get commit.template [15ms]
[2022-06-01T10:24:27.284Z] > git status -z -uall [249ms]
[2022-06-01T10:24:27.321Z] > git show --textconv :.vscode-server/api/routes/balance.js [14ms]
[2022-06-01T10:24:27.324Z] > git symbolic-ref --short HEAD [30ms]
[2022-06-01T10:24:27.337Z] > git ls-files --stage -- /home/ubuntu-1021941/.vscode-server/api/routes/balance.js [17ms]
[2022-06-01T10:24:27.342Z] > git for-each-ref --format=%(refname)%00%(upstream:short)%00%(objectname)%00%(upstream:track)%00%(upstream:remotename)%00%(upstream:remoteref) refs/heads/main refs/remotes/main [7ms]
[2022-06-01T10:24:27.363Z] > git for-each-ref --sort -committerdate --format %(refname) %(objectname) %(*objectname) [12ms]
[2022-06-01T10:24:27.368Z] > git remote --verbose [7ms]
[2022-06-01T10:24:31.405Z] > git config --get commit.template [15ms]
[2022-06-01T10:24:36.617Z] > git status -z -uall [199ms]
[2022-06-01T10:24:36.632Z] > git symbolic-ref --short HEAD [5ms]
[2022-06-01T10:24:36.645Z] > git for-each-ref --format=%(refname)%00%(upstream:short)%00%(objectname)%00%(upstream:track)%00%(upstream:remotename)%00%(upstream:remoteref) refs/heads/main refs/remotes/main [5ms]
[2022-06-01T10:24:36.666Z] > git for-each-ref --sort -committerdate --format %(refname) %(objectname) %(*objectname) [13ms]
[2022-06-01T10:24:36.669Z] > git remote --verbose [5ms]
[2022-06-01T10:24:40.797Z] > git config --get commit.template [15ms]
