[2022-05-30T16:50:06.714Z] Validating found git in: git
[2022-05-30T16:50:06.870Z] Using git 2.25.1 from git
[2022-05-30T16:50:06.965Z] > git rev-parse --show-toplevel [70ms]
[2022-05-30T16:50:07.020Z] > git rev-parse --git-dir --git-common-dir [46ms]
[2022-05-30T16:50:07.030Z] Open repository: /home/ubuntu-1021941
[2022-05-30T16:50:07.286Z] > git status -z -uall [249ms]
[2022-05-30T16:50:07.306Z] > git symbolic-ref --short HEAD [15ms]
[2022-05-30T16:50:07.326Z] > git for-each-ref --format=%(refname)%00%(upstream:short)%00%(objectname)%00%(upstream:track)%00%(upstream:remotename)%00%(upstream:remoteref) refs/heads/main refs/remotes/main [16ms]
[2022-05-30T16:50:07.338Z] > git for-each-ref --sort -committerdate --format %(refname) %(objectname) %(*objectname) [8ms]
[2022-05-30T16:50:07.341Z] > git remote --verbose [6ms]
[2022-05-30T16:50:09.704Z] > git check-ignore -v -z --stdin [15ms]
[2022-05-30T16:50:09.705Z] > git config --get commit.template [23ms]
[2022-05-30T16:50:10.015Z] > git show --textconv :.vscode-server/api/balance.json [14ms]
[2022-05-30T16:50:10.021Z] > git ls-files --stage -- /home/ubuntu-1021941/.vscode-server/api/balance.json [8ms]
[2022-05-30T16:50:10.217Z] > git check-ignore -v -z --stdin [9ms]
[2022-05-30T16:50:25.231Z] > git status -z -uall [240ms]
[2022-05-30T16:50:25.249Z] > git symbolic-ref --short HEAD [8ms]
[2022-05-30T16:50:25.260Z] > git for-each-ref --format=%(refname)%00%(upstream:short)%00%(objectname)%00%(upstream:track)%00%(upstream:remotename)%00%(upstream:remoteref) refs/heads/main refs/remotes/main [5ms]
[2022-05-30T16:50:25.282Z] > git for-each-ref --sort -committerdate --format %(refname) %(objectname) %(*objectname) [15ms]
[2022-05-30T16:50:25.284Z] > git remote --verbose [8ms]
[2022-05-30T16:50:29.857Z] > git config --get commit.template [16ms]
[2022-05-30T16:50:30.466Z] > git check-ignore -v -z --stdin [24ms]
[2022-05-30T16:50:30.467Z] > git show --textconv :.vscode-server/api/routes/balance.js [9ms]
[2022-05-30T16:50:30.485Z] > git ls-files --stage -- /home/ubuntu-1021941/.vscode-server/api/routes/balance.js [20ms]
[2022-05-30T16:50:35.174Z] > git status -z -uall [299ms]
[2022-05-30T16:50:35.194Z] > git symbolic-ref --short HEAD [2ms]
[2022-05-30T16:50:35.215Z] > git for-each-ref --format=%(refname)%00%(upstream:short)%00%(objectname)%00%(upstream:track)%00%(upstream:remotename)%00%(upstream:remoteref) refs/heads/main refs/remotes/main [6ms]
[2022-05-30T16:50:35.245Z] > git for-each-ref --sort -committerdate --format %(refname) %(objectname) %(*objectname) [22ms]
[2022-05-30T16:50:35.266Z] > git remote --verbose [22ms]
[2022-05-30T16:50:42.469Z] > git config --get commit.template [16ms]
[2022-05-30T16:50:47.705Z] > git status -z -uall [222ms]
[2022-05-30T16:50:47.721Z] > git symbolic-ref --short HEAD [5ms]
[2022-05-30T16:50:47.734Z] > git for-each-ref --format=%(refname)%00%(upstream:short)%00%(objectname)%00%(upstream:track)%00%(upstream:remotename)%00%(upstream:remoteref) refs/heads/main refs/remotes/main [4ms]
[2022-05-30T16:50:47.758Z] > git for-each-ref --sort -committerdate --format %(refname) %(objectname) %(*objectname) [14ms]
[2022-05-30T16:50:47.762Z] > git remote --verbose [7ms]
[2022-05-30T16:50:52.065Z] > git config --get commit.template [11ms]
[2022-05-30T16:50:57.278Z] > git status -z -uall [198ms]
[2022-05-30T16:50:57.294Z] > git symbolic-ref --short HEAD [5ms]
[2022-05-30T16:50:57.307Z] > git for-each-ref --format=%(refname)%00%(upstream:short)%00%(objectname)%00%(upstream:track)%00%(upstream:remotename)%00%(upstream:remoteref) refs/heads/main refs/remotes/main [4ms]
[2022-05-30T16:50:57.337Z] > git for-each-ref --sort -committerdate --format %(refname) %(objectname) %(*objectname) [20ms]
[2022-05-30T16:50:57.339Z] > git remote --verbose [11ms]
[2022-05-30T16:51:02.226Z] > git config --get commit.template [19ms]
[2022-05-30T16:51:07.454Z] > git status -z -uall [213ms]
[2022-05-30T16:51:07.470Z] > git symbolic-ref --short HEAD [5ms]
[2022-05-30T16:51:07.486Z] > git for-each-ref --format=%(refname)%00%(upstream:short)%00%(objectname)%00%(upstream:track)%00%(upstream:remotename)%00%(upstream:remoteref) refs/heads/main refs/remotes/main [6ms]
[2022-05-30T16:51:07.509Z] > git for-each-ref --sort -committerdate --format %(refname) %(objectname) %(*objectname) [14ms]
[2022-05-30T16:51:07.514Z] > git remote --verbose [7ms]
[2022-05-30T16:51:12.077Z] > git config --get commit.template [14ms]
[2022-05-30T16:51:17.287Z] > git status -z -uall [197ms]
[2022-05-30T16:51:17.303Z] > git symbolic-ref --short HEAD [5ms]
[2022-05-30T16:51:17.318Z] > git for-each-ref --format=%(refname)%00%(upstream:short)%00%(objectname)%00%(upstream:track)%00%(upstream:remotename)%00%(upstream:remoteref) refs/heads/main refs/remotes/main [5ms]
[2022-05-30T16:51:17.340Z] > git for-each-ref --sort -committerdate --format %(refname) %(objectname) %(*objectname) [13ms]
[2022-05-30T16:51:17.345Z] > git remote --verbose [7ms]
[2022-05-30T16:51:22.174Z] > git config --get commit.template [12ms]
[2022-05-30T16:51:27.271Z] > git show --textconv :.vscode-server/api/app.js [73ms]
[2022-05-30T16:51:27.271Z] > git ls-files --stage -- /home/ubuntu-1021941/.vscode-server/api/app.js [46ms]
[2022-05-30T16:51:27.390Z] > git cat-file -s b4718e023fe99e4b48d7f4762a704869733cc7bb [35ms]
[2022-05-30T16:51:27.886Z] > git status -z -uall [623ms]
[2022-05-30T16:51:27.897Z] > git symbolic-ref --short HEAD [3ms]
[2022-05-30T16:51:27.907Z] > git for-each-ref --format=%(refname)%00%(upstream:short)%00%(objectname)%00%(upstream:track)%00%(upstream:remotename)%00%(upstream:remoteref) refs/heads/main refs/remotes/main [3ms]
[2022-05-30T16:51:27.926Z] > git for-each-ref --sort -committerdate --format %(refname) %(objectname) %(*objectname) [13ms]
[2022-05-30T16:51:27.932Z] > git remote --verbose [11ms]
[2022-05-30T16:51:34.650Z] > git config --get commit.template [38ms]
[2022-05-30T16:51:47.095Z] > git status -z -uall [262ms]
[2022-05-30T16:51:47.110Z] > git symbolic-ref --short HEAD [7ms]
[2022-05-30T16:51:47.123Z] > git for-each-ref --format=%(refname)%00%(upstream:short)%00%(objectname)%00%(upstream:track)%00%(upstream:remotename)%00%(upstream:remoteref) refs/heads/main refs/remotes/main [6ms]
[2022-05-30T16:51:47.142Z] > git for-each-ref --sort -committerdate --format %(refname) %(objectname) %(*objectname) [12ms]
[2022-05-30T16:51:47.145Z] > git remote --verbose [7ms]
[2022-05-30T16:51:51.768Z] > git config --get commit.template [26ms]
[2022-05-30T16:52:59.389Z] > git show --textconv :.vscode-server/api/routes/balance.js [21ms]
[2022-05-30T16:52:59.396Z] > git ls-files --stage -- /home/ubuntu-1021941/.vscode-server/api/routes/balance.js [12ms]
[2022-05-30T16:52:59.469Z] > git status -z -uall [299ms]
[2022-05-30T16:52:59.495Z] > git symbolic-ref --short HEAD [12ms]
[2022-05-30T16:52:59.507Z] > git for-each-ref --format=%(refname)%00%(upstream:short)%00%(objectname)%00%(upstream:track)%00%(upstream:remotename)%00%(upstream:remoteref) refs/heads/main refs/remotes/main [5ms]
[2022-05-30T16:52:59.527Z] > git for-each-ref --sort -committerdate --format %(refname) %(objectname) %(*objectname) [12ms]
[2022-05-30T16:52:59.530Z] > git remote --verbose [6ms]
[2022-05-30T16:53:03.715Z] > git config --get commit.template [15ms]
[2022-05-30T16:55:16.866Z] > git show --textconv :.vscode-server/api/app.js [45ms]
[2022-05-30T16:55:16.867Z] > git ls-files --stage -- /home/ubuntu-1021941/.vscode-server/api/app.js [30ms]
[2022-05-30T16:55:16.895Z] > git cat-file -s b4718e023fe99e4b48d7f4762a704869733cc7bb [14ms]
[2022-05-30T16:55:17.047Z] > git status -z -uall [398ms]
[2022-05-30T16:55:17.069Z] > git symbolic-ref --short HEAD [13ms]
[2022-05-30T16:55:17.085Z] > git for-each-ref --format=%(refname)%00%(upstream:short)%00%(objectname)%00%(upstream:track)%00%(upstream:remotename)%00%(upstream:remoteref) refs/heads/main refs/remotes/main [8ms]
[2022-05-30T16:55:17.109Z] > git for-each-ref --sort -committerdate --format %(refname) %(objectname) %(*objectname) [16ms]
[2022-05-30T16:55:17.112Z] > git remote --verbose [10ms]
[2022-05-30T16:55:21.229Z] > git config --get commit.template [15ms]
[2022-05-30T16:55:28.282Z] > git status -z -uall [206ms]
[2022-05-30T16:55:28.297Z] > git symbolic-ref --short HEAD [5ms]
[2022-05-30T16:55:28.314Z] > git for-each-ref --format=%(refname)%00%(upstream:short)%00%(objectname)%00%(upstream:track)%00%(upstream:remotename)%00%(upstream:remoteref) refs/heads/main refs/remotes/main [8ms]
[2022-05-30T16:55:28.336Z] > git for-each-ref --sort -committerdate --format %(refname) %(objectname) %(*objectname) [13ms]
[2022-05-30T16:55:28.340Z] > git remote --verbose [6ms]
[2022-05-30T16:55:32.595Z] > git config --get commit.template [15ms]
[2022-05-30T16:55:46.698Z] > git show --textconv :.vscode-server/api/routes/balance.js [33ms]
[2022-05-30T16:55:46.706Z] > git ls-files --stage -- /home/ubuntu-1021941/.vscode-server/api/routes/balance.js [21ms]
[2022-05-30T16:55:46.786Z] > git status -z -uall [329ms]
[2022-05-30T16:55:46.799Z] > git symbolic-ref --short HEAD [4ms]
[2022-05-30T16:55:46.811Z] > git for-each-ref --format=%(refname)%00%(upstream:short)%00%(objectname)%00%(upstream:track)%00%(upstream:remotename)%00%(upstream:remoteref) refs/heads/main refs/remotes/main [4ms]
[2022-05-30T16:55:46.828Z] > git for-each-ref --sort -committerdate --format %(refname) %(objectname) %(*objectname) [9ms]
[2022-05-30T16:55:46.831Z] > git remote --verbose [5ms]
[2022-05-30T16:55:50.860Z] > git config --get commit.template [19ms]
[2022-05-30T16:55:59.739Z] > git show --textconv :.vscode-server/api/routes/withdraw.js [26ms]
[2022-05-30T16:55:59.747Z] > git ls-files --stage -- /home/ubuntu-1021941/.vscode-server/api/routes/withdraw.js [13ms]
[2022-05-30T16:55:59.831Z] > git status -z -uall [396ms]
[2022-05-30T16:55:59.858Z] > git symbolic-ref --short HEAD [10ms]
[2022-05-30T16:55:59.882Z] > git for-each-ref --format=%(refname)%00%(upstream:short)%00%(objectname)%00%(upstream:track)%00%(upstream:remotename)%00%(upstream:remoteref) refs/heads/main refs/remotes/main [10ms]
[2022-05-30T16:55:59.910Z] > git for-each-ref --sort -committerdate --format %(refname) %(objectname) %(*objectname) [15ms]
[2022-05-30T16:55:59.913Z] > git remote --verbose [7ms]
[2022-05-30T16:56:04.655Z] > git config --get commit.template [18ms]
[2022-05-30T16:56:13.933Z] > git show --textconv :.vscode-server/api/routes/posts.js [28ms]
[2022-05-30T16:56:13.956Z] > git ls-files --stage -- /home/ubuntu-1021941/.vscode-server/api/routes/posts.js [33ms]
[2022-05-30T16:56:14.092Z] > git status -z -uall [542ms]
[2022-05-30T16:56:14.131Z] > git symbolic-ref --short HEAD [22ms]
[2022-05-30T16:56:14.169Z] > git for-each-ref --format=%(refname)%00%(upstream:short)%00%(objectname)%00%(upstream:track)%00%(upstream:remotename)%00%(upstream:remoteref) refs/heads/main refs/remotes/main [27ms]
[2022-05-30T16:56:14.240Z] > git for-each-ref --sort -committerdate --format %(refname) %(objectname) %(*objectname) [55ms]
[2022-05-30T16:56:14.248Z] > git remote --verbose [20ms]
[2022-05-30T16:56:18.394Z] > git config --get commit.template [19ms]
[2022-05-30T16:56:27.504Z] > git show --textconv :.vscode-server/api/models/Post.js [35ms]
[2022-05-30T16:56:27.511Z] > git ls-files --stage -- /home/ubuntu-1021941/.vscode-server/api/models/Post.js [25ms]
[2022-05-30T16:56:27.628Z] > git status -z -uall [429ms]
[2022-05-30T16:56:27.692Z] > git symbolic-ref --short HEAD [23ms]
[2022-05-30T16:56:27.831Z] > git for-each-ref --format=%(refname)%00%(upstream:short)%00%(objectname)%00%(upstream:track)%00%(upstream:remotename)%00%(upstream:remoteref) refs/heads/main refs/remotes/main [54ms]
[2022-05-30T16:56:27.915Z] > git remote --verbose [48ms]
[2022-05-30T16:56:27.915Z] > git for-each-ref --sort -committerdate --format %(refname) %(objectname) %(*objectname) [59ms]
[2022-05-30T16:56:33.269Z] > git config --get commit.template [32ms]
[2022-05-30T16:59:20.545Z] > git status -z -uall [314ms]
[2022-05-30T16:59:20.580Z] > git symbolic-ref --short HEAD [14ms]
[2022-05-30T16:59:20.599Z] > git for-each-ref --format=%(refname)%00%(upstream:short)%00%(objectname)%00%(upstream:track)%00%(upstream:remotename)%00%(upstream:remoteref) refs/heads/main refs/remotes/main [5ms]
[2022-05-30T16:59:20.632Z] > git for-each-ref --sort -committerdate --format %(refname) %(objectname) %(*objectname) [25ms]
[2022-05-30T16:59:20.685Z] > git show --textconv :.vscode-server/api/.env [28ms]
[2022-05-30T16:59:20.687Z] > git remote --verbose [65ms]
[2022-05-30T16:59:24.889Z] > git ls-files --stage -- /home/ubuntu-1021941/.vscode-server/api/.env [4206ms]
[2022-05-30T16:59:24.905Z] > git config --get commit.template [16ms]
[2022-05-30T16:59:39.648Z] > git status -z -uall [252ms]
[2022-05-30T16:59:39.663Z] > git symbolic-ref --short HEAD [5ms]
[2022-05-30T16:59:39.675Z] > git for-each-ref --format=%(refname)%00%(upstream:short)%00%(objectname)%00%(upstream:track)%00%(upstream:remotename)%00%(upstream:remoteref) refs/heads/main refs/remotes/main [4ms]
[2022-05-30T16:59:39.695Z] > git for-each-ref --sort -committerdate --format %(refname) %(objectname) %(*objectname) [12ms]
[2022-05-30T16:59:39.699Z] > git remote --verbose [7ms]
[2022-05-30T16:59:44.232Z] > git config --get commit.template [23ms]
[2022-05-30T17:00:04.483Z] > git status -z -uall [388ms]
[2022-05-30T17:00:04.511Z] > git symbolic-ref --short HEAD [17ms]
[2022-05-30T17:00:04.526Z] > git for-each-ref --format=%(refname)%00%(upstream:short)%00%(objectname)%00%(upstream:track)%00%(upstream:remotename)%00%(upstream:remoteref) refs/heads/main refs/remotes/main [8ms]
[2022-05-30T17:00:04.548Z] > git for-each-ref --sort -committerdate --format %(refname) %(objectname) %(*objectname) [15ms]
[2022-05-30T17:00:04.552Z] > git remote --verbose [9ms]
[2022-05-30T17:00:08.742Z] > git config --get commit.template [17ms]
[2022-05-30T17:00:08.944Z] > git show --textconv :.vscode-server/api/package.json [20ms]
[2022-05-30T17:00:08.951Z] > git ls-files --stage -- /home/ubuntu-1021941/.vscode-server/api/package.json [8ms]
[2022-05-30T17:00:09.450Z] > git show --textconv :.vscode-server/api/balance.json [37ms]
[2022-05-30T17:00:09.468Z] > git ls-files --stage -- /home/ubuntu-1021941/.vscode-server/api/balance.json [19ms]
[2022-05-30T17:00:11.825Z] > git show --textconv :.vscode-server/api/app.js [17ms]
[2022-05-30T17:00:11.854Z] > git ls-files --stage -- /home/ubuntu-1021941/.vscode-server/api/app.js [31ms]
[2022-05-30T17:00:11.906Z] > git cat-file -s b4718e023fe99e4b48d7f4762a704869733cc7bb [29ms]
[2022-05-30T17:00:13.962Z] > git status -z -uall [203ms]
[2022-05-30T17:00:13.977Z] > git symbolic-ref --short HEAD [4ms]
[2022-05-30T17:00:13.990Z] > git for-each-ref --format=%(refname)%00%(upstream:short)%00%(objectname)%00%(upstream:track)%00%(upstream:remotename)%00%(upstream:remoteref) refs/heads/main refs/remotes/main [4ms]
[2022-05-30T17:00:14.012Z] > git for-each-ref --sort -committerdate --format %(refname) %(objectname) %(*objectname) [13ms]
[2022-05-30T17:00:14.016Z] > git remote --verbose [6ms]
[2022-05-30T17:00:18.226Z] > git config --get commit.template [14ms]
[2022-05-30T17:02:20.257Z] > git status -z -uall [257ms]
[2022-05-30T17:02:20.271Z] > git symbolic-ref --short HEAD [5ms]
[2022-05-30T17:02:20.283Z] > git for-each-ref --format=%(refname)%00%(upstream:short)%00%(objectname)%00%(upstream:track)%00%(upstream:remotename)%00%(upstream:remoteref) refs/heads/main refs/remotes/main [5ms]
[2022-05-30T17:02:20.304Z] > git for-each-ref --sort -committerdate --format %(refname) %(objectname) %(*objectname) [12ms]
[2022-05-30T17:02:20.305Z] > git remote --verbose [6ms]
[2022-05-30T17:02:24.411Z] > git config --get commit.template [15ms]
