[2022-04-28T11:58:42.892Z] Validating found git in: git
[2022-04-28T11:58:42.991Z] Using git 2.25.1 from git
[2022-04-28T11:59:29.865Z] > git rev-parse --git-dir [4ms]
[2022-04-28T11:59:29.907Z] Open repository: /home/ubuntu-1021941/noob-server
[2022-04-28T12:01:10.711Z] > git rev-parse --git-dir [4ms]
[2022-04-28T12:01:10.720Z] Open repository: /home/ubuntu-1021941/noob
[2022-04-28T12:01:10.773Z] > git symbolic-ref --short HEAD [6ms]
[2022-04-28T12:01:10.782Z] > git for-each-ref --format=%(refname)%00%(upstream:short)%00%(objectname)%00%(upstream:track) refs/heads/master refs/remotes/master [3ms]
[2022-04-28T12:01:10.803Z] > git for-each-ref --sort -committerdate --format %(refname) %(objectname) %(*objectname) [15ms]
[2022-04-28T12:01:10.806Z] > git remote --verbose [6ms]
[2022-04-28T12:01:10.820Z] > git fetch [82ms]
[2022-04-28T12:01:10.820Z] Host key verification failed.
fatal: Could not read from remote repository.

Please make sure you have the correct access rights
and the repository exists.
[2022-04-28T12:01:10.827Z] > git config --get commit.template [8ms]
[2022-04-28T12:01:12.035Z] > git symbolic-ref --short HEAD [5ms]
[2022-04-28T12:01:12.044Z] > git for-each-ref --format=%(refname)%00%(upstream:short)%00%(objectname)%00%(upstream:track) refs/heads/master refs/remotes/master [4ms]
[2022-04-28T12:01:12.057Z] > git for-each-ref --sort -committerdate --format %(refname) %(objectname) %(*objectname) [8ms]
[2022-04-28T12:01:12.061Z] > git remote --verbose [6ms]
[2022-04-28T12:01:12.072Z] > git config --get commit.template [4ms]
