[2022-04-28T16:40:50.663Z] Validating found git in: git
[2022-04-28T16:40:50.818Z] Using git 2.25.1 from git
[2022-04-28T16:46:07.333Z] > git init [25ms]
[2022-04-28T16:46:07.355Z] > git rev-parse --git-dir [3ms]
[2022-04-28T16:46:07.383Z] Open repository: /home/ubuntu-1021941
[2022-04-28T16:46:07.521Z] > git fetch [126ms]
[2022-04-28T16:46:07.526Z] > git symbolic-ref --short HEAD [6ms]
[2022-04-28T16:46:07.546Z] > git for-each-ref --format=%(refname)%00%(upstream:short)%00%(objectname)%00%(upstream:track) refs/heads/master refs/remotes/master [9ms]
[2022-04-28T16:46:07.572Z] > git for-each-ref --sort -committerdate --format %(refname) %(objectname) %(*objectname) [16ms]
[2022-04-28T16:46:07.573Z] > git remote --verbose [6ms]
[2022-04-28T16:46:09.547Z] > git config --get commit.template [11ms]
[2022-04-28T16:46:09.667Z] > git symbolic-ref --short HEAD [5ms]
[2022-04-28T16:46:09.700Z] > git for-each-ref --format=%(refname)%00%(upstream:short)%00%(objectname)%00%(upstream:track) refs/heads/master refs/remotes/master [25ms]
[2022-04-28T16:46:09.717Z] > git for-each-ref --sort -committerdate --format %(refname) %(objectname) %(*objectname) [10ms]
[2022-04-28T16:46:09.721Z] > git remote --verbose [6ms]
[2022-04-28T16:46:09.855Z] > git config --get commit.template [7ms]
[2022-04-28T16:46:11.746Z] > git ls-files --stage -- /home/ubuntu-1021941/.vscode-server/api/app.js [22ms]
[2022-04-28T16:46:14.926Z] > git add -A -- . [7510ms]
[2022-04-28T16:46:15.024Z] > git -c user.useConfigOnly=true commit --quiet --allow-empty-message --file - [93ms]
[2022-04-28T16:46:15.024Z] 
*** Please tell me who you are.

Run

  git config --global user.email "you@example.com"
  git config --global user.name "Your Name"

to set your account's default identity.
Omit --global to set the identity only in this repository.

fatal: no email was given and auto-detection is disabled
[2022-04-28T16:46:15.030Z] > git config --get-all user.name [2ms]
[2022-04-28T16:46:16.299Z] > git ls-files --stage -- /home/ubuntu-1021941/.vscode-server/api/app.js [5ms]
[2022-04-28T16:46:16.310Z] > git cat-file -s 05faf281f03e14b6ea0c270dc77d4e21ec724f71 [4ms]
[2022-04-28T16:46:17.833Z] > git symbolic-ref --short HEAD [6ms]
[2022-04-28T16:46:17.843Z] > git for-each-ref --format=%(refname)%00%(upstream:short)%00%(objectname)%00%(upstream:track) refs/heads/master refs/remotes/master [4ms]
[2022-04-28T16:46:17.859Z] > git for-each-ref --sort -committerdate --format %(refname) %(objectname) %(*objectname) [9ms]
[2022-04-28T16:46:17.863Z] > git remote --verbose [6ms]
[2022-04-28T16:46:17.964Z] > git config --get commit.template [14ms]
[2022-04-28T16:46:23.047Z] > git symbolic-ref --short HEAD [5ms]
[2022-04-28T16:46:23.056Z] > git for-each-ref --format=%(refname)%00%(upstream:short)%00%(objectname)%00%(upstream:track) refs/heads/master refs/remotes/master [3ms]
[2022-04-28T16:46:23.076Z] > git for-each-ref --sort -committerdate --format %(refname) %(objectname) %(*objectname) [13ms]
[2022-04-28T16:46:23.077Z] > git remote --verbose [6ms]
[2022-04-28T16:46:23.158Z] > git config --get commit.template [6ms]
[2022-04-28T16:46:28.233Z] > git symbolic-ref --short HEAD [8ms]
[2022-04-28T16:46:28.246Z] > git for-each-ref --format=%(refname)%00%(upstream:short)%00%(objectname)%00%(upstream:track) refs/heads/master refs/remotes/master [6ms]
[2022-04-28T16:46:28.265Z] > git for-each-ref --sort -committerdate --format %(refname) %(objectname) %(*objectname) [12ms]
[2022-04-28T16:46:28.269Z] > git remote --verbose [6ms]
[2022-04-28T16:46:29.826Z] > git config --get commit.template [10ms]
[2022-04-28T16:46:33.221Z] > git -c user.useConfigOnly=true commit --quiet --allow-empty-message --file - [23ms]
[2022-04-28T16:46:33.221Z] 
*** Please tell me who you are.

Run

  git config --global user.email "you@example.com"
  git config --global user.name "Your Name"

to set your account's default identity.
Omit --global to set the identity only in this repository.

fatal: no email was given and auto-detection is disabled
[2022-04-28T16:46:33.235Z] > git config --get-all user.name [4ms]
[2022-04-28T16:46:39.772Z] > git ls-files --stage -- /home/ubuntu-1021941/.vscode-server/api/app.js [25ms]
[2022-04-28T16:46:39.782Z] > git symbolic-ref --short HEAD [12ms]
[2022-04-28T16:46:39.792Z] > git cat-file -s 05faf281f03e14b6ea0c270dc77d4e21ec724f71 [12ms]
[2022-04-28T16:46:39.796Z] > git for-each-ref --format=%(refname)%00%(upstream:short)%00%(objectname)%00%(upstream:track) refs/heads/master refs/remotes/master [5ms]
[2022-04-28T16:46:39.813Z] > git for-each-ref --sort -committerdate --format %(refname) %(objectname) %(*objectname) [10ms]
[2022-04-28T16:46:39.816Z] > git remote --verbose [5ms]
[2022-04-28T16:46:39.904Z] > git config --get commit.template [13ms]
[2022-04-28T16:46:44.968Z] > git symbolic-ref --short HEAD [4ms]
[2022-04-28T16:46:44.979Z] > git for-each-ref --format=%(refname)%00%(upstream:short)%00%(objectname)%00%(upstream:track) refs/heads/master refs/remotes/master [4ms]
[2022-04-28T16:46:44.995Z] > git for-each-ref --sort -committerdate --format %(refname) %(objectname) %(*objectname) [10ms]
[2022-04-28T16:46:44.999Z] > git remote --verbose [6ms]
[2022-04-28T16:46:45.076Z] > git config --get commit.template [4ms]
[2022-04-28T16:46:50.139Z] > git symbolic-ref --short HEAD [4ms]
[2022-04-28T16:46:50.150Z] > git for-each-ref --format=%(refname)%00%(upstream:short)%00%(objectname)%00%(upstream:track) refs/heads/master refs/remotes/master [4ms]
[2022-04-28T16:46:50.167Z] > git for-each-ref --sort -committerdate --format %(refname) %(objectname) %(*objectname) [10ms]
[2022-04-28T16:46:50.171Z] > git remote --verbose [6ms]
[2022-04-28T16:46:50.253Z] > git config --get commit.template [6ms]
[2022-04-28T16:46:59.748Z] > git symbolic-ref --short HEAD [5ms]
[2022-04-28T16:46:59.760Z] > git for-each-ref --format=%(refname)%00%(upstream:short)%00%(objectname)%00%(upstream:track) refs/heads/master refs/remotes/master [4ms]
[2022-04-28T16:46:59.778Z] > git for-each-ref --sort -committerdate --format %(refname) %(objectname) %(*objectname) [10ms]
[2022-04-28T16:46:59.783Z] > git remote --verbose [8ms]
[2022-04-28T16:47:01.246Z] > git config --get commit.template [1361ms]
[2022-04-28T16:47:13.212Z] > git symbolic-ref --short HEAD [4ms]
[2022-04-28T16:47:13.222Z] > git for-each-ref --format=%(refname)%00%(upstream:short)%00%(objectname)%00%(upstream:track) refs/heads/master refs/remotes/master [4ms]
[2022-04-28T16:47:13.238Z] > git for-each-ref --sort -committerdate --format %(refname) %(objectname) %(*objectname) [10ms]
[2022-04-28T16:47:13.241Z] > git remote --verbose [5ms]
[2022-04-28T16:47:13.312Z] > git config --get commit.template [6ms]
[2022-04-28T16:47:18.965Z] > git symbolic-ref --short HEAD [10ms]
[2022-04-28T16:47:18.981Z] > git for-each-ref --format=%(refname)%00%(upstream:short)%00%(objectname)%00%(upstream:track) refs/heads/master refs/remotes/master [9ms]
[2022-04-28T16:47:18.999Z] > git for-each-ref --sort -committerdate --format %(refname) %(objectname) %(*objectname) [11ms]
[2022-04-28T16:47:19.004Z] > git remote --verbose [7ms]
[2022-04-28T16:47:19.107Z] > git config --get commit.template [12ms]
[2022-04-28T16:47:24.173Z] > git symbolic-ref --short HEAD [5ms]
[2022-04-28T16:47:24.183Z] > git for-each-ref --format=%(refname)%00%(upstream:short)%00%(objectname)%00%(upstream:track) refs/heads/master refs/remotes/master [3ms]
[2022-04-28T16:47:24.200Z] > git for-each-ref --sort -committerdate --format %(refname) %(objectname) %(*objectname) [10ms]
[2022-04-28T16:47:24.204Z] > git remote --verbose [6ms]
[2022-04-28T16:47:24.287Z] > git config --get commit.template [6ms]
[2022-04-28T16:47:29.348Z] > git symbolic-ref --short HEAD [4ms]
[2022-04-28T16:47:29.359Z] > git for-each-ref --format=%(refname)%00%(upstream:short)%00%(objectname)%00%(upstream:track) refs/heads/master refs/remotes/master [3ms]
[2022-04-28T16:47:29.386Z] > git for-each-ref --sort -committerdate --format %(refname) %(objectname) %(*objectname) [21ms]
[2022-04-28T16:47:29.387Z] > git remote --verbose [13ms]
[2022-04-28T16:47:29.461Z] > git config --get commit.template [4ms]
[2022-04-28T16:47:34.538Z] > git symbolic-ref --short HEAD [5ms]
[2022-04-28T16:47:34.567Z] > git for-each-ref --format=%(refname)%00%(upstream:short)%00%(objectname)%00%(upstream:track) refs/heads/master refs/remotes/master [10ms]
[2022-04-28T16:47:34.593Z] > git for-each-ref --sort -committerdate --format %(refname) %(objectname) %(*objectname) [16ms]
[2022-04-28T16:47:34.598Z] > git remote --verbose [7ms]
[2022-04-28T16:47:34.657Z] > git config --get commit.template [4ms]
[2022-04-28T16:47:39.733Z] > git symbolic-ref --short HEAD [7ms]
[2022-04-28T16:47:39.748Z] > git for-each-ref --format=%(refname)%00%(upstream:short)%00%(objectname)%00%(upstream:track) refs/heads/master refs/remotes/master [7ms]
[2022-04-28T16:47:39.768Z] > git for-each-ref --sort -committerdate --format %(refname) %(objectname) %(*objectname) [13ms]
[2022-04-28T16:47:39.769Z] > git remote --verbose [6ms]
[2022-04-28T16:47:39.918Z] > git config --get commit.template [12ms]
[2022-04-28T16:47:44.980Z] > git symbolic-ref --short HEAD [4ms]
[2022-04-28T16:47:44.991Z] > git for-each-ref --format=%(refname)%00%(upstream:short)%00%(objectname)%00%(upstream:track) refs/heads/master refs/remotes/master [4ms]
[2022-04-28T16:47:45.008Z] > git for-each-ref --sort -committerdate --format %(refname) %(objectname) %(*objectname) [11ms]
[2022-04-28T16:47:45.011Z] > git remote --verbose [5ms]
[2022-04-28T16:47:45.067Z] > git config --get commit.template [3ms]
[2022-04-28T16:47:47.236Z] > git log --format=%H%n%aN%n%aE%n%at%n%ct%n%P%n%B -z -n21 -- /home/ubuntu-1021941/.vscode-server/api/app.js [6ms]
[2022-04-28T16:47:47.236Z] fatal: your current branch 'master' does not have any commits yet
[2022-04-28T16:47:50.130Z] > git symbolic-ref --short HEAD [5ms]
[2022-04-28T16:47:50.140Z] > git for-each-ref --format=%(refname)%00%(upstream:short)%00%(objectname)%00%(upstream:track) refs/heads/master refs/remotes/master [3ms]
[2022-04-28T16:47:50.156Z] > git for-each-ref --sort -committerdate --format %(refname) %(objectname) %(*objectname) [10ms]
[2022-04-28T16:47:50.159Z] > git remote --verbose [5ms]
[2022-04-28T16:47:50.242Z] > git config --get commit.template [13ms]
[2022-04-28T16:48:54.558Z] > git symbolic-ref --short HEAD [4ms]
[2022-04-28T16:48:54.570Z] > git for-each-ref --format=%(refname)%00%(upstream:short)%00%(objectname)%00%(upstream:track) refs/heads/master refs/remotes/master [5ms]
[2022-04-28T16:48:54.587Z] > git for-each-ref --sort -committerdate --format %(refname) %(objectname) %(*objectname) [10ms]
[2022-04-28T16:48:54.590Z] > git remote --verbose [5ms]
[2022-04-28T16:48:54.665Z] > git config --get commit.template [4ms]
[2022-04-28T16:48:57.890Z] > git ls-files --stage -- /home/ubuntu-1021941/.vscode-server/api/app.js [6ms]
[2022-04-28T16:48:57.901Z] > git cat-file -s 05faf281f03e14b6ea0c270dc77d4e21ec724f71 [4ms]
[2022-04-28T16:48:59.732Z] > git symbolic-ref --short HEAD [4ms]
[2022-04-28T16:48:59.743Z] > git for-each-ref --format=%(refname)%00%(upstream:short)%00%(objectname)%00%(upstream:track) refs/heads/master refs/remotes/master [4ms]
[2022-04-28T16:48:59.759Z] > git for-each-ref --sort -committerdate --format %(refname) %(objectname) %(*objectname) [10ms]
[2022-04-28T16:48:59.762Z] > git remote --verbose [5ms]
[2022-04-28T16:48:59.837Z] > git config --get commit.template [4ms]
[2022-04-28T16:49:30.974Z] > git fetch [21ms]
[2022-04-28T16:49:31.028Z] > git symbolic-ref --short HEAD [6ms]
[2022-04-28T16:49:31.039Z] > git for-each-ref --format=%(refname)%00%(upstream:short)%00%(objectname)%00%(upstream:track) refs/heads/master refs/remotes/master [3ms]
[2022-04-28T16:49:31.057Z] > git for-each-ref --sort -committerdate --format %(refname) %(objectname) %(*objectname) [12ms]
[2022-04-28T16:49:31.062Z] > git remote --verbose [9ms]
[2022-04-28T16:49:31.134Z] > git config --get commit.template [3ms]
[2022-04-28T16:49:32.395Z] > git symbolic-ref --short HEAD [12ms]
[2022-04-28T16:49:32.410Z] > git for-each-ref --format=%(refname)%00%(upstream:short)%00%(objectname)%00%(upstream:track) refs/heads/master refs/remotes/master [9ms]
[2022-04-28T16:49:32.423Z] > git for-each-ref --sort -committerdate --format %(refname) %(objectname) %(*objectname) [8ms]
[2022-04-28T16:49:32.428Z] > git remote --verbose [6ms]
[2022-04-28T16:49:32.488Z] > git config --get commit.template [5ms]
[2022-04-28T16:49:34.000Z] > git ls-files --stage -- /home/ubuntu-1021941/.vscode-server/api/app.js [14ms]
[2022-04-28T16:49:34.018Z] > git cat-file -s 05faf281f03e14b6ea0c270dc77d4e21ec724f71 [11ms]
[2022-04-28T16:49:36.252Z] > git symbolic-ref --short HEAD [6ms]
[2022-04-28T16:49:36.262Z] > git for-each-ref --format=%(refname)%00%(upstream:short)%00%(objectname)%00%(upstream:track) refs/heads/master refs/remotes/master [3ms]
[2022-04-28T16:49:36.280Z] > git for-each-ref --sort -committerdate --format %(refname) %(objectname) %(*objectname) [11ms]
[2022-04-28T16:49:36.284Z] > git remote --verbose [6ms]
[2022-04-28T16:49:36.356Z] > git config --get commit.template [4ms]
[2022-04-28T16:49:41.433Z] > git symbolic-ref --short HEAD [8ms]
[2022-04-28T16:49:41.449Z] > git for-each-ref --format=%(refname)%00%(upstream:short)%00%(objectname)%00%(upstream:track) refs/heads/master refs/remotes/master [9ms]
[2022-04-28T16:49:41.468Z] > git for-each-ref --sort -committerdate --format %(refname) %(objectname) %(*objectname) [11ms]
[2022-04-28T16:49:41.474Z] > git remote --verbose [9ms]
[2022-04-28T16:49:42.804Z] > git config --get commit.template [1200ms]
[2022-04-28T16:49:47.872Z] > git symbolic-ref --short HEAD [6ms]
[2022-04-28T16:49:47.882Z] > git for-each-ref --format=%(refname)%00%(upstream:short)%00%(objectname)%00%(upstream:track) refs/heads/master refs/remotes/master [3ms]
[2022-04-28T16:49:47.900Z] > git for-each-ref --sort -committerdate --format %(refname) %(objectname) %(*objectname) [11ms]
[2022-04-28T16:49:47.905Z] > git remote --verbose [7ms]
[2022-04-28T16:49:47.968Z] > git config --get commit.template [9ms]
