[2022-06-08 08:18:53.983] [exthost] [info] Extension host with pid 2144371 started
[2022-06-08 08:18:53.984] [exthost] [error] Error: EEXIST: file already exists, open '/home/ubuntu-1021941/.vscode-server/data/User/workspaceStorage/56b96f145db760d9a83f35b6caf5e4f2/vscode.lock'
[2022-06-08 08:18:54.020] [exthost] [info] Lock '/home/ubuntu-1021941/.vscode-server/data/User/workspaceStorage/56b96f145db760d9a83f35b6caf5e4f2/vscode.lock': Could not acquire lock, checking if the file is stale.
[2022-06-08 08:18:54.063] [exthost] [info] Lock '/home/ubuntu-1021941/.vscode-server/data/User/workspaceStorage/56b96f145db760d9a83f35b6caf5e4f2/vscode.lock': The lock does not look stale, elapsed: 540 ms, giving up.
[2022-06-08 08:18:54.084] [exthost] [info] Lock '/home/ubuntu-1021941/.vscode-server/data/User/workspaceStorage/56b96f145db760d9a83f35b6caf5e4f2-1/vscode.lock': Lock acquired.
[2022-06-08 08:18:54.859] [exthost] [info] ExtensionService#_doActivateExtension vscode.typescript-language-features, startup: false, activationEvent: 'onLanguage:javascript'
[2022-06-08 08:18:55.301] [exthost] [info] ExtensionService#_doActivateExtension vscode.debug-auto-launch, startup: true, activationEvent: '*'
[2022-06-08 08:18:55.365] [exthost] [info] ExtensionService#_doActivateExtension vscode.git-base, startup: true, activationEvent: '*', root cause: vscode.git
[2022-06-08 08:18:55.395] [exthost] [info] ExtensionService#_doActivateExtension vscode.ipynb, startup: true, activationEvent: '*'
[2022-06-08 08:18:55.435] [exthost] [info] ExtensionService#_doActivateExtension akhail.save-typing, startup: true, activationEvent: '*'
[2022-06-08 08:18:55.445] [exthost] [info] ExtensionService#_doActivateExtension vscode.npm, startup: true, activationEvent: 'workspaceContains:package.json'
[2022-06-08 08:18:56.293] [exthost] [info] ExtensionService#_doActivateExtension vscode.git, startup: true, activationEvent: '*'
[2022-06-08 08:18:56.762] [exthost] [info] ExtensionService#_doActivateExtension vscode.github, startup: true, activationEvent: '*'
[2022-06-08 08:18:58.773] [exthost] [warning] [Decorations] CAPPING events from decorations provider vscode.git 1908
[2022-06-08 08:19:03.957] [exthost] [info] ExtensionService#_doActivateExtension vscode.emmet, startup: false, activationEvent: 'onStartupFinished'
[2022-06-08 08:19:04.040] [exthost] [info] ExtensionService#_doActivateExtension vscode.merge-conflict, startup: false, activationEvent: 'onStartupFinished'
[2022-06-08 08:19:04.057] [exthost] [info] Eager extensions activated
[2022-06-08 08:23:20.414] [exthost] [warning] [Decorations] CAPPING events from decorations provider vscode.git 1913
[2022-06-08 08:23:27.269] [exthost] [warning] [Decorations] CAPPING events from decorations provider vscode.git 1910
[2022-06-08 08:23:32.538] [exthost] [warning] [Decorations] CAPPING events from decorations provider vscode.git 1910
[2022-06-08 08:23:37.817] [exthost] [warning] [Decorations] CAPPING events from decorations provider vscode.git 1910
[2022-06-08 08:23:43.075] [exthost] [warning] [Decorations] CAPPING events from decorations provider vscode.git 1910
[2022-06-08 08:23:48.316] [exthost] [warning] [Decorations] CAPPING events from decorations provider vscode.git 1910
[2022-06-08 08:23:53.568] [exthost] [warning] [Decorations] CAPPING events from decorations provider vscode.git 1910
[2022-06-08 08:23:58.890] [exthost] [warning] [Decorations] CAPPING events from decorations provider vscode.git 1910
[2022-06-08 08:24:05.567] [exthost] [warning] [Decorations] CAPPING events from decorations provider vscode.git 1910
[2022-06-08 08:24:10.889] [exthost] [warning] [Decorations] CAPPING events from decorations provider vscode.git 1910
[2022-06-08 08:24:17.666] [exthost] [warning] [Decorations] CAPPING events from decorations provider vscode.git 1910
[2022-06-08 08:24:23.094] [exthost] [warning] [Decorations] CAPPING events from decorations provider vscode.git 1910
[2022-06-08 08:24:30.758] [exthost] [warning] [Decorations] CAPPING events from decorations provider vscode.git 1910
[2022-06-08 08:24:36.084] [exthost] [warning] [Decorations] CAPPING events from decorations provider vscode.git 1910
[2022-06-08 08:24:42.833] [exthost] [warning] [Decorations] CAPPING events from decorations provider vscode.git 1910
[2022-06-08 08:25:22.507] [exthost] [warning] [Decorations] CAPPING events from decorations provider vscode.git 1910
[2022-06-08 08:25:29.778] [exthost] [warning] [Decorations] CAPPING events from decorations provider vscode.git 1911
[2022-06-08 08:25:35.035] [exthost] [warning] [Decorations] CAPPING events from decorations provider vscode.git 1910
[2022-06-08 08:25:40.289] [exthost] [warning] [Decorations] CAPPING events from decorations provider vscode.git 1910
[2022-06-08 08:25:45.555] [exthost] [warning] [Decorations] CAPPING events from decorations provider vscode.git 1910
[2022-06-08 08:25:50.789] [exthost] [warning] [Decorations] CAPPING events from decorations provider vscode.git 1910
[2022-06-08 08:25:56.132] [exthost] [warning] [Decorations] CAPPING events from decorations provider vscode.git 1910
[2022-06-08 08:26:02.802] [exthost] [warning] [Decorations] CAPPING events from decorations provider vscode.git 1910
[2022-06-08 08:27:31.765] [exthost] [warning] [Decorations] CAPPING events from decorations provider vscode.git 1910
[2022-06-08 08:27:37.010] [exthost] [warning] [Decorations] CAPPING events from decorations provider vscode.git 1910
[2022-06-08 08:28:29.155] [exthost] [warning] [Decorations] CAPPING events from decorations provider vscode.git 1910
[2022-06-08 08:28:34.406] [exthost] [warning] [Decorations] CAPPING events from decorations provider vscode.git 1910
[2022-06-08 08:30:46.419] [exthost] [warning] [Decorations] CAPPING events from decorations provider vscode.git 1910
[2022-06-08 08:30:51.654] [exthost] [warning] [Decorations] CAPPING events from decorations provider vscode.git 1910
[2022-06-08 08:30:56.931] [exthost] [warning] [Decorations] CAPPING events from decorations provider vscode.git 1910
[2022-06-08 08:31:02.189] [exthost] [warning] [Decorations] CAPPING events from decorations provider vscode.git 1910
[2022-06-08 08:31:07.439] [exthost] [warning] [Decorations] CAPPING events from decorations provider vscode.git 1910
[2022-06-08 08:31:12.857] [exthost] [warning] [Decorations] CAPPING events from decorations provider vscode.git 1910
[2022-06-08 08:31:20.339] [exthost] [warning] [Decorations] CAPPING events from decorations provider vscode.git 1911
[2022-06-08 08:31:25.638] [exthost] [warning] [Decorations] CAPPING events from decorations provider vscode.git 1910
[2022-06-08 08:31:30.879] [exthost] [warning] [Decorations] CAPPING events from decorations provider vscode.git 1910
[2022-06-08 08:32:55.052] [exthost] [warning] [Decorations] CAPPING events from decorations provider vscode.git 1910
[2022-06-08 08:33:13.445] [exthost] [warning] [Decorations] CAPPING events from decorations provider vscode.git 1910
[2022-06-08 08:33:18.701] [exthost] [warning] [Decorations] CAPPING events from decorations provider vscode.git 1910
[2022-06-08 08:36:37.858] [exthost] [warning] [Decorations] CAPPING events from decorations provider vscode.git 1910
[2022-06-08 08:36:43.089] [exthost] [warning] [Decorations] CAPPING events from decorations provider vscode.git 1910
[2022-06-08 08:36:48.335] [exthost] [warning] [Decorations] CAPPING events from decorations provider vscode.git 1910
[2022-06-08 08:36:53.635] [exthost] [warning] [Decorations] CAPPING events from decorations provider vscode.git 1910
[2022-06-08 08:37:00.325] [exthost] [warning] [Decorations] CAPPING events from decorations provider vscode.git 1910
[2022-06-08 08:37:05.562] [exthost] [warning] [Decorations] CAPPING events from decorations provider vscode.git 1910
[2022-06-08 08:37:10.859] [exthost] [warning] [Decorations] CAPPING events from decorations provider vscode.git 1910
[2022-06-08 08:37:17.428] [exthost] [warning] [Decorations] CAPPING events from decorations provider vscode.git 1910
[2022-06-08 08:37:22.742] [exthost] [warning] [Decorations] CAPPING events from decorations provider vscode.git 1910
[2022-06-08 08:37:29.412] [exthost] [warning] [Decorations] CAPPING events from decorations provider vscode.git 1910
[2022-06-08 08:37:34.721] [exthost] [warning] [Decorations] CAPPING events from decorations provider vscode.git 1910
[2022-06-08 08:37:41.793] [exthost] [warning] [Decorations] CAPPING events from decorations provider vscode.git 1910
[2022-06-08 08:37:47.034] [exthost] [warning] [Decorations] CAPPING events from decorations provider vscode.git 1910
[2022-06-08 08:37:52.339] [exthost] [warning] [Decorations] CAPPING events from decorations provider vscode.git 1910
[2022-06-08 08:37:58.903] [exthost] [warning] [Decorations] CAPPING events from decorations provider vscode.git 1910
[2022-06-08 08:38:04.160] [exthost] [warning] [Decorations] CAPPING events from decorations provider vscode.git 1910
[2022-06-08 08:38:09.474] [exthost] [warning] [Decorations] CAPPING events from decorations provider vscode.git 1910
[2022-06-08 08:38:16.026] [exthost] [warning] [Decorations] CAPPING events from decorations provider vscode.git 1910
[2022-06-08 08:38:21.282] [exthost] [warning] [Decorations] CAPPING events from decorations provider vscode.git 1910
[2022-06-08 08:38:26.520] [exthost] [warning] [Decorations] CAPPING events from decorations provider vscode.git 1910
[2022-06-08 08:38:31.768] [exthost] [warning] [Decorations] CAPPING events from decorations provider vscode.git 1910
[2022-06-08 08:38:37.008] [exthost] [warning] [Decorations] CAPPING events from decorations provider vscode.git 1910
[2022-06-08 08:38:42.629] [exthost] [warning] [Decorations] CAPPING events from decorations provider vscode.git 1911
[2022-06-08 08:38:49.289] [exthost] [warning] [Decorations] CAPPING events from decorations provider vscode.git 1910
[2022-06-08 08:38:54.623] [exthost] [warning] [Decorations] CAPPING events from decorations provider vscode.git 1910
[2022-06-08 08:38:59.865] [exthost] [warning] [Decorations] CAPPING events from decorations provider vscode.git 1910
[2022-06-08 08:39:05.177] [exthost] [warning] [Decorations] CAPPING events from decorations provider vscode.git 1910
[2022-06-08 08:39:11.860] [exthost] [warning] [Decorations] CAPPING events from decorations provider vscode.git 1910
[2022-06-08 08:39:17.081] [exthost] [warning] [Decorations] CAPPING events from decorations provider vscode.git 1910
[2022-06-08 08:39:22.318] [exthost] [warning] [Decorations] CAPPING events from decorations provider vscode.git 1910
[2022-06-08 08:39:27.606] [exthost] [warning] [Decorations] CAPPING events from decorations provider vscode.git 1910
[2022-06-08 08:39:32.904] [exthost] [warning] [Decorations] CAPPING events from decorations provider vscode.git 1910
[2022-06-08 08:39:38.151] [exthost] [warning] [Decorations] CAPPING events from decorations provider vscode.git 1910
[2022-06-08 08:39:43.468] [exthost] [warning] [Decorations] CAPPING events from decorations provider vscode.git 1911
[2022-06-08 08:39:48.652] [exthost] [warning] [Decorations] CAPPING events from decorations provider vscode.git 1910
[2022-06-08 08:39:53.878] [exthost] [warning] [Decorations] CAPPING events from decorations provider vscode.git 1910
[2022-06-08 08:39:59.151] [exthost] [warning] [Decorations] CAPPING events from decorations provider vscode.git 1910
[2022-06-08 08:40:04.456] [exthost] [warning] [Decorations] CAPPING events from decorations provider vscode.git 1911
[2022-06-08 08:40:09.740] [exthost] [warning] [Decorations] CAPPING events from decorations provider vscode.git 1910
[2022-06-08 08:40:15.022] [exthost] [warning] [Decorations] CAPPING events from decorations provider vscode.git 1910
[2022-06-08 08:40:20.295] [exthost] [warning] [Decorations] CAPPING events from decorations provider vscode.git 1910
[2022-06-08 08:40:25.777] [exthost] [warning] [Decorations] CAPPING events from decorations provider vscode.git 1911
[2022-06-08 08:40:33.312] [exthost] [warning] [Decorations] CAPPING events from decorations provider vscode.git 1910
[2022-06-08 08:40:38.611] [exthost] [warning] [Decorations] CAPPING events from decorations provider vscode.git 1910
[2022-06-08 08:40:43.849] [exthost] [warning] [Decorations] CAPPING events from decorations provider vscode.git 1910
[2022-06-08 08:40:49.073] [exthost] [warning] [Decorations] CAPPING events from decorations provider vscode.git 1910
[2022-06-08 08:40:54.577] [exthost] [warning] [Decorations] CAPPING events from decorations provider vscode.git 1911
[2022-06-08 08:41:00.129] [exthost] [warning] [Decorations] CAPPING events from decorations provider vscode.git 1910
[2022-06-08 08:41:07.371] [exthost] [warning] [Decorations] CAPPING events from decorations provider vscode.git 1910
[2022-06-08 08:41:14.473] [exthost] [warning] [Decorations] CAPPING events from decorations provider vscode.git 1910
[2022-06-08 08:41:20.131] [exthost] [warning] [Decorations] CAPPING events from decorations provider vscode.git 1910
[2022-06-08 08:41:26.649] [exthost] [error] [vscode.typescript-language-features] provider FAILED
[2022-06-08 08:41:26.649] [exthost] [error] Error: DisposableStore is missing...
	at Q._convertCompletionItem (/home/ubuntu-1021941/.vscode-server/bin/c3511e6c69bb39013c4a4b7b9566ec1ca73fc4d5/out/vs/workbench/api/node/extensionHostProcess.js:83:112140)
	at Q.resolveCompletionItem (/home/ubuntu-1021941/.vscode-server/bin/c3511e6c69bb39013c4a4b7b9566ec1ca73fc4d5/out/vs/workbench/api/node/extensionHostProcess.js:83:111918)
	at runMicrotasks (<anonymous>)
	at processTicksAndRejections (node:internal/process/task_queues:96:5)
[2022-06-08 08:41:27.371] [exthost] [warning] [Decorations] CAPPING events from decorations provider vscode.git 1910
[2022-06-08 08:41:33.949] [exthost] [warning] [Decorations] CAPPING events from decorations provider vscode.git 1910
[2022-06-08 08:41:35.949] [exthost] [error] [vscode.typescript-language-features] provider FAILED
[2022-06-08 08:41:35.950] [exthost] [error] Error: DisposableStore is missing...
	at Q._convertCompletionItem (/home/ubuntu-1021941/.vscode-server/bin/c3511e6c69bb39013c4a4b7b9566ec1ca73fc4d5/out/vs/workbench/api/node/extensionHostProcess.js:83:112140)
	at Q.resolveCompletionItem (/home/ubuntu-1021941/.vscode-server/bin/c3511e6c69bb39013c4a4b7b9566ec1ca73fc4d5/out/vs/workbench/api/node/extensionHostProcess.js:83:111918)
	at runMicrotasks (<anonymous>)
	at processTicksAndRejections (node:internal/process/task_queues:96:5)
[2022-06-08 08:41:39.282] [exthost] [warning] [Decorations] CAPPING events from decorations provider vscode.git 1910
[2022-06-08 08:41:44.856] [exthost] [warning] [Decorations] CAPPING events from decorations provider vscode.git 1910
[2022-06-08 08:41:51.750] [exthost] [warning] [Decorations] CAPPING events from decorations provider vscode.git 1910
[2022-06-08 08:41:57.070] [exthost] [warning] [Decorations] CAPPING events from decorations provider vscode.git 1910
[2022-06-08 08:42:02.299] [exthost] [warning] [Decorations] CAPPING events from decorations provider vscode.git 1910
[2022-06-08 08:42:24.392] [exthost] [warning] [Decorations] CAPPING events from decorations provider vscode.git 1911
[2022-06-08 08:42:29.642] [exthost] [warning] [Decorations] CAPPING events from decorations provider vscode.git 1910
[2022-06-08 08:42:35.009] [exthost] [warning] [Decorations] CAPPING events from decorations provider vscode.git 1911
[2022-06-08 08:42:51.190] [exthost] [warning] [Decorations] CAPPING events from decorations provider vscode.git 1910
[2022-06-08 08:42:56.439] [exthost] [warning] [Decorations] CAPPING events from decorations provider vscode.git 1910
[2022-06-08 08:43:01.689] [exthost] [warning] [Decorations] CAPPING events from decorations provider vscode.git 1910
[2022-06-08 08:43:07.078] [exthost] [warning] [Decorations] CAPPING events from decorations provider vscode.git 1910
[2022-06-08 08:43:12.403] [exthost] [warning] [Decorations] CAPPING events from decorations provider vscode.git 1911
[2022-06-08 08:43:18.803] [exthost] [warning] [Decorations] CAPPING events from decorations provider vscode.git 1910
[2022-06-08 08:43:24.278] [exthost] [warning] [Decorations] CAPPING events from decorations provider vscode.git 1910
[2022-06-08 08:43:29.565] [exthost] [warning] [Decorations] CAPPING events from decorations provider vscode.git 1910
[2022-06-08 08:43:38.345] [exthost] [warning] [Decorations] CAPPING events from decorations provider vscode.git 1910
[2022-06-08 08:43:43.621] [exthost] [warning] [Decorations] CAPPING events from decorations provider vscode.git 1910
[2022-06-08 08:43:48.848] [exthost] [warning] [Decorations] CAPPING events from decorations provider vscode.git 1910
[2022-06-08 08:43:54.067] [exthost] [warning] [Decorations] CAPPING events from decorations provider vscode.git 1911
[2022-06-08 08:43:59.315] [exthost] [warning] [Decorations] CAPPING events from decorations provider vscode.git 1910
[2022-06-08 08:44:04.612] [exthost] [warning] [Decorations] CAPPING events from decorations provider vscode.git 1910
[2022-06-08 08:44:11.450] [exthost] [warning] [Decorations] CAPPING events from decorations provider vscode.git 1910
[2022-06-08 08:44:16.836] [exthost] [warning] [Decorations] CAPPING events from decorations provider vscode.git 1910
[2022-06-08 08:44:31.199] [exthost] [warning] [Decorations] CAPPING events from decorations provider vscode.git 1910
[2022-06-08 08:44:39.068] [exthost] [warning] [Decorations] CAPPING events from decorations provider vscode.git 1911
[2022-06-08 08:44:46.072] [exthost] [warning] [Decorations] CAPPING events from decorations provider vscode.git 1910
[2022-06-08 08:44:51.540] [exthost] [warning] [Decorations] CAPPING events from decorations provider vscode.git 1910
[2022-06-08 08:44:58.267] [exthost] [warning] [Decorations] CAPPING events from decorations provider vscode.git 1910
[2022-06-08 08:45:05.416] [exthost] [warning] [Decorations] CAPPING events from decorations provider vscode.git 1910
[2022-06-08 08:45:12.489] [exthost] [warning] [Decorations] CAPPING events from decorations provider vscode.git 1910
[2022-06-08 08:45:17.932] [exthost] [warning] [Decorations] CAPPING events from decorations provider vscode.git 1910
[2022-06-08 08:45:24.803] [exthost] [warning] [Decorations] CAPPING events from decorations provider vscode.git 1910
[2022-06-08 08:45:30.158] [exthost] [warning] [Decorations] CAPPING events from decorations provider vscode.git 1910
[2022-06-08 08:45:35.423] [exthost] [warning] [Decorations] CAPPING events from decorations provider vscode.git 1910
[2022-06-08 08:45:40.676] [exthost] [warning] [Decorations] CAPPING events from decorations provider vscode.git 1910
[2022-06-08 08:45:45.917] [exthost] [warning] [Decorations] CAPPING events from decorations provider vscode.git 1910
[2022-06-08 08:45:51.183] [exthost] [warning] [Decorations] CAPPING events from decorations provider vscode.git 1910
[2022-06-08 08:45:56.417] [exthost] [warning] [Decorations] CAPPING events from decorations provider vscode.git 1910
[2022-06-08 08:46:01.657] [exthost] [warning] [Decorations] CAPPING events from decorations provider vscode.git 1910
[2022-06-08 08:46:07.092] [exthost] [warning] [Decorations] CAPPING events from decorations provider vscode.git 1911
[2022-06-08 08:46:14.232] [exthost] [warning] [Decorations] CAPPING events from decorations provider vscode.git 1910
[2022-06-08 08:46:19.598] [exthost] [warning] [Decorations] CAPPING events from decorations provider vscode.git 1910
[2022-06-08 08:46:24.846] [exthost] [warning] [Decorations] CAPPING events from decorations provider vscode.git 1910
[2022-06-08 08:46:30.083] [exthost] [warning] [Decorations] CAPPING events from decorations provider vscode.git 1910
[2022-06-08 08:46:35.315] [exthost] [warning] [Decorations] CAPPING events from decorations provider vscode.git 1910
[2022-06-08 08:46:40.589] [exthost] [warning] [Decorations] CAPPING events from decorations provider vscode.git 1911
[2022-06-08 08:46:45.976] [exthost] [warning] [Decorations] CAPPING events from decorations provider vscode.git 1910
[2022-06-08 08:46:53.297] [exthost] [warning] [Decorations] CAPPING events from decorations provider vscode.git 1910
[2022-06-08 08:46:58.548] [exthost] [warning] [Decorations] CAPPING events from decorations provider vscode.git 1910
[2022-06-08 08:47:03.783] [exthost] [warning] [Decorations] CAPPING events from decorations provider vscode.git 1910
[2022-06-08 08:47:09.040] [exthost] [warning] [Decorations] CAPPING events from decorations provider vscode.git 1910
[2022-06-08 08:47:14.365] [exthost] [warning] [Decorations] CAPPING events from decorations provider vscode.git 1910
[2022-06-08 08:47:21.115] [exthost] [warning] [Decorations] CAPPING events from decorations provider vscode.git 1910
[2022-06-08 08:47:26.376] [exthost] [warning] [Decorations] CAPPING events from decorations provider vscode.git 1910
[2022-06-08 08:47:31.595] [exthost] [warning] [Decorations] CAPPING events from decorations provider vscode.git 1910
[2022-06-08 08:47:36.824] [exthost] [warning] [Decorations] CAPPING events from decorations provider vscode.git 1910
[2022-06-08 08:47:42.085] [exthost] [warning] [Decorations] CAPPING events from decorations provider vscode.git 1910
[2022-06-08 08:47:47.322] [exthost] [warning] [Decorations] CAPPING events from decorations provider vscode.git 1910
[2022-06-08 08:47:52.551] [exthost] [warning] [Decorations] CAPPING events from decorations provider vscode.git 1910
[2022-06-08 08:47:57.813] [exthost] [warning] [Decorations] CAPPING events from decorations provider vscode.git 1910
[2022-06-08 08:48:03.045] [exthost] [warning] [Decorations] CAPPING events from decorations provider vscode.git 1910
[2022-06-08 08:48:08.272] [exthost] [warning] [Decorations] CAPPING events from decorations provider vscode.git 1910
[2022-06-08 08:48:13.521] [exthost] [warning] [Decorations] CAPPING events from decorations provider vscode.git 1910
[2022-06-08 08:48:18.843] [exthost] [warning] [Decorations] CAPPING events from decorations provider vscode.git 1910
[2022-06-08 08:48:25.479] [exthost] [warning] [Decorations] CAPPING events from decorations provider vscode.git 1910
[2022-06-08 08:48:30.725] [exthost] [warning] [Decorations] CAPPING events from decorations provider vscode.git 1910
[2022-06-08 08:48:35.960] [exthost] [warning] [Decorations] CAPPING events from decorations provider vscode.git 1910
[2022-06-08 08:48:41.206] [exthost] [warning] [Decorations] CAPPING events from decorations provider vscode.git 1910
[2022-06-08 08:48:46.447] [exthost] [warning] [Decorations] CAPPING events from decorations provider vscode.git 1910
[2022-06-08 08:48:51.680] [exthost] [warning] [Decorations] CAPPING events from decorations provider vscode.git 1910
[2022-06-08 08:48:56.923] [exthost] [warning] [Decorations] CAPPING events from decorations provider vscode.git 1910
[2022-06-08 08:49:02.236] [exthost] [warning] [Decorations] CAPPING events from decorations provider vscode.git 1910
[2022-06-08 08:49:08.996] [exthost] [warning] [Decorations] CAPPING events from decorations provider vscode.git 1910
[2022-06-08 08:49:14.239] [exthost] [warning] [Decorations] CAPPING events from decorations provider vscode.git 1910
[2022-06-08 08:49:19.475] [exthost] [warning] [Decorations] CAPPING events from decorations provider vscode.git 1910
[2022-06-08 08:49:24.704] [exthost] [warning] [Decorations] CAPPING events from decorations provider vscode.git 1910
[2022-06-08 08:49:29.960] [exthost] [warning] [Decorations] CAPPING events from decorations provider vscode.git 1910
[2022-06-08 08:49:35.205] [exthost] [warning] [Decorations] CAPPING events from decorations provider vscode.git 1910
[2022-06-08 08:49:40.449] [exthost] [warning] [Decorations] CAPPING events from decorations provider vscode.git 1910
[2022-06-08 08:49:45.689] [exthost] [warning] [Decorations] CAPPING events from decorations provider vscode.git 1910
[2022-06-08 08:49:50.916] [exthost] [warning] [Decorations] CAPPING events from decorations provider vscode.git 1910
[2022-06-08 08:49:56.147] [exthost] [warning] [Decorations] CAPPING events from decorations provider vscode.git 1910
[2022-06-08 08:50:01.390] [exthost] [warning] [Decorations] CAPPING events from decorations provider vscode.git 1910
[2022-06-08 08:50:06.674] [exthost] [warning] [Decorations] CAPPING events from decorations provider vscode.git 1910
[2022-06-08 08:50:11.906] [exthost] [warning] [Decorations] CAPPING events from decorations provider vscode.git 1910
[2022-06-08 08:50:17.139] [exthost] [warning] [Decorations] CAPPING events from decorations provider vscode.git 1910
[2022-06-08 08:50:22.363] [exthost] [warning] [Decorations] CAPPING events from decorations provider vscode.git 1910
[2022-06-08 08:50:27.587] [exthost] [warning] [Decorations] CAPPING events from decorations provider vscode.git 1910
[2022-06-08 08:50:32.825] [exthost] [warning] [Decorations] CAPPING events from decorations provider vscode.git 1910
[2022-06-08 08:50:38.057] [exthost] [warning] [Decorations] CAPPING events from decorations provider vscode.git 1910
[2022-06-08 08:50:43.315] [exthost] [warning] [Decorations] CAPPING events from decorations provider vscode.git 1910
[2022-06-08 08:50:48.573] [exthost] [warning] [Decorations] CAPPING events from decorations provider vscode.git 1910
[2022-06-08 08:51:00.923] [exthost] [warning] [Decorations] CAPPING events from decorations provider vscode.git 1910
[2022-06-08 08:51:06.153] [exthost] [warning] [Decorations] CAPPING events from decorations provider vscode.git 1910
[2022-06-08 08:51:11.396] [exthost] [warning] [Decorations] CAPPING events from decorations provider vscode.git 1910
[2022-06-08 08:51:38.144] [exthost] [warning] [Decorations] CAPPING events from decorations provider vscode.git 1910
[2022-06-08 08:51:43.425] [exthost] [warning] [Decorations] CAPPING events from decorations provider vscode.git 1910
[2022-06-08 08:51:48.680] [exthost] [warning] [Decorations] CAPPING events from decorations provider vscode.git 1910
[2022-06-08 08:51:53.905] [exthost] [warning] [Decorations] CAPPING events from decorations provider vscode.git 1910
[2022-06-08 08:51:59.164] [exthost] [warning] [Decorations] CAPPING events from decorations provider vscode.git 1910
[2022-06-08 08:52:04.429] [exthost] [warning] [Decorations] CAPPING events from decorations provider vscode.git 1911
[2022-06-08 08:52:09.691] [exthost] [error] [vscode.typescript-language-features] provider FAILED
[2022-06-08 08:52:09.698] [exthost] [error] Error: DisposableStore is missing...
	at Q._convertCompletionItem (/home/ubuntu-1021941/.vscode-server/bin/c3511e6c69bb39013c4a4b7b9566ec1ca73fc4d5/out/vs/workbench/api/node/extensionHostProcess.js:83:112140)
	at Q.resolveCompletionItem (/home/ubuntu-1021941/.vscode-server/bin/c3511e6c69bb39013c4a4b7b9566ec1ca73fc4d5/out/vs/workbench/api/node/extensionHostProcess.js:83:111918)
[2022-06-08 08:52:09.847] [exthost] [warning] [Decorations] CAPPING events from decorations provider vscode.git 1910
[2022-06-08 08:52:22.404] [exthost] [warning] [Decorations] CAPPING events from decorations provider vscode.git 1910
[2022-06-08 08:52:27.654] [exthost] [warning] [Decorations] CAPPING events from decorations provider vscode.git 1910
[2022-06-08 08:52:32.907] [exthost] [warning] [Decorations] CAPPING events from decorations provider vscode.git 1910
[2022-06-08 08:52:38.144] [exthost] [warning] [Decorations] CAPPING events from decorations provider vscode.git 1910
[2022-06-08 08:52:43.389] [exthost] [warning] [Decorations] CAPPING events from decorations provider vscode.git 1910
[2022-06-08 08:52:48.649] [exthost] [warning] [Decorations] CAPPING events from decorations provider vscode.git 1910
[2022-06-08 08:52:53.971] [exthost] [warning] [Decorations] CAPPING events from decorations provider vscode.git 1910
[2022-06-08 08:53:00.561] [exthost] [warning] [Decorations] CAPPING events from decorations provider vscode.git 1910
[2022-06-08 08:53:05.818] [exthost] [warning] [Decorations] CAPPING events from decorations provider vscode.git 1911
[2022-06-08 08:53:11.252] [exthost] [warning] [Decorations] CAPPING events from decorations provider vscode.git 1910
[2022-06-08 08:53:18.212] [exthost] [warning] [Decorations] CAPPING events from decorations provider vscode.git 1910
[2022-06-08 08:53:23.422] [exthost] [warning] [Decorations] CAPPING events from decorations provider vscode.git 1910
[2022-06-08 08:53:35.196] [exthost] [warning] [Decorations] CAPPING events from decorations provider vscode.git 1910
[2022-06-08 08:53:40.456] [exthost] [warning] [Decorations] CAPPING events from decorations provider vscode.git 1910
[2022-06-08 08:53:45.695] [exthost] [warning] [Decorations] CAPPING events from decorations provider vscode.git 1910
[2022-06-08 08:53:50.950] [exthost] [warning] [Decorations] CAPPING events from decorations provider vscode.git 1910
[2022-06-08 08:53:56.255] [exthost] [warning] [Decorations] CAPPING events from decorations provider vscode.git 1910
[2022-06-08 08:54:02.936] [exthost] [warning] [Decorations] CAPPING events from decorations provider vscode.git 1910
[2022-06-08 08:54:08.213] [exthost] [warning] [Decorations] CAPPING events from decorations provider vscode.git 1910
[2022-06-08 08:54:13.457] [exthost] [warning] [Decorations] CAPPING events from decorations provider vscode.git 1910
[2022-06-08 08:54:18.687] [exthost] [warning] [Decorations] CAPPING events from decorations provider vscode.git 1910
[2022-06-08 08:54:23.931] [exthost] [warning] [Decorations] CAPPING events from decorations provider vscode.git 1910
[2022-06-08 08:54:29.180] [exthost] [warning] [Decorations] CAPPING events from decorations provider vscode.git 1910
[2022-06-08 08:54:34.409] [exthost] [warning] [Decorations] CAPPING events from decorations provider vscode.git 1910
[2022-06-08 08:54:39.649] [exthost] [warning] [Decorations] CAPPING events from decorations provider vscode.git 1910
[2022-06-08 08:54:44.889] [exthost] [warning] [Decorations] CAPPING events from decorations provider vscode.git 1910
[2022-06-08 08:54:50.132] [exthost] [warning] [Decorations] CAPPING events from decorations provider vscode.git 1910
[2022-06-08 08:54:55.438] [exthost] [warning] [Decorations] CAPPING events from decorations provider vscode.git 1910
[2022-06-08 08:55:01.982] [exthost] [warning] [Decorations] CAPPING events from decorations provider vscode.git 1910
[2022-06-08 08:55:07.230] [exthost] [warning] [Decorations] CAPPING events from decorations provider vscode.git 1910
[2022-06-08 08:55:12.468] [exthost] [warning] [Decorations] CAPPING events from decorations provider vscode.git 1910
[2022-06-08 08:55:17.699] [exthost] [warning] [Decorations] CAPPING events from decorations provider vscode.git 1910
[2022-06-08 08:55:22.968] [exthost] [warning] [Decorations] CAPPING events from decorations provider vscode.git 1910
[2022-06-08 08:55:28.277] [exthost] [warning] [Decorations] CAPPING events from decorations provider vscode.git 1910
[2022-06-08 08:55:33.505] [exthost] [warning] [Decorations] CAPPING events from decorations provider vscode.git 1910
[2022-06-08 08:55:38.754] [exthost] [warning] [Decorations] CAPPING events from decorations provider vscode.git 1910
[2022-06-08 08:55:43.988] [exthost] [warning] [Decorations] CAPPING events from decorations provider vscode.git 1910
[2022-06-08 08:55:49.231] [exthost] [warning] [Decorations] CAPPING events from decorations provider vscode.git 1910
[2022-06-08 08:55:54.457] [exthost] [warning] [Decorations] CAPPING events from decorations provider vscode.git 1910
[2022-06-08 08:55:59.702] [exthost] [warning] [Decorations] CAPPING events from decorations provider vscode.git 1910
[2022-06-08 08:56:05.003] [exthost] [warning] [Decorations] CAPPING events from decorations provider vscode.git 1910
[2022-06-08 08:56:11.579] [exthost] [warning] [Decorations] CAPPING events from decorations provider vscode.git 1911
[2022-06-08 08:56:17.268] [exthost] [warning] [Decorations] CAPPING events from decorations provider vscode.git 1910
[2022-06-08 08:56:24.107] [exthost] [warning] [Decorations] CAPPING events from decorations provider vscode.git 1910
[2022-06-08 08:56:29.351] [exthost] [warning] [Decorations] CAPPING events from decorations provider vscode.git 1910
[2022-06-08 08:56:34.577] [exthost] [warning] [Decorations] CAPPING events from decorations provider vscode.git 1910
[2022-06-08 08:56:39.826] [exthost] [warning] [Decorations] CAPPING events from decorations provider vscode.git 1910
[2022-06-08 08:56:45.070] [exthost] [warning] [Decorations] CAPPING events from decorations provider vscode.git 1910
[2022-06-08 08:56:50.300] [exthost] [warning] [Decorations] CAPPING events from decorations provider vscode.git 1910
[2022-06-08 08:56:55.550] [exthost] [warning] [Decorations] CAPPING events from decorations provider vscode.git 1910
[2022-06-08 08:57:00.864] [exthost] [warning] [Decorations] CAPPING events from decorations provider vscode.git 1910
[2022-06-08 08:57:07.885] [exthost] [warning] [Decorations] CAPPING events from decorations provider vscode.git 1910
[2022-06-08 08:57:13.150] [exthost] [warning] [Decorations] CAPPING events from decorations provider vscode.git 1910
[2022-06-08 08:57:18.378] [exthost] [warning] [Decorations] CAPPING events from decorations provider vscode.git 1910
[2022-06-08 08:57:39.187] [exthost] [warning] [Decorations] CAPPING events from decorations provider vscode.git 1910
[2022-06-08 08:57:44.428] [exthost] [warning] [Decorations] CAPPING events from decorations provider vscode.git 1910
[2022-06-08 08:57:49.669] [exthost] [warning] [Decorations] CAPPING events from decorations provider vscode.git 1910
[2022-06-08 09:01:31.628] [exthost] [warning] [Decorations] CAPPING events from decorations provider vscode.git 1910
[2022-06-08 09:01:48.155] [exthost] [warning] [Decorations] CAPPING events from decorations provider vscode.git 1910
[2022-06-08 09:01:53.395] [exthost] [warning] [Decorations] CAPPING events from decorations provider vscode.git 1910
[2022-06-08 09:01:58.654] [exthost] [warning] [Decorations] CAPPING events from decorations provider vscode.git 1910
[2022-06-08 09:02:03.891] [exthost] [warning] [Decorations] CAPPING events from decorations provider vscode.git 1910
[2022-06-08 09:02:09.091] [exthost] [warning] [Decorations] CAPPING events from decorations provider vscode.git 1911
[2022-06-08 09:02:14.416] [exthost] [warning] [Decorations] CAPPING events from decorations provider vscode.git 1910
[2022-06-08 09:02:21.295] [exthost] [warning] [Decorations] CAPPING events from decorations provider vscode.git 1911
[2022-06-08 09:02:28.419] [exthost] [warning] [Decorations] CAPPING events from decorations provider vscode.git 1910
[2022-06-08 09:02:33.864] [exthost] [warning] [Decorations] CAPPING events from decorations provider vscode.git 1910
[2022-06-08 09:02:40.424] [exthost] [warning] [Decorations] CAPPING events from decorations provider vscode.git 1910
[2022-06-08 09:04:11.104] [exthost] [warning] [Decorations] CAPPING events from decorations provider vscode.git 1910
[2022-06-08 09:04:16.336] [exthost] [warning] [Decorations] CAPPING events from decorations provider vscode.git 1910
[2022-06-08 09:04:21.662] [exthost] [warning] [Decorations] CAPPING events from decorations provider vscode.git 1910
[2022-06-08 09:04:26.906] [exthost] [warning] [Decorations] CAPPING events from decorations provider vscode.git 1910
[2022-06-08 09:04:32.150] [exthost] [warning] [Decorations] CAPPING events from decorations provider vscode.git 1910
[2022-06-08 09:04:37.375] [exthost] [warning] [Decorations] CAPPING events from decorations provider vscode.git 1910
[2022-06-08 09:04:42.720] [exthost] [warning] [Decorations] CAPPING events from decorations provider vscode.git 1910
[2022-06-08 09:05:18.462] [exthost] [warning] [Decorations] CAPPING events from decorations provider vscode.git 1910
[2022-06-08 09:05:23.815] [exthost] [warning] [Decorations] CAPPING events from decorations provider vscode.git 1910
[2022-06-08 09:05:29.030] [exthost] [warning] [Decorations] CAPPING events from decorations provider vscode.git 1910
[2022-06-08 09:06:14.166] [exthost] [warning] [Decorations] CAPPING events from decorations provider vscode.git 1910
[2022-06-08 09:06:19.446] [exthost] [warning] [Decorations] CAPPING events from decorations provider vscode.git 1910
[2022-06-08 09:06:24.825] [exthost] [warning] [Decorations] CAPPING events from decorations provider vscode.git 1910
[2022-06-08 09:06:30.061] [exthost] [warning] [Decorations] CAPPING events from decorations provider vscode.git 1910
[2022-06-08 09:06:35.670] [exthost] [warning] [Decorations] CAPPING events from decorations provider vscode.git 1910
[2022-06-08 09:06:42.747] [exthost] [warning] [Decorations] CAPPING events from decorations provider vscode.git 1910
[2022-06-08 09:06:50.837] [exthost] [warning] [Decorations] CAPPING events from decorations provider vscode.git 1910
[2022-06-08 09:06:56.034] [exthost] [warning] [Decorations] CAPPING events from decorations provider vscode.git 1910
[2022-06-08 09:07:01.271] [exthost] [warning] [Decorations] CAPPING events from decorations provider vscode.git 1910
[2022-06-08 09:07:06.519] [exthost] [warning] [Decorations] CAPPING events from decorations provider vscode.git 1910
[2022-06-08 09:07:11.752] [exthost] [warning] [Decorations] CAPPING events from decorations provider vscode.git 1910
[2022-06-08 09:07:16.996] [exthost] [warning] [Decorations] CAPPING events from decorations provider vscode.git 1910
[2022-06-08 09:07:22.242] [exthost] [warning] [Decorations] CAPPING events from decorations provider vscode.git 1910
[2022-06-08 09:07:27.487] [exthost] [warning] [Decorations] CAPPING events from decorations provider vscode.git 1910
[2022-06-08 09:07:32.796] [exthost] [warning] [Decorations] CAPPING events from decorations provider vscode.git 1910
[2022-06-08 09:07:39.379] [exthost] [warning] [Decorations] CAPPING events from decorations provider vscode.git 1910
[2022-06-08 09:07:44.733] [exthost] [warning] [Decorations] CAPPING events from decorations provider vscode.git 1910
[2022-06-08 09:07:49.969] [exthost] [warning] [Decorations] CAPPING events from decorations provider vscode.git 1910
[2022-06-08 09:07:55.207] [exthost] [warning] [Decorations] CAPPING events from decorations provider vscode.git 1910
[2022-06-08 09:08:00.434] [exthost] [warning] [Decorations] CAPPING events from decorations provider vscode.git 1910
[2022-06-08 09:08:05.675] [exthost] [warning] [Decorations] CAPPING events from decorations provider vscode.git 1910
[2022-06-08 09:08:10.889] [exthost] [warning] [Decorations] CAPPING events from decorations provider vscode.git 1910
[2022-06-08 09:08:16.132] [exthost] [warning] [Decorations] CAPPING events from decorations provider vscode.git 1910
[2022-06-08 09:08:21.360] [exthost] [warning] [Decorations] CAPPING events from decorations provider vscode.git 1910
[2022-06-08 09:08:26.602] [exthost] [warning] [Decorations] CAPPING events from decorations provider vscode.git 1910
[2022-06-08 09:08:31.904] [exthost] [warning] [Decorations] CAPPING events from decorations provider vscode.git 1910
[2022-06-08 09:08:38.421] [exthost] [warning] [Decorations] CAPPING events from decorations provider vscode.git 1910
[2022-06-08 09:08:43.675] [exthost] [warning] [Decorations] CAPPING events from decorations provider vscode.git 1910
[2022-06-08 09:08:48.923] [exthost] [warning] [Decorations] CAPPING events from decorations provider vscode.git 1910
[2022-06-08 09:08:54.164] [exthost] [warning] [Decorations] CAPPING events from decorations provider vscode.git 1910
[2022-06-08 09:08:59.386] [exthost] [warning] [Decorations] CAPPING events from decorations provider vscode.git 1910
[2022-06-08 09:09:04.628] [exthost] [warning] [Decorations] CAPPING events from decorations provider vscode.git 1910
[2022-06-08 09:09:09.855] [exthost] [warning] [Decorations] CAPPING events from decorations provider vscode.git 1910
[2022-06-08 09:09:15.174] [exthost] [warning] [Decorations] CAPPING events from decorations provider vscode.git 1910
[2022-06-08 09:09:20.412] [exthost] [warning] [Decorations] CAPPING events from decorations provider vscode.git 1910
[2022-06-08 09:09:25.732] [exthost] [warning] [Decorations] CAPPING events from decorations provider vscode.git 1910
[2022-06-08 09:09:32.380] [exthost] [warning] [Decorations] CAPPING events from decorations provider vscode.git 1910
[2022-06-08 09:09:37.615] [exthost] [warning] [Decorations] CAPPING events from decorations provider vscode.git 1910
[2022-06-08 09:09:42.851] [exthost] [warning] [Decorations] CAPPING events from decorations provider vscode.git 1910
[2022-06-08 09:09:48.161] [exthost] [warning] [Decorations] CAPPING events from decorations provider vscode.git 1910
[2022-06-08 09:09:54.832] [exthost] [warning] [Decorations] CAPPING events from decorations provider vscode.git 1910
[2022-06-08 09:10:33.427] [exthost] [warning] [Decorations] CAPPING events from decorations provider vscode.git 1910
[2022-06-08 09:10:38.669] [exthost] [warning] [Decorations] CAPPING events from decorations provider vscode.git 1910
[2022-06-08 09:10:44.000] [exthost] [warning] [Decorations] CAPPING events from decorations provider vscode.git 1910
[2022-06-08 09:10:49.245] [exthost] [warning] [Decorations] CAPPING events from decorations provider vscode.git 1910
[2022-06-08 09:10:54.480] [exthost] [warning] [Decorations] CAPPING events from decorations provider vscode.git 1910
[2022-06-08 09:10:59.705] [exthost] [warning] [Decorations] CAPPING events from decorations provider vscode.git 1910
[2022-06-08 09:11:05.027] [exthost] [warning] [Decorations] CAPPING events from decorations provider vscode.git 1910
[2022-06-08 09:11:11.560] [exthost] [warning] [Decorations] CAPPING events from decorations provider vscode.git 1910
[2022-06-08 09:11:16.905] [exthost] [warning] [Decorations] CAPPING events from decorations provider vscode.git 1910
[2022-06-08 09:11:23.401] [exthost] [warning] [Decorations] CAPPING events from decorations provider vscode.git 1910
[2022-06-08 09:11:28.719] [exthost] [warning] [Decorations] CAPPING events from decorations provider vscode.git 1910
[2022-06-08 09:11:35.355] [exthost] [warning] [Decorations] CAPPING events from decorations provider vscode.git 1910
[2022-06-08 09:11:40.671] [exthost] [warning] [Decorations] CAPPING events from decorations provider vscode.git 1910
[2022-06-08 09:11:47.343] [exthost] [warning] [Decorations] CAPPING events from decorations provider vscode.git 1910
[2022-06-08 09:11:52.614] [exthost] [warning] [Decorations] CAPPING events from decorations provider vscode.git 1910
[2022-06-08 09:11:57.862] [exthost] [warning] [Decorations] CAPPING events from decorations provider vscode.git 1910
[2022-06-08 09:12:03.196] [exthost] [warning] [Decorations] CAPPING events from decorations provider vscode.git 1910
[2022-06-08 09:12:09.851] [exthost] [warning] [Decorations] CAPPING events from decorations provider vscode.git 1910
[2022-06-08 09:12:15.184] [exthost] [warning] [Decorations] CAPPING events from decorations provider vscode.git 1910
[2022-06-08 09:12:21.832] [exthost] [warning] [Decorations] CAPPING events from decorations provider vscode.git 1910
[2022-06-08 09:12:27.082] [exthost] [warning] [Decorations] CAPPING events from decorations provider vscode.git 1910
[2022-06-08 09:12:32.724] [exthost] [warning] [Decorations] CAPPING events from decorations provider vscode.git 1910
[2022-06-08 09:12:39.517] [exthost] [warning] [Decorations] CAPPING events from decorations provider vscode.git 1910
[2022-06-08 09:12:44.788] [exthost] [warning] [Decorations] CAPPING events from decorations provider vscode.git 1910
[2022-06-08 09:12:50.012] [exthost] [warning] [Decorations] CAPPING events from decorations provider vscode.git 1910
[2022-06-08 09:12:55.339] [exthost] [warning] [Decorations] CAPPING events from decorations provider vscode.git 1910
[2022-06-08 09:13:01.890] [exthost] [warning] [Decorations] CAPPING events from decorations provider vscode.git 1910
[2022-06-08 09:13:07.136] [exthost] [warning] [Decorations] CAPPING events from decorations provider vscode.git 1910
[2022-06-08 09:13:12.368] [exthost] [warning] [Decorations] CAPPING events from decorations provider vscode.git 1910
[2022-06-08 09:13:17.606] [exthost] [warning] [Decorations] CAPPING events from decorations provider vscode.git 1910
[2022-06-08 09:13:22.832] [exthost] [warning] [Decorations] CAPPING events from decorations provider vscode.git 1910
[2022-06-08 09:13:28.157] [exthost] [warning] [Decorations] CAPPING events from decorations provider vscode.git 1910
[2022-06-08 09:13:34.934] [exthost] [warning] [Decorations] CAPPING events from decorations provider vscode.git 1910
[2022-06-08 09:13:40.249] [exthost] [warning] [Decorations] CAPPING events from decorations provider vscode.git 1910
[2022-06-08 09:13:45.498] [exthost] [warning] [Decorations] CAPPING events from decorations provider vscode.git 1910
[2022-06-08 09:13:50.736] [exthost] [warning] [Decorations] CAPPING events from decorations provider vscode.git 1910
[2022-06-08 09:13:56.062] [exthost] [warning] [Decorations] CAPPING events from decorations provider vscode.git 1910
[2022-06-08 09:14:28.076] [exthost] [warning] [Decorations] CAPPING events from decorations provider vscode.git 1910
[2022-06-08 09:14:33.355] [exthost] [warning] [Decorations] CAPPING events from decorations provider vscode.git 1910
[2022-06-08 09:14:38.607] [exthost] [warning] [Decorations] CAPPING events from decorations provider vscode.git 1910
[2022-06-08 09:14:44.002] [exthost] [warning] [Decorations] CAPPING events from decorations provider vscode.git 1910
[2022-06-08 09:14:49.274] [exthost] [warning] [Decorations] CAPPING events from decorations provider vscode.git 1910
[2022-06-08 09:14:54.662] [exthost] [warning] [Decorations] CAPPING events from decorations provider vscode.git 1910
[2022-06-08 09:15:01.317] [exthost] [warning] [Decorations] CAPPING events from decorations provider vscode.git 1910
[2022-06-08 09:15:06.564] [exthost] [warning] [Decorations] CAPPING events from decorations provider vscode.git 1910
[2022-06-08 09:15:11.790] [exthost] [warning] [Decorations] CAPPING events from decorations provider vscode.git 1910
[2022-06-08 09:15:17.126] [exthost] [warning] [Decorations] CAPPING events from decorations provider vscode.git 1910
[2022-06-08 09:15:23.771] [exthost] [warning] [Decorations] CAPPING events from decorations provider vscode.git 1910
[2022-06-08 09:15:29.097] [exthost] [warning] [Decorations] CAPPING events from decorations provider vscode.git 1910
[2022-06-08 09:15:35.721] [exthost] [warning] [Decorations] CAPPING events from decorations provider vscode.git 1910
[2022-06-08 09:15:40.965] [exthost] [warning] [Decorations] CAPPING events from decorations provider vscode.git 1910
[2022-06-08 09:15:46.305] [exthost] [warning] [Decorations] CAPPING events from decorations provider vscode.git 1910
[2022-06-08 09:15:52.888] [exthost] [warning] [Decorations] CAPPING events from decorations provider vscode.git 1910
[2022-06-08 09:15:58.230] [exthost] [warning] [Decorations] CAPPING events from decorations provider vscode.git 1910
[2022-06-08 09:17:36.566] [exthost] [warning] [Decorations] CAPPING events from decorations provider vscode.git 1910
[2022-06-08 09:17:41.835] [exthost] [warning] [Decorations] CAPPING events from decorations provider vscode.git 1910
[2022-06-08 09:17:47.089] [exthost] [warning] [Decorations] CAPPING events from decorations provider vscode.git 1910
[2022-06-08 09:17:52.336] [exthost] [warning] [Decorations] CAPPING events from decorations provider vscode.git 1910
[2022-06-08 09:17:58.504] [exthost] [warning] [Decorations] CAPPING events from decorations provider vscode.git 1910
[2022-06-08 09:18:03.837] [exthost] [warning] [Decorations] CAPPING events from decorations provider vscode.git 1910
[2022-06-08 09:18:10.403] [exthost] [warning] [Decorations] CAPPING events from decorations provider vscode.git 1910
[2022-06-08 09:20:03.626] [exthost] [warning] [Decorations] CAPPING events from decorations provider vscode.git 1910
[2022-06-08 09:20:08.868] [exthost] [warning] [Decorations] CAPPING events from decorations provider vscode.git 1910
[2022-06-08 09:20:14.224] [exthost] [warning] [Decorations] CAPPING events from decorations provider vscode.git 1910
[2022-06-08 09:20:20.895] [exthost] [warning] [Decorations] CAPPING events from decorations provider vscode.git 1910
[2022-06-08 09:20:26.278] [exthost] [warning] [Decorations] CAPPING events from decorations provider vscode.git 1910
[2022-06-08 09:20:32.899] [exthost] [warning] [Decorations] CAPPING events from decorations provider vscode.git 1910
[2022-06-08 09:20:38.144] [exthost] [warning] [Decorations] CAPPING events from decorations provider vscode.git 1910
[2022-06-08 09:20:43.473] [exthost] [warning] [Decorations] CAPPING events from decorations provider vscode.git 1910
[2022-06-08 09:20:49.987] [exthost] [warning] [Decorations] CAPPING events from decorations provider vscode.git 1910
[2022-06-08 09:20:55.239] [exthost] [warning] [Decorations] CAPPING events from decorations provider vscode.git 1910
[2022-06-08 09:22:58.072] [exthost] [warning] [Decorations] CAPPING events from decorations provider vscode.git 1910
[2022-06-08 09:23:03.322] [exthost] [warning] [Decorations] CAPPING events from decorations provider vscode.git 1910
[2022-06-08 09:23:08.572] [exthost] [warning] [Decorations] CAPPING events from decorations provider vscode.git 1910
[2022-06-08 09:23:13.893] [exthost] [warning] [Decorations] CAPPING events from decorations provider vscode.git 1910
[2022-06-08 09:24:19.944] [exthost] [warning] [Decorations] CAPPING events from decorations provider vscode.git 1910
[2022-06-08 09:24:26.438] [exthost] [warning] [Decorations] CAPPING events from decorations provider vscode.git 1910
[2022-06-08 09:24:31.705] [exthost] [warning] [Decorations] CAPPING events from decorations provider vscode.git 1910
[2022-06-08 09:24:36.964] [exthost] [warning] [Decorations] CAPPING events from decorations provider vscode.git 1910
[2022-06-08 09:24:42.215] [exthost] [warning] [Decorations] CAPPING events from decorations provider vscode.git 1910
[2022-06-08 09:25:47.557] [exthost] [warning] [Decorations] CAPPING events from decorations provider vscode.git 1910
[2022-06-08 09:25:52.795] [exthost] [warning] [Decorations] CAPPING events from decorations provider vscode.git 1910
[2022-06-08 09:25:58.043] [exthost] [warning] [Decorations] CAPPING events from decorations provider vscode.git 1910
[2022-06-08 09:26:03.278] [exthost] [warning] [Decorations] CAPPING events from decorations provider vscode.git 1911
[2022-06-08 09:26:08.527] [exthost] [warning] [Decorations] CAPPING events from decorations provider vscode.git 1910
[2022-06-08 09:26:13.759] [exthost] [warning] [Decorations] CAPPING events from decorations provider vscode.git 1910
[2022-06-08 09:26:19.024] [exthost] [warning] [Decorations] CAPPING events from decorations provider vscode.git 1910
[2022-06-08 09:26:24.252] [exthost] [warning] [Decorations] CAPPING events from decorations provider vscode.git 1910
[2022-06-08 09:26:29.496] [exthost] [warning] [Decorations] CAPPING events from decorations provider vscode.git 1910
[2022-06-08 09:26:34.746] [exthost] [warning] [Decorations] CAPPING events from decorations provider vscode.git 1910
[2022-06-08 09:26:40.076] [exthost] [warning] [Decorations] CAPPING events from decorations provider vscode.git 1910
[2022-06-08 09:26:46.798] [exthost] [warning] [Decorations] CAPPING events from decorations provider vscode.git 1910
[2022-06-08 09:26:52.054] [exthost] [warning] [Decorations] CAPPING events from decorations provider vscode.git 1910
[2022-06-08 09:26:57.293] [exthost] [warning] [Decorations] CAPPING events from decorations provider vscode.git 1910
[2022-06-08 09:27:02.536] [exthost] [warning] [Decorations] CAPPING events from decorations provider vscode.git 1910
[2022-06-08 09:27:07.764] [exthost] [warning] [Decorations] CAPPING events from decorations provider vscode.git 1910
[2022-06-08 09:27:13.014] [exthost] [warning] [Decorations] CAPPING events from decorations provider vscode.git 1910
[2022-06-08 09:27:18.247] [exthost] [warning] [Decorations] CAPPING events from decorations provider vscode.git 1910
[2022-06-08 09:27:23.568] [exthost] [warning] [Decorations] CAPPING events from decorations provider vscode.git 1910
[2022-06-08 09:27:30.197] [exthost] [warning] [Decorations] CAPPING events from decorations provider vscode.git 1910
[2022-06-08 09:27:35.516] [exthost] [warning] [Decorations] CAPPING events from decorations provider vscode.git 1910
[2022-06-08 09:27:42.014] [exthost] [warning] [Decorations] CAPPING events from decorations provider vscode.git 1910
[2022-06-08 09:27:47.274] [exthost] [warning] [Decorations] CAPPING events from decorations provider vscode.git 1910
[2022-06-08 09:27:52.507] [exthost] [warning] [Decorations] CAPPING events from decorations provider vscode.git 1911
[2022-06-08 09:27:57.752] [exthost] [warning] [Decorations] CAPPING events from decorations provider vscode.git 1910
[2022-06-08 09:28:02.977] [exthost] [warning] [Decorations] CAPPING events from decorations provider vscode.git 1910
[2022-06-08 09:28:08.355] [exthost] [warning] [Decorations] CAPPING events from decorations provider vscode.git 1910
[2022-06-08 09:28:14.912] [exthost] [warning] [Decorations] CAPPING events from decorations provider vscode.git 1910
[2022-06-08 09:28:20.159] [exthost] [warning] [Decorations] CAPPING events from decorations provider vscode.git 1910
[2022-06-08 09:28:55.207] [exthost] [warning] [Decorations] CAPPING events from decorations provider vscode.git 1910
[2022-06-08 09:29:00.542] [exthost] [warning] [Decorations] CAPPING events from decorations provider vscode.git 1910
[2022-06-08 09:29:05.796] [exthost] [warning] [Decorations] CAPPING events from decorations provider vscode.git 1910
[2022-06-08 09:29:11.038] [exthost] [warning] [Decorations] CAPPING events from decorations provider vscode.git 1910
[2022-06-08 09:29:16.292] [exthost] [warning] [Decorations] CAPPING events from decorations provider vscode.git 1910
[2022-06-08 09:29:21.628] [exthost] [warning] [Decorations] CAPPING events from decorations provider vscode.git 1910
[2022-06-08 09:29:29.369] [exthost] [warning] [Decorations] CAPPING events from decorations provider vscode.git 1910
[2022-06-08 09:29:37.594] [exthost] [warning] [Decorations] CAPPING events from decorations provider vscode.git 1910
[2022-06-08 09:29:39.611] [exthost] [warning] [Decorations] CAPPING events from decorations provider vscode.git 1910
[2022-06-08 09:29:41.432] [exthost] [warning] [Decorations] CAPPING events from decorations provider vscode.git 1910
[2022-06-08 09:29:47.373] [exthost] [warning] [Decorations] CAPPING events from decorations provider vscode.git 1910
[2022-06-08 09:29:52.780] [exthost] [warning] [Decorations] CAPPING events from decorations provider vscode.git 1910
[2022-06-08 09:29:54.627] [exthost] [warning] [Decorations] CAPPING events from decorations provider vscode.git 1910
[2022-06-08 09:29:59.942] [exthost] [warning] [Decorations] CAPPING events from decorations provider vscode.git 1910
[2022-06-08 09:30:04.838] [exthost] [warning] [Decorations] CAPPING events from decorations provider vscode.git 1910
[2022-06-08 09:30:06.598] [exthost] [warning] [Decorations] CAPPING events from decorations provider vscode.git 1910
[2022-06-08 09:30:11.863] [exthost] [warning] [Decorations] CAPPING events from decorations provider vscode.git 1910
[2022-06-08 09:31:58.059] [exthost] [warning] [Decorations] CAPPING events from decorations provider vscode.git 1910
[2022-06-08 09:32:03.341] [exthost] [warning] [Decorations] CAPPING events from decorations provider vscode.git 1910
[2022-06-08 09:32:08.696] [exthost] [warning] [Decorations] CAPPING events from decorations provider vscode.git 1910
[2022-06-08 09:32:15.419] [exthost] [warning] [Decorations] CAPPING events from decorations provider vscode.git 1910
[2022-06-08 09:32:20.715] [exthost] [warning] [Decorations] CAPPING events from decorations provider vscode.git 1911
[2022-06-08 09:32:50.418] [exthost] [warning] [Decorations] CAPPING events from decorations provider vscode.git 1911
[2022-06-08 09:32:55.703] [exthost] [warning] [Decorations] CAPPING events from decorations provider vscode.git 1911
[2022-06-08 09:33:00.989] [exthost] [warning] [Decorations] CAPPING events from decorations provider vscode.git 1911
[2022-06-08 09:33:06.273] [exthost] [warning] [Decorations] CAPPING events from decorations provider vscode.git 1911
[2022-06-08 09:33:42.767] [exthost] [warning] [Decorations] CAPPING events from decorations provider vscode.git 1911
[2022-06-08 09:33:48.068] [exthost] [warning] [Decorations] CAPPING events from decorations provider vscode.git 1911
[2022-06-08 09:33:53.366] [exthost] [warning] [Decorations] CAPPING events from decorations provider vscode.git 1911
[2022-06-08 09:33:58.650] [exthost] [warning] [Decorations] CAPPING events from decorations provider vscode.git 1911
[2022-06-08 09:34:03.940] [exthost] [warning] [Decorations] CAPPING events from decorations provider vscode.git 1911
[2022-06-08 09:34:09.203] [exthost] [warning] [Decorations] CAPPING events from decorations provider vscode.git 1911
[2022-06-08 09:34:14.574] [exthost] [warning] [Decorations] CAPPING events from decorations provider vscode.git 1911
[2022-06-08 09:34:21.394] [exthost] [warning] [Decorations] CAPPING events from decorations provider vscode.git 1911
[2022-06-08 09:34:26.783] [exthost] [warning] [Decorations] CAPPING events from decorations provider vscode.git 1911
[2022-06-08 09:34:33.483] [exthost] [warning] [Decorations] CAPPING events from decorations provider vscode.git 1911
[2022-06-08 09:34:38.927] [exthost] [warning] [Decorations] CAPPING events from decorations provider vscode.git 1911
[2022-06-08 09:34:42.900] [exthost] [warning] [Decorations] CAPPING events from decorations provider vscode.git 1911
[2022-06-08 09:34:44.793] [exthost] [warning] [Decorations] CAPPING events from decorations provider vscode.git 1911
[2022-06-08 09:34:50.132] [exthost] [warning] [Decorations] CAPPING events from decorations provider vscode.git 1911
[2022-06-08 09:34:55.476] [exthost] [warning] [Decorations] CAPPING events from decorations provider vscode.git 1911
[2022-06-08 09:35:02.144] [exthost] [warning] [Decorations] CAPPING events from decorations provider vscode.git 1911
[2022-06-08 09:35:07.448] [exthost] [warning] [Decorations] CAPPING events from decorations provider vscode.git 1911
[2022-06-08 09:35:12.785] [exthost] [warning] [Decorations] CAPPING events from decorations provider vscode.git 1911
[2022-06-08 09:35:46.695] [exthost] [warning] [Decorations] CAPPING events from decorations provider vscode.git 1911
[2022-06-08 09:35:53.410] [exthost] [warning] [Decorations] CAPPING events from decorations provider vscode.git 1911
[2022-06-08 09:35:58.680] [exthost] [warning] [Decorations] CAPPING events from decorations provider vscode.git 1911
[2022-06-08 09:36:34.528] [exthost] [warning] [Decorations] CAPPING events from decorations provider vscode.git 1911
[2022-06-08 09:37:39.551] [exthost] [warning] [Decorations] CAPPING events from decorations provider vscode.git 1911
[2022-06-08 09:38:50.711] [exthost] [warning] [Decorations] CAPPING events from decorations provider vscode.git 1911
[2022-06-08 09:38:56.001] [exthost] [warning] [Decorations] CAPPING events from decorations provider vscode.git 1911
[2022-06-08 09:39:33.666] [exthost] [warning] [Decorations] CAPPING events from decorations provider vscode.git 1911
[2022-06-08 09:39:38.958] [exthost] [warning] [Decorations] CAPPING events from decorations provider vscode.git 1911
[2022-06-08 09:39:44.258] [exthost] [warning] [Decorations] CAPPING events from decorations provider vscode.git 1911
[2022-06-08 09:39:49.707] [exthost] [warning] [Decorations] CAPPING events from decorations provider vscode.git 1911
[2022-06-08 09:39:55.060] [exthost] [warning] [Decorations] CAPPING events from decorations provider vscode.git 1911
[2022-06-08 09:40:01.686] [exthost] [warning] [Decorations] CAPPING events from decorations provider vscode.git 1911
[2022-06-08 09:40:27.400] [exthost] [warning] [Decorations] CAPPING events from decorations provider vscode.git 1911
