[2022-05-25 09:12:07.405] [exthost] [info] Extension host with pid 1280929 started
[2022-05-25 09:12:07.453] [exthost] [info] Lock '/home/ubuntu-1021941/.vscode-server/data/User/workspaceStorage/56b96f145db760d9a83f35b6caf5e4f2/vscode.lock': Lock acquired.
[2022-05-25 09:12:08.819] [exthost] [info] ExtensionService#_doActivateExtension vscode.typescript-language-features, startup: false, activationEvent: 'onLanguage:javascript'
[2022-05-25 09:12:09.363] [exthost] [info] ExtensionService#_doActivateExtension vscode.debug-auto-launch, startup: true, activationEvent: '*'
[2022-05-25 09:12:09.392] [exthost] [info] ExtensionService#_doActivateExtension vscode.git-base, startup: true, activationEvent: '*', root cause: vscode.git
[2022-05-25 09:12:09.409] [exthost] [info] ExtensionService#_doActivateExtension vscode.ipynb, startup: true, activationEvent: '*'
[2022-05-25 09:12:10.159] [exthost] [info] ExtensionService#_doActivateExtension vscode.git, startup: true, activationEvent: '*'
[2022-05-25 09:12:10.705] [exthost] [info] ExtensionService#_doActivateExtension vscode.github, startup: true, activationEvent: '*'
[2022-05-25 09:12:11.231] [exthost] [info] ExtensionService#_doActivateExtension vscode.emmet, startup: false, activationEvent: 'onStartupFinished'
[2022-05-25 09:12:11.293] [exthost] [info] ExtensionService#_doActivateExtension vscode.merge-conflict, startup: false, activationEvent: 'onStartupFinished'
[2022-05-25 09:12:11.319] [exthost] [info] Eager extensions activated
[2022-05-25 09:12:13.359] [exthost] [warning] [Decorations] CAPPING events from decorations provider vscode.git 6476
[2022-05-25 09:12:23.999] [exthost] [warning] [Decorations] CAPPING events from decorations provider vscode.git 6479
[2022-05-25 09:12:33.515] [exthost] [warning] [Decorations] CAPPING events from decorations provider vscode.git 6479
[2022-05-25 09:12:42.401] [exthost] [warning] [Decorations] CAPPING events from decorations provider vscode.git 6479
[2022-05-25 09:12:51.155] [exthost] [warning] [Decorations] CAPPING events from decorations provider vscode.git 6479
[2022-05-25 09:13:00.241] [exthost] [warning] [Decorations] CAPPING events from decorations provider vscode.git 6479
[2022-05-25 09:13:09.270] [exthost] [warning] [Decorations] CAPPING events from decorations provider vscode.git 6479
[2022-05-25 09:13:18.329] [exthost] [warning] [Decorations] CAPPING events from decorations provider vscode.git 6479
[2022-05-25 09:13:27.090] [exthost] [warning] [Decorations] CAPPING events from decorations provider vscode.git 6479
[2022-05-25 09:13:35.942] [exthost] [warning] [Decorations] CAPPING events from decorations provider vscode.git 6479
[2022-05-25 09:13:44.286] [exthost] [warning] [Decorations] CAPPING events from decorations provider vscode.git 6479
[2022-05-25 09:13:53.085] [exthost] [warning] [Decorations] CAPPING events from decorations provider vscode.git 6479
[2022-05-25 09:14:01.896] [exthost] [warning] [Decorations] CAPPING events from decorations provider vscode.git 6478
[2022-05-25 09:14:11.599] [exthost] [warning] [Decorations] CAPPING events from decorations provider vscode.git 6478
[2022-05-25 09:14:20.506] [exthost] [warning] [Decorations] CAPPING events from decorations provider vscode.git 6480
[2022-05-25 09:14:29.232] [exthost] [warning] [Decorations] CAPPING events from decorations provider vscode.git 6477
[2022-05-25 09:14:38.246] [exthost] [warning] [Decorations] CAPPING events from decorations provider vscode.git 6485
[2022-05-25 09:14:42.287] [exthost] [info] ExtensionService#_doActivateExtension akhail.save-typing, startup: false, activationEvent: '*'
[2022-05-25 09:14:47.083] [exthost] [warning] [Decorations] CAPPING events from decorations provider vscode.git 6484
[2022-05-25 09:14:56.452] [exthost] [warning] [Decorations] CAPPING events from decorations provider vscode.git 6484
[2022-05-25 09:15:01.864] [exthost] [warning] [Decorations] CAPPING events from decorations provider vscode.git 6484
[2022-05-25 09:15:10.626] [exthost] [warning] [Decorations] CAPPING events from decorations provider vscode.git 6484
[2022-05-25 09:15:19.565] [exthost] [warning] [Decorations] CAPPING events from decorations provider vscode.git 6484
[2022-05-25 09:15:28.483] [exthost] [warning] [Decorations] CAPPING events from decorations provider vscode.git 6484
[2022-05-25 09:15:37.251] [exthost] [warning] [Decorations] CAPPING events from decorations provider vscode.git 6484
[2022-05-25 09:15:46.787] [exthost] [warning] [Decorations] CAPPING events from decorations provider vscode.git 6484
[2022-05-25 09:15:55.660] [exthost] [warning] [Decorations] CAPPING events from decorations provider vscode.git 6484
[2022-05-25 09:16:04.615] [exthost] [warning] [Decorations] CAPPING events from decorations provider vscode.git 6484
[2022-05-25 09:16:13.623] [exthost] [warning] [Decorations] CAPPING events from decorations provider vscode.git 6484
[2022-05-25 09:16:22.541] [exthost] [warning] [Decorations] CAPPING events from decorations provider vscode.git 6485
[2022-05-25 09:16:31.387] [exthost] [warning] [Decorations] CAPPING events from decorations provider vscode.git 6484
[2022-05-25 09:16:40.156] [exthost] [warning] [Decorations] CAPPING events from decorations provider vscode.git 6484
[2022-05-25 09:16:49.116] [exthost] [warning] [Decorations] CAPPING events from decorations provider vscode.git 6484
[2022-05-25 09:16:58.337] [exthost] [warning] [Decorations] CAPPING events from decorations provider vscode.git 6484
[2022-05-25 09:17:07.270] [exthost] [warning] [Decorations] CAPPING events from decorations provider vscode.git 6484
[2022-05-25 09:17:16.107] [exthost] [warning] [Decorations] CAPPING events from decorations provider vscode.git 6484
[2022-05-25 09:17:25.119] [exthost] [warning] [Decorations] CAPPING events from decorations provider vscode.git 6484
[2022-05-25 09:17:34.062] [exthost] [warning] [Decorations] CAPPING events from decorations provider vscode.git 6484
[2022-05-25 09:17:43.251] [exthost] [warning] [Decorations] CAPPING events from decorations provider vscode.git 6485
[2022-05-25 09:17:52.150] [exthost] [warning] [Decorations] CAPPING events from decorations provider vscode.git 6484
[2022-05-25 09:18:01.049] [exthost] [warning] [Decorations] CAPPING events from decorations provider vscode.git 6485
[2022-05-25 09:18:10.209] [exthost] [warning] [Decorations] CAPPING events from decorations provider vscode.git 6484
[2022-05-25 09:18:19.065] [exthost] [warning] [Decorations] CAPPING events from decorations provider vscode.git 6485
[2022-05-25 09:18:27.996] [exthost] [warning] [Decorations] CAPPING events from decorations provider vscode.git 6484
[2022-05-25 09:18:36.780] [exthost] [warning] [Decorations] CAPPING events from decorations provider vscode.git 6484
[2022-05-25 09:18:45.621] [exthost] [warning] [Decorations] CAPPING events from decorations provider vscode.git 6484
[2022-05-25 09:18:54.603] [exthost] [warning] [Decorations] CAPPING events from decorations provider vscode.git 6485
[2022-05-25 09:19:04.359] [exthost] [warning] [Decorations] CAPPING events from decorations provider vscode.git 6484
[2022-05-25 09:19:13.220] [exthost] [warning] [Decorations] CAPPING events from decorations provider vscode.git 6484
[2022-05-25 09:19:22.070] [exthost] [warning] [Decorations] CAPPING events from decorations provider vscode.git 6484
[2022-05-25 09:19:31.541] [exthost] [warning] [Decorations] CAPPING events from decorations provider vscode.git 6484
[2022-05-25 09:19:40.812] [exthost] [warning] [Decorations] CAPPING events from decorations provider vscode.git 6484
[2022-05-25 09:19:49.637] [exthost] [warning] [Decorations] CAPPING events from decorations provider vscode.git 6484
[2022-05-25 09:19:59.255] [exthost] [warning] [Decorations] CAPPING events from decorations provider vscode.git 6484
[2022-05-25 09:20:08.149] [exthost] [warning] [Decorations] CAPPING events from decorations provider vscode.git 6484
[2022-05-25 09:20:17.688] [exthost] [warning] [Decorations] CAPPING events from decorations provider vscode.git 6484
[2022-05-25 09:20:26.533] [exthost] [warning] [Decorations] CAPPING events from decorations provider vscode.git 6484
[2022-05-25 09:20:35.351] [exthost] [warning] [Decorations] CAPPING events from decorations provider vscode.git 6484
[2022-05-25 09:20:44.185] [exthost] [warning] [Decorations] CAPPING events from decorations provider vscode.git 6485
[2022-05-25 09:21:00.635] [exthost] [warning] [Decorations] CAPPING events from decorations provider vscode.git 6484
[2022-05-25 09:21:38.098] [exthost] [warning] [Decorations] CAPPING events from decorations provider vscode.git 6484
[2022-05-25 09:24:35.786] [exthost] [warning] [Decorations] CAPPING events from decorations provider vscode.git 6484
[2022-05-25 09:24:44.849] [exthost] [warning] [Decorations] CAPPING events from decorations provider vscode.git 6484
[2022-05-25 09:24:53.724] [exthost] [warning] [Decorations] CAPPING events from decorations provider vscode.git 6484
[2022-05-25 09:30:49.988] [exthost] [warning] [Decorations] CAPPING events from decorations provider vscode.git 6484
[2022-05-25 09:46:50.702] [exthost] [warning] [Decorations] CAPPING events from decorations provider vscode.git 6484
[2022-05-25 09:46:58.999] [exthost] [info] ExtensionService#_doActivateExtension vscode.configuration-editing, startup: false, activationEvent: 'onLanguage:json'
[2022-05-25 09:46:59.027] [exthost] [info] ExtensionService#_doActivateExtension vscode.extension-editing, startup: false, activationEvent: 'onLanguage:json'
[2022-05-25 09:46:59.044] [exthost] [info] ExtensionService#_doActivateExtension vscode.json-language-features, startup: false, activationEvent: 'onLanguage:json'
[2022-05-25 09:46:59.138] [exthost] [info] ExtensionService#_doActivateExtension vscode.npm, startup: false, activationEvent: 'onLanguage:json'
[2022-05-25 09:46:59.814] [exthost] [warning] [Decorations] CAPPING events from decorations provider vscode.git 6485
[2022-05-25 09:47:03.090] [exthost] [info] ExtensionService#_doActivateExtension vscode.markdown-language-features, startup: false, activationEvent: 'onLanguage:markdown'
[2022-05-25 09:47:03.532] [exthost] [info] ExtensionService#_doActivateExtension vscode.markdown-math, startup: false, activationEvent: 'api', root cause: vscode.markdown-language-features
[2022-05-25 09:47:08.584] [exthost] [warning] [Decorations] CAPPING events from decorations provider vscode.git 6485
[2022-05-25 09:47:17.452] [exthost] [warning] [Decorations] CAPPING events from decorations provider vscode.git 6485
[2022-05-25 09:47:25.919] [exthost] [warning] [Decorations] CAPPING events from decorations provider vscode.git 5323
[2022-05-25 09:47:34.408] [exthost] [warning] [Decorations] CAPPING events from decorations provider vscode.git 5322
[2022-05-25 09:47:42.710] [exthost] [warning] [Decorations] CAPPING events from decorations provider vscode.git 5322
[2022-05-25 09:47:51.100] [exthost] [warning] [Decorations] CAPPING events from decorations provider vscode.git 5322
[2022-05-25 09:48:00.029] [exthost] [warning] [Decorations] CAPPING events from decorations provider vscode.git 5322
[2022-05-25 09:48:08.382] [exthost] [warning] [Decorations] CAPPING events from decorations provider vscode.git 5322
[2022-05-25 09:48:17.450] [exthost] [warning] [Decorations] CAPPING events from decorations provider vscode.git 5323
[2022-05-25 09:48:26.366] [exthost] [warning] [Decorations] CAPPING events from decorations provider vscode.git 5323
[2022-05-25 09:48:34.690] [exthost] [warning] [Decorations] CAPPING events from decorations provider vscode.git 5323
[2022-05-25 09:48:43.255] [exthost] [warning] [Decorations] CAPPING events from decorations provider vscode.git 5322
[2022-05-25 09:48:51.812] [exthost] [warning] [Decorations] CAPPING events from decorations provider vscode.git 5321
[2022-05-25 09:49:00.639] [exthost] [warning] [Decorations] CAPPING events from decorations provider vscode.git 5321
[2022-05-25 09:49:10.889] [exthost] [warning] [Decorations] CAPPING events from decorations provider vscode.git 5347
[2022-05-25 09:49:22.775] [exthost] [warning] [Decorations] CAPPING events from decorations provider vscode.git 8175
[2022-05-25 09:49:31.794] [exthost] [warning] [Decorations] CAPPING events from decorations provider vscode.git 8170
[2022-05-25 09:49:41.574] [exthost] [warning] [Decorations] CAPPING events from decorations provider vscode.git 8170
[2022-05-25 09:49:57.061] [exthost] [warning] [Decorations] CAPPING events from decorations provider vscode.git 8170
[2022-05-25 09:50:07.540] [exthost] [warning] [Decorations] CAPPING events from decorations provider vscode.git 8170
[2022-05-25 09:50:17.054] [exthost] [warning] [Decorations] CAPPING events from decorations provider vscode.git 8170
[2022-05-25 09:50:26.690] [exthost] [warning] [Decorations] CAPPING events from decorations provider vscode.git 8170
[2022-05-25 09:50:36.436] [exthost] [warning] [Decorations] CAPPING events from decorations provider vscode.git 8170
[2022-05-25 09:50:46.105] [exthost] [warning] [Decorations] CAPPING events from decorations provider vscode.git 8170
[2022-05-25 09:50:55.756] [exthost] [warning] [Decorations] CAPPING events from decorations provider vscode.git 8170
[2022-05-25 09:51:11.760] [exthost] [warning] [Decorations] CAPPING events from decorations provider vscode.git 8170
[2022-05-25 09:51:21.826] [exthost] [warning] [Decorations] CAPPING events from decorations provider vscode.git 8171
[2022-05-25 09:51:53.629] [exthost] [warning] [Decorations] CAPPING events from decorations provider vscode.git 8175
[2022-05-25 09:52:03.163] [exthost] [warning] [Decorations] CAPPING events from decorations provider vscode.git 8625
[2022-05-25 09:52:15.633] [exthost] [warning] [Decorations] CAPPING events from decorations provider vscode.git 9047
[2022-05-25 09:52:32.447] [exthost] [warning] [Decorations] CAPPING events from decorations provider vscode.git 5800
[2022-05-25 09:52:41.245] [exthost] [warning] [Decorations] CAPPING events from decorations provider vscode.git 5800
[2022-05-25 09:53:07.692] [exthost] [warning] [Decorations] CAPPING events from decorations provider vscode.git 6640
[2022-05-25 09:53:18.827] [exthost] [warning] [Decorations] CAPPING events from decorations provider vscode.git 6640
[2022-05-25 09:53:28.387] [exthost] [warning] [Decorations] CAPPING events from decorations provider vscode.git 6640
[2022-05-25 09:53:37.036] [exthost] [warning] [Decorations] CAPPING events from decorations provider vscode.git 6642
[2022-05-25 09:53:46.143] [exthost] [warning] [Decorations] CAPPING events from decorations provider vscode.git 6642
[2022-05-25 09:53:54.965] [exthost] [warning] [Decorations] CAPPING events from decorations provider vscode.git 6642
[2022-05-25 09:54:03.862] [exthost] [warning] [Decorations] CAPPING events from decorations provider vscode.git 6644
[2022-05-25 09:54:12.633] [exthost] [warning] [Decorations] CAPPING events from decorations provider vscode.git 6644
[2022-05-25 09:54:21.576] [exthost] [warning] [Decorations] CAPPING events from decorations provider vscode.git 6644
[2022-05-25 09:54:30.717] [exthost] [warning] [Decorations] CAPPING events from decorations provider vscode.git 6644
[2022-05-25 09:54:39.782] [exthost] [warning] [Decorations] CAPPING events from decorations provider vscode.git 6645
[2022-05-25 09:54:48.973] [exthost] [warning] [Decorations] CAPPING events from decorations provider vscode.git 6644
[2022-05-25 09:54:57.893] [exthost] [warning] [Decorations] CAPPING events from decorations provider vscode.git 6644
[2022-05-25 09:55:06.917] [exthost] [warning] [Decorations] CAPPING events from decorations provider vscode.git 6644
[2022-05-25 09:55:15.866] [exthost] [warning] [Decorations] CAPPING events from decorations provider vscode.git 6644
[2022-05-25 09:55:24.743] [exthost] [warning] [Decorations] CAPPING events from decorations provider vscode.git 6644
[2022-05-25 09:55:33.879] [exthost] [warning] [Decorations] CAPPING events from decorations provider vscode.git 6644
[2022-05-25 09:55:42.966] [exthost] [warning] [Decorations] CAPPING events from decorations provider vscode.git 6644
[2022-05-25 09:55:51.804] [exthost] [warning] [Decorations] CAPPING events from decorations provider vscode.git 6644
[2022-05-25 09:56:00.909] [exthost] [warning] [Decorations] CAPPING events from decorations provider vscode.git 6644
[2022-05-25 09:56:10.022] [exthost] [warning] [Decorations] CAPPING events from decorations provider vscode.git 6644
[2022-05-25 09:56:23.993] [exthost] [warning] [Decorations] CAPPING events from decorations provider vscode.git 6644
[2022-05-25 09:56:35.492] [exthost] [warning] [Decorations] CAPPING events from decorations provider vscode.git 6644
[2022-05-25 09:56:44.340] [exthost] [warning] [Decorations] CAPPING events from decorations provider vscode.git 6645
[2022-05-25 09:56:53.596] [exthost] [warning] [Decorations] CAPPING events from decorations provider vscode.git 6644
[2022-05-25 09:57:02.604] [exthost] [warning] [Decorations] CAPPING events from decorations provider vscode.git 6644
[2022-05-25 09:57:12.555] [exthost] [warning] [Decorations] CAPPING events from decorations provider vscode.git 6644
[2022-05-25 09:57:21.310] [exthost] [warning] [Decorations] CAPPING events from decorations provider vscode.git 6644
[2022-05-25 09:57:30.239] [exthost] [warning] [Decorations] CAPPING events from decorations provider vscode.git 6644
[2022-05-25 09:57:39.282] [exthost] [warning] [Decorations] CAPPING events from decorations provider vscode.git 6645
[2022-05-25 10:00:55.534] [exthost] [warning] [Decorations] CAPPING events from decorations provider vscode.git 6644
[2022-05-25 10:01:04.779] [exthost] [warning] [Decorations] CAPPING events from decorations provider vscode.git 6645
[2022-05-25 10:01:13.741] [exthost] [warning] [Decorations] CAPPING events from decorations provider vscode.git 6644
[2022-05-25 10:01:22.745] [exthost] [warning] [Decorations] CAPPING events from decorations provider vscode.git 6644
[2022-05-25 10:01:29.363] [exthost] [warning] [Decorations] CAPPING events from decorations provider vscode.git 6644
[2022-05-25 10:01:38.657] [exthost] [warning] [Decorations] CAPPING events from decorations provider vscode.git 6644
[2022-05-25 10:01:47.714] [exthost] [warning] [Decorations] CAPPING events from decorations provider vscode.git 6644
[2022-05-25 10:01:56.711] [exthost] [warning] [Decorations] CAPPING events from decorations provider vscode.git 6644
[2022-05-25 10:02:02.114] [exthost] [warning] [Decorations] CAPPING events from decorations provider vscode.git 6644
[2022-05-25 10:03:42.361] [exthost] [warning] [Decorations] CAPPING events from decorations provider vscode.git 6644
[2022-05-25 10:03:51.385] [exthost] [warning] [Decorations] CAPPING events from decorations provider vscode.git 6645
[2022-05-25 10:04:00.493] [exthost] [warning] [Decorations] CAPPING events from decorations provider vscode.git 6644
[2022-05-25 10:04:05.822] [exthost] [warning] [Decorations] CAPPING events from decorations provider vscode.git 6644
[2022-05-25 10:04:11.368] [exthost] [warning] [Decorations] CAPPING events from decorations provider vscode.git 6644
[2022-05-25 10:04:23.677] [exthost] [warning] [Decorations] CAPPING events from decorations provider vscode.git 6644
[2022-05-25 10:04:56.493] [exthost] [warning] [Decorations] CAPPING events from decorations provider vscode.git 6644
[2022-05-25 10:05:05.414] [exthost] [warning] [Decorations] CAPPING events from decorations provider vscode.git 6644
[2022-05-25 10:05:14.327] [exthost] [warning] [Decorations] CAPPING events from decorations provider vscode.git 6644
[2022-05-25 10:05:23.193] [exthost] [warning] [Decorations] CAPPING events from decorations provider vscode.git 6644
[2022-05-25 10:05:32.173] [exthost] [warning] [Decorations] CAPPING events from decorations provider vscode.git 6645
[2022-05-25 10:05:41.134] [exthost] [warning] [Decorations] CAPPING events from decorations provider vscode.git 6644
[2022-05-25 10:05:49.988] [exthost] [warning] [Decorations] CAPPING events from decorations provider vscode.git 6644
[2022-05-25 10:05:58.792] [exthost] [warning] [Decorations] CAPPING events from decorations provider vscode.git 6644
[2022-05-25 10:06:07.749] [exthost] [warning] [Decorations] CAPPING events from decorations provider vscode.git 6644
[2022-05-25 10:06:17.026] [exthost] [warning] [Decorations] CAPPING events from decorations provider vscode.git 6644
[2022-05-25 10:06:26.888] [exthost] [warning] [Decorations] CAPPING events from decorations provider vscode.git 6680
[2022-05-25 10:15:10.072] [exthost] [warning] [Decorations] CAPPING events from decorations provider vscode.git 7659
[2022-05-25 10:15:19.289] [exthost] [warning] [Decorations] CAPPING events from decorations provider vscode.git 7659
[2022-05-25 10:15:31.060] [exthost] [warning] [Decorations] CAPPING events from decorations provider vscode.git 7675
[2022-05-25 10:15:40.379] [exthost] [warning] [Decorations] CAPPING events from decorations provider vscode.git 7674
[2022-05-25 10:15:49.846] [exthost] [warning] [Decorations] CAPPING events from decorations provider vscode.git 7674
[2022-05-25 10:15:59.308] [exthost] [warning] [Decorations] CAPPING events from decorations provider vscode.git 7674
[2022-05-25 10:16:11.365] [exthost] [warning] [Decorations] CAPPING events from decorations provider vscode.git 7674
[2022-05-25 10:16:20.926] [exthost] [warning] [Decorations] CAPPING events from decorations provider vscode.git 7675
[2022-05-25 10:19:28.597] [exthost] [warning] [Decorations] CAPPING events from decorations provider vscode.git 7674
[2022-05-25 10:19:38.102] [exthost] [warning] [Decorations] CAPPING events from decorations provider vscode.git 7675
[2022-05-25 10:20:01.866] [exthost] [warning] [Decorations] CAPPING events from decorations provider vscode.git 7674
[2022-05-25 10:20:11.495] [exthost] [warning] [Decorations] CAPPING events from decorations provider vscode.git 7675
[2022-05-25 10:20:20.743] [exthost] [warning] [Decorations] CAPPING events from decorations provider vscode.git 7674
[2022-05-25 10:20:30.033] [exthost] [warning] [Decorations] CAPPING events from decorations provider vscode.git 7674
[2022-05-25 10:20:39.385] [exthost] [warning] [Decorations] CAPPING events from decorations provider vscode.git 7674
[2022-05-25 10:20:48.870] [exthost] [warning] [Decorations] CAPPING events from decorations provider vscode.git 7674
[2022-05-25 10:20:58.954] [exthost] [warning] [Decorations] CAPPING events from decorations provider vscode.git 7675
[2022-05-25 10:21:08.260] [exthost] [warning] [Decorations] CAPPING events from decorations provider vscode.git 7674
[2022-05-25 10:21:18.399] [exthost] [warning] [Decorations] CAPPING events from decorations provider vscode.git 7674
[2022-05-25 10:21:27.738] [exthost] [warning] [Decorations] CAPPING events from decorations provider vscode.git 7674
[2022-05-25 10:21:37.146] [exthost] [warning] [Decorations] CAPPING events from decorations provider vscode.git 7675
[2022-05-25 10:21:46.534] [exthost] [warning] [Decorations] CAPPING events from decorations provider vscode.git 7674
[2022-05-25 10:22:02.652] [exthost] [warning] [Decorations] CAPPING events from decorations provider vscode.git 7674
[2022-05-25 10:22:12.108] [exthost] [warning] [Decorations] CAPPING events from decorations provider vscode.git 7675
[2022-05-25 10:22:17.582] [exthost] [warning] [Decorations] CAPPING events from decorations provider vscode.git 7674
[2022-05-25 10:22:33.591] [exthost] [warning] [Decorations] CAPPING events from decorations provider vscode.git 7674
[2022-05-25 10:22:43.029] [exthost] [warning] [Decorations] CAPPING events from decorations provider vscode.git 7674
[2022-05-25 10:23:02.683] [exthost] [warning] [Decorations] CAPPING events from decorations provider vscode.git 7675
[2022-05-25 10:23:12.092] [exthost] [warning] [Decorations] CAPPING events from decorations provider vscode.git 7677
[2022-05-25 10:23:21.542] [exthost] [warning] [Decorations] CAPPING events from decorations provider vscode.git 7677
[2022-05-25 10:23:31.291] [exthost] [warning] [Decorations] CAPPING events from decorations provider vscode.git 7678
[2022-05-25 10:23:45.551] [exthost] [warning] [Decorations] CAPPING events from decorations provider vscode.git 7678
[2022-05-25 10:23:56.007] [exthost] [warning] [Decorations] CAPPING events from decorations provider vscode.git 7679
[2022-05-25 10:24:05.616] [exthost] [warning] [Decorations] CAPPING events from decorations provider vscode.git 7679
[2022-05-25 10:24:11.085] [exthost] [warning] [Decorations] CAPPING events from decorations provider vscode.git 7678
[2022-05-25 10:24:21.051] [exthost] [warning] [Decorations] CAPPING events from decorations provider vscode.git 7687
[2022-05-25 10:24:30.206] [exthost] [warning] [Decorations] CAPPING events from decorations provider vscode.git 7687
[2022-05-25 10:24:40.011] [exthost] [warning] [Decorations] CAPPING events from decorations provider vscode.git 7687
[2022-05-25 10:24:50.971] [exthost] [warning] [Decorations] CAPPING events from decorations provider vscode.git 7687
[2022-05-25 10:25:00.381] [exthost] [warning] [Decorations] CAPPING events from decorations provider vscode.git 7687
[2022-05-25 10:25:09.895] [exthost] [warning] [Decorations] CAPPING events from decorations provider vscode.git 7687
[2022-05-25 10:25:19.709] [exthost] [warning] [Decorations] CAPPING events from decorations provider vscode.git 7687
[2022-05-25 10:25:30.279] [exthost] [warning] [Decorations] CAPPING events from decorations provider vscode.git 7687
[2022-05-25 10:26:11.061] [exthost] [warning] [Decorations] CAPPING events from decorations provider vscode.git 7687
[2022-05-25 10:26:20.366] [exthost] [warning] [Decorations] CAPPING events from decorations provider vscode.git 7687
[2022-05-25 10:26:29.877] [exthost] [warning] [Decorations] CAPPING events from decorations provider vscode.git 7687
[2022-05-25 10:26:50.579] [exthost] [warning] [Decorations] CAPPING events from decorations provider vscode.git 7687
[2022-05-25 10:27:00.022] [exthost] [warning] [Decorations] CAPPING events from decorations provider vscode.git 7687
[2022-05-25 10:27:09.758] [exthost] [warning] [Decorations] CAPPING events from decorations provider vscode.git 7687
[2022-05-25 10:27:19.366] [exthost] [warning] [Decorations] CAPPING events from decorations provider vscode.git 7687
[2022-05-25 10:27:29.620] [exthost] [warning] [Decorations] CAPPING events from decorations provider vscode.git 7689
[2022-05-25 10:27:38.893] [exthost] [warning] [Decorations] CAPPING events from decorations provider vscode.git 7689
[2022-05-25 10:27:48.337] [exthost] [warning] [Decorations] CAPPING events from decorations provider vscode.git 7689
[2022-05-25 10:27:57.914] [exthost] [warning] [Decorations] CAPPING events from decorations provider vscode.git 7690
[2022-05-25 10:28:13.500] [exthost] [warning] [Decorations] CAPPING events from decorations provider vscode.git 7690
[2022-05-25 10:28:22.919] [exthost] [warning] [Decorations] CAPPING events from decorations provider vscode.git 7690
[2022-05-25 10:28:33.175] [exthost] [warning] [Decorations] CAPPING events from decorations provider vscode.git 7690
[2022-05-25 10:28:42.510] [exthost] [warning] [Decorations] CAPPING events from decorations provider vscode.git 7690
[2022-05-25 10:28:51.863] [exthost] [warning] [Decorations] CAPPING events from decorations provider vscode.git 7690
[2022-05-25 10:29:01.415] [exthost] [warning] [Decorations] CAPPING events from decorations provider vscode.git 7691
[2022-05-25 10:29:12.015] [exthost] [warning] [Decorations] CAPPING events from decorations provider vscode.git 7690
[2022-05-25 10:29:21.717] [exthost] [warning] [Decorations] CAPPING events from decorations provider vscode.git 7691
[2022-05-25 10:29:32.083] [exthost] [warning] [Decorations] CAPPING events from decorations provider vscode.git 7690
[2022-05-25 10:29:42.388] [exthost] [warning] [Decorations] CAPPING events from decorations provider vscode.git 7690
[2022-05-25 10:29:51.639] [exthost] [warning] [Decorations] CAPPING events from decorations provider vscode.git 7690
[2022-05-25 10:30:00.929] [exthost] [warning] [Decorations] CAPPING events from decorations provider vscode.git 7691
[2022-05-25 10:30:10.588] [exthost] [warning] [Decorations] CAPPING events from decorations provider vscode.git 7690
[2022-05-25 10:30:19.971] [exthost] [warning] [Decorations] CAPPING events from decorations provider vscode.git 7690
[2022-05-25 10:30:29.277] [exthost] [warning] [Decorations] CAPPING events from decorations provider vscode.git 7690
[2022-05-25 10:30:38.827] [exthost] [warning] [Decorations] CAPPING events from decorations provider vscode.git 7691
[2022-05-25 10:30:48.292] [exthost] [warning] [Decorations] CAPPING events from decorations provider vscode.git 7690
[2022-05-25 10:30:58.224] [exthost] [warning] [Decorations] CAPPING events from decorations provider vscode.git 7690
[2022-05-25 10:31:19.928] [exthost] [warning] [Decorations] CAPPING events from decorations provider vscode.git 7690
[2022-05-25 10:31:29.449] [exthost] [warning] [Decorations] CAPPING events from decorations provider vscode.git 7690
[2022-05-25 10:31:38.720] [exthost] [warning] [Decorations] CAPPING events from decorations provider vscode.git 7690
[2022-05-25 10:31:48.301] [exthost] [warning] [Decorations] CAPPING events from decorations provider vscode.git 7691
[2022-05-25 10:31:58.061] [exthost] [warning] [Decorations] CAPPING events from decorations provider vscode.git 7691
[2022-05-25 10:32:07.556] [exthost] [warning] [Decorations] CAPPING events from decorations provider vscode.git 7694
[2022-05-25 10:32:17.095] [exthost] [warning] [Decorations] CAPPING events from decorations provider vscode.git 7693
[2022-05-25 10:32:26.870] [exthost] [warning] [Decorations] CAPPING events from decorations provider vscode.git 7693
[2022-05-25 10:32:36.628] [exthost] [warning] [Decorations] CAPPING events from decorations provider vscode.git 7693
[2022-05-25 10:32:47.586] [exthost] [warning] [Decorations] CAPPING events from decorations provider vscode.git 7693
[2022-05-25 10:32:53.285] [exthost] [warning] [Decorations] CAPPING events from decorations provider vscode.git 7693
[2022-05-25 10:33:02.903] [exthost] [warning] [Decorations] CAPPING events from decorations provider vscode.git 7693
[2022-05-25 10:33:12.735] [exthost] [warning] [Decorations] CAPPING events from decorations provider vscode.git 7693
[2022-05-25 10:33:21.896] [exthost] [warning] [Decorations] CAPPING events from decorations provider vscode.git 7693
[2022-05-25 10:33:31.898] [exthost] [warning] [Decorations] CAPPING events from decorations provider vscode.git 7693
[2022-05-25 10:33:41.471] [exthost] [warning] [Decorations] CAPPING events from decorations provider vscode.git 7693
[2022-05-25 10:33:50.960] [exthost] [warning] [Decorations] CAPPING events from decorations provider vscode.git 7693
[2022-05-25 10:34:00.813] [exthost] [warning] [Decorations] CAPPING events from decorations provider vscode.git 7693
[2022-05-25 10:34:12.416] [exthost] [warning] [Decorations] CAPPING events from decorations provider vscode.git 7693
[2022-05-25 10:34:29.196] [exthost] [warning] [Decorations] CAPPING events from decorations provider vscode.git 7694
[2022-05-25 10:34:38.443] [exthost] [warning] [Decorations] CAPPING events from decorations provider vscode.git 7695
[2022-05-25 10:34:47.976] [exthost] [warning] [Decorations] CAPPING events from decorations provider vscode.git 7695
[2022-05-25 10:34:58.571] [exthost] [warning] [Decorations] CAPPING events from decorations provider vscode.git 7694
[2022-05-25 10:35:07.936] [exthost] [warning] [Decorations] CAPPING events from decorations provider vscode.git 7694
[2022-05-25 10:35:17.420] [exthost] [warning] [Decorations] CAPPING events from decorations provider vscode.git 7694
[2022-05-25 10:35:26.911] [exthost] [warning] [Decorations] CAPPING events from decorations provider vscode.git 7694
[2022-05-25 10:35:36.581] [exthost] [warning] [Decorations] CAPPING events from decorations provider vscode.git 7694
[2022-05-25 10:35:53.789] [exthost] [warning] [Decorations] CAPPING events from decorations provider vscode.git 7694
[2022-05-25 10:36:03.419] [exthost] [warning] [Decorations] CAPPING events from decorations provider vscode.git 7695
[2022-05-25 10:36:14.086] [exthost] [warning] [Decorations] CAPPING events from decorations provider vscode.git 7694
[2022-05-25 10:36:23.475] [exthost] [warning] [Decorations] CAPPING events from decorations provider vscode.git 7696
[2022-05-25 10:36:33.538] [exthost] [warning] [Decorations] CAPPING events from decorations provider vscode.git 7695
[2022-05-25 10:37:08.958] [exthost] [warning] [Decorations] CAPPING events from decorations provider vscode.git 7695
[2022-05-25 10:37:18.337] [exthost] [warning] [Decorations] CAPPING events from decorations provider vscode.git 7696
[2022-05-25 10:37:28.324] [exthost] [warning] [Decorations] CAPPING events from decorations provider vscode.git 7696
[2022-05-25 10:38:06.304] [exthost] [warning] [Decorations] CAPPING events from decorations provider vscode.git 7696
[2022-05-25 10:38:20.928] [exthost] [warning] [Decorations] CAPPING events from decorations provider vscode.git 7696
[2022-05-25 10:38:30.149] [exthost] [warning] [Decorations] CAPPING events from decorations provider vscode.git 7696
[2022-05-25 10:38:39.999] [exthost] [warning] [Decorations] CAPPING events from decorations provider vscode.git 7696
[2022-05-25 10:38:49.464] [exthost] [warning] [Decorations] CAPPING events from decorations provider vscode.git 7696
[2022-05-25 10:38:59.124] [exthost] [warning] [Decorations] CAPPING events from decorations provider vscode.git 7697
[2022-05-25 10:39:15.079] [exthost] [warning] [Decorations] CAPPING events from decorations provider vscode.git 7698
[2022-05-25 10:39:24.295] [exthost] [warning] [Decorations] CAPPING events from decorations provider vscode.git 7699
[2022-05-25 10:39:29.799] [exthost] [warning] [Decorations] CAPPING events from decorations provider vscode.git 7698
[2022-05-25 10:39:39.024] [exthost] [warning] [Decorations] CAPPING events from decorations provider vscode.git 7698
[2022-05-25 10:39:48.633] [exthost] [warning] [Decorations] CAPPING events from decorations provider vscode.git 7698
[2022-05-25 10:39:58.154] [exthost] [warning] [Decorations] CAPPING events from decorations provider vscode.git 7698
[2022-05-25 10:40:08.447] [exthost] [warning] [Decorations] CAPPING events from decorations provider vscode.git 7698
[2022-05-25 10:40:18.186] [exthost] [warning] [Decorations] CAPPING events from decorations provider vscode.git 7698
[2022-05-25 10:40:27.640] [exthost] [warning] [Decorations] CAPPING events from decorations provider vscode.git 7700
[2022-05-25 10:40:37.212] [exthost] [warning] [Decorations] CAPPING events from decorations provider vscode.git 7699
[2022-05-25 10:40:46.901] [exthost] [warning] [Decorations] CAPPING events from decorations provider vscode.git 7699
[2022-05-25 10:40:56.349] [exthost] [warning] [Decorations] CAPPING events from decorations provider vscode.git 7699
[2022-05-25 10:41:19.506] [exthost] [warning] [Decorations] CAPPING events from decorations provider vscode.git 7699
[2022-05-25 10:41:28.939] [exthost] [warning] [Decorations] CAPPING events from decorations provider vscode.git 7699
[2022-05-25 10:41:38.419] [exthost] [warning] [Decorations] CAPPING events from decorations provider vscode.git 7699
[2022-05-25 10:41:47.854] [exthost] [warning] [Decorations] CAPPING events from decorations provider vscode.git 7700
[2022-05-25 10:41:59.592] [exthost] [warning] [Decorations] CAPPING events from decorations provider vscode.git 7708
[2022-05-25 10:42:08.941] [exthost] [warning] [Decorations] CAPPING events from decorations provider vscode.git 7704
[2022-05-25 10:42:18.504] [exthost] [warning] [Decorations] CAPPING events from decorations provider vscode.git 7703
[2022-05-25 10:42:32.644] [exthost] [warning] [Decorations] CAPPING events from decorations provider vscode.git 7703
[2022-05-25 10:42:38.238] [exthost] [warning] [Decorations] CAPPING events from decorations provider vscode.git 7704
[2022-05-25 10:42:48.210] [exthost] [warning] [Decorations] CAPPING events from decorations provider vscode.git 7704
[2022-05-25 10:42:57.554] [exthost] [warning] [Decorations] CAPPING events from decorations provider vscode.git 7704
[2022-05-25 10:43:07.580] [exthost] [warning] [Decorations] CAPPING events from decorations provider vscode.git 7704
[2022-05-25 10:43:16.848] [exthost] [warning] [Decorations] CAPPING events from decorations provider vscode.git 7704
[2022-05-25 10:43:26.437] [exthost] [warning] [Decorations] CAPPING events from decorations provider vscode.git 7704
[2022-05-25 10:43:35.702] [exthost] [warning] [Decorations] CAPPING events from decorations provider vscode.git 7704
[2022-05-25 10:43:45.228] [exthost] [warning] [Decorations] CAPPING events from decorations provider vscode.git 7704
[2022-05-25 10:43:54.395] [exthost] [warning] [Decorations] CAPPING events from decorations provider vscode.git 7704
[2022-05-25 10:44:03.664] [exthost] [warning] [Decorations] CAPPING events from decorations provider vscode.git 7704
[2022-05-25 10:44:14.061] [exthost] [warning] [Decorations] CAPPING events from decorations provider vscode.git 7705
[2022-05-25 10:44:23.949] [exthost] [warning] [Decorations] CAPPING events from decorations provider vscode.git 7705
[2022-05-25 10:44:33.766] [exthost] [warning] [Decorations] CAPPING events from decorations provider vscode.git 7705
[2022-05-25 10:44:43.208] [exthost] [warning] [Decorations] CAPPING events from decorations provider vscode.git 7705
[2022-05-25 10:44:52.744] [exthost] [warning] [Decorations] CAPPING events from decorations provider vscode.git 7705
[2022-05-25 10:45:02.122] [exthost] [warning] [Decorations] CAPPING events from decorations provider vscode.git 7705
[2022-05-25 10:45:11.760] [exthost] [warning] [Decorations] CAPPING events from decorations provider vscode.git 7705
[2022-05-25 10:45:21.065] [exthost] [warning] [Decorations] CAPPING events from decorations provider vscode.git 7705
[2022-05-25 10:45:37.078] [exthost] [warning] [Decorations] CAPPING events from decorations provider vscode.git 7705
[2022-05-25 10:45:46.928] [exthost] [warning] [Decorations] CAPPING events from decorations provider vscode.git 7706
[2022-05-25 10:45:56.351] [exthost] [warning] [Decorations] CAPPING events from decorations provider vscode.git 7706
[2022-05-25 10:46:05.533] [exthost] [warning] [Decorations] CAPPING events from decorations provider vscode.git 7706
[2022-05-25 10:46:15.434] [exthost] [warning] [Decorations] CAPPING events from decorations provider vscode.git 7706
[2022-05-25 10:46:24.477] [exthost] [warning] [Decorations] CAPPING events from decorations provider vscode.git 7706
[2022-05-25 10:46:56.263] [exthost] [warning] [Decorations] CAPPING events from decorations provider vscode.git 7706
[2022-05-25 10:47:05.840] [exthost] [warning] [Decorations] CAPPING events from decorations provider vscode.git 7707
[2022-05-25 10:47:16.621] [exthost] [warning] [Decorations] CAPPING events from decorations provider vscode.git 7707
[2022-05-25 10:47:25.949] [exthost] [warning] [Decorations] CAPPING events from decorations provider vscode.git 7707
[2022-05-25 10:47:35.421] [exthost] [warning] [Decorations] CAPPING events from decorations provider vscode.git 7708
[2022-05-25 10:47:45.590] [exthost] [warning] [Decorations] CAPPING events from decorations provider vscode.git 7708
[2022-05-25 10:47:51.083] [exthost] [warning] [Decorations] CAPPING events from decorations provider vscode.git 7708
[2022-05-25 10:48:00.609] [exthost] [warning] [Decorations] CAPPING events from decorations provider vscode.git 7708
[2022-05-25 10:48:09.941] [exthost] [warning] [Decorations] CAPPING events from decorations provider vscode.git 7708
[2022-05-25 10:48:21.578] [exthost] [warning] [Decorations] CAPPING events from decorations provider vscode.git 7708
[2022-05-25 10:48:31.182] [exthost] [warning] [Decorations] CAPPING events from decorations provider vscode.git 7708
[2022-05-25 10:48:40.538] [exthost] [warning] [Decorations] CAPPING events from decorations provider vscode.git 7708
[2022-05-25 10:48:49.838] [exthost] [warning] [Decorations] CAPPING events from decorations provider vscode.git 7708
[2022-05-25 10:48:59.606] [exthost] [warning] [Decorations] CAPPING events from decorations provider vscode.git 7709
[2022-05-25 10:49:09.002] [exthost] [warning] [Decorations] CAPPING events from decorations provider vscode.git 7709
[2022-05-25 10:49:18.666] [exthost] [warning] [Decorations] CAPPING events from decorations provider vscode.git 7710
[2022-05-25 10:49:28.343] [exthost] [warning] [Decorations] CAPPING events from decorations provider vscode.git 7710
[2022-05-25 10:49:38.044] [exthost] [warning] [Decorations] CAPPING events from decorations provider vscode.git 7710
[2022-05-25 10:49:47.641] [exthost] [warning] [Decorations] CAPPING events from decorations provider vscode.git 7710
[2022-05-25 10:49:57.555] [exthost] [warning] [Decorations] CAPPING events from decorations provider vscode.git 7710
[2022-05-25 10:50:07.005] [exthost] [warning] [Decorations] CAPPING events from decorations provider vscode.git 7711
[2022-05-25 10:50:16.323] [exthost] [warning] [Decorations] CAPPING events from decorations provider vscode.git 7711
[2022-05-25 10:50:25.884] [exthost] [warning] [Decorations] CAPPING events from decorations provider vscode.git 7711
[2022-05-25 10:50:35.544] [exthost] [warning] [Decorations] CAPPING events from decorations provider vscode.git 7711
[2022-05-25 10:50:45.111] [exthost] [warning] [Decorations] CAPPING events from decorations provider vscode.git 7711
[2022-05-25 10:50:55.394] [exthost] [warning] [Decorations] CAPPING events from decorations provider vscode.git 7711
[2022-05-25 10:54:13.674] [exthost] [warning] [Decorations] CAPPING events from decorations provider vscode.git 7711
[2022-05-25 10:54:32.613] [exthost] [warning] [Decorations] CAPPING events from decorations provider vscode.git 7711
[2022-05-25 10:54:42.099] [exthost] [warning] [Decorations] CAPPING events from decorations provider vscode.git 7711
[2022-05-25 10:54:51.554] [exthost] [warning] [Decorations] CAPPING events from decorations provider vscode.git 7711
[2022-05-25 10:55:00.914] [exthost] [warning] [Decorations] CAPPING events from decorations provider vscode.git 7711
[2022-05-25 10:55:10.656] [exthost] [warning] [Decorations] CAPPING events from decorations provider vscode.git 7711
[2022-05-25 10:55:23.048] [exthost] [warning] [Decorations] CAPPING events from decorations provider vscode.git 7712
[2022-05-25 10:55:32.629] [exthost] [warning] [Decorations] CAPPING events from decorations provider vscode.git 7713
[2022-05-25 10:55:42.188] [exthost] [warning] [Decorations] CAPPING events from decorations provider vscode.git 7712
[2022-05-25 10:55:55.050] [exthost] [warning] [Decorations] CAPPING events from decorations provider vscode.git 7725
[2022-05-25 10:56:04.384] [exthost] [warning] [Decorations] CAPPING events from decorations provider vscode.git 7725
[2022-05-25 10:56:13.974] [exthost] [warning] [Decorations] CAPPING events from decorations provider vscode.git 7725
[2022-05-25 10:56:28.082] [exthost] [warning] [Decorations] CAPPING events from decorations provider vscode.git 7725
[2022-05-25 10:56:43.096] [exthost] [warning] [Decorations] CAPPING events from decorations provider vscode.git 7725
[2022-05-25 10:56:53.973] [exthost] [warning] [Decorations] CAPPING events from decorations provider vscode.git 7726
[2022-05-25 10:57:03.454] [exthost] [warning] [Decorations] CAPPING events from decorations provider vscode.git 7725
[2022-05-25 10:57:12.807] [exthost] [warning] [Decorations] CAPPING events from decorations provider vscode.git 7725
[2022-05-25 10:57:22.579] [exthost] [warning] [Decorations] CAPPING events from decorations provider vscode.git 7725
[2022-05-25 10:57:31.976] [exthost] [warning] [Decorations] CAPPING events from decorations provider vscode.git 7726
[2022-05-25 10:57:42.432] [exthost] [warning] [Decorations] CAPPING events from decorations provider vscode.git 7725
[2022-05-25 10:57:51.846] [exthost] [warning] [Decorations] CAPPING events from decorations provider vscode.git 7725
[2022-05-25 10:58:01.303] [exthost] [warning] [Decorations] CAPPING events from decorations provider vscode.git 7726
[2022-05-25 10:58:11.786] [exthost] [warning] [Decorations] CAPPING events from decorations provider vscode.git 7725
[2022-05-25 10:58:21.232] [exthost] [warning] [Decorations] CAPPING events from decorations provider vscode.git 7725
[2022-05-25 10:58:31.356] [exthost] [warning] [Decorations] CAPPING events from decorations provider vscode.git 7726
[2022-05-25 10:58:40.749] [exthost] [warning] [Decorations] CAPPING events from decorations provider vscode.git 7726
[2022-05-25 10:58:50.088] [exthost] [warning] [Decorations] CAPPING events from decorations provider vscode.git 7726
[2022-05-25 10:58:59.713] [exthost] [warning] [Decorations] CAPPING events from decorations provider vscode.git 7726
[2022-05-25 10:59:09.453] [exthost] [warning] [Decorations] CAPPING events from decorations provider vscode.git 7727
[2022-05-25 10:59:18.864] [exthost] [warning] [Decorations] CAPPING events from decorations provider vscode.git 7727
[2022-05-25 10:59:28.536] [exthost] [warning] [Decorations] CAPPING events from decorations provider vscode.git 7735
[2022-05-25 10:59:38.939] [exthost] [warning] [Decorations] CAPPING events from decorations provider vscode.git 7728
[2022-05-25 10:59:48.741] [exthost] [warning] [Decorations] CAPPING events from decorations provider vscode.git 7728
[2022-05-25 10:59:58.299] [exthost] [warning] [Decorations] CAPPING events from decorations provider vscode.git 7728
[2022-05-25 11:00:07.902] [exthost] [warning] [Decorations] CAPPING events from decorations provider vscode.git 7728
[2022-05-25 11:00:17.455] [exthost] [warning] [Decorations] CAPPING events from decorations provider vscode.git 7728
[2022-05-25 11:00:27.246] [exthost] [warning] [Decorations] CAPPING events from decorations provider vscode.git 7729
[2022-05-25 11:00:37.058] [exthost] [warning] [Decorations] CAPPING events from decorations provider vscode.git 7729
[2022-05-25 11:00:46.807] [exthost] [warning] [Decorations] CAPPING events from decorations provider vscode.git 7729
[2022-05-25 11:01:53.957] [exthost] [warning] [Decorations] CAPPING events from decorations provider vscode.git 7729
[2022-05-25 11:02:03.577] [exthost] [warning] [Decorations] CAPPING events from decorations provider vscode.git 7729
[2022-05-25 11:02:13.200] [exthost] [warning] [Decorations] CAPPING events from decorations provider vscode.git 7729
[2022-05-25 11:02:22.618] [exthost] [warning] [Decorations] CAPPING events from decorations provider vscode.git 7729
[2022-05-25 11:02:32.437] [exthost] [warning] [Decorations] CAPPING events from decorations provider vscode.git 7729
[2022-05-25 11:02:41.906] [exthost] [warning] [Decorations] CAPPING events from decorations provider vscode.git 7729
[2022-05-25 11:51:07.046] [exthost] [info] Extension host terminating: renderer disconnected for too long (2)
[2022-05-25 11:51:07.050] [exthost] [info] Lock '/home/ubuntu-1021941/.vscode-server/data/User/workspaceStorage/56b96f145db760d9a83f35b6caf5e4f2/vscode.lock': Marking the lockfile as scheduled to be released in 6000 ms.
[2022-05-25 11:51:07.242] [exthost] [info] Extension host with pid 1280929 exiting with code 0
