[2022-05-25T15:59:51.945Z] Validating found git in: git
[2022-05-25T15:59:52.135Z] Using git 2.25.1 from git
[2022-05-25T15:59:52.305Z] > git rev-parse --show-toplevel [134ms]
[2022-05-25T15:59:52.357Z] > git rev-parse --git-dir --git-common-dir [14ms]
[2022-05-25T15:59:52.382Z] Open repository: /home/ubuntu-1021941
[2022-05-25T15:59:52.818Z] > git show --textconv :.vscode-server/api/app.js [8ms]
[2022-05-25T15:59:52.835Z] > git ls-files --stage -- /home/ubuntu-1021941/.vscode-server/api/app.js [18ms]
[2022-05-25T15:59:52.865Z] > git cat-file -s b4718e023fe99e4b48d7f4762a704869733cc7bb [10ms]
[2022-05-25T15:59:53.074Z] > git check-ignore -v -z --stdin [10ms]
[2022-05-25T15:59:55.418Z] > git status -z -uall [3010ms]
[2022-05-25T15:59:55.455Z] > git symbolic-ref --short HEAD [5ms]
[2022-05-25T15:59:55.531Z] > git for-each-ref --format=%(refname)%00%(upstream:short)%00%(objectname)%00%(upstream:track)%00%(upstream:remotename)%00%(upstream:remoteref) refs/heads/main refs/remotes/main [45ms]
[2022-05-25T15:59:55.581Z] > git remote --verbose [10ms]
[2022-05-25T15:59:55.599Z] > git for-each-ref --sort -committerdate --format %(refname) %(objectname) %(*objectname) [50ms]
[2022-05-25T16:00:02.291Z] > git config --get commit.template [35ms]
[2022-05-25T16:00:02.922Z] > git check-ignore -v -z --stdin [39ms]
[2022-05-25T16:00:35.407Z] > git show --textconv :.vscode-server/.c3511e6c69bb39013c4a4b7b9566ec1ca73fc4d5.log [21ms]
[2022-05-25T16:00:35.419Z] > git ls-files --stage -- /home/ubuntu-1021941/.vscode-server/.c3511e6c69bb39013c4a4b7b9566ec1ca73fc4d5.log [18ms]
[2022-05-25T16:00:38.392Z] > git show --textconv :.vscode-server/.c3511e6c69bb39013c4a4b7b9566ec1ca73fc4d5.token [27ms]
[2022-05-25T16:00:38.410Z] > git ls-files --stage -- /home/ubuntu-1021941/.vscode-server/.c3511e6c69bb39013c4a4b7b9566ec1ca73fc4d5.token [20ms]
[2022-05-25T16:00:39.723Z] > git show --textconv :.vscode-server/.c3511e6c69bb39013c4a4b7b9566ec1ca73fc4d5.pid [23ms]
[2022-05-25T16:00:39.730Z] > git ls-files --stage -- /home/ubuntu-1021941/.vscode-server/.c3511e6c69bb39013c4a4b7b9566ec1ca73fc4d5.pid [16ms]
[2022-05-25T16:00:43.570Z] > git ls-files --stage -- /home/ubuntu-1021941/.vscode-server/.dfd34e8260c270da74b5c2d86d61aee4b6d56977.token [9ms]
[2022-05-25T16:00:43.580Z] > git show --textconv :.vscode-server/.dfd34e8260c270da74b5c2d86d61aee4b6d56977.token [32ms]
[2022-05-25T16:00:43.585Z] > git cat-file -s 018b79a34a3bd50910ebfe93ec6201e3f01b6a2f [6ms]
[2022-05-25T16:00:44.480Z] > git ls-files --stage -- /home/ubuntu-1021941/.vscode-server/.dfd34e8260c270da74b5c2d86d61aee4b6d56977.pid [12ms]
[2022-05-25T16:00:44.489Z] > git show --textconv :.vscode-server/.dfd34e8260c270da74b5c2d86d61aee4b6d56977.pid [31ms]
[2022-05-25T16:00:44.496Z] > git cat-file -s 99d31dac414ea3acb9b55675bfe287960f2954a1 [8ms]
[2022-05-25T16:01:35.449Z] > git check-ignore -v -z --stdin [6ms]
[2022-05-25T16:01:36.896Z] > git check-ignore -v -z --stdin [5ms]
[2022-05-25T16:12:38.638Z] > git show --textconv :.vscode-server/api/app.js [15ms]
[2022-05-25T16:12:38.645Z] > git ls-files --stage -- /home/ubuntu-1021941/.vscode-server/api/app.js [9ms]
[2022-05-25T16:12:38.667Z] > git cat-file -s b4718e023fe99e4b48d7f4762a704869733cc7bb [15ms]
[2022-05-25T16:12:44.372Z] > git show --textconv :.vscode-server/api/app.js [28ms]
[2022-05-25T16:12:44.373Z] > git ls-files --stage -- /home/ubuntu-1021941/.vscode-server/api/app.js [15ms]
[2022-05-25T16:12:44.387Z] > git cat-file -s b4718e023fe99e4b48d7f4762a704869733cc7bb [8ms]
[2022-05-25T16:12:47.416Z] > git check-ignore -v -z --stdin [5ms]
[2022-05-25T16:12:48.537Z] > git show --textconv :.vscode-server/api/routes/posts.js [12ms]
[2022-05-25T16:12:48.547Z] > git ls-files --stage -- /home/ubuntu-1021941/.vscode-server/api/routes/posts.js [11ms]
[2022-05-25T16:12:51.383Z] > git check-ignore -v -z --stdin [6ms]
[2022-05-25T16:12:52.212Z] > git show --textconv :.vscode-server/api/models/Post.js [14ms]
[2022-05-25T16:12:52.221Z] > git ls-files --stage -- /home/ubuntu-1021941/.vscode-server/api/models/Post.js [12ms]
[2022-05-25T16:16:34.125Z] > git show --textconv :.vscode-server/api/.env [18ms]
[2022-05-25T16:16:34.131Z] > git ls-files --stage -- /home/ubuntu-1021941/.vscode-server/api/.env [8ms]
[2022-05-25T16:16:36.280Z] > git show --textconv :.vscode-server/api/models/Post.js [17ms]
[2022-05-25T16:16:36.295Z] > git ls-files --stage -- /home/ubuntu-1021941/.vscode-server/api/models/Post.js [19ms]
[2022-05-25T16:19:55.132Z] > git show --textconv :.vscode-server/api/routes/posts.js [22ms]
[2022-05-25T16:19:55.143Z] > git ls-files --stage -- /home/ubuntu-1021941/.vscode-server/api/routes/posts.js [22ms]
[2022-05-25T16:27:36.411Z] > git show --textconv :.vscode-server/api/.env [15ms]
[2022-05-25T16:27:36.418Z] > git ls-files --stage -- /home/ubuntu-1021941/.vscode-server/api/.env [9ms]
[2022-05-25T16:28:01.868Z] > git show --textconv :.vscode-server/api/routes/posts.js [22ms]
[2022-05-25T16:28:01.902Z] > git ls-files --stage -- /home/ubuntu-1021941/.vscode-server/api/routes/posts.js [38ms]
[2022-05-25T16:32:25.601Z] > git show --textconv :.vscode-server/api/models/Post.js [13ms]
[2022-05-25T16:32:25.615Z] > git ls-files --stage -- /home/ubuntu-1021941/.vscode-server/api/models/Post.js [16ms]
[2022-05-25T16:32:26.634Z] > git show --textconv :.vscode-server/api/.env [14ms]
[2022-05-25T16:32:26.642Z] > git ls-files --stage -- /home/ubuntu-1021941/.vscode-server/api/.env [12ms]
[2022-05-25T16:32:30.025Z] > git show --textconv :.vscode-server/api/routes/posts.js [59ms]
[2022-05-25T16:32:30.044Z] > git ls-files --stage -- /home/ubuntu-1021941/.vscode-server/api/routes/posts.js [41ms]
[2022-05-25T16:35:19.978Z] > git show --textconv :.vscode-server/api/app.js [15ms]
[2022-05-25T16:35:19.983Z] > git ls-files --stage -- /home/ubuntu-1021941/.vscode-server/api/app.js [10ms]
[2022-05-25T16:35:20.001Z] > git cat-file -s b4718e023fe99e4b48d7f4762a704869733cc7bb [11ms]
