[2022-06-08 07:17:47.105] [exthost] [info] Extension host with pid 2127626 started
[2022-06-08 07:17:47.155] [exthost] [info] Lock '/home/ubuntu-1021941/.vscode-server/data/User/workspaceStorage/56b96f145db760d9a83f35b6caf5e4f2/vscode.lock': Lock acquired.
[2022-06-08 07:17:49.154] [exthost] [info] ExtensionService#_doActivateExtension vscode.typescript-language-features, startup: false, activationEvent: 'onLanguage:javascript'
[2022-06-08 07:17:49.566] [exthost] [info] ExtensionService#_doActivateExtension vscode.debug-auto-launch, startup: true, activationEvent: '*'
[2022-06-08 07:17:49.623] [exthost] [info] ExtensionService#_doActivateExtension vscode.git-base, startup: true, activationEvent: '*', root cause: vscode.git
[2022-06-08 07:17:49.655] [exthost] [info] ExtensionService#_doActivateExtension vscode.ipynb, startup: true, activationEvent: '*'
[2022-06-08 07:17:49.755] [exthost] [info] ExtensionService#_doActivateExtension akhail.save-typing, startup: true, activationEvent: '*'
[2022-06-08 07:17:49.776] [exthost] [info] ExtensionService#_doActivateExtension vscode.npm, startup: true, activationEvent: 'workspaceContains:package.json'
[2022-06-08 07:17:50.240] [exthost] [info] ExtensionService#_doActivateExtension vscode.git, startup: true, activationEvent: '*'
[2022-06-08 07:17:50.488] [exthost] [info] ExtensionService#_doActivateExtension vscode.github, startup: true, activationEvent: '*'
[2022-06-08 07:17:53.012] [exthost] [info] ExtensionService#_doActivateExtension vscode.emmet, startup: false, activationEvent: 'onStartupFinished'
[2022-06-08 07:17:53.236] [exthost] [info] ExtensionService#_doActivateExtension vscode.merge-conflict, startup: false, activationEvent: 'onStartupFinished'
[2022-06-08 07:17:53.274] [exthost] [info] Eager extensions activated
[2022-06-08 07:17:53.746] [exthost] [warning] [Decorations] CAPPING events from decorations provider vscode.git 1902
[2022-06-08 07:34:53.820] [exthost] [warning] [Decorations] CAPPING events from decorations provider vscode.git 1904
[2022-06-08 07:35:00.620] [exthost] [warning] [Decorations] CAPPING events from decorations provider vscode.git 1904
[2022-06-08 07:35:05.950] [exthost] [warning] [Decorations] CAPPING events from decorations provider vscode.git 1904
[2022-06-08 07:35:12.839] [exthost] [warning] [Decorations] CAPPING events from decorations provider vscode.git 1904
[2022-06-08 07:35:18.067] [exthost] [warning] [Decorations] CAPPING events from decorations provider vscode.git 1904
[2022-06-08 07:35:23.313] [exthost] [warning] [Decorations] CAPPING events from decorations provider vscode.git 1904
[2022-06-08 07:45:57.247] [exthost] [warning] [Decorations] CAPPING events from decorations provider vscode.git 1904
[2022-06-08 07:46:02.510] [exthost] [warning] [Decorations] CAPPING events from decorations provider vscode.git 1904
[2022-06-08 07:46:29.164] [exthost] [warning] [Decorations] CAPPING events from decorations provider vscode.git 1904
[2022-06-08 07:46:37.055] [exthost] [warning] [Decorations] CAPPING events from decorations provider vscode.git 1904
[2022-06-08 07:46:42.295] [exthost] [warning] [Decorations] CAPPING events from decorations provider vscode.git 1904
[2022-06-08 07:46:47.516] [exthost] [warning] [Decorations] CAPPING events from decorations provider vscode.git 1904
[2022-06-08 07:46:52.755] [exthost] [warning] [Decorations] CAPPING events from decorations provider vscode.git 1904
[2022-06-08 07:46:58.101] [exthost] [warning] [Decorations] CAPPING events from decorations provider vscode.git 1904
[2022-06-08 07:47:05.562] [exthost] [warning] [Decorations] CAPPING events from decorations provider vscode.git 1904
[2022-06-08 07:47:10.877] [exthost] [warning] [Decorations] CAPPING events from decorations provider vscode.git 1904
[2022-06-08 07:47:16.119] [exthost] [warning] [Decorations] CAPPING events from decorations provider vscode.git 1904
[2022-06-08 07:47:21.351] [exthost] [warning] [Decorations] CAPPING events from decorations provider vscode.git 1904
[2022-06-08 07:47:26.646] [exthost] [warning] [Decorations] CAPPING events from decorations provider vscode.git 1904
[2022-06-08 07:47:32.054] [exthost] [warning] [Decorations] CAPPING events from decorations provider vscode.git 1904
[2022-06-08 07:47:38.996] [exthost] [warning] [Decorations] CAPPING events from decorations provider vscode.git 1904
[2022-06-08 07:47:44.229] [exthost] [warning] [Decorations] CAPPING events from decorations provider vscode.git 1904
[2022-06-08 07:47:49.515] [exthost] [warning] [Decorations] CAPPING events from decorations provider vscode.git 1904
[2022-06-08 07:47:54.758] [exthost] [warning] [Decorations] CAPPING events from decorations provider vscode.git 1904
[2022-06-08 07:48:00.014] [exthost] [warning] [Decorations] CAPPING events from decorations provider vscode.git 1904
[2022-06-08 07:48:05.307] [exthost] [warning] [Decorations] CAPPING events from decorations provider vscode.git 1904
[2022-06-08 07:48:10.542] [exthost] [warning] [Decorations] CAPPING events from decorations provider vscode.git 1904
[2022-06-08 07:48:15.784] [exthost] [warning] [Decorations] CAPPING events from decorations provider vscode.git 1904
[2022-06-08 07:48:21.078] [exthost] [warning] [Decorations] CAPPING events from decorations provider vscode.git 1904
[2022-06-08 07:48:26.312] [exthost] [warning] [Decorations] CAPPING events from decorations provider vscode.git 1904
[2022-06-08 07:48:31.662] [exthost] [warning] [Decorations] CAPPING events from decorations provider vscode.git 1904
[2022-06-08 07:48:36.923] [exthost] [warning] [Decorations] CAPPING events from decorations provider vscode.git 1904
[2022-06-08 07:48:42.160] [exthost] [warning] [Decorations] CAPPING events from decorations provider vscode.git 1904
[2022-06-08 07:48:47.391] [exthost] [warning] [Decorations] CAPPING events from decorations provider vscode.git 1904
[2022-06-08 07:48:52.677] [exthost] [warning] [Decorations] CAPPING events from decorations provider vscode.git 1904
[2022-06-08 07:48:57.915] [exthost] [warning] [Decorations] CAPPING events from decorations provider vscode.git 1904
[2022-06-08 07:49:03.144] [exthost] [warning] [Decorations] CAPPING events from decorations provider vscode.git 1904
[2022-06-08 07:49:08.414] [exthost] [warning] [Decorations] CAPPING events from decorations provider vscode.git 1904
[2022-06-08 07:49:13.692] [exthost] [warning] [Decorations] CAPPING events from decorations provider vscode.git 1904
[2022-06-08 07:49:18.952] [exthost] [warning] [Decorations] CAPPING events from decorations provider vscode.git 1904
[2022-06-08 07:49:24.314] [exthost] [warning] [Decorations] CAPPING events from decorations provider vscode.git 1905
[2022-06-08 07:49:31.280] [exthost] [warning] [Decorations] CAPPING events from decorations provider vscode.git 1904
[2022-06-08 07:49:38.938] [exthost] [warning] [Decorations] CAPPING events from decorations provider vscode.git 1904
[2022-06-08 07:49:44.277] [exthost] [warning] [Decorations] CAPPING events from decorations provider vscode.git 1904
[2022-06-08 07:49:51.495] [exthost] [warning] [Decorations] CAPPING events from decorations provider vscode.git 1904
[2022-06-08 07:49:56.737] [exthost] [warning] [Decorations] CAPPING events from decorations provider vscode.git 1904
[2022-06-08 07:50:01.994] [exthost] [warning] [Decorations] CAPPING events from decorations provider vscode.git 1904
[2022-06-08 07:50:07.294] [exthost] [warning] [Decorations] CAPPING events from decorations provider vscode.git 1904
[2022-06-08 07:50:12.549] [exthost] [warning] [Decorations] CAPPING events from decorations provider vscode.git 1904
[2022-06-08 07:50:17.818] [exthost] [warning] [Decorations] CAPPING events from decorations provider vscode.git 1905
[2022-06-08 07:50:26.008] [exthost] [warning] [Decorations] CAPPING events from decorations provider vscode.git 1904
[2022-06-08 07:50:33.088] [exthost] [warning] [Decorations] CAPPING events from decorations provider vscode.git 1904
[2022-06-08 07:50:40.250] [exthost] [warning] [Decorations] CAPPING events from decorations provider vscode.git 1904
[2022-06-08 07:50:45.492] [exthost] [warning] [Decorations] CAPPING events from decorations provider vscode.git 1904
[2022-06-08 07:50:50.813] [exthost] [warning] [Decorations] CAPPING events from decorations provider vscode.git 1904
[2022-06-08 07:50:57.475] [exthost] [warning] [Decorations] CAPPING events from decorations provider vscode.git 1904
[2022-06-08 07:51:02.776] [exthost] [warning] [Decorations] CAPPING events from decorations provider vscode.git 1904
[2022-06-08 07:51:08.165] [exthost] [warning] [Decorations] CAPPING events from decorations provider vscode.git 1904
[2022-06-08 07:51:13.395] [exthost] [warning] [Decorations] CAPPING events from decorations provider vscode.git 1904
[2022-06-08 07:51:18.656] [exthost] [warning] [Decorations] CAPPING events from decorations provider vscode.git 1905
[2022-06-08 07:51:23.892] [exthost] [warning] [Decorations] CAPPING events from decorations provider vscode.git 1904
[2022-06-08 07:51:35.628] [exthost] [warning] [Decorations] CAPPING events from decorations provider vscode.git 1904
[2022-06-08 07:51:40.938] [exthost] [warning] [Decorations] CAPPING events from decorations provider vscode.git 1904
[2022-06-08 07:51:47.529] [exthost] [warning] [Decorations] CAPPING events from decorations provider vscode.git 1904
[2022-06-08 07:51:52.790] [exthost] [warning] [Decorations] CAPPING events from decorations provider vscode.git 1904
[2022-06-08 07:51:59.414] [exthost] [warning] [Decorations] CAPPING events from decorations provider vscode.git 1905
[2022-06-08 07:52:07.049] [exthost] [warning] [Decorations] CAPPING events from decorations provider vscode.git 1904
[2022-06-08 07:52:17.861] [exthost] [warning] [Decorations] CAPPING events from decorations provider vscode.git 1904
[2022-06-08 07:52:23.096] [exthost] [warning] [Decorations] CAPPING events from decorations provider vscode.git 1905
[2022-06-08 07:52:28.363] [exthost] [warning] [Decorations] CAPPING events from decorations provider vscode.git 1904
[2022-06-08 07:52:33.691] [exthost] [warning] [Decorations] CAPPING events from decorations provider vscode.git 1904
[2022-06-08 07:52:38.942] [exthost] [warning] [Decorations] CAPPING events from decorations provider vscode.git 1904
[2022-06-08 07:52:45.769] [exthost] [warning] [Decorations] CAPPING events from decorations provider vscode.git 1904
[2022-06-08 07:52:51.335] [exthost] [warning] [Decorations] CAPPING events from decorations provider vscode.git 1905
[2022-06-08 07:52:56.702] [exthost] [warning] [Decorations] CAPPING events from decorations provider vscode.git 1904
[2022-06-08 07:53:01.980] [exthost] [warning] [Decorations] CAPPING events from decorations provider vscode.git 1904
[2022-06-08 07:53:12.757] [exthost] [warning] [Decorations] CAPPING events from decorations provider vscode.git 1904
[2022-06-08 07:53:18.004] [exthost] [warning] [Decorations] CAPPING events from decorations provider vscode.git 1904
[2022-06-08 07:53:25.174] [exthost] [warning] [Decorations] CAPPING events from decorations provider vscode.git 1904
[2022-06-08 07:53:30.428] [exthost] [warning] [Decorations] CAPPING events from decorations provider vscode.git 1904
[2022-06-08 07:53:36.191] [exthost] [warning] [Decorations] CAPPING events from decorations provider vscode.git 1904
[2022-06-08 07:53:43.355] [exthost] [warning] [Decorations] CAPPING events from decorations provider vscode.git 1905
[2022-06-08 07:53:50.048] [exthost] [warning] [Decorations] CAPPING events from decorations provider vscode.git 1904
[2022-06-08 07:53:55.314] [exthost] [warning] [Decorations] CAPPING events from decorations provider vscode.git 1904
[2022-06-08 07:54:00.543] [exthost] [warning] [Decorations] CAPPING events from decorations provider vscode.git 1904
[2022-06-08 07:54:05.769] [exthost] [warning] [Decorations] CAPPING events from decorations provider vscode.git 1904
[2022-06-08 07:54:11.105] [exthost] [warning] [Decorations] CAPPING events from decorations provider vscode.git 1905
[2022-06-08 07:54:18.359] [exthost] [warning] [Decorations] CAPPING events from decorations provider vscode.git 1906
[2022-06-08 07:54:23.605] [exthost] [warning] [Decorations] CAPPING events from decorations provider vscode.git 1904
[2022-06-08 07:54:28.881] [exthost] [warning] [Decorations] CAPPING events from decorations provider vscode.git 1904
[2022-06-08 07:54:34.156] [exthost] [warning] [Decorations] CAPPING events from decorations provider vscode.git 1904
[2022-06-08 07:54:39.420] [exthost] [warning] [Decorations] CAPPING events from decorations provider vscode.git 1904
[2022-06-08 07:54:44.662] [exthost] [warning] [Decorations] CAPPING events from decorations provider vscode.git 1904
[2022-06-08 07:55:21.947] [exthost] [warning] [Decorations] CAPPING events from decorations provider vscode.git 1904
[2022-06-08 07:55:27.561] [exthost] [warning] [Decorations] CAPPING events from decorations provider vscode.git 1905
[2022-06-08 07:55:35.446] [exthost] [warning] [Decorations] CAPPING events from decorations provider vscode.git 1904
[2022-06-08 07:55:40.680] [exthost] [warning] [Decorations] CAPPING events from decorations provider vscode.git 1904
[2022-06-08 07:55:45.923] [exthost] [warning] [Decorations] CAPPING events from decorations provider vscode.git 1904
[2022-06-08 07:55:51.152] [exthost] [warning] [Decorations] CAPPING events from decorations provider vscode.git 1904
[2022-06-08 07:55:56.935] [exthost] [warning] [Decorations] CAPPING events from decorations provider vscode.git 1904
[2022-06-08 07:56:02.397] [exthost] [warning] [Decorations] CAPPING events from decorations provider vscode.git 1905
[2022-06-08 07:56:12.968] [exthost] [warning] [Decorations] CAPPING events from decorations provider vscode.git 1904
[2022-06-08 07:56:20.249] [exthost] [warning] [Decorations] CAPPING events from decorations provider vscode.git 1904
[2022-06-08 07:56:25.573] [exthost] [warning] [Decorations] CAPPING events from decorations provider vscode.git 1904
[2022-06-08 07:56:30.834] [exthost] [warning] [Decorations] CAPPING events from decorations provider vscode.git 1904
[2022-06-08 07:56:36.083] [exthost] [warning] [Decorations] CAPPING events from decorations provider vscode.git 1904
[2022-06-08 07:56:57.001] [exthost] [warning] [Decorations] CAPPING events from decorations provider vscode.git 1904
[2022-06-08 07:57:02.845] [exthost] [warning] [Decorations] CAPPING events from decorations provider vscode.git 1905
[2022-06-08 07:57:10.704] [exthost] [warning] [Decorations] CAPPING events from decorations provider vscode.git 1904
[2022-06-08 07:57:18.139] [exthost] [warning] [Decorations] CAPPING events from decorations provider vscode.git 1904
[2022-06-08 07:57:24.846] [exthost] [warning] [Decorations] CAPPING events from decorations provider vscode.git 1904
[2022-06-08 07:57:30.349] [exthost] [warning] [Decorations] CAPPING events from decorations provider vscode.git 1904
[2022-06-08 07:57:37.700] [exthost] [warning] [Decorations] CAPPING events from decorations provider vscode.git 1904
[2022-06-08 07:57:43.029] [exthost] [warning] [Decorations] CAPPING events from decorations provider vscode.git 1904
[2022-06-08 07:57:48.269] [exthost] [warning] [Decorations] CAPPING events from decorations provider vscode.git 1904
[2022-06-08 07:57:53.523] [exthost] [warning] [Decorations] CAPPING events from decorations provider vscode.git 1904
[2022-06-08 07:57:58.763] [exthost] [warning] [Decorations] CAPPING events from decorations provider vscode.git 1904
[2022-06-08 07:58:04.022] [exthost] [warning] [Decorations] CAPPING events from decorations provider vscode.git 1904
[2022-06-08 07:58:09.279] [exthost] [warning] [Decorations] CAPPING events from decorations provider vscode.git 1904
[2022-06-08 07:58:14.507] [exthost] [warning] [Decorations] CAPPING events from decorations provider vscode.git 1904
[2022-06-08 07:58:19.764] [exthost] [warning] [Decorations] CAPPING events from decorations provider vscode.git 1904
[2022-06-08 07:58:46.323] [exthost] [warning] [Decorations] CAPPING events from decorations provider vscode.git 1904
[2022-06-08 07:58:51.588] [exthost] [warning] [Decorations] CAPPING events from decorations provider vscode.git 1904
[2022-06-08 07:58:58.336] [exthost] [warning] [Decorations] CAPPING events from decorations provider vscode.git 1905
[2022-06-08 07:59:07.481] [exthost] [warning] [Decorations] CAPPING events from decorations provider vscode.git 1904
[2022-06-08 07:59:14.908] [exthost] [warning] [Decorations] CAPPING events from decorations provider vscode.git 1904
[2022-06-08 07:59:22.133] [exthost] [warning] [Decorations] CAPPING events from decorations provider vscode.git 1904
[2022-06-08 07:59:27.474] [exthost] [warning] [Decorations] CAPPING events from decorations provider vscode.git 1905
[2022-06-08 07:59:32.681] [exthost] [warning] [Decorations] CAPPING events from decorations provider vscode.git 1904
[2022-06-08 07:59:37.955] [exthost] [warning] [Decorations] CAPPING events from decorations provider vscode.git 1904
[2022-06-08 07:59:43.516] [exthost] [warning] [Decorations] CAPPING events from decorations provider vscode.git 1904
[2022-06-08 07:59:50.988] [exthost] [warning] [Decorations] CAPPING events from decorations provider vscode.git 1904
[2022-06-08 07:59:56.259] [exthost] [warning] [Decorations] CAPPING events from decorations provider vscode.git 1904
[2022-06-08 08:00:01.536] [exthost] [warning] [Decorations] CAPPING events from decorations provider vscode.git 1904
[2022-06-08 08:00:06.808] [exthost] [warning] [Decorations] CAPPING events from decorations provider vscode.git 1904
[2022-06-08 08:00:12.058] [exthost] [warning] [Decorations] CAPPING events from decorations provider vscode.git 1904
[2022-06-08 08:00:17.321] [exthost] [warning] [Decorations] CAPPING events from decorations provider vscode.git 1904
[2022-06-08 08:00:22.564] [exthost] [warning] [Decorations] CAPPING events from decorations provider vscode.git 1904
[2022-06-08 08:00:27.805] [exthost] [warning] [Decorations] CAPPING events from decorations provider vscode.git 1904
[2022-06-08 08:00:33.488] [exthost] [warning] [Decorations] CAPPING events from decorations provider vscode.git 1905
[2022-06-08 08:00:41.390] [exthost] [warning] [Decorations] CAPPING events from decorations provider vscode.git 1905
[2022-06-08 08:00:48.312] [exthost] [warning] [Decorations] CAPPING events from decorations provider vscode.git 1904
[2022-06-08 08:00:53.856] [exthost] [warning] [Decorations] CAPPING events from decorations provider vscode.git 1904
[2022-06-08 08:00:59.154] [exthost] [warning] [Decorations] CAPPING events from decorations provider vscode.git 1905
[2022-06-08 08:01:04.390] [exthost] [warning] [Decorations] CAPPING events from decorations provider vscode.git 1904
[2022-06-08 08:01:10.137] [exthost] [warning] [Decorations] CAPPING events from decorations provider vscode.git 1904
[2022-06-08 08:01:15.463] [exthost] [warning] [Decorations] CAPPING events from decorations provider vscode.git 1904
[2022-06-08 08:01:22.046] [exthost] [warning] [Decorations] CAPPING events from decorations provider vscode.git 1905
[2022-06-08 08:01:27.372] [exthost] [warning] [Decorations] CAPPING events from decorations provider vscode.git 1904
[2022-06-08 08:01:34.600] [exthost] [warning] [Decorations] CAPPING events from decorations provider vscode.git 1904
[2022-06-08 08:01:39.866] [exthost] [warning] [Decorations] CAPPING events from decorations provider vscode.git 1904
[2022-06-08 08:01:45.192] [exthost] [warning] [Decorations] CAPPING events from decorations provider vscode.git 1904
[2022-06-08 08:01:50.443] [exthost] [warning] [Decorations] CAPPING events from decorations provider vscode.git 1904
[2022-06-08 08:01:57.281] [exthost] [warning] [Decorations] CAPPING events from decorations provider vscode.git 1905
[2022-06-08 08:02:02.711] [exthost] [warning] [Decorations] CAPPING events from decorations provider vscode.git 1904
[2022-06-08 08:02:08.326] [exthost] [warning] [Decorations] CAPPING events from decorations provider vscode.git 1905
[2022-06-08 08:02:15.573] [exthost] [warning] [Decorations] CAPPING events from decorations provider vscode.git 1904
[2022-06-08 08:02:28.105] [exthost] [warning] [Decorations] CAPPING events from decorations provider vscode.git 1904
[2022-06-08 08:02:34.807] [exthost] [warning] [Decorations] CAPPING events from decorations provider vscode.git 1904
[2022-06-08 08:02:40.062] [exthost] [warning] [Decorations] CAPPING events from decorations provider vscode.git 1904
[2022-06-08 08:02:45.432] [exthost] [warning] [Decorations] CAPPING events from decorations provider vscode.git 1904
[2022-06-08 08:02:52.255] [exthost] [warning] [Decorations] CAPPING events from decorations provider vscode.git 1904
[2022-06-08 08:02:57.514] [exthost] [warning] [Decorations] CAPPING events from decorations provider vscode.git 1904
[2022-06-08 08:03:02.753] [exthost] [warning] [Decorations] CAPPING events from decorations provider vscode.git 1904
[2022-06-08 08:03:08.014] [exthost] [warning] [Decorations] CAPPING events from decorations provider vscode.git 1904
[2022-06-08 08:03:13.390] [exthost] [warning] [Decorations] CAPPING events from decorations provider vscode.git 1904
[2022-06-08 08:03:20.489] [exthost] [warning] [Decorations] CAPPING events from decorations provider vscode.git 1905
[2022-06-08 08:03:25.831] [exthost] [warning] [Decorations] CAPPING events from decorations provider vscode.git 1904
[2022-06-08 08:03:31.360] [exthost] [warning] [Decorations] CAPPING events from decorations provider vscode.git 1904
[2022-06-08 08:03:38.827] [exthost] [warning] [Decorations] CAPPING events from decorations provider vscode.git 1904
[2022-06-08 08:03:44.076] [exthost] [warning] [Decorations] CAPPING events from decorations provider vscode.git 1904
[2022-06-08 08:03:49.310] [exthost] [warning] [Decorations] CAPPING events from decorations provider vscode.git 1904
[2022-06-08 08:03:54.580] [exthost] [warning] [Decorations] CAPPING events from decorations provider vscode.git 1905
[2022-06-08 08:03:59.902] [exthost] [warning] [Decorations] CAPPING events from decorations provider vscode.git 1904
[2022-06-08 08:04:05.167] [exthost] [warning] [Decorations] CAPPING events from decorations provider vscode.git 1904
[2022-06-08 08:04:10.404] [exthost] [warning] [Decorations] CAPPING events from decorations provider vscode.git 1904
[2022-06-08 08:04:15.650] [exthost] [warning] [Decorations] CAPPING events from decorations provider vscode.git 1904
[2022-06-08 08:04:21.218] [exthost] [warning] [Decorations] CAPPING events from decorations provider vscode.git 1904
[2022-06-08 08:04:28.460] [exthost] [warning] [Decorations] CAPPING events from decorations provider vscode.git 1904
[2022-06-08 08:04:33.782] [exthost] [warning] [Decorations] CAPPING events from decorations provider vscode.git 1904
[2022-06-08 08:04:40.517] [exthost] [warning] [Decorations] CAPPING events from decorations provider vscode.git 1904
[2022-06-08 08:04:45.817] [exthost] [warning] [Decorations] CAPPING events from decorations provider vscode.git 1904
[2022-06-08 08:04:51.165] [exthost] [warning] [Decorations] CAPPING events from decorations provider vscode.git 1904
[2022-06-08 08:04:58.012] [exthost] [warning] [Decorations] CAPPING events from decorations provider vscode.git 1904
[2022-06-08 08:05:05.149] [exthost] [warning] [Decorations] CAPPING events from decorations provider vscode.git 1904
[2022-06-08 08:05:10.445] [exthost] [warning] [Decorations] CAPPING events from decorations provider vscode.git 1904
[2022-06-08 08:05:15.682] [exthost] [warning] [Decorations] CAPPING events from decorations provider vscode.git 1904
[2022-06-08 08:05:20.985] [exthost] [warning] [Decorations] CAPPING events from decorations provider vscode.git 1904
[2022-06-08 08:05:26.275] [exthost] [warning] [Decorations] CAPPING events from decorations provider vscode.git 1904
[2022-06-08 08:05:31.514] [exthost] [warning] [Decorations] CAPPING events from decorations provider vscode.git 1904
[2022-06-08 08:05:36.865] [exthost] [warning] [Decorations] CAPPING events from decorations provider vscode.git 1904
[2022-06-08 08:05:42.181] [exthost] [warning] [Decorations] CAPPING events from decorations provider vscode.git 1904
[2022-06-08 08:05:47.458] [exthost] [warning] [Decorations] CAPPING events from decorations provider vscode.git 1904
[2022-06-08 08:05:53.173] [exthost] [warning] [Decorations] CAPPING events from decorations provider vscode.git 1905
[2022-06-08 08:06:00.901] [exthost] [warning] [Decorations] CAPPING events from decorations provider vscode.git 1904
[2022-06-08 08:06:06.257] [exthost] [warning] [Decorations] CAPPING events from decorations provider vscode.git 1904
[2022-06-08 08:06:12.993] [exthost] [warning] [Decorations] CAPPING events from decorations provider vscode.git 1904
[2022-06-08 08:06:18.248] [exthost] [warning] [Decorations] CAPPING events from decorations provider vscode.git 1904
[2022-06-08 08:06:23.519] [exthost] [warning] [Decorations] CAPPING events from decorations provider vscode.git 1905
[2022-06-08 08:06:29.117] [exthost] [warning] [Decorations] CAPPING events from decorations provider vscode.git 1905
[2022-06-08 08:06:36.731] [exthost] [warning] [Decorations] CAPPING events from decorations provider vscode.git 1905
[2022-06-08 08:06:41.970] [exthost] [warning] [Decorations] CAPPING events from decorations provider vscode.git 1904
[2022-06-08 08:06:47.212] [exthost] [warning] [Decorations] CAPPING events from decorations provider vscode.git 1904
[2022-06-08 08:06:52.495] [exthost] [warning] [Decorations] CAPPING events from decorations provider vscode.git 1904
[2022-06-08 08:06:57.745] [exthost] [warning] [Decorations] CAPPING events from decorations provider vscode.git 1904
[2022-06-08 08:07:02.987] [exthost] [warning] [Decorations] CAPPING events from decorations provider vscode.git 1904
[2022-06-08 08:07:08.245] [exthost] [warning] [Decorations] CAPPING events from decorations provider vscode.git 1904
[2022-06-08 08:07:14.211] [exthost] [warning] [Decorations] CAPPING events from decorations provider vscode.git 1905
[2022-06-08 08:07:19.455] [exthost] [warning] [Decorations] CAPPING events from decorations provider vscode.git 1904
[2022-06-08 08:07:24.680] [exthost] [warning] [Decorations] CAPPING events from decorations provider vscode.git 1905
[2022-06-08 08:07:29.917] [exthost] [warning] [Decorations] CAPPING events from decorations provider vscode.git 1904
[2022-06-08 08:07:35.359] [exthost] [warning] [Decorations] CAPPING events from decorations provider vscode.git 1904
[2022-06-08 08:07:40.630] [exthost] [warning] [Decorations] CAPPING events from decorations provider vscode.git 1904
[2022-06-08 08:07:45.884] [exthost] [warning] [Decorations] CAPPING events from decorations provider vscode.git 1904
[2022-06-08 08:07:51.217] [exthost] [warning] [Decorations] CAPPING events from decorations provider vscode.git 1905
[2022-06-08 08:07:56.541] [exthost] [warning] [Decorations] CAPPING events from decorations provider vscode.git 1904
[2022-06-08 08:08:03.259] [exthost] [warning] [Decorations] CAPPING events from decorations provider vscode.git 1904
[2022-06-08 08:08:08.513] [exthost] [warning] [Decorations] CAPPING events from decorations provider vscode.git 1904
[2022-06-08 08:08:13.751] [exthost] [warning] [Decorations] CAPPING events from decorations provider vscode.git 1904
[2022-06-08 08:08:24.680] [exthost] [warning] [Decorations] CAPPING events from decorations provider vscode.git 1904
[2022-06-08 08:08:29.921] [exthost] [warning] [Decorations] CAPPING events from decorations provider vscode.git 1904
[2022-06-08 08:08:35.251] [exthost] [warning] [Decorations] CAPPING events from decorations provider vscode.git 1904
[2022-06-08 08:09:01.941] [exthost] [warning] [Decorations] CAPPING events from decorations provider vscode.git 1904
[2022-06-08 08:09:07.272] [exthost] [warning] [Decorations] CAPPING events from decorations provider vscode.git 1904
[2022-06-08 08:09:12.517] [exthost] [warning] [Decorations] CAPPING events from decorations provider vscode.git 1904
[2022-06-08 08:09:17.761] [exthost] [warning] [Decorations] CAPPING events from decorations provider vscode.git 1904
[2022-06-08 08:09:23.101] [exthost] [warning] [Decorations] CAPPING events from decorations provider vscode.git 1904
[2022-06-08 08:09:35.156] [exthost] [warning] [Decorations] CAPPING events from decorations provider vscode.git 1904
[2022-06-08 08:09:40.412] [exthost] [warning] [Decorations] CAPPING events from decorations provider vscode.git 1904
[2022-06-08 08:09:45.742] [exthost] [warning] [Decorations] CAPPING events from decorations provider vscode.git 1904
[2022-06-08 08:09:50.987] [exthost] [warning] [Decorations] CAPPING events from decorations provider vscode.git 1904
[2022-06-08 08:09:56.228] [exthost] [warning] [Decorations] CAPPING events from decorations provider vscode.git 1904
[2022-06-08 08:10:01.556] [exthost] [warning] [Decorations] CAPPING events from decorations provider vscode.git 1904
[2022-06-08 08:10:06.794] [exthost] [warning] [Decorations] CAPPING events from decorations provider vscode.git 1904
[2022-06-08 08:10:12.034] [exthost] [warning] [Decorations] CAPPING events from decorations provider vscode.git 1904
[2022-06-08 08:10:17.275] [exthost] [warning] [Decorations] CAPPING events from decorations provider vscode.git 1904
[2022-06-08 08:10:22.524] [exthost] [warning] [Decorations] CAPPING events from decorations provider vscode.git 1904
[2022-06-08 08:23:17.638] [exthost] [info] Extension host terminating: renderer disconnected for too long (2)
[2022-06-08 08:23:17.667] [exthost] [info] Lock '/home/ubuntu-1021941/.vscode-server/data/User/workspaceStorage/56b96f145db760d9a83f35b6caf5e4f2/vscode.lock': Marking the lockfile as scheduled to be released in 6000 ms.
[2022-06-08 08:23:17.870] [exthost] [info] Extension host with pid 2127626 exiting with code 0
