[2022-05-25T11:46:14.284Z] Validating found git in: git
[2022-05-25T11:46:14.474Z] Using git 2.25.1 from git
[2022-05-25T11:46:14.657Z] > git rev-parse --show-toplevel [164ms]
[2022-05-25T11:46:14.768Z] > git rev-parse --git-dir --git-common-dir [56ms]
[2022-05-25T11:46:14.813Z] Open repository: /home/ubuntu-1021941
[2022-05-25T11:46:15.518Z] > git status -z -uall [604ms]
[2022-05-25T11:46:15.560Z] > git symbolic-ref --short HEAD [8ms]
[2022-05-25T11:46:15.641Z] > git for-each-ref --format=%(refname)%00%(upstream:short)%00%(objectname)%00%(upstream:track)%00%(upstream:remotename)%00%(upstream:remoteref) refs/heads/main refs/remotes/main [47ms]
[2022-05-25T11:46:15.728Z] > git for-each-ref --sort -committerdate --format %(refname) %(objectname) %(*objectname) [50ms]
[2022-05-25T11:46:15.734Z] > git remote --verbose [43ms]
[2022-05-25T11:46:24.264Z] > git check-ignore -v -z --stdin [7659ms]
[2022-05-25T11:46:24.265Z] > git fetch [9386ms]
[2022-05-25T11:46:24.265Z] Missing or invalid credentials.
Skip silent fetch commands
Missing or invalid credentials.
Skip silent fetch commands
remote: Repository not found.
fatal: Authentication failed for 'https://github.com/Giovanny-HR/Project34.git/'
[2022-05-25T11:46:24.283Z] > git config --get commit.template [24ms]
[2022-05-25T11:46:25.441Z] > git show --textconv :.vscode-server/api/models/Post.js [9ms]
[2022-05-25T11:46:25.445Z] > git ls-files --stage -- /home/ubuntu-1021941/.vscode-server/api/models/Post.js [5ms]
[2022-05-25T11:46:56.699Z] > git show --textconv :.vscode-server/api/routes/posts.js [22ms]
[2022-05-25T11:46:56.719Z] > git ls-files --stage -- /home/ubuntu-1021941/.vscode-server/api/routes/posts.js [24ms]
[2022-05-25T11:49:15.229Z] > git show --textconv :.vscode-server/api/app.js [68ms]
[2022-05-25T11:49:15.238Z] > git ls-files --stage -- /home/ubuntu-1021941/.vscode-server/api/app.js [19ms]
[2022-05-25T11:49:15.315Z] > git cat-file -s b4718e023fe99e4b48d7f4762a704869733cc7bb [24ms]
[2022-05-25T11:53:03.306Z] > git show --textconv :.vscode-server/api/routes/posts.js [21ms]
[2022-05-25T11:53:03.307Z] > git ls-files --stage -- /home/ubuntu-1021941/.vscode-server/api/routes/posts.js [10ms]
[2022-05-25T11:53:53.763Z] > git show --textconv :.vscode-server/api/app.js [15ms]
[2022-05-25T11:53:53.770Z] > git ls-files --stage -- /home/ubuntu-1021941/.vscode-server/api/app.js [9ms]
[2022-05-25T11:53:53.783Z] > git cat-file -s b4718e023fe99e4b48d7f4762a704869733cc7bb [7ms]
[2022-05-25T11:55:55.312Z] > git show --textconv :.vscode-server/api/routes/posts.js [24ms]
[2022-05-25T11:55:55.315Z] > git ls-files --stage -- /home/ubuntu-1021941/.vscode-server/api/routes/posts.js [15ms]
[2022-05-25T12:18:45.221Z] > git show --textconv :.vscode-server/api/models/Post.js [158ms]
[2022-05-25T12:18:45.230Z] > git ls-files --stage -- /home/ubuntu-1021941/.vscode-server/api/models/Post.js [159ms]
[2022-05-25T12:18:53.034Z] > git show --textconv :.vscode-server/api/routes/posts.js [13ms]
[2022-05-25T12:18:53.041Z] > git ls-files --stage -- /home/ubuntu-1021941/.vscode-server/api/routes/posts.js [8ms]
[2022-05-25T12:20:00.552Z] > git show --textconv :.vscode-server/api/models/Post.js [15ms]
[2022-05-25T12:20:00.557Z] > git ls-files --stage -- /home/ubuntu-1021941/.vscode-server/api/models/Post.js [7ms]
[2022-05-25T12:20:07.682Z] > git show --textconv :.vscode-server/api/routes/posts.js [13ms]
[2022-05-25T12:20:07.688Z] > git ls-files --stage -- /home/ubuntu-1021941/.vscode-server/api/routes/posts.js [7ms]
[2022-05-25T12:20:14.859Z] > git ls-files --stage -- /home/ubuntu-1021941/.vscode-server/api/app.js [10ms]
[2022-05-25T12:20:14.876Z] > git cat-file -s b4718e023fe99e4b48d7f4762a704869733cc7bb [8ms]
[2022-05-25T12:20:14.882Z] > git show --textconv :.vscode-server/api/app.js [44ms]
[2022-05-25T12:22:01.595Z] > git check-ignore -v -z --stdin [15ms]
[2022-05-25T12:22:08.982Z] > git check-ignore -v -z --stdin [5ms]
[2022-05-25T12:22:17.338Z] > git show --textconv :.vscode-server/api/get/get.js [50ms]
[2022-05-25T12:22:17.345Z] > git ls-files --stage -- /home/ubuntu-1021941/.vscode-server/api/get/get.js [12ms]
[2022-05-25T12:22:17.414Z] > git check-ignore -v -z --stdin [14ms]
[2022-05-25T12:22:29.999Z] > git show --textconv :.vscode-server/api/get/saldo.js [33ms]
[2022-05-25T12:22:30.040Z] > git ls-files --stage -- /home/ubuntu-1021941/.vscode-server/api/get/saldo.js [43ms]
[2022-05-25T12:22:30.136Z] > git check-ignore -v -z --stdin [12ms]
[2022-05-25T12:22:35.443Z] > git show --textconv :.vscode-server/api/get/get.js [22ms]
[2022-05-25T12:22:35.450Z] > git ls-files --stage -- /home/ubuntu-1021941/.vscode-server/api/get/get.js [10ms]
[2022-05-25T12:22:42.017Z] > git show --textconv :.vscode-server/api/get/bedrag.js [55ms]
[2022-05-25T12:22:42.038Z] > git ls-files --stage -- /home/ubuntu-1021941/.vscode-server/api/get/bedrag.js [24ms]
[2022-05-25T12:22:42.175Z] > git check-ignore -v -z --stdin [31ms]
[2022-05-25T12:22:54.384Z] > git show --textconv :.vscode-server/api/app.js [39ms]
[2022-05-25T12:22:54.392Z] > git ls-files --stage -- /home/ubuntu-1021941/.vscode-server/api/app.js [22ms]
[2022-05-25T12:22:54.427Z] > git cat-file -s b4718e023fe99e4b48d7f4762a704869733cc7bb [13ms]
[2022-05-25T12:24:58.750Z] > git show --textconv :.vscode-server/api/routes/posts.js [18ms]
[2022-05-25T12:24:58.755Z] > git ls-files --stage -- /home/ubuntu-1021941/.vscode-server/api/routes/posts.js [12ms]
