[2022-05-29 09:40:30.257] [exthost] [info] Extension host with pid 1453941 started
[2022-05-29 09:40:30.395] [exthost] [info] Lock '/home/ubuntu-1021941/.vscode-server/data/User/workspaceStorage/56b96f145db760d9a83f35b6caf5e4f2/vscode.lock': Lock acquired.
[2022-05-29 09:40:30.590] [exthost] [info] ExtensionService#_doActivateExtension vscode.typescript-language-features, startup: false, activationEvent: 'onLanguage:javascript'
[2022-05-29 09:40:30.899] [exthost] [info] ExtensionService#_doActivateExtension vscode.debug-auto-launch, startup: true, activationEvent: '*'
[2022-05-29 09:40:30.928] [exthost] [info] ExtensionService#_doActivateExtension vscode.git-base, startup: true, activationEvent: '*', root cause: vscode.git
[2022-05-29 09:40:30.936] [exthost] [info] ExtensionService#_doActivateExtension vscode.ipynb, startup: true, activationEvent: '*'
[2022-05-29 09:40:30.968] [exthost] [info] ExtensionService#_doActivateExtension akhail.save-typing, startup: true, activationEvent: '*'
[2022-05-29 09:40:31.318] [exthost] [info] ExtensionService#_doActivateExtension vscode.git, startup: true, activationEvent: '*'
[2022-05-29 09:40:31.596] [exthost] [info] ExtensionService#_doActivateExtension vscode.github, startup: true, activationEvent: '*'
[2022-05-29 09:40:32.275] [exthost] [info] ExtensionService#_doActivateExtension vscode.emmet, startup: false, activationEvent: 'onStartupFinished'
[2022-05-29 09:40:32.341] [exthost] [info] ExtensionService#_doActivateExtension vscode.merge-conflict, startup: false, activationEvent: 'onStartupFinished'
[2022-05-29 09:40:32.364] [exthost] [info] Eager extensions activated
[2022-05-29 09:40:33.811] [exthost] [warning] [Decorations] CAPPING events from decorations provider vscode.git 7788
[2022-05-29 09:41:33.677] [exthost] [warning] [Decorations] CAPPING events from decorations provider vscode.git 7788
[2022-05-29 09:42:41.426] [exthost] [warning] [Decorations] CAPPING events from decorations provider vscode.git 7788
[2022-05-29 09:42:46.735] [exthost] [info] ExtensionService#_doActivateExtension vscode.configuration-editing, startup: false, activationEvent: 'onLanguage:json'
[2022-05-29 09:42:46.761] [exthost] [info] ExtensionService#_doActivateExtension vscode.extension-editing, startup: false, activationEvent: 'onLanguage:json'
[2022-05-29 09:42:46.836] [exthost] [info] ExtensionService#_doActivateExtension vscode.json-language-features, startup: false, activationEvent: 'onLanguage:json'
[2022-05-29 09:42:47.199] [exthost] [info] ExtensionService#_doActivateExtension vscode.npm, startup: false, activationEvent: 'onLanguage:json'
[2022-05-29 09:42:50.780] [exthost] [warning] [Decorations] CAPPING events from decorations provider vscode.git 7790
[2022-05-29 09:43:00.392] [exthost] [warning] [Decorations] CAPPING events from decorations provider vscode.git 7790
[2022-05-29 09:43:39.520] [exthost] [warning] [Decorations] CAPPING events from decorations provider vscode.git 7790
[2022-05-29 09:43:53.212] [exthost] [warning] [Decorations] CAPPING events from decorations provider vscode.git 7790
[2022-05-29 09:44:03.012] [exthost] [warning] [Decorations] CAPPING events from decorations provider vscode.git 7790
[2022-05-29 09:44:17.438] [exthost] [warning] [Decorations] CAPPING events from decorations provider vscode.git 7790
[2022-05-29 09:44:26.821] [exthost] [warning] [Decorations] CAPPING events from decorations provider vscode.git 7791
[2022-05-29 09:44:36.386] [exthost] [warning] [Decorations] CAPPING events from decorations provider vscode.git 7791
[2022-05-29 09:44:45.798] [exthost] [warning] [Decorations] CAPPING events from decorations provider vscode.git 7791
[2022-05-29 09:44:55.214] [exthost] [warning] [Decorations] CAPPING events from decorations provider vscode.git 7791
[2022-05-29 09:45:04.673] [exthost] [warning] [Decorations] CAPPING events from decorations provider vscode.git 7791
[2022-05-29 09:45:14.146] [exthost] [warning] [Decorations] CAPPING events from decorations provider vscode.git 7791
[2022-05-29 09:47:35.662] [exthost] [warning] [Decorations] CAPPING events from decorations provider vscode.git 7791
[2022-05-29 09:47:45.161] [exthost] [warning] [Decorations] CAPPING events from decorations provider vscode.git 7792
[2022-05-29 09:47:54.697] [exthost] [warning] [Decorations] CAPPING events from decorations provider vscode.git 7792
[2022-05-29 09:50:12.404] [exthost] [warning] [Decorations] CAPPING events from decorations provider vscode.git 7792
[2022-05-29 09:50:21.669] [exthost] [warning] [Decorations] CAPPING events from decorations provider vscode.git 7793
[2022-05-29 09:50:31.210] [exthost] [warning] [Decorations] CAPPING events from decorations provider vscode.git 7793
[2022-05-29 09:50:40.660] [exthost] [warning] [Decorations] CAPPING events from decorations provider vscode.git 7793
[2022-05-29 09:50:50.062] [exthost] [warning] [Decorations] CAPPING events from decorations provider vscode.git 7793
[2022-05-29 09:51:08.970] [exthost] [warning] [Decorations] CAPPING events from decorations provider vscode.git 7793
[2022-05-29 09:51:18.369] [exthost] [warning] [Decorations] CAPPING events from decorations provider vscode.git 7794
[2022-05-29 09:51:27.700] [exthost] [warning] [Decorations] CAPPING events from decorations provider vscode.git 7794
[2022-05-29 09:51:37.096] [exthost] [warning] [Decorations] CAPPING events from decorations provider vscode.git 7795
[2022-05-29 09:51:46.564] [exthost] [warning] [Decorations] CAPPING events from decorations provider vscode.git 7796
[2022-05-29 09:51:55.934] [exthost] [warning] [Decorations] CAPPING events from decorations provider vscode.git 7796
[2022-05-29 09:52:05.356] [exthost] [warning] [Decorations] CAPPING events from decorations provider vscode.git 7796
[2022-05-29 09:52:16.327] [exthost] [warning] [Decorations] CAPPING events from decorations provider vscode.git 7796
[2022-05-29 09:52:26.538] [exthost] [warning] [Decorations] CAPPING events from decorations provider vscode.git 7796
[2022-05-29 09:52:36.149] [exthost] [warning] [Decorations] CAPPING events from decorations provider vscode.git 7796
[2022-05-29 09:52:45.682] [exthost] [warning] [Decorations] CAPPING events from decorations provider vscode.git 7796
[2022-05-29 09:52:55.210] [exthost] [warning] [Decorations] CAPPING events from decorations provider vscode.git 7796
[2022-05-29 09:53:04.728] [exthost] [warning] [Decorations] CAPPING events from decorations provider vscode.git 7796
[2022-05-29 09:53:14.195] [exthost] [warning] [Decorations] CAPPING events from decorations provider vscode.git 7796
[2022-05-29 09:53:23.745] [exthost] [warning] [Decorations] CAPPING events from decorations provider vscode.git 7796
[2022-05-29 09:53:33.199] [exthost] [warning] [Decorations] CAPPING events from decorations provider vscode.git 7796
[2022-05-29 09:53:42.766] [exthost] [warning] [Decorations] CAPPING events from decorations provider vscode.git 7796
[2022-05-29 09:53:52.384] [exthost] [warning] [Decorations] CAPPING events from decorations provider vscode.git 7796
[2022-05-29 09:54:06.451] [exthost] [warning] [Decorations] CAPPING events from decorations provider vscode.git 7796
[2022-05-29 09:54:16.006] [exthost] [warning] [Decorations] CAPPING events from decorations provider vscode.git 7797
[2022-05-29 09:54:26.404] [exthost] [warning] [Decorations] CAPPING events from decorations provider vscode.git 7797
[2022-05-29 09:54:36.240] [exthost] [warning] [Decorations] CAPPING events from decorations provider vscode.git 7797
[2022-05-29 09:54:49.104] [exthost] [warning] [Decorations] CAPPING events from decorations provider vscode.git 7797
[2022-05-29 09:54:58.519] [exthost] [warning] [Decorations] CAPPING events from decorations provider vscode.git 7798
[2022-05-29 09:55:08.092] [exthost] [warning] [Decorations] CAPPING events from decorations provider vscode.git 7798
[2022-05-29 09:55:17.752] [exthost] [warning] [Decorations] CAPPING events from decorations provider vscode.git 7798
[2022-05-29 09:55:27.331] [exthost] [warning] [Decorations] CAPPING events from decorations provider vscode.git 7798
[2022-05-29 09:55:36.870] [exthost] [warning] [Decorations] CAPPING events from decorations provider vscode.git 7798
[2022-05-29 09:55:46.333] [exthost] [warning] [Decorations] CAPPING events from decorations provider vscode.git 7798
[2022-05-29 09:55:55.803] [exthost] [warning] [Decorations] CAPPING events from decorations provider vscode.git 7798
[2022-05-29 09:56:05.257] [exthost] [warning] [Decorations] CAPPING events from decorations provider vscode.git 7798
[2022-05-29 09:56:14.736] [exthost] [warning] [Decorations] CAPPING events from decorations provider vscode.git 7798
[2022-05-29 09:56:24.208] [exthost] [warning] [Decorations] CAPPING events from decorations provider vscode.git 7798
[2022-05-29 09:56:33.748] [exthost] [warning] [Decorations] CAPPING events from decorations provider vscode.git 7798
[2022-05-29 09:56:43.284] [exthost] [warning] [Decorations] CAPPING events from decorations provider vscode.git 7798
[2022-05-29 09:56:52.685] [exthost] [warning] [Decorations] CAPPING events from decorations provider vscode.git 7799
[2022-05-29 09:57:02.220] [exthost] [warning] [Decorations] CAPPING events from decorations provider vscode.git 7799
[2022-05-29 09:57:11.818] [exthost] [warning] [Decorations] CAPPING events from decorations provider vscode.git 7799
[2022-05-29 09:57:21.275] [exthost] [warning] [Decorations] CAPPING events from decorations provider vscode.git 7799
[2022-05-29 09:57:30.707] [exthost] [warning] [Decorations] CAPPING events from decorations provider vscode.git 7799
[2022-05-29 09:57:40.635] [exthost] [warning] [Decorations] CAPPING events from decorations provider vscode.git 7799
[2022-05-29 09:57:50.047] [exthost] [warning] [Decorations] CAPPING events from decorations provider vscode.git 7799
[2022-05-29 09:58:01.560] [exthost] [warning] [Decorations] CAPPING events from decorations provider vscode.git 7799
[2022-05-29 09:58:06.830] [exthost] [warning] [Decorations] CAPPING events from decorations provider vscode.git 7799
[2022-05-29 09:58:12.335] [exthost] [warning] [Decorations] CAPPING events from decorations provider vscode.git 7799
[2022-05-29 09:58:22.466] [exthost] [warning] [Decorations] CAPPING events from decorations provider vscode.git 7799
[2022-05-29 09:58:42.444] [exthost] [warning] [Decorations] CAPPING events from decorations provider vscode.git 7800
[2022-05-29 09:58:52.504] [exthost] [warning] [Decorations] CAPPING events from decorations provider vscode.git 7801
[2022-05-29 09:59:02.776] [exthost] [warning] [Decorations] CAPPING events from decorations provider vscode.git 7801
[2022-05-29 09:59:12.271] [exthost] [warning] [Decorations] CAPPING events from decorations provider vscode.git 7802
[2022-05-29 09:59:21.861] [exthost] [warning] [Decorations] CAPPING events from decorations provider vscode.git 7802
[2022-05-29 09:59:33.769] [exthost] [warning] [Decorations] CAPPING events from decorations provider vscode.git 7802
[2022-05-29 09:59:55.756] [exthost] [warning] [Decorations] CAPPING events from decorations provider vscode.git 7802
[2022-05-29 10:00:05.218] [exthost] [warning] [Decorations] CAPPING events from decorations provider vscode.git 7802
[2022-05-29 10:00:14.750] [exthost] [warning] [Decorations] CAPPING events from decorations provider vscode.git 7802
[2022-05-29 10:01:04.730] [exthost] [warning] [Decorations] CAPPING events from decorations provider vscode.git 7802
[2022-05-29 10:01:14.185] [exthost] [warning] [Decorations] CAPPING events from decorations provider vscode.git 7803
[2022-05-29 10:01:23.676] [exthost] [warning] [Decorations] CAPPING events from decorations provider vscode.git 7803
[2022-05-29 10:01:34.387] [exthost] [warning] [Decorations] CAPPING events from decorations provider vscode.git 7803
[2022-05-29 10:01:43.982] [exthost] [warning] [Decorations] CAPPING events from decorations provider vscode.git 7803
[2022-05-29 10:01:53.767] [exthost] [warning] [Decorations] CAPPING events from decorations provider vscode.git 7803
[2022-05-29 10:02:03.225] [exthost] [warning] [Decorations] CAPPING events from decorations provider vscode.git 7803
[2022-05-29 10:02:12.929] [exthost] [warning] [Decorations] CAPPING events from decorations provider vscode.git 7803
[2022-05-29 10:02:22.312] [exthost] [warning] [Decorations] CAPPING events from decorations provider vscode.git 7803
[2022-05-29 10:02:59.195] [exthost] [warning] [Decorations] CAPPING events from decorations provider vscode.git 7803
[2022-05-29 10:03:08.832] [exthost] [warning] [Decorations] CAPPING events from decorations provider vscode.git 7804
[2022-05-29 10:03:20.348] [exthost] [warning] [Decorations] CAPPING events from decorations provider vscode.git 7806
[2022-05-29 10:03:30.907] [exthost] [warning] [Decorations] CAPPING events from decorations provider vscode.git 7806
[2022-05-29 10:03:40.316] [exthost] [warning] [Decorations] CAPPING events from decorations provider vscode.git 7806
[2022-05-29 10:03:50.606] [exthost] [warning] [Decorations] CAPPING events from decorations provider vscode.git 7807
[2022-05-29 10:04:00.181] [exthost] [warning] [Decorations] CAPPING events from decorations provider vscode.git 7807
[2022-05-29 10:04:33.915] [exthost] [warning] [Decorations] CAPPING events from decorations provider vscode.git 7807
[2022-05-29 10:04:43.662] [exthost] [warning] [Decorations] CAPPING events from decorations provider vscode.git 7807
[2022-05-29 10:04:53.218] [exthost] [warning] [Decorations] CAPPING events from decorations provider vscode.git 7807
[2022-05-29 10:06:34.572] [exthost] [warning] [Decorations] CAPPING events from decorations provider vscode.git 7807
[2022-05-29 10:06:43.876] [exthost] [warning] [Decorations] CAPPING events from decorations provider vscode.git 7807
[2022-05-29 10:07:00.090] [exthost] [warning] [Decorations] CAPPING events from decorations provider vscode.git 7807
[2022-05-29 10:08:42.537] [exthost] [warning] [Decorations] CAPPING events from decorations provider vscode.git 7807
[2022-05-29 10:08:52.024] [exthost] [warning] [Decorations] CAPPING events from decorations provider vscode.git 7807
[2022-05-29 10:09:02.373] [exthost] [warning] [Decorations] CAPPING events from decorations provider vscode.git 7807
[2022-05-29 10:09:11.963] [exthost] [warning] [Decorations] CAPPING events from decorations provider vscode.git 7807
[2022-05-29 10:09:22.121] [exthost] [warning] [Decorations] CAPPING events from decorations provider vscode.git 7807
[2022-05-29 10:09:31.718] [exthost] [warning] [Decorations] CAPPING events from decorations provider vscode.git 7807
[2022-05-29 10:09:41.226] [exthost] [warning] [Decorations] CAPPING events from decorations provider vscode.git 7807
[2022-05-29 10:09:50.978] [exthost] [warning] [Decorations] CAPPING events from decorations provider vscode.git 7807
[2022-05-29 10:10:00.525] [exthost] [warning] [Decorations] CAPPING events from decorations provider vscode.git 7807
[2022-05-29 10:10:11.373] [exthost] [warning] [Decorations] CAPPING events from decorations provider vscode.git 7807
[2022-05-29 10:10:20.828] [exthost] [warning] [Decorations] CAPPING events from decorations provider vscode.git 7807
[2022-05-29 10:10:30.385] [exthost] [warning] [Decorations] CAPPING events from decorations provider vscode.git 7807
[2022-05-29 10:10:39.984] [exthost] [warning] [Decorations] CAPPING events from decorations provider vscode.git 7807
[2022-05-29 10:11:32.537] [exthost] [warning] [Decorations] CAPPING events from decorations provider vscode.git 7807
[2022-05-29 10:11:42.031] [exthost] [warning] [Decorations] CAPPING events from decorations provider vscode.git 7807
[2022-05-29 10:11:51.675] [exthost] [warning] [Decorations] CAPPING events from decorations provider vscode.git 7807
[2022-05-29 10:12:02.091] [exthost] [warning] [Decorations] CAPPING events from decorations provider vscode.git 7807
[2022-05-29 10:12:11.717] [exthost] [warning] [Decorations] CAPPING events from decorations provider vscode.git 7807
[2022-05-29 10:12:21.407] [exthost] [warning] [Decorations] CAPPING events from decorations provider vscode.git 7807
[2022-05-29 10:12:31.654] [exthost] [warning] [Decorations] CAPPING events from decorations provider vscode.git 7807
[2022-05-29 10:12:41.477] [exthost] [warning] [Decorations] CAPPING events from decorations provider vscode.git 7807
[2022-05-29 10:12:50.973] [exthost] [warning] [Decorations] CAPPING events from decorations provider vscode.git 7807
[2022-05-29 10:13:00.523] [exthost] [warning] [Decorations] CAPPING events from decorations provider vscode.git 7807
[2022-05-29 10:13:10.305] [exthost] [warning] [Decorations] CAPPING events from decorations provider vscode.git 7807
[2022-05-29 10:13:19.771] [exthost] [warning] [Decorations] CAPPING events from decorations provider vscode.git 7807
[2022-05-29 10:15:59.048] [exthost] [warning] [Decorations] CAPPING events from decorations provider vscode.git 7807
[2022-05-29 10:16:15.850] [exthost] [warning] [Decorations] CAPPING events from decorations provider vscode.git 7807
[2022-05-29 10:16:26.087] [exthost] [warning] [Decorations] CAPPING events from decorations provider vscode.git 7807
[2022-05-29 10:16:36.401] [exthost] [warning] [Decorations] CAPPING events from decorations provider vscode.git 7807
[2022-05-29 10:19:28.932] [exthost] [warning] [Decorations] CAPPING events from decorations provider vscode.git 7807
[2022-05-29 10:19:38.325] [exthost] [warning] [Decorations] CAPPING events from decorations provider vscode.git 7808
[2022-05-29 10:19:47.790] [exthost] [warning] [Decorations] CAPPING events from decorations provider vscode.git 7808
[2022-05-29 10:19:57.205] [exthost] [warning] [Decorations] CAPPING events from decorations provider vscode.git 7808
[2022-05-29 10:20:06.645] [exthost] [warning] [Decorations] CAPPING events from decorations provider vscode.git 7810
[2022-05-29 10:20:16.735] [exthost] [warning] [Decorations] CAPPING events from decorations provider vscode.git 7810
[2022-05-29 10:20:26.291] [exthost] [warning] [Decorations] CAPPING events from decorations provider vscode.git 7810
[2022-05-29 10:21:03.136] [exthost] [warning] [Decorations] CAPPING events from decorations provider vscode.git 7810
[2022-05-29 10:21:12.718] [exthost] [warning] [Decorations] CAPPING events from decorations provider vscode.git 7811
[2022-05-29 10:21:22.229] [exthost] [warning] [Decorations] CAPPING events from decorations provider vscode.git 7811
[2022-05-29 10:21:31.758] [exthost] [warning] [Decorations] CAPPING events from decorations provider vscode.git 7812
[2022-05-29 10:21:41.031] [exthost] [warning] [Decorations] CAPPING events from decorations provider vscode.git 7814
[2022-05-29 10:21:51.069] [exthost] [warning] [Decorations] CAPPING events from decorations provider vscode.git 7814
[2022-05-29 10:22:00.966] [exthost] [warning] [Decorations] CAPPING events from decorations provider vscode.git 7815
[2022-05-29 10:22:11.281] [exthost] [warning] [Decorations] CAPPING events from decorations provider vscode.git 7815
[2022-05-29 10:22:21.148] [exthost] [warning] [Decorations] CAPPING events from decorations provider vscode.git 7816
[2022-05-29 10:22:30.522] [exthost] [warning] [Decorations] CAPPING events from decorations provider vscode.git 7816
[2022-05-29 10:22:39.992] [exthost] [warning] [Decorations] CAPPING events from decorations provider vscode.git 7816
[2022-05-29 10:22:49.436] [exthost] [warning] [Decorations] CAPPING events from decorations provider vscode.git 7816
[2022-05-29 10:22:58.840] [exthost] [warning] [Decorations] CAPPING events from decorations provider vscode.git 7816
[2022-05-29 10:23:08.632] [exthost] [warning] [Decorations] CAPPING events from decorations provider vscode.git 7817
[2022-05-29 10:23:18.412] [exthost] [warning] [Decorations] CAPPING events from decorations provider vscode.git 7817
[2022-05-29 10:23:27.806] [exthost] [warning] [Decorations] CAPPING events from decorations provider vscode.git 7817
[2022-05-29 10:23:37.285] [exthost] [warning] [Decorations] CAPPING events from decorations provider vscode.git 7817
[2022-05-29 10:23:47.860] [exthost] [warning] [Decorations] CAPPING events from decorations provider vscode.git 7817
[2022-05-29 10:23:57.318] [exthost] [warning] [Decorations] CAPPING events from decorations provider vscode.git 7818
[2022-05-29 10:24:06.717] [exthost] [warning] [Decorations] CAPPING events from decorations provider vscode.git 7817
[2022-05-29 10:24:16.280] [exthost] [warning] [Decorations] CAPPING events from decorations provider vscode.git 7817
[2022-05-29 10:24:25.704] [exthost] [warning] [Decorations] CAPPING events from decorations provider vscode.git 7817
[2022-05-29 10:24:36.289] [exthost] [warning] [Decorations] CAPPING events from decorations provider vscode.git 7818
[2022-05-29 10:24:42.024] [exthost] [warning] [Decorations] CAPPING events from decorations provider vscode.git 7818
[2022-05-29 10:24:51.401] [exthost] [warning] [Decorations] CAPPING events from decorations provider vscode.git 7818
[2022-05-29 10:25:00.954] [exthost] [warning] [Decorations] CAPPING events from decorations provider vscode.git 7819
[2022-05-29 10:25:10.573] [exthost] [warning] [Decorations] CAPPING events from decorations provider vscode.git 7819
[2022-05-29 10:25:20.012] [exthost] [warning] [Decorations] CAPPING events from decorations provider vscode.git 7819
[2022-05-29 10:25:25.383] [exthost] [warning] [Decorations] CAPPING events from decorations provider vscode.git 7819
[2022-05-29 10:25:30.768] [exthost] [warning] [Decorations] CAPPING events from decorations provider vscode.git 7819
[2022-05-29 10:25:40.494] [exthost] [warning] [Decorations] CAPPING events from decorations provider vscode.git 7819
[2022-05-29 10:25:49.939] [exthost] [warning] [Decorations] CAPPING events from decorations provider vscode.git 7820
[2022-05-29 10:26:00.116] [exthost] [warning] [Decorations] CAPPING events from decorations provider vscode.git 7820
[2022-05-29 10:26:10.158] [exthost] [warning] [Decorations] CAPPING events from decorations provider vscode.git 7821
[2022-05-29 10:26:20.778] [exthost] [warning] [Decorations] CAPPING events from decorations provider vscode.git 7822
[2022-05-29 10:26:31.503] [exthost] [warning] [Decorations] CAPPING events from decorations provider vscode.git 7823
[2022-05-29 10:26:40.876] [exthost] [warning] [Decorations] CAPPING events from decorations provider vscode.git 7823
[2022-05-29 10:26:50.558] [exthost] [warning] [Decorations] CAPPING events from decorations provider vscode.git 7823
[2022-05-29 10:27:00.874] [exthost] [warning] [Decorations] CAPPING events from decorations provider vscode.git 7823
[2022-05-29 10:27:10.919] [exthost] [warning] [Decorations] CAPPING events from decorations provider vscode.git 7823
[2022-05-29 10:27:20.279] [exthost] [warning] [Decorations] CAPPING events from decorations provider vscode.git 7823
[2022-05-29 10:27:29.668] [exthost] [warning] [Decorations] CAPPING events from decorations provider vscode.git 7823
[2022-05-29 10:27:39.199] [exthost] [warning] [Decorations] CAPPING events from decorations provider vscode.git 7823
[2022-05-29 10:27:49.511] [exthost] [warning] [Decorations] CAPPING events from decorations provider vscode.git 7823
[2022-05-29 10:27:59.645] [exthost] [warning] [Decorations] CAPPING events from decorations provider vscode.git 7823
[2022-05-29 10:28:09.855] [exthost] [warning] [Decorations] CAPPING events from decorations provider vscode.git 7823
[2022-05-29 10:28:19.150] [exthost] [warning] [Decorations] CAPPING events from decorations provider vscode.git 7823
[2022-05-29 10:28:28.774] [exthost] [warning] [Decorations] CAPPING events from decorations provider vscode.git 7823
[2022-05-29 10:28:38.815] [exthost] [warning] [Decorations] CAPPING events from decorations provider vscode.git 7823
[2022-05-29 10:28:48.772] [exthost] [warning] [Decorations] CAPPING events from decorations provider vscode.git 7823
[2022-05-29 10:28:58.165] [exthost] [warning] [Decorations] CAPPING events from decorations provider vscode.git 7824
[2022-05-29 10:29:08.062] [exthost] [warning] [Decorations] CAPPING events from decorations provider vscode.git 7824
[2022-05-29 10:29:17.450] [exthost] [warning] [Decorations] CAPPING events from decorations provider vscode.git 7824
[2022-05-29 10:29:26.828] [exthost] [warning] [Decorations] CAPPING events from decorations provider vscode.git 7825
[2022-05-29 10:29:36.915] [exthost] [warning] [Decorations] CAPPING events from decorations provider vscode.git 7825
[2022-05-29 10:29:46.482] [exthost] [warning] [Decorations] CAPPING events from decorations provider vscode.git 7825
[2022-05-29 10:29:56.875] [exthost] [warning] [Decorations] CAPPING events from decorations provider vscode.git 7825
[2022-05-29 10:30:14.612] [exthost] [warning] [Decorations] CAPPING events from decorations provider vscode.git 7825
[2022-05-29 10:30:24.680] [exthost] [warning] [Decorations] CAPPING events from decorations provider vscode.git 7825
[2022-05-29 10:30:34.469] [exthost] [warning] [Decorations] CAPPING events from decorations provider vscode.git 7825
[2022-05-29 10:30:44.808] [exthost] [warning] [Decorations] CAPPING events from decorations provider vscode.git 7825
[2022-05-29 10:30:54.208] [exthost] [warning] [Decorations] CAPPING events from decorations provider vscode.git 7824
[2022-05-29 10:31:03.637] [exthost] [warning] [Decorations] CAPPING events from decorations provider vscode.git 7824
[2022-05-29 10:31:13.045] [exthost] [warning] [Decorations] CAPPING events from decorations provider vscode.git 7824
[2022-05-29 10:31:22.180] [exthost] [warning] [Decorations] CAPPING events from decorations provider vscode.git 7824
[2022-05-29 10:31:31.763] [exthost] [warning] [Decorations] CAPPING events from decorations provider vscode.git 7824
[2022-05-29 10:31:41.109] [exthost] [warning] [Decorations] CAPPING events from decorations provider vscode.git 7824
[2022-05-29 10:31:46.547] [exthost] [warning] [Decorations] CAPPING events from decorations provider vscode.git 7824
[2022-05-29 10:31:55.879] [exthost] [warning] [Decorations] CAPPING events from decorations provider vscode.git 7824
[2022-05-29 10:32:05.250] [exthost] [warning] [Decorations] CAPPING events from decorations provider vscode.git 7824
[2022-05-29 10:32:15.049] [exthost] [warning] [Decorations] CAPPING events from decorations provider vscode.git 7825
[2022-05-29 10:32:25.400] [exthost] [warning] [Decorations] CAPPING events from decorations provider vscode.git 7825
[2022-05-29 10:32:35.695] [exthost] [warning] [Decorations] CAPPING events from decorations provider vscode.git 7825
[2022-05-29 10:32:44.864] [exthost] [warning] [Decorations] CAPPING events from decorations provider vscode.git 7825
[2022-05-29 10:32:54.927] [exthost] [warning] [Decorations] CAPPING events from decorations provider vscode.git 7825
[2022-05-29 10:33:05.037] [exthost] [warning] [Decorations] CAPPING events from decorations provider vscode.git 7825
[2022-05-29 10:33:14.921] [exthost] [warning] [Decorations] CAPPING events from decorations provider vscode.git 7825
[2022-05-29 10:33:24.251] [exthost] [warning] [Decorations] CAPPING events from decorations provider vscode.git 7825
[2022-05-29 10:33:33.717] [exthost] [warning] [Decorations] CAPPING events from decorations provider vscode.git 7825
[2022-05-29 10:33:43.192] [exthost] [warning] [Decorations] CAPPING events from decorations provider vscode.git 7825
[2022-05-29 10:33:53.267] [exthost] [warning] [Decorations] CAPPING events from decorations provider vscode.git 7825
[2022-05-29 10:34:03.433] [exthost] [warning] [Decorations] CAPPING events from decorations provider vscode.git 7825
[2022-05-29 10:34:12.866] [exthost] [warning] [Decorations] CAPPING events from decorations provider vscode.git 7825
[2022-05-29 10:34:22.206] [exthost] [warning] [Decorations] CAPPING events from decorations provider vscode.git 7825
[2022-05-29 10:34:31.880] [exthost] [warning] [Decorations] CAPPING events from decorations provider vscode.git 7826
[2022-05-29 10:34:41.638] [exthost] [warning] [Decorations] CAPPING events from decorations provider vscode.git 7828
[2022-05-29 10:34:51.591] [exthost] [warning] [Decorations] CAPPING events from decorations provider vscode.git 7828
[2022-05-29 10:35:01.108] [exthost] [warning] [Decorations] CAPPING events from decorations provider vscode.git 7829
[2022-05-29 10:35:10.712] [exthost] [warning] [Decorations] CAPPING events from decorations provider vscode.git 7829
[2022-05-29 10:35:21.270] [exthost] [warning] [Decorations] CAPPING events from decorations provider vscode.git 7830
[2022-05-29 10:35:31.321] [exthost] [warning] [Decorations] CAPPING events from decorations provider vscode.git 7830
[2022-05-29 10:35:40.787] [exthost] [warning] [Decorations] CAPPING events from decorations provider vscode.git 7830
[2022-05-29 10:35:50.338] [exthost] [warning] [Decorations] CAPPING events from decorations provider vscode.git 7830
[2022-05-29 10:35:59.718] [exthost] [warning] [Decorations] CAPPING events from decorations provider vscode.git 7830
[2022-05-29 10:36:09.109] [exthost] [warning] [Decorations] CAPPING events from decorations provider vscode.git 7831
[2022-05-29 10:36:14.843] [exthost] [warning] [Decorations] CAPPING events from decorations provider vscode.git 7831
[2022-05-29 10:36:24.179] [exthost] [warning] [Decorations] CAPPING events from decorations provider vscode.git 7831
[2022-05-29 10:36:33.622] [exthost] [warning] [Decorations] CAPPING events from decorations provider vscode.git 7831
[2022-05-29 10:36:43.909] [exthost] [warning] [Decorations] CAPPING events from decorations provider vscode.git 7831
[2022-05-29 10:36:53.816] [exthost] [warning] [Decorations] CAPPING events from decorations provider vscode.git 7832
[2022-05-29 10:37:03.161] [exthost] [warning] [Decorations] CAPPING events from decorations provider vscode.git 7832
[2022-05-29 10:37:12.731] [exthost] [warning] [Decorations] CAPPING events from decorations provider vscode.git 7831
[2022-05-29 10:37:22.205] [exthost] [warning] [Decorations] CAPPING events from decorations provider vscode.git 7832
[2022-05-29 10:37:35.545] [exthost] [warning] [Decorations] CAPPING events from decorations provider vscode.git 7834
[2022-05-29 10:37:45.541] [exthost] [warning] [Decorations] CAPPING events from decorations provider vscode.git 7835
[2022-05-29 10:38:11.911] [exthost] [warning] [Decorations] CAPPING events from decorations provider vscode.git 7835
[2022-05-29 10:38:21.986] [exthost] [warning] [Decorations] CAPPING events from decorations provider vscode.git 7835
[2022-05-29 10:38:31.414] [exthost] [warning] [Decorations] CAPPING events from decorations provider vscode.git 7835
[2022-05-29 10:38:40.770] [exthost] [warning] [Decorations] CAPPING events from decorations provider vscode.git 7836
[2022-05-29 10:38:50.174] [exthost] [warning] [Decorations] CAPPING events from decorations provider vscode.git 7836
[2022-05-29 10:39:00.092] [exthost] [warning] [Decorations] CAPPING events from decorations provider vscode.git 7836
[2022-05-29 10:39:09.710] [exthost] [warning] [Decorations] CAPPING events from decorations provider vscode.git 7837
[2022-05-29 10:39:19.192] [exthost] [warning] [Decorations] CAPPING events from decorations provider vscode.git 7837
[2022-05-29 10:39:30.045] [exthost] [warning] [Decorations] CAPPING events from decorations provider vscode.git 7838
[2022-05-29 10:39:35.538] [exthost] [warning] [Decorations] CAPPING events from decorations provider vscode.git 7838
[2022-05-29 10:39:45.379] [exthost] [warning] [Decorations] CAPPING events from decorations provider vscode.git 7839
[2022-05-29 10:39:54.959] [exthost] [warning] [Decorations] CAPPING events from decorations provider vscode.git 7839
[2022-05-29 10:40:04.833] [exthost] [warning] [Decorations] CAPPING events from decorations provider vscode.git 7839
[2022-05-29 10:40:26.445] [exthost] [warning] [Decorations] CAPPING events from decorations provider vscode.git 7839
[2022-05-29 10:40:35.920] [exthost] [warning] [Decorations] CAPPING events from decorations provider vscode.git 7839
[2022-05-29 10:40:45.772] [exthost] [warning] [Decorations] CAPPING events from decorations provider vscode.git 7839
[2022-05-29 10:40:55.715] [exthost] [warning] [Decorations] CAPPING events from decorations provider vscode.git 7839
[2022-05-29 10:41:06.902] [exthost] [warning] [Decorations] CAPPING events from decorations provider vscode.git 7840
[2022-05-29 10:41:35.003] [exthost] [warning] [Decorations] CAPPING events from decorations provider vscode.git 7840
[2022-05-29 10:41:44.416] [exthost] [warning] [Decorations] CAPPING events from decorations provider vscode.git 7840
[2022-05-29 10:41:53.873] [exthost] [warning] [Decorations] CAPPING events from decorations provider vscode.git 7841
[2022-05-29 10:42:04.720] [exthost] [warning] [Decorations] CAPPING events from decorations provider vscode.git 7841
[2022-05-29 10:42:15.369] [exthost] [warning] [Decorations] CAPPING events from decorations provider vscode.git 7841
[2022-05-29 10:42:24.773] [exthost] [warning] [Decorations] CAPPING events from decorations provider vscode.git 7841
[2022-05-29 10:42:34.605] [exthost] [warning] [Decorations] CAPPING events from decorations provider vscode.git 7841
[2022-05-29 10:42:45.473] [exthost] [warning] [Decorations] CAPPING events from decorations provider vscode.git 7841
[2022-05-29 10:42:55.072] [exthost] [warning] [Decorations] CAPPING events from decorations provider vscode.git 7842
[2022-05-29 10:43:04.767] [exthost] [warning] [Decorations] CAPPING events from decorations provider vscode.git 7842
[2022-05-29 10:43:39.495] [exthost] [warning] [Decorations] CAPPING events from decorations provider vscode.git 7842
[2022-05-29 10:43:48.902] [exthost] [warning] [Decorations] CAPPING events from decorations provider vscode.git 7842
[2022-05-29 10:43:58.382] [exthost] [warning] [Decorations] CAPPING events from decorations provider vscode.git 7842
[2022-05-29 10:44:07.594] [exthost] [warning] [Decorations] CAPPING events from decorations provider vscode.git 7842
[2022-05-29 10:44:18.441] [exthost] [warning] [Decorations] CAPPING events from decorations provider vscode.git 7843
[2022-05-29 10:44:28.410] [exthost] [warning] [Decorations] CAPPING events from decorations provider vscode.git 7842
[2022-05-29 10:44:38.807] [exthost] [warning] [Decorations] CAPPING events from decorations provider vscode.git 7842
[2022-05-29 10:46:12.749] [exthost] [warning] [Decorations] CAPPING events from decorations provider vscode.git 7842
[2022-05-29 10:46:22.700] [exthost] [warning] [Decorations] CAPPING events from decorations provider vscode.git 7842
[2022-05-29 10:46:32.329] [exthost] [warning] [Decorations] CAPPING events from decorations provider vscode.git 7843
[2022-05-29 10:46:42.298] [exthost] [warning] [Decorations] CAPPING events from decorations provider vscode.git 7843
[2022-05-29 10:46:52.792] [exthost] [warning] [Decorations] CAPPING events from decorations provider vscode.git 7842
[2022-05-29 10:47:02.488] [exthost] [warning] [Decorations] CAPPING events from decorations provider vscode.git 7842
[2022-05-29 10:47:11.878] [exthost] [warning] [Decorations] CAPPING events from decorations provider vscode.git 7842
[2022-05-29 10:47:21.291] [exthost] [warning] [Decorations] CAPPING events from decorations provider vscode.git 7842
[2022-05-29 10:47:30.926] [exthost] [warning] [Decorations] CAPPING events from decorations provider vscode.git 7842
[2022-05-29 10:47:41.111] [exthost] [warning] [Decorations] CAPPING events from decorations provider vscode.git 7843
[2022-05-29 10:47:50.661] [exthost] [warning] [Decorations] CAPPING events from decorations provider vscode.git 7843
[2022-05-29 10:48:00.263] [exthost] [warning] [Decorations] CAPPING events from decorations provider vscode.git 7843
[2022-05-29 10:48:15.780] [exthost] [warning] [Decorations] CAPPING events from decorations provider vscode.git 7843
[2022-05-29 10:48:25.346] [exthost] [warning] [Decorations] CAPPING events from decorations provider vscode.git 7843
[2022-05-29 10:49:20.379] [exthost] [warning] [Decorations] CAPPING events from decorations provider vscode.git 7843
[2022-05-29 10:49:30.171] [exthost] [warning] [Decorations] CAPPING events from decorations provider vscode.git 7843
[2022-05-29 10:49:39.960] [exthost] [warning] [Decorations] CAPPING events from decorations provider vscode.git 7843
[2022-05-29 10:49:49.436] [exthost] [warning] [Decorations] CAPPING events from decorations provider vscode.git 7843
[2022-05-29 10:49:58.852] [exthost] [warning] [Decorations] CAPPING events from decorations provider vscode.git 7843
[2022-05-29 10:50:08.322] [exthost] [warning] [Decorations] CAPPING events from decorations provider vscode.git 7843
[2022-05-29 10:50:17.728] [exthost] [warning] [Decorations] CAPPING events from decorations provider vscode.git 7843
[2022-05-29 10:50:27.299] [exthost] [warning] [Decorations] CAPPING events from decorations provider vscode.git 7843
[2022-05-29 10:50:36.736] [exthost] [warning] [Decorations] CAPPING events from decorations provider vscode.git 7843
[2022-05-29 10:50:46.196] [exthost] [warning] [Decorations] CAPPING events from decorations provider vscode.git 7843
[2022-05-29 10:50:55.939] [exthost] [warning] [Decorations] CAPPING events from decorations provider vscode.git 7843
[2022-05-29 10:51:05.337] [exthost] [warning] [Decorations] CAPPING events from decorations provider vscode.git 7843
[2022-05-29 10:51:14.801] [exthost] [warning] [Decorations] CAPPING events from decorations provider vscode.git 7843
[2022-05-29 10:51:24.330] [exthost] [warning] [Decorations] CAPPING events from decorations provider vscode.git 7843
[2022-05-29 10:51:33.713] [exthost] [warning] [Decorations] CAPPING events from decorations provider vscode.git 7843
[2022-05-29 10:51:43.251] [exthost] [warning] [Decorations] CAPPING events from decorations provider vscode.git 7843
[2022-05-29 10:51:53.368] [exthost] [warning] [Decorations] CAPPING events from decorations provider vscode.git 7843
[2022-05-29 10:52:03.007] [exthost] [warning] [Decorations] CAPPING events from decorations provider vscode.git 7843
[2022-05-29 10:52:12.489] [exthost] [warning] [Decorations] CAPPING events from decorations provider vscode.git 7843
[2022-05-29 10:52:22.260] [exthost] [warning] [Decorations] CAPPING events from decorations provider vscode.git 7843
[2022-05-29 10:52:31.683] [exthost] [warning] [Decorations] CAPPING events from decorations provider vscode.git 7843
[2022-05-29 10:52:41.206] [exthost] [warning] [Decorations] CAPPING events from decorations provider vscode.git 7843
[2022-05-29 10:52:50.818] [exthost] [warning] [Decorations] CAPPING events from decorations provider vscode.git 7843
[2022-05-29 10:53:00.275] [exthost] [warning] [Decorations] CAPPING events from decorations provider vscode.git 7843
[2022-05-29 10:53:10.533] [exthost] [warning] [Decorations] CAPPING events from decorations provider vscode.git 7843
[2022-05-29 10:53:20.019] [exthost] [warning] [Decorations] CAPPING events from decorations provider vscode.git 7843
[2022-05-29 10:53:29.584] [exthost] [warning] [Decorations] CAPPING events from decorations provider vscode.git 7843
[2022-05-29 10:53:39.255] [exthost] [warning] [Decorations] CAPPING events from decorations provider vscode.git 7843
[2022-05-29 10:53:48.757] [exthost] [warning] [Decorations] CAPPING events from decorations provider vscode.git 7843
[2022-05-29 10:53:58.360] [exthost] [warning] [Decorations] CAPPING events from decorations provider vscode.git 7843
[2022-05-29 10:54:08.185] [exthost] [warning] [Decorations] CAPPING events from decorations provider vscode.git 7843
[2022-05-29 10:54:18.266] [exthost] [warning] [Decorations] CAPPING events from decorations provider vscode.git 7843
[2022-05-29 10:54:28.493] [exthost] [warning] [Decorations] CAPPING events from decorations provider vscode.git 7843
[2022-05-29 10:54:38.649] [exthost] [warning] [Decorations] CAPPING events from decorations provider vscode.git 7843
[2022-05-29 10:54:48.239] [exthost] [warning] [Decorations] CAPPING events from decorations provider vscode.git 7843
[2022-05-29 10:54:57.832] [exthost] [warning] [Decorations] CAPPING events from decorations provider vscode.git 7843
[2022-05-29 10:55:07.276] [exthost] [warning] [Decorations] CAPPING events from decorations provider vscode.git 7843
[2022-05-29 10:55:16.725] [exthost] [warning] [Decorations] CAPPING events from decorations provider vscode.git 7843
[2022-05-29 10:55:26.980] [exthost] [warning] [Decorations] CAPPING events from decorations provider vscode.git 7843
[2022-05-29 10:55:37.786] [exthost] [warning] [Decorations] CAPPING events from decorations provider vscode.git 7843
[2022-05-29 10:55:47.905] [exthost] [warning] [Decorations] CAPPING events from decorations provider vscode.git 7843
[2022-05-29 10:55:57.218] [exthost] [warning] [Decorations] CAPPING events from decorations provider vscode.git 7843
[2022-05-29 10:56:06.685] [exthost] [warning] [Decorations] CAPPING events from decorations provider vscode.git 7843
[2022-05-29 10:56:16.186] [exthost] [warning] [Decorations] CAPPING events from decorations provider vscode.git 7843
[2022-05-29 10:56:25.665] [exthost] [warning] [Decorations] CAPPING events from decorations provider vscode.git 7843
[2022-05-29 10:56:35.131] [exthost] [warning] [Decorations] CAPPING events from decorations provider vscode.git 7843
[2022-05-29 10:56:44.784] [exthost] [warning] [Decorations] CAPPING events from decorations provider vscode.git 7843
[2022-05-29 10:56:54.324] [exthost] [warning] [Decorations] CAPPING events from decorations provider vscode.git 7843
[2022-05-29 10:57:03.722] [exthost] [warning] [Decorations] CAPPING events from decorations provider vscode.git 7843
[2022-05-29 10:57:13.291] [exthost] [warning] [Decorations] CAPPING events from decorations provider vscode.git 7843
[2022-05-29 10:57:22.776] [exthost] [warning] [Decorations] CAPPING events from decorations provider vscode.git 7843
[2022-05-29 10:57:33.154] [exthost] [warning] [Decorations] CAPPING events from decorations provider vscode.git 7843
[2022-05-29 10:57:42.653] [exthost] [warning] [Decorations] CAPPING events from decorations provider vscode.git 7843
[2022-05-29 10:57:53.206] [exthost] [warning] [Decorations] CAPPING events from decorations provider vscode.git 7843
[2022-05-29 10:58:02.677] [exthost] [warning] [Decorations] CAPPING events from decorations provider vscode.git 7843
[2022-05-29 10:58:12.213] [exthost] [warning] [Decorations] CAPPING events from decorations provider vscode.git 7843
[2022-05-29 10:58:21.725] [exthost] [warning] [Decorations] CAPPING events from decorations provider vscode.git 7843
[2022-05-29 10:58:31.316] [exthost] [warning] [Decorations] CAPPING events from decorations provider vscode.git 7843
[2022-05-29 10:58:40.825] [exthost] [warning] [Decorations] CAPPING events from decorations provider vscode.git 7843
[2022-05-29 10:58:50.726] [exthost] [warning] [Decorations] CAPPING events from decorations provider vscode.git 7843
[2022-05-29 10:59:01.433] [exthost] [warning] [Decorations] CAPPING events from decorations provider vscode.git 7843
[2022-05-29 10:59:10.793] [exthost] [warning] [Decorations] CAPPING events from decorations provider vscode.git 7843
[2022-05-29 10:59:20.287] [exthost] [warning] [Decorations] CAPPING events from decorations provider vscode.git 7843
[2022-05-29 11:08:12.600] [exthost] [warning] [Decorations] CAPPING events from decorations provider vscode.git 7843
[2022-05-29 11:09:10.095] [exthost] [warning] [Decorations] CAPPING events from decorations provider vscode.git 7843
[2022-05-29 11:10:15.695] [exthost] [warning] [Decorations] CAPPING events from decorations provider vscode.git 7843
[2022-05-29 11:10:25.208] [exthost] [warning] [Decorations] CAPPING events from decorations provider vscode.git 7843
[2022-05-29 11:13:57.776] [exthost] [warning] [Decorations] CAPPING events from decorations provider vscode.git 7843
[2022-05-29 11:14:07.360] [exthost] [warning] [Decorations] CAPPING events from decorations provider vscode.git 7843
[2022-05-29 11:14:16.882] [exthost] [warning] [Decorations] CAPPING events from decorations provider vscode.git 7843
[2022-05-29 11:14:44.835] [exthost] [warning] [Decorations] CAPPING events from decorations provider vscode.git 7843
[2022-05-29 11:14:55.177] [exthost] [warning] [Decorations] CAPPING events from decorations provider vscode.git 7843
[2022-05-29 11:15:05.574] [exthost] [warning] [Decorations] CAPPING events from decorations provider vscode.git 7843
[2022-05-29 11:15:14.906] [exthost] [warning] [Decorations] CAPPING events from decorations provider vscode.git 7843
[2022-05-29 11:15:24.223] [exthost] [warning] [Decorations] CAPPING events from decorations provider vscode.git 7843
[2022-05-29 11:15:56.100] [exthost] [warning] [Decorations] CAPPING events from decorations provider vscode.git 7843
[2022-05-29 11:18:30.551] [exthost] [warning] [Decorations] CAPPING events from decorations provider vscode.git 7843
[2022-05-29 11:18:40.091] [exthost] [warning] [Decorations] CAPPING events from decorations provider vscode.git 7844
[2022-05-29 11:18:49.763] [exthost] [warning] [Decorations] CAPPING events from decorations provider vscode.git 7844
[2022-05-29 11:19:02.801] [exthost] [warning] [Decorations] CAPPING events from decorations provider vscode.git 7844
[2022-05-29 11:19:13.371] [exthost] [warning] [Decorations] CAPPING events from decorations provider vscode.git 7845
[2022-05-29 11:19:22.753] [exthost] [warning] [Decorations] CAPPING events from decorations provider vscode.git 7846
[2022-05-29 11:19:32.196] [exthost] [warning] [Decorations] CAPPING events from decorations provider vscode.git 7846
[2022-05-29 11:19:41.692] [exthost] [warning] [Decorations] CAPPING events from decorations provider vscode.git 7847
[2022-05-29 11:19:51.124] [exthost] [warning] [Decorations] CAPPING events from decorations provider vscode.git 7847
[2022-05-29 11:20:00.774] [exthost] [warning] [Decorations] CAPPING events from decorations provider vscode.git 7847
[2022-05-29 11:20:10.639] [exthost] [warning] [Decorations] CAPPING events from decorations provider vscode.git 7847
[2022-05-29 11:20:21.299] [exthost] [warning] [Decorations] CAPPING events from decorations provider vscode.git 7847
[2022-05-29 11:20:30.691] [exthost] [warning] [Decorations] CAPPING events from decorations provider vscode.git 7847
[2022-05-29 11:20:40.248] [exthost] [warning] [Decorations] CAPPING events from decorations provider vscode.git 7847
[2022-05-29 11:20:49.786] [exthost] [warning] [Decorations] CAPPING events from decorations provider vscode.git 7847
[2022-05-29 11:20:59.277] [exthost] [warning] [Decorations] CAPPING events from decorations provider vscode.git 7847
[2022-05-29 11:21:08.829] [exthost] [warning] [Decorations] CAPPING events from decorations provider vscode.git 7847
[2022-05-29 11:21:19.252] [exthost] [warning] [Decorations] CAPPING events from decorations provider vscode.git 7847
[2022-05-29 11:21:33.928] [exthost] [warning] [Decorations] CAPPING events from decorations provider vscode.git 7847
[2022-05-29 11:21:43.366] [exthost] [warning] [Decorations] CAPPING events from decorations provider vscode.git 7848
[2022-05-29 11:21:53.792] [exthost] [warning] [Decorations] CAPPING events from decorations provider vscode.git 7848
[2022-05-29 11:22:03.227] [exthost] [warning] [Decorations] CAPPING events from decorations provider vscode.git 7848
[2022-05-29 11:22:12.810] [exthost] [warning] [Decorations] CAPPING events from decorations provider vscode.git 7848
[2022-05-29 11:22:23.311] [exthost] [warning] [Decorations] CAPPING events from decorations provider vscode.git 7849
[2022-05-29 11:22:32.749] [exthost] [warning] [Decorations] CAPPING events from decorations provider vscode.git 7849
[2022-05-29 11:22:42.140] [exthost] [warning] [Decorations] CAPPING events from decorations provider vscode.git 7849
[2022-05-29 11:23:20.439] [exthost] [warning] [Decorations] CAPPING events from decorations provider vscode.git 7849
[2022-05-29 11:23:29.870] [exthost] [warning] [Decorations] CAPPING events from decorations provider vscode.git 7850
[2022-05-29 11:23:39.971] [exthost] [warning] [Decorations] CAPPING events from decorations provider vscode.git 7850
[2022-05-29 11:23:49.464] [exthost] [warning] [Decorations] CAPPING events from decorations provider vscode.git 7850
[2022-05-29 11:25:13.852] [exthost] [warning] [Decorations] CAPPING events from decorations provider vscode.git 7850
[2022-05-29 12:04:21.341] [exthost] [warning] [Decorations] CAPPING events from decorations provider vscode.git 7850
[2022-05-29 12:04:30.857] [exthost] [warning] [Decorations] CAPPING events from decorations provider vscode.git 7850
[2022-05-29 12:04:40.366] [exthost] [warning] [Decorations] CAPPING events from decorations provider vscode.git 7850
[2022-05-29 12:04:50.040] [exthost] [warning] [Decorations] CAPPING events from decorations provider vscode.git 7850
[2022-05-29 12:04:59.608] [exthost] [warning] [Decorations] CAPPING events from decorations provider vscode.git 7850
[2022-05-29 12:05:45.462] [exthost] [warning] [Decorations] CAPPING events from decorations provider vscode.git 7850
[2022-05-29 12:05:54.723] [exthost] [warning] [Decorations] CAPPING events from decorations provider vscode.git 7850
[2022-05-29 12:06:04.314] [exthost] [warning] [Decorations] CAPPING events from decorations provider vscode.git 7850
[2022-05-29 12:06:13.768] [exthost] [warning] [Decorations] CAPPING events from decorations provider vscode.git 7850
[2022-05-29 12:06:23.226] [exthost] [warning] [Decorations] CAPPING events from decorations provider vscode.git 7851
[2022-05-29 12:06:32.869] [exthost] [warning] [Decorations] CAPPING events from decorations provider vscode.git 7852
[2022-05-29 12:06:42.411] [exthost] [warning] [Decorations] CAPPING events from decorations provider vscode.git 7853
[2022-05-29 12:08:41.621] [exthost] [warning] [Decorations] CAPPING events from decorations provider vscode.git 7853
[2022-05-29 20:23:51.827] [exthost] [info] Extension host terminating: received terminate message from renderer
[2022-05-29 20:23:51.829] [exthost] [info] Lock '/home/ubuntu-1021941/.vscode-server/data/User/workspaceStorage/56b96f145db760d9a83f35b6caf5e4f2/vscode.lock': Marking the lockfile as scheduled to be released in 6000 ms.
[2022-05-29 20:23:52.031] [exthost] [info] Extension host with pid 1453941 exiting with code 0
