[2022-06-02 13:53:13.456] [exthost] [info] Extension host with pid 1674469 started
[2022-06-02 13:53:13.464] [exthost] [error] Error: EEXIST: file already exists, open '/home/ubuntu-1021941/.vscode-server/data/User/workspaceStorage/56b96f145db760d9a83f35b6caf5e4f2/vscode.lock'
[2022-06-02 13:53:13.479] [exthost] [info] Lock '/home/ubuntu-1021941/.vscode-server/data/User/workspaceStorage/56b96f145db760d9a83f35b6caf5e4f2/vscode.lock': Could not acquire lock, checking if the file is stale.
[2022-06-02 13:53:13.490] [exthost] [info] Lock '/home/ubuntu-1021941/.vscode-server/data/User/workspaceStorage/56b96f145db760d9a83f35b6caf5e4f2/vscode.lock': The lock does not look stale, elapsed: 667 ms, giving up.
[2022-06-02 13:53:13.491] [exthost] [error] Error: EEXIST: file already exists, open '/home/ubuntu-1021941/.vscode-server/data/User/workspaceStorage/56b96f145db760d9a83f35b6caf5e4f2-1/vscode.lock'
[2022-06-02 13:53:13.504] [exthost] [info] Lock '/home/ubuntu-1021941/.vscode-server/data/User/workspaceStorage/56b96f145db760d9a83f35b6caf5e4f2-1/vscode.lock': Could not acquire lock, checking if the file is stale.
[2022-06-02 13:53:13.506] [exthost] [info] Lock '/home/ubuntu-1021941/.vscode-server/data/User/workspaceStorage/56b96f145db760d9a83f35b6caf5e4f2-1/vscode.lock': The pid 1570843 appears to be gone.
[2022-06-02 13:53:13.506] [exthost] [info] Lock '/home/ubuntu-1021941/.vscode-server/data/User/workspaceStorage/56b96f145db760d9a83f35b6caf5e4f2-1/vscode.lock': Deleting a stale lock.
[2022-06-02 13:53:13.515] [exthost] [info] Lock '/home/ubuntu-1021941/.vscode-server/data/User/workspaceStorage/56b96f145db760d9a83f35b6caf5e4f2-1/vscode.lock': Lock acquired.
[2022-06-02 13:53:14.437] [exthost] [info] ExtensionService#_doActivateExtension vscode.typescript-language-features, startup: false, activationEvent: 'onLanguage:javascript'
[2022-06-02 13:53:14.993] [exthost] [info] ExtensionService#_doActivateExtension vscode.debug-auto-launch, startup: true, activationEvent: '*'
[2022-06-02 13:53:15.004] [exthost] [info] ExtensionService#_doActivateExtension vscode.git-base, startup: true, activationEvent: '*', root cause: vscode.git
[2022-06-02 13:53:15.017] [exthost] [info] ExtensionService#_doActivateExtension vscode.ipynb, startup: true, activationEvent: '*'
[2022-06-02 13:53:15.085] [exthost] [info] ExtensionService#_doActivateExtension akhail.save-typing, startup: true, activationEvent: '*'
[2022-06-02 13:53:15.092] [exthost] [info] ExtensionService#_doActivateExtension vscode.npm, startup: true, activationEvent: 'workspaceContains:package.json'
[2022-06-02 13:53:16.225] [exthost] [info] ExtensionService#_doActivateExtension vscode.git, startup: true, activationEvent: '*'
[2022-06-02 13:53:16.698] [exthost] [info] ExtensionService#_doActivateExtension vscode.github, startup: true, activationEvent: '*'
[2022-06-02 13:53:19.213] [exthost] [warning] [Decorations] CAPPING events from decorations provider vscode.git 6903
[2022-06-02 13:53:29.630] [exthost] [info] ExtensionService#_doActivateExtension vscode.emmet, startup: false, activationEvent: 'onStartupFinished'
[2022-06-02 13:53:29.710] [exthost] [info] ExtensionService#_doActivateExtension vscode.merge-conflict, startup: false, activationEvent: 'onStartupFinished'
[2022-06-02 13:53:29.885] [exthost] [info] Eager extensions activated
[2022-06-02 13:54:58.978] [exthost] [warning] [Decorations] CAPPING events from decorations provider vscode.git 6907
[2022-06-02 13:55:09.700] [exthost] [warning] [Decorations] CAPPING events from decorations provider vscode.git 6905
[2022-06-02 13:55:21.477] [exthost] [warning] [Decorations] CAPPING events from decorations provider vscode.git 6905
[2022-06-02 13:55:31.067] [exthost] [warning] [Decorations] CAPPING events from decorations provider vscode.git 6906
[2022-06-02 13:55:40.503] [exthost] [warning] [Decorations] CAPPING events from decorations provider vscode.git 6905
[2022-06-02 13:55:50.542] [exthost] [warning] [Decorations] CAPPING events from decorations provider vscode.git 6906
[2022-06-02 13:55:59.775] [exthost] [warning] [Decorations] CAPPING events from decorations provider vscode.git 6905
[2022-06-02 13:56:09.514] [exthost] [warning] [Decorations] CAPPING events from decorations provider vscode.git 6905
[2022-06-02 13:56:18.904] [exthost] [warning] [Decorations] CAPPING events from decorations provider vscode.git 6905
[2022-06-02 13:56:29.618] [exthost] [warning] [Decorations] CAPPING events from decorations provider vscode.git 6905
[2022-06-02 13:56:40.762] [exthost] [warning] [Decorations] CAPPING events from decorations provider vscode.git 6905
[2022-06-02 13:56:50.307] [exthost] [warning] [Decorations] CAPPING events from decorations provider vscode.git 6906
[2022-06-02 13:57:02.460] [exthost] [warning] [Decorations] CAPPING events from decorations provider vscode.git 6905
[2022-06-02 13:57:12.034] [exthost] [warning] [Decorations] CAPPING events from decorations provider vscode.git 6905
[2022-06-02 13:57:22.875] [exthost] [warning] [Decorations] CAPPING events from decorations provider vscode.git 6905
[2022-06-02 13:57:33.185] [exthost] [warning] [Decorations] CAPPING events from decorations provider vscode.git 6906
[2022-06-02 13:57:48.984] [exthost] [warning] [Decorations] CAPPING events from decorations provider vscode.git 6905
[2022-06-02 13:58:00.243] [exthost] [warning] [Decorations] CAPPING events from decorations provider vscode.git 6905
[2022-06-02 13:58:09.611] [exthost] [warning] [Decorations] CAPPING events from decorations provider vscode.git 6905
[2022-06-02 13:58:19.224] [exthost] [warning] [Decorations] CAPPING events from decorations provider vscode.git 6905
[2022-06-02 13:58:28.615] [exthost] [warning] [Decorations] CAPPING events from decorations provider vscode.git 6905
[2022-06-02 13:58:37.939] [exthost] [warning] [Decorations] CAPPING events from decorations provider vscode.git 6906
[2022-06-02 13:58:43.330] [exthost] [warning] [Decorations] CAPPING events from decorations provider vscode.git 6905
[2022-06-02 13:58:52.689] [exthost] [warning] [Decorations] CAPPING events from decorations provider vscode.git 6905
[2022-06-02 13:59:02.305] [exthost] [warning] [Decorations] CAPPING events from decorations provider vscode.git 6905
[2022-06-02 13:59:12.212] [exthost] [warning] [Decorations] CAPPING events from decorations provider vscode.git 6906
[2022-06-02 13:59:22.960] [exthost] [warning] [Decorations] CAPPING events from decorations provider vscode.git 6905
[2022-06-02 13:59:34.533] [exthost] [warning] [Decorations] CAPPING events from decorations provider vscode.git 6905
[2022-06-02 13:59:44.115] [exthost] [warning] [Decorations] CAPPING events from decorations provider vscode.git 6905
[2022-06-02 13:59:53.607] [exthost] [warning] [Decorations] CAPPING events from decorations provider vscode.git 6906
[2022-06-02 14:00:03.425] [exthost] [warning] [Decorations] CAPPING events from decorations provider vscode.git 6905
[2022-06-02 14:00:21.587] [exthost] [warning] [Decorations] CAPPING events from decorations provider vscode.git 6905
[2022-06-02 14:00:39.156] [exthost] [warning] [Decorations] CAPPING events from decorations provider vscode.git 6906
[2022-06-02 14:00:48.715] [exthost] [warning] [Decorations] CAPPING events from decorations provider vscode.git 6905
[2022-06-02 14:01:05.612] [exthost] [warning] [Decorations] CAPPING events from decorations provider vscode.git 6905
[2022-06-02 14:01:15.136] [exthost] [warning] [Decorations] CAPPING events from decorations provider vscode.git 6906
[2022-06-02 14:01:20.942] [exthost] [warning] [Decorations] CAPPING events from decorations provider vscode.git 6905
[2022-06-02 14:01:30.479] [exthost] [warning] [Decorations] CAPPING events from decorations provider vscode.git 6905
[2022-06-02 14:01:39.955] [exthost] [warning] [Decorations] CAPPING events from decorations provider vscode.git 6906
[2022-06-02 14:01:49.369] [exthost] [warning] [Decorations] CAPPING events from decorations provider vscode.git 6905
[2022-06-02 14:02:01.743] [exthost] [warning] [Decorations] CAPPING events from decorations provider vscode.git 6906
[2022-06-02 14:02:12.271] [exthost] [warning] [Decorations] CAPPING events from decorations provider vscode.git 6905
[2022-06-02 14:02:22.372] [exthost] [warning] [Decorations] CAPPING events from decorations provider vscode.git 6906
[2022-06-02 14:02:32.014] [exthost] [warning] [Decorations] CAPPING events from decorations provider vscode.git 6905
[2022-06-02 14:03:18.886] [exthost] [warning] [Decorations] CAPPING events from decorations provider vscode.git 6905
[2022-06-02 14:03:37.606] [exthost] [warning] [Decorations] CAPPING events from decorations provider vscode.git 6905
[2022-06-02 14:03:47.171] [exthost] [warning] [Decorations] CAPPING events from decorations provider vscode.git 6905
[2022-06-02 14:03:56.760] [exthost] [warning] [Decorations] CAPPING events from decorations provider vscode.git 6905
[2022-06-02 14:04:10.137] [exthost] [warning] [Decorations] CAPPING events from decorations provider vscode.git 6905
[2022-06-02 14:04:20.639] [exthost] [warning] [Decorations] CAPPING events from decorations provider vscode.git 6905
[2022-06-02 14:04:48.444] [exthost] [warning] [Decorations] CAPPING events from decorations provider vscode.git 6905
[2022-06-02 14:05:24.864] [exthost] [warning] [Decorations] CAPPING events from decorations provider vscode.git 6906
[2022-06-02 14:05:34.402] [exthost] [warning] [Decorations] CAPPING events from decorations provider vscode.git 6906
[2022-06-02 14:06:07.969] [exthost] [warning] [Decorations] CAPPING events from decorations provider vscode.git 6905
[2022-06-02 14:06:17.366] [exthost] [warning] [Decorations] CAPPING events from decorations provider vscode.git 6905
[2022-06-02 14:06:27.868] [exthost] [warning] [Decorations] CAPPING events from decorations provider vscode.git 6906
[2022-06-02 14:06:38.361] [exthost] [warning] [Decorations] CAPPING events from decorations provider vscode.git 6905
[2022-06-02 14:07:25.453] [exthost] [warning] [Decorations] CAPPING events from decorations provider vscode.git 6905
[2022-06-02 14:07:35.540] [exthost] [warning] [Decorations] CAPPING events from decorations provider vscode.git 6905
[2022-06-02 14:07:46.998] [exthost] [warning] [Decorations] CAPPING events from decorations provider vscode.git 6906
[2022-06-02 14:09:24.599] [exthost] [warning] [Decorations] CAPPING events from decorations provider vscode.git 6905
[2022-06-02 14:09:34.873] [exthost] [warning] [Decorations] CAPPING events from decorations provider vscode.git 6906
[2022-06-02 14:10:10.257] [exthost] [warning] [Decorations] CAPPING events from decorations provider vscode.git 6905
[2022-06-02 14:10:19.732] [exthost] [warning] [Decorations] CAPPING events from decorations provider vscode.git 6905
[2022-06-02 14:10:29.603] [exthost] [warning] [Decorations] CAPPING events from decorations provider vscode.git 6905
[2022-06-02 14:10:39.216] [exthost] [warning] [Decorations] CAPPING events from decorations provider vscode.git 6905
[2022-06-02 14:10:48.733] [exthost] [warning] [Decorations] CAPPING events from decorations provider vscode.git 6906
[2022-06-02 14:12:17.607] [exthost] [warning] [Decorations] CAPPING events from decorations provider vscode.git 6905
[2022-06-02 14:12:27.162] [exthost] [warning] [Decorations] CAPPING events from decorations provider vscode.git 6905
[2022-06-02 14:12:59.413] [exthost] [warning] [Decorations] CAPPING events from decorations provider vscode.git 6905
[2022-06-02 14:13:31.381] [exthost] [warning] [Decorations] CAPPING events from decorations provider vscode.git 6906
[2022-06-02 14:13:41.349] [exthost] [warning] [Decorations] CAPPING events from decorations provider vscode.git 6906
[2022-06-02 14:13:52.430] [exthost] [warning] [Decorations] CAPPING events from decorations provider vscode.git 6905
[2022-06-02 14:14:02.263] [exthost] [warning] [Decorations] CAPPING events from decorations provider vscode.git 6905
[2022-06-02 14:14:11.972] [exthost] [warning] [Decorations] CAPPING events from decorations provider vscode.git 6906
[2022-06-02 14:14:22.155] [exthost] [warning] [Decorations] CAPPING events from decorations provider vscode.git 6905
[2022-06-02 14:14:48.497] [exthost] [warning] [Decorations] CAPPING events from decorations provider vscode.git 6905
[2022-06-02 14:14:58.242] [exthost] [warning] [Decorations] CAPPING events from decorations provider vscode.git 6906
[2022-06-02 14:15:07.854] [exthost] [warning] [Decorations] CAPPING events from decorations provider vscode.git 6905
[2022-06-02 14:15:17.152] [exthost] [warning] [Decorations] CAPPING events from decorations provider vscode.git 6906
[2022-06-02 14:15:22.534] [exthost] [warning] [Decorations] CAPPING events from decorations provider vscode.git 6905
[2022-06-02 14:15:32.178] [exthost] [warning] [Decorations] CAPPING events from decorations provider vscode.git 6905
[2022-06-02 14:15:41.974] [exthost] [warning] [Decorations] CAPPING events from decorations provider vscode.git 6905
[2022-06-02 14:15:51.947] [exthost] [warning] [Decorations] CAPPING events from decorations provider vscode.git 6905
[2022-06-02 14:16:01.521] [exthost] [warning] [Decorations] CAPPING events from decorations provider vscode.git 6905
[2022-06-02 14:16:11.901] [exthost] [warning] [Decorations] CAPPING events from decorations provider vscode.git 6905
[2022-06-02 14:16:21.303] [exthost] [warning] [Decorations] CAPPING events from decorations provider vscode.git 6905
[2022-06-02 14:16:30.670] [exthost] [warning] [Decorations] CAPPING events from decorations provider vscode.git 6905
[2022-06-02 14:16:40.101] [exthost] [warning] [Decorations] CAPPING events from decorations provider vscode.git 6905
[2022-06-02 14:16:49.892] [exthost] [warning] [Decorations] CAPPING events from decorations provider vscode.git 6905
[2022-06-02 14:16:59.295] [exthost] [warning] [Decorations] CAPPING events from decorations provider vscode.git 6905
[2022-06-02 14:17:09.341] [exthost] [warning] [Decorations] CAPPING events from decorations provider vscode.git 6905
[2022-06-02 14:17:18.829] [exthost] [warning] [Decorations] CAPPING events from decorations provider vscode.git 6905
[2022-06-02 14:17:28.211] [exthost] [warning] [Decorations] CAPPING events from decorations provider vscode.git 6905
[2022-06-02 14:17:37.638] [exthost] [warning] [Decorations] CAPPING events from decorations provider vscode.git 6905
[2022-06-02 14:17:47.276] [exthost] [warning] [Decorations] CAPPING events from decorations provider vscode.git 6905
[2022-06-02 14:17:57.602] [exthost] [warning] [Decorations] CAPPING events from decorations provider vscode.git 6905
[2022-06-02 14:18:07.130] [exthost] [warning] [Decorations] CAPPING events from decorations provider vscode.git 6905
[2022-06-02 14:18:16.689] [exthost] [warning] [Decorations] CAPPING events from decorations provider vscode.git 6905
[2022-06-02 14:18:26.167] [exthost] [warning] [Decorations] CAPPING events from decorations provider vscode.git 6905
[2022-06-02 14:18:35.692] [exthost] [warning] [Decorations] CAPPING events from decorations provider vscode.git 6906
[2022-06-02 14:18:45.228] [exthost] [warning] [Decorations] CAPPING events from decorations provider vscode.git 6905
[2022-06-02 14:18:54.997] [exthost] [warning] [Decorations] CAPPING events from decorations provider vscode.git 6905
[2022-06-02 14:19:04.590] [exthost] [warning] [Decorations] CAPPING events from decorations provider vscode.git 6905
[2022-06-02 14:19:14.377] [exthost] [warning] [Decorations] CAPPING events from decorations provider vscode.git 6905
[2022-06-02 14:20:00.327] [exthost] [warning] [Decorations] CAPPING events from decorations provider vscode.git 6906
[2022-06-02 14:20:09.782] [exthost] [warning] [Decorations] CAPPING events from decorations provider vscode.git 6906
[2022-06-02 14:20:19.434] [exthost] [warning] [Decorations] CAPPING events from decorations provider vscode.git 6905
[2022-06-02 14:20:29.088] [exthost] [warning] [Decorations] CAPPING events from decorations provider vscode.git 6905
[2022-06-02 14:20:38.802] [exthost] [warning] [Decorations] CAPPING events from decorations provider vscode.git 6906
[2022-06-02 14:20:48.697] [exthost] [warning] [Decorations] CAPPING events from decorations provider vscode.git 6906
[2022-06-02 14:20:58.134] [exthost] [warning] [Decorations] CAPPING events from decorations provider vscode.git 6905
[2022-06-02 14:21:07.657] [exthost] [warning] [Decorations] CAPPING events from decorations provider vscode.git 6906
[2022-06-02 14:21:17.197] [exthost] [warning] [Decorations] CAPPING events from decorations provider vscode.git 6905
[2022-06-02 14:21:26.688] [exthost] [warning] [Decorations] CAPPING events from decorations provider vscode.git 6905
[2022-06-02 14:21:36.257] [exthost] [warning] [Decorations] CAPPING events from decorations provider vscode.git 6905
[2022-06-02 14:21:48.475] [exthost] [warning] [Decorations] CAPPING events from decorations provider vscode.git 6905
[2022-06-02 14:22:06.483] [exthost] [warning] [Decorations] CAPPING events from decorations provider vscode.git 6905
[2022-06-02 14:22:50.881] [exthost] [warning] [Decorations] CAPPING events from decorations provider vscode.git 6905
[2022-06-02 14:23:00.280] [exthost] [warning] [Decorations] CAPPING events from decorations provider vscode.git 6905
[2022-06-02 14:23:09.753] [exthost] [warning] [Decorations] CAPPING events from decorations provider vscode.git 6905
[2022-06-02 14:23:19.277] [exthost] [warning] [Decorations] CAPPING events from decorations provider vscode.git 6905
[2022-06-02 14:23:28.959] [exthost] [warning] [Decorations] CAPPING events from decorations provider vscode.git 6905
[2022-06-02 14:24:29.072] [exthost] [warning] [Decorations] CAPPING events from decorations provider vscode.git 6906
[2022-06-02 14:24:44.066] [exthost] [warning] [Decorations] CAPPING events from decorations provider vscode.git 6905
[2022-06-02 14:24:53.677] [exthost] [warning] [Decorations] CAPPING events from decorations provider vscode.git 6905
[2022-06-02 14:25:04.104] [exthost] [warning] [Decorations] CAPPING events from decorations provider vscode.git 6905
[2022-06-02 14:25:13.798] [exthost] [warning] [Decorations] CAPPING events from decorations provider vscode.git 6905
[2022-06-02 14:25:23.182] [exthost] [warning] [Decorations] CAPPING events from decorations provider vscode.git 6905
[2022-06-02 14:25:32.608] [exthost] [warning] [Decorations] CAPPING events from decorations provider vscode.git 6905
[2022-06-02 14:25:42.168] [exthost] [warning] [Decorations] CAPPING events from decorations provider vscode.git 6905
[2022-06-02 14:25:52.183] [exthost] [warning] [Decorations] CAPPING events from decorations provider vscode.git 6905
[2022-06-02 14:26:01.731] [exthost] [warning] [Decorations] CAPPING events from decorations provider vscode.git 6905
[2022-06-02 14:26:11.197] [exthost] [warning] [Decorations] CAPPING events from decorations provider vscode.git 6905
[2022-06-02 14:26:20.659] [exthost] [warning] [Decorations] CAPPING events from decorations provider vscode.git 6905
[2022-06-02 14:26:30.127] [exthost] [warning] [Decorations] CAPPING events from decorations provider vscode.git 6905
[2022-06-02 14:26:39.660] [exthost] [warning] [Decorations] CAPPING events from decorations provider vscode.git 6905
[2022-06-02 14:26:49.098] [exthost] [warning] [Decorations] CAPPING events from decorations provider vscode.git 6905
[2022-06-02 14:26:58.584] [exthost] [warning] [Decorations] CAPPING events from decorations provider vscode.git 6905
[2022-06-02 14:27:08.154] [exthost] [warning] [Decorations] CAPPING events from decorations provider vscode.git 6905
[2022-06-02 14:27:17.608] [exthost] [warning] [Decorations] CAPPING events from decorations provider vscode.git 6905
[2022-06-02 14:27:27.108] [exthost] [warning] [Decorations] CAPPING events from decorations provider vscode.git 6905
[2022-06-02 14:27:36.616] [exthost] [warning] [Decorations] CAPPING events from decorations provider vscode.git 6905
[2022-06-02 14:27:46.150] [exthost] [warning] [Decorations] CAPPING events from decorations provider vscode.git 6905
[2022-06-02 14:27:55.616] [exthost] [warning] [Decorations] CAPPING events from decorations provider vscode.git 6905
[2022-06-02 14:28:05.236] [exthost] [warning] [Decorations] CAPPING events from decorations provider vscode.git 6905
[2022-06-02 14:28:14.717] [exthost] [warning] [Decorations] CAPPING events from decorations provider vscode.git 6905
[2022-06-02 14:28:24.206] [exthost] [warning] [Decorations] CAPPING events from decorations provider vscode.git 6905
[2022-06-02 14:28:33.644] [exthost] [warning] [Decorations] CAPPING events from decorations provider vscode.git 6905
[2022-06-02 14:28:43.247] [exthost] [warning] [Decorations] CAPPING events from decorations provider vscode.git 6905
[2022-06-02 14:28:52.801] [exthost] [warning] [Decorations] CAPPING events from decorations provider vscode.git 6905
[2022-06-02 14:29:02.237] [exthost] [warning] [Decorations] CAPPING events from decorations provider vscode.git 6905
[2022-06-02 14:29:12.380] [exthost] [warning] [Decorations] CAPPING events from decorations provider vscode.git 6905
[2022-06-02 14:29:21.651] [exthost] [warning] [Decorations] CAPPING events from decorations provider vscode.git 6905
[2022-06-02 14:29:31.719] [exthost] [warning] [Decorations] CAPPING events from decorations provider vscode.git 6905
[2022-06-02 14:29:41.220] [exthost] [warning] [Decorations] CAPPING events from decorations provider vscode.git 6905
[2022-06-02 14:29:52.749] [exthost] [warning] [Decorations] CAPPING events from decorations provider vscode.git 6906
[2022-06-02 14:30:03.311] [exthost] [warning] [Decorations] CAPPING events from decorations provider vscode.git 6905
[2022-06-02 14:30:13.411] [exthost] [warning] [Decorations] CAPPING events from decorations provider vscode.git 6905
[2022-06-02 14:30:23.363] [exthost] [warning] [Decorations] CAPPING events from decorations provider vscode.git 6905
[2022-06-02 14:30:32.978] [exthost] [warning] [Decorations] CAPPING events from decorations provider vscode.git 6905
[2022-06-02 14:30:42.492] [exthost] [warning] [Decorations] CAPPING events from decorations provider vscode.git 6905
[2022-06-02 14:30:52.902] [exthost] [warning] [Decorations] CAPPING events from decorations provider vscode.git 6905
[2022-06-02 14:31:02.329] [exthost] [warning] [Decorations] CAPPING events from decorations provider vscode.git 6905
[2022-06-02 14:31:11.639] [exthost] [warning] [Decorations] CAPPING events from decorations provider vscode.git 6905
[2022-06-02 14:31:21.179] [exthost] [warning] [Decorations] CAPPING events from decorations provider vscode.git 6905
[2022-06-02 14:31:30.716] [exthost] [warning] [Decorations] CAPPING events from decorations provider vscode.git 6905
[2022-06-02 14:31:40.170] [exthost] [warning] [Decorations] CAPPING events from decorations provider vscode.git 6905
[2022-06-02 14:31:49.630] [exthost] [warning] [Decorations] CAPPING events from decorations provider vscode.git 6905
[2022-06-02 14:31:59.544] [exthost] [warning] [Decorations] CAPPING events from decorations provider vscode.git 6905
[2022-06-02 14:32:09.110] [exthost] [warning] [Decorations] CAPPING events from decorations provider vscode.git 6905
[2022-06-02 14:32:18.629] [exthost] [warning] [Decorations] CAPPING events from decorations provider vscode.git 6905
[2022-06-02 14:32:28.121] [exthost] [warning] [Decorations] CAPPING events from decorations provider vscode.git 6905
[2022-06-02 14:32:37.668] [exthost] [warning] [Decorations] CAPPING events from decorations provider vscode.git 6905
[2022-06-02 14:32:47.165] [exthost] [warning] [Decorations] CAPPING events from decorations provider vscode.git 6905
[2022-06-02 14:32:56.706] [exthost] [warning] [Decorations] CAPPING events from decorations provider vscode.git 6905
[2022-06-02 14:33:06.187] [exthost] [warning] [Decorations] CAPPING events from decorations provider vscode.git 6905
[2022-06-02 14:33:15.596] [exthost] [warning] [Decorations] CAPPING events from decorations provider vscode.git 6905
[2022-06-02 14:33:25.102] [exthost] [warning] [Decorations] CAPPING events from decorations provider vscode.git 6905
[2022-06-02 14:33:34.585] [exthost] [warning] [Decorations] CAPPING events from decorations provider vscode.git 6905
[2022-06-02 14:33:44.414] [exthost] [warning] [Decorations] CAPPING events from decorations provider vscode.git 6905
[2022-06-02 14:33:54.087] [exthost] [warning] [Decorations] CAPPING events from decorations provider vscode.git 6905
[2022-06-02 14:34:03.684] [exthost] [warning] [Decorations] CAPPING events from decorations provider vscode.git 6905
[2022-06-02 14:34:13.447] [exthost] [warning] [Decorations] CAPPING events from decorations provider vscode.git 6905
[2022-06-02 14:34:22.787] [exthost] [warning] [Decorations] CAPPING events from decorations provider vscode.git 6905
[2022-06-02 14:34:32.148] [exthost] [warning] [Decorations] CAPPING events from decorations provider vscode.git 6905
[2022-06-02 14:34:41.683] [exthost] [warning] [Decorations] CAPPING events from decorations provider vscode.git 6905
[2022-06-02 14:34:51.192] [exthost] [warning] [Decorations] CAPPING events from decorations provider vscode.git 6905
[2022-06-02 14:35:00.708] [exthost] [warning] [Decorations] CAPPING events from decorations provider vscode.git 6905
[2022-06-02 14:35:10.168] [exthost] [warning] [Decorations] CAPPING events from decorations provider vscode.git 6905
[2022-06-02 14:35:19.728] [exthost] [warning] [Decorations] CAPPING events from decorations provider vscode.git 6905
[2022-06-02 14:35:29.212] [exthost] [warning] [Decorations] CAPPING events from decorations provider vscode.git 6905
[2022-06-02 14:35:38.682] [exthost] [warning] [Decorations] CAPPING events from decorations provider vscode.git 6905
[2022-06-02 14:35:48.150] [exthost] [warning] [Decorations] CAPPING events from decorations provider vscode.git 6905
[2022-06-02 14:35:57.625] [exthost] [warning] [Decorations] CAPPING events from decorations provider vscode.git 6905
[2022-06-02 14:36:07.594] [exthost] [warning] [Decorations] CAPPING events from decorations provider vscode.git 6905
[2022-06-02 14:36:17.118] [exthost] [warning] [Decorations] CAPPING events from decorations provider vscode.git 6905
[2022-06-02 14:36:26.683] [exthost] [warning] [Decorations] CAPPING events from decorations provider vscode.git 6905
[2022-06-02 14:36:36.333] [exthost] [warning] [Decorations] CAPPING events from decorations provider vscode.git 6905
[2022-06-02 14:36:46.162] [exthost] [warning] [Decorations] CAPPING events from decorations provider vscode.git 6905
[2022-06-02 14:36:55.600] [exthost] [warning] [Decorations] CAPPING events from decorations provider vscode.git 6905
[2022-06-02 14:37:05.107] [exthost] [warning] [Decorations] CAPPING events from decorations provider vscode.git 6905
[2022-06-02 14:37:14.687] [exthost] [warning] [Decorations] CAPPING events from decorations provider vscode.git 6905
[2022-06-02 14:37:24.177] [exthost] [warning] [Decorations] CAPPING events from decorations provider vscode.git 6905
[2022-06-02 14:37:33.706] [exthost] [warning] [Decorations] CAPPING events from decorations provider vscode.git 6905
[2022-06-02 14:37:43.160] [exthost] [warning] [Decorations] CAPPING events from decorations provider vscode.git 6905
[2022-06-02 14:37:53.757] [exthost] [warning] [Decorations] CAPPING events from decorations provider vscode.git 6905
[2022-06-02 14:38:03.874] [exthost] [warning] [Decorations] CAPPING events from decorations provider vscode.git 6905
[2022-06-02 14:38:13.505] [exthost] [warning] [Decorations] CAPPING events from decorations provider vscode.git 6905
[2022-06-02 14:38:23.048] [exthost] [warning] [Decorations] CAPPING events from decorations provider vscode.git 6905
[2022-06-02 14:38:32.624] [exthost] [warning] [Decorations] CAPPING events from decorations provider vscode.git 6905
[2022-06-02 14:38:42.170] [exthost] [warning] [Decorations] CAPPING events from decorations provider vscode.git 6905
[2022-06-02 14:38:51.674] [exthost] [warning] [Decorations] CAPPING events from decorations provider vscode.git 6905
[2022-06-02 14:39:01.158] [exthost] [warning] [Decorations] CAPPING events from decorations provider vscode.git 6905
[2022-06-02 14:39:10.987] [exthost] [warning] [Decorations] CAPPING events from decorations provider vscode.git 6905
[2022-06-02 14:39:20.397] [exthost] [warning] [Decorations] CAPPING events from decorations provider vscode.git 6905
[2022-06-02 14:39:29.746] [exthost] [warning] [Decorations] CAPPING events from decorations provider vscode.git 6905
[2022-06-02 14:39:39.485] [exthost] [warning] [Decorations] CAPPING events from decorations provider vscode.git 6905
[2022-06-02 14:39:48.998] [exthost] [warning] [Decorations] CAPPING events from decorations provider vscode.git 6905
[2022-06-02 14:39:58.896] [exthost] [warning] [Decorations] CAPPING events from decorations provider vscode.git 6905
[2022-06-02 14:40:08.302] [exthost] [warning] [Decorations] CAPPING events from decorations provider vscode.git 6905
[2022-06-02 14:40:18.023] [exthost] [warning] [Decorations] CAPPING events from decorations provider vscode.git 6905
[2022-06-02 14:40:27.567] [exthost] [warning] [Decorations] CAPPING events from decorations provider vscode.git 6905
[2022-06-02 14:40:37.154] [exthost] [warning] [Decorations] CAPPING events from decorations provider vscode.git 6905
[2022-06-02 14:40:46.665] [exthost] [warning] [Decorations] CAPPING events from decorations provider vscode.git 6905
[2022-06-02 14:40:56.155] [exthost] [warning] [Decorations] CAPPING events from decorations provider vscode.git 6905
[2022-06-02 14:41:05.651] [exthost] [warning] [Decorations] CAPPING events from decorations provider vscode.git 6905
[2022-06-02 14:41:15.623] [exthost] [warning] [Decorations] CAPPING events from decorations provider vscode.git 6905
[2022-06-02 14:41:25.122] [exthost] [warning] [Decorations] CAPPING events from decorations provider vscode.git 6905
[2022-06-02 14:41:34.615] [exthost] [warning] [Decorations] CAPPING events from decorations provider vscode.git 6905
[2022-06-02 14:41:44.094] [exthost] [warning] [Decorations] CAPPING events from decorations provider vscode.git 6905
[2022-06-02 14:41:53.869] [exthost] [warning] [Decorations] CAPPING events from decorations provider vscode.git 6905
[2022-06-02 14:42:03.251] [exthost] [warning] [Decorations] CAPPING events from decorations provider vscode.git 6905
[2022-06-02 14:42:12.697] [exthost] [warning] [Decorations] CAPPING events from decorations provider vscode.git 6905
[2022-06-02 14:42:22.164] [exthost] [warning] [Decorations] CAPPING events from decorations provider vscode.git 6905
[2022-06-02 14:42:31.676] [exthost] [warning] [Decorations] CAPPING events from decorations provider vscode.git 6905
[2022-06-02 14:42:41.213] [exthost] [warning] [Decorations] CAPPING events from decorations provider vscode.git 6905
[2022-06-02 14:42:50.720] [exthost] [warning] [Decorations] CAPPING events from decorations provider vscode.git 6905
[2022-06-02 14:43:00.216] [exthost] [warning] [Decorations] CAPPING events from decorations provider vscode.git 6905
[2022-06-02 14:43:10.970] [exthost] [warning] [Decorations] CAPPING events from decorations provider vscode.git 6905
[2022-06-02 14:43:20.329] [exthost] [warning] [Decorations] CAPPING events from decorations provider vscode.git 6905
[2022-06-02 14:43:29.543] [exthost] [warning] [Decorations] CAPPING events from decorations provider vscode.git 6905
[2022-06-02 14:43:39.351] [exthost] [warning] [Decorations] CAPPING events from decorations provider vscode.git 6905
[2022-06-02 14:43:49.036] [exthost] [warning] [Decorations] CAPPING events from decorations provider vscode.git 6905
[2022-06-02 14:43:58.597] [exthost] [warning] [Decorations] CAPPING events from decorations provider vscode.git 6905
[2022-06-02 14:44:08.151] [exthost] [warning] [Decorations] CAPPING events from decorations provider vscode.git 6905
[2022-06-02 14:44:17.628] [exthost] [warning] [Decorations] CAPPING events from decorations provider vscode.git 6905
[2022-06-02 14:44:27.126] [exthost] [warning] [Decorations] CAPPING events from decorations provider vscode.git 6905
[2022-06-02 14:44:36.622] [exthost] [warning] [Decorations] CAPPING events from decorations provider vscode.git 6905
[2022-06-02 14:44:46.110] [exthost] [warning] [Decorations] CAPPING events from decorations provider vscode.git 6905
[2022-06-02 14:44:55.691] [exthost] [warning] [Decorations] CAPPING events from decorations provider vscode.git 6905
[2022-06-02 14:45:05.212] [exthost] [warning] [Decorations] CAPPING events from decorations provider vscode.git 6905
[2022-06-02 14:45:14.667] [exthost] [warning] [Decorations] CAPPING events from decorations provider vscode.git 6906
[2022-06-02 14:45:38.959] [exthost] [warning] [Decorations] CAPPING events from decorations provider vscode.git 6905
[2022-06-02 14:46:51.014] [exthost] [warning] [Decorations] CAPPING events from decorations provider vscode.git 6905
[2022-06-02 14:52:09.979] [exthost] [warning] [Decorations] CAPPING events from decorations provider vscode.git 6905
[2022-06-02 17:52:52.193] [exthost] [info] Extension host terminating: renderer disconnected for too long (1)
[2022-06-02 17:52:52.205] [exthost] [info] Lock '/home/ubuntu-1021941/.vscode-server/data/User/workspaceStorage/56b96f145db760d9a83f35b6caf5e4f2-1/vscode.lock': Marking the lockfile as scheduled to be released in 6000 ms.
[2022-06-02 17:52:52.426] [exthost] [info] Extension host with pid 1674469 exiting with code 0
