[2022-06-02 09:19:50.600] [exthost] [info] Extension host with pid 1633749 started
[2022-06-02 09:19:50.625] [exthost] [info] Lock '/home/ubuntu-1021941/.vscode-server/data/User/workspaceStorage/56b96f145db760d9a83f35b6caf5e4f2/vscode.lock': Lock acquired.
[2022-06-02 09:19:51.495] [exthost] [info] ExtensionService#_doActivateExtension vscode.typescript-language-features, startup: false, activationEvent: 'onLanguage:javascript'
[2022-06-02 09:19:52.004] [exthost] [info] ExtensionService#_doActivateExtension vscode.debug-auto-launch, startup: true, activationEvent: '*'
[2022-06-02 09:19:52.015] [exthost] [info] ExtensionService#_doActivateExtension vscode.git-base, startup: true, activationEvent: '*', root cause: vscode.git
[2022-06-02 09:19:52.029] [exthost] [info] ExtensionService#_doActivateExtension vscode.ipynb, startup: true, activationEvent: '*'
[2022-06-02 09:19:52.080] [exthost] [info] ExtensionService#_doActivateExtension akhail.save-typing, startup: true, activationEvent: '*'
[2022-06-02 09:19:52.088] [exthost] [info] ExtensionService#_doActivateExtension vscode.npm, startup: true, activationEvent: 'workspaceContains:package.json'
[2022-06-02 09:19:53.135] [exthost] [info] ExtensionService#_doActivateExtension vscode.git, startup: true, activationEvent: '*'
[2022-06-02 09:19:53.560] [exthost] [info] ExtensionService#_doActivateExtension vscode.github, startup: true, activationEvent: '*'
[2022-06-02 09:19:55.174] [exthost] [warning] [Decorations] CAPPING events from decorations provider vscode.git 1730
[2022-06-02 09:19:58.372] [exthost] [info] ExtensionService#_doActivateExtension vscode.emmet, startup: false, activationEvent: 'onStartupFinished'
[2022-06-02 09:19:58.417] [exthost] [info] ExtensionService#_doActivateExtension vscode.merge-conflict, startup: false, activationEvent: 'onStartupFinished'
[2022-06-02 09:19:58.438] [exthost] [info] Eager extensions activated
[2022-06-02 09:20:02.634] [exthost] [warning] [Decorations] CAPPING events from decorations provider vscode.git 1732
[2022-06-02 09:20:12.118] [exthost] [warning] [Decorations] CAPPING events from decorations provider vscode.git 1732
[2022-06-02 09:20:17.365] [exthost] [warning] [Decorations] CAPPING events from decorations provider vscode.git 1732
[2022-06-02 09:20:22.617] [exthost] [warning] [Decorations] CAPPING events from decorations provider vscode.git 1732
[2022-06-02 09:20:27.880] [exthost] [warning] [Decorations] CAPPING events from decorations provider vscode.git 1732
[2022-06-02 09:20:33.100] [exthost] [warning] [Decorations] CAPPING events from decorations provider vscode.git 1732
[2022-06-02 09:20:38.315] [exthost] [warning] [Decorations] CAPPING events from decorations provider vscode.git 1732
[2022-06-02 09:20:43.622] [exthost] [warning] [Decorations] CAPPING events from decorations provider vscode.git 1732
[2022-06-02 09:21:25.904] [exthost] [warning] [Decorations] CAPPING events from decorations provider vscode.git 1732
[2022-06-02 09:21:31.158] [exthost] [warning] [Decorations] CAPPING events from decorations provider vscode.git 1732
[2022-06-02 09:21:36.352] [exthost] [warning] [Decorations] CAPPING events from decorations provider vscode.git 1732
[2022-06-02 09:21:41.557] [exthost] [warning] [Decorations] CAPPING events from decorations provider vscode.git 1732
[2022-06-02 09:21:48.311] [exthost] [warning] [Decorations] CAPPING events from decorations provider vscode.git 1733
[2022-06-02 09:28:47.550] [exthost] [warning] [Decorations] CAPPING events from decorations provider vscode.git 1733
[2022-06-02 09:28:52.783] [exthost] [warning] [Decorations] CAPPING events from decorations provider vscode.git 1733
[2022-06-02 09:28:59.333] [exthost] [warning] [Decorations] CAPPING events from decorations provider vscode.git 1733
[2022-06-02 09:29:04.554] [exthost] [warning] [Decorations] CAPPING events from decorations provider vscode.git 1733
[2022-06-02 09:29:30.022] [exthost] [warning] [Decorations] CAPPING events from decorations provider vscode.git 1733
[2022-06-02 09:29:35.244] [exthost] [warning] [Decorations] CAPPING events from decorations provider vscode.git 1733
[2022-06-02 09:30:16.836] [exthost] [warning] [Decorations] CAPPING events from decorations provider vscode.git 1733
[2022-06-02 09:30:22.146] [exthost] [warning] [Decorations] CAPPING events from decorations provider vscode.git 1733
[2022-06-02 09:30:46.632] [exthost] [warning] [Decorations] CAPPING events from decorations provider vscode.git 1733
[2022-06-02 09:30:51.871] [exthost] [warning] [Decorations] CAPPING events from decorations provider vscode.git 1733
[2022-06-02 09:30:57.058] [exthost] [warning] [Decorations] CAPPING events from decorations provider vscode.git 1733
[2022-06-02 09:31:02.263] [exthost] [warning] [Decorations] CAPPING events from decorations provider vscode.git 1733
[2022-06-02 09:31:28.787] [exthost] [warning] [Decorations] CAPPING events from decorations provider vscode.git 1733
[2022-06-02 09:31:34.015] [exthost] [warning] [Decorations] CAPPING events from decorations provider vscode.git 1733
[2022-06-02 09:31:39.229] [exthost] [warning] [Decorations] CAPPING events from decorations provider vscode.git 1733
[2022-06-02 09:31:44.445] [exthost] [warning] [Decorations] CAPPING events from decorations provider vscode.git 1733
[2022-06-02 09:31:49.727] [exthost] [warning] [Decorations] CAPPING events from decorations provider vscode.git 1733
[2022-06-02 09:31:56.920] [exthost] [warning] [Decorations] CAPPING events from decorations provider vscode.git 1733
[2022-06-02 09:32:02.207] [exthost] [warning] [Decorations] CAPPING events from decorations provider vscode.git 1733
[2022-06-02 09:32:09.051] [exthost] [warning] [Decorations] CAPPING events from decorations provider vscode.git 1733
[2022-06-02 09:32:14.297] [exthost] [warning] [Decorations] CAPPING events from decorations provider vscode.git 1733
[2022-06-02 09:32:19.534] [exthost] [warning] [Decorations] CAPPING events from decorations provider vscode.git 1733
[2022-06-02 09:32:24.758] [exthost] [warning] [Decorations] CAPPING events from decorations provider vscode.git 1733
[2022-06-02 09:32:30.033] [exthost] [warning] [Decorations] CAPPING events from decorations provider vscode.git 1733
[2022-06-02 09:32:35.425] [exthost] [warning] [Decorations] CAPPING events from decorations provider vscode.git 6860
[2022-06-02 09:32:43.630] [exthost] [warning] [Decorations] CAPPING events from decorations provider vscode.git 6859
[2022-06-02 09:32:54.410] [exthost] [warning] [Decorations] CAPPING events from decorations provider vscode.git 6860
[2022-06-02 09:33:27.495] [exthost] [warning] [Decorations] CAPPING events from decorations provider vscode.git 6859
[2022-06-02 09:33:36.866] [exthost] [warning] [Decorations] CAPPING events from decorations provider vscode.git 6859
[2022-06-02 09:33:47.470] [exthost] [warning] [Decorations] CAPPING events from decorations provider vscode.git 6859
[2022-06-02 09:36:02.515] [exthost] [warning] [Decorations] CAPPING events from decorations provider vscode.git 6859
[2022-06-02 09:36:11.888] [exthost] [warning] [Decorations] CAPPING events from decorations provider vscode.git 6859
[2022-06-02 09:37:20.319] [exthost] [warning] [Decorations] CAPPING events from decorations provider vscode.git 6859
[2022-06-02 09:37:29.542] [exthost] [warning] [Decorations] CAPPING events from decorations provider vscode.git 6859
[2022-06-02 09:37:39.309] [exthost] [warning] [Decorations] CAPPING events from decorations provider vscode.git 6859
[2022-06-02 09:37:48.666] [exthost] [warning] [Decorations] CAPPING events from decorations provider vscode.git 6859
[2022-06-02 09:37:58.021] [exthost] [warning] [Decorations] CAPPING events from decorations provider vscode.git 6859
[2022-06-02 09:38:56.290] [exthost] [warning] [Decorations] CAPPING events from decorations provider vscode.git 6859
[2022-06-02 09:39:05.580] [exthost] [warning] [Decorations] CAPPING events from decorations provider vscode.git 6860
[2022-06-02 09:39:14.430] [exthost] [warning] [Decorations] CAPPING events from decorations provider vscode.git 6860
[2022-06-02 09:39:19.865] [exthost] [warning] [Decorations] CAPPING events from decorations provider vscode.git 6860
[2022-06-02 09:39:30.022] [exthost] [warning] [Decorations] CAPPING events from decorations provider vscode.git 6860
[2022-06-02 09:42:01.398] [exthost] [warning] [Decorations] CAPPING events from decorations provider vscode.git 6860
[2022-06-02 09:42:10.675] [exthost] [warning] [Decorations] CAPPING events from decorations provider vscode.git 6860
[2022-06-02 09:42:20.049] [exthost] [warning] [Decorations] CAPPING events from decorations provider vscode.git 6860
[2022-06-02 09:42:29.486] [exthost] [warning] [Decorations] CAPPING events from decorations provider vscode.git 6860
[2022-06-02 09:42:38.846] [exthost] [warning] [Decorations] CAPPING events from decorations provider vscode.git 6860
[2022-06-02 09:42:48.223] [exthost] [warning] [Decorations] CAPPING events from decorations provider vscode.git 6861
[2022-06-02 09:42:56.824] [exthost] [warning] [Decorations] CAPPING events from decorations provider vscode.git 6861
[2022-06-02 09:43:05.765] [exthost] [warning] [Decorations] CAPPING events from decorations provider vscode.git 6861
[2022-06-02 09:43:15.304] [exthost] [warning] [Decorations] CAPPING events from decorations provider vscode.git 6862
[2022-06-02 09:43:58.924] [exthost] [warning] [Decorations] CAPPING events from decorations provider vscode.git 6862
[2022-06-02 09:44:08.449] [exthost] [warning] [Decorations] CAPPING events from decorations provider vscode.git 6862
[2022-06-02 09:44:18.403] [exthost] [warning] [Decorations] CAPPING events from decorations provider vscode.git 6862
[2022-06-02 09:44:28.357] [exthost] [warning] [Decorations] CAPPING events from decorations provider vscode.git 6862
[2022-06-02 09:44:51.811] [exthost] [warning] [Decorations] CAPPING events from decorations provider vscode.git 6862
[2022-06-02 09:45:01.147] [exthost] [warning] [Decorations] CAPPING events from decorations provider vscode.git 6862
[2022-06-02 09:45:10.469] [exthost] [warning] [Decorations] CAPPING events from decorations provider vscode.git 6862
[2022-06-02 09:45:19.898] [exthost] [warning] [Decorations] CAPPING events from decorations provider vscode.git 6862
[2022-06-02 09:45:31.064] [exthost] [warning] [Decorations] CAPPING events from decorations provider vscode.git 6863
[2022-06-02 09:47:12.951] [exthost] [warning] [Decorations] CAPPING events from decorations provider vscode.git 6862
[2022-06-02 09:47:22.386] [exthost] [warning] [Decorations] CAPPING events from decorations provider vscode.git 6863
[2022-06-02 09:47:33.414] [exthost] [warning] [Decorations] CAPPING events from decorations provider vscode.git 6863
[2022-06-02 09:50:07.465] [exthost] [warning] [Decorations] CAPPING events from decorations provider vscode.git 6862
[2022-06-02 09:50:40.515] [exthost] [warning] [Decorations] CAPPING events from decorations provider vscode.git 6862
[2022-06-02 09:50:49.898] [exthost] [warning] [Decorations] CAPPING events from decorations provider vscode.git 6862
[2022-06-02 09:50:59.298] [exthost] [warning] [Decorations] CAPPING events from decorations provider vscode.git 6862
[2022-06-02 09:51:08.816] [exthost] [warning] [Decorations] CAPPING events from decorations provider vscode.git 6863
[2022-06-02 09:51:19.293] [exthost] [warning] [Decorations] CAPPING events from decorations provider vscode.git 6863
[2022-06-02 09:51:28.624] [exthost] [warning] [Decorations] CAPPING events from decorations provider vscode.git 6863
[2022-06-02 09:51:34.092] [exthost] [warning] [Decorations] CAPPING events from decorations provider vscode.git 6863
[2022-06-02 09:51:43.659] [exthost] [warning] [Decorations] CAPPING events from decorations provider vscode.git 6863
[2022-06-02 09:51:52.996] [exthost] [warning] [Decorations] CAPPING events from decorations provider vscode.git 6863
[2022-06-02 09:51:58.449] [exthost] [warning] [Decorations] CAPPING events from decorations provider vscode.git 6863
[2022-06-02 09:52:07.458] [exthost] [warning] [Decorations] CAPPING events from decorations provider vscode.git 6863
[2022-06-02 09:52:17.107] [exthost] [warning] [Decorations] CAPPING events from decorations provider vscode.git 6863
[2022-06-02 09:52:26.714] [exthost] [warning] [Decorations] CAPPING events from decorations provider vscode.git 6863
[2022-06-02 09:52:46.321] [exthost] [warning] [Decorations] CAPPING events from decorations provider vscode.git 6863
[2022-06-02 09:52:56.060] [exthost] [warning] [Decorations] CAPPING events from decorations provider vscode.git 6864
[2022-06-02 09:53:05.337] [exthost] [warning] [Decorations] CAPPING events from decorations provider vscode.git 6864
[2022-06-02 09:53:14.888] [exthost] [warning] [Decorations] CAPPING events from decorations provider vscode.git 6864
[2022-06-02 09:53:24.524] [exthost] [warning] [Decorations] CAPPING events from decorations provider vscode.git 6864
[2022-06-02 09:53:34.080] [exthost] [warning] [Decorations] CAPPING events from decorations provider vscode.git 6864
[2022-06-02 09:53:43.582] [exthost] [warning] [Decorations] CAPPING events from decorations provider vscode.git 6864
[2022-06-02 09:53:53.823] [exthost] [warning] [Decorations] CAPPING events from decorations provider vscode.git 6864
[2022-06-02 09:54:02.884] [exthost] [warning] [Decorations] CAPPING events from decorations provider vscode.git 6864
[2022-06-02 09:54:08.327] [exthost] [warning] [Decorations] CAPPING events from decorations provider vscode.git 6864
[2022-06-02 09:54:17.879] [exthost] [warning] [Decorations] CAPPING events from decorations provider vscode.git 6864
[2022-06-02 09:54:27.871] [exthost] [warning] [Decorations] CAPPING events from decorations provider vscode.git 6864
[2022-06-02 09:54:37.128] [exthost] [warning] [Decorations] CAPPING events from decorations provider vscode.git 6865
[2022-06-02 09:55:07.621] [exthost] [warning] [Decorations] CAPPING events from decorations provider vscode.git 6865
[2022-06-02 09:55:17.152] [exthost] [warning] [Decorations] CAPPING events from decorations provider vscode.git 6866
[2022-06-02 09:55:26.081] [exthost] [warning] [Decorations] CAPPING events from decorations provider vscode.git 6866
[2022-06-02 09:55:35.458] [exthost] [warning] [Decorations] CAPPING events from decorations provider vscode.git 6866
[2022-06-02 09:55:57.056] [exthost] [warning] [Decorations] CAPPING events from decorations provider vscode.git 6866
[2022-06-02 09:56:06.674] [exthost] [warning] [Decorations] CAPPING events from decorations provider vscode.git 6867
[2022-06-02 09:56:27.470] [exthost] [warning] [Decorations] CAPPING events from decorations provider vscode.git 6868
[2022-06-02 09:56:36.844] [exthost] [warning] [Decorations] CAPPING events from decorations provider vscode.git 6868
[2022-06-02 09:58:18.136] [exthost] [warning] [Decorations] CAPPING events from decorations provider vscode.git 6869
[2022-06-02 09:58:27.520] [exthost] [warning] [Decorations] CAPPING events from decorations provider vscode.git 6868
[2022-06-02 09:58:37.002] [exthost] [warning] [Decorations] CAPPING events from decorations provider vscode.git 6868
[2022-06-02 09:58:46.415] [exthost] [warning] [Decorations] CAPPING events from decorations provider vscode.git 6868
[2022-06-02 10:01:09.116] [exthost] [warning] [Decorations] CAPPING events from decorations provider vscode.git 6868
[2022-06-02 10:01:19.185] [exthost] [warning] [Decorations] CAPPING events from decorations provider vscode.git 6868
[2022-06-02 10:01:28.781] [exthost] [warning] [Decorations] CAPPING events from decorations provider vscode.git 6868
[2022-06-02 10:01:38.065] [exthost] [warning] [Decorations] CAPPING events from decorations provider vscode.git 6867
[2022-06-02 10:01:47.320] [exthost] [warning] [Decorations] CAPPING events from decorations provider vscode.git 6867
[2022-06-02 10:01:52.717] [exthost] [warning] [Decorations] CAPPING events from decorations provider vscode.git 6867
[2022-06-02 10:02:01.993] [exthost] [warning] [Decorations] CAPPING events from decorations provider vscode.git 6867
[2022-06-02 10:02:38.917] [exthost] [warning] [Decorations] CAPPING events from decorations provider vscode.git 6867
[2022-06-02 10:02:48.753] [exthost] [warning] [Decorations] CAPPING events from decorations provider vscode.git 6867
[2022-06-02 10:02:58.299] [exthost] [warning] [Decorations] CAPPING events from decorations provider vscode.git 6867
[2022-06-02 10:03:22.282] [exthost] [warning] [Decorations] CAPPING events from decorations provider vscode.git 6867
[2022-06-02 10:03:26.315] [exthost] [info] ExtensionService#_doActivateExtension vscode.configuration-editing, startup: false, activationEvent: 'onLanguage:json'
[2022-06-02 10:03:26.374] [exthost] [info] ExtensionService#_doActivateExtension vscode.extension-editing, startup: false, activationEvent: 'onLanguage:json'
[2022-06-02 10:03:26.458] [exthost] [info] ExtensionService#_doActivateExtension vscode.json-language-features, startup: false, activationEvent: 'onLanguage:json'
[2022-06-02 10:03:31.540] [exthost] [warning] [Decorations] CAPPING events from decorations provider vscode.git 6868
[2022-06-02 10:03:40.950] [exthost] [warning] [Decorations] CAPPING events from decorations provider vscode.git 6868
[2022-06-02 10:04:00.879] [exthost] [warning] [Decorations] CAPPING events from decorations provider vscode.git 6868
[2022-06-02 10:04:10.265] [exthost] [warning] [Decorations] CAPPING events from decorations provider vscode.git 6868
[2022-06-02 10:04:19.701] [exthost] [warning] [Decorations] CAPPING events from decorations provider vscode.git 6868
[2022-06-02 10:04:29.808] [exthost] [warning] [Decorations] CAPPING events from decorations provider vscode.git 6868
[2022-06-02 10:06:14.536] [exthost] [warning] [Decorations] CAPPING events from decorations provider vscode.git 6868
[2022-06-02 10:06:24.719] [exthost] [warning] [Decorations] CAPPING events from decorations provider vscode.git 6868
[2022-06-02 10:06:34.090] [exthost] [warning] [Decorations] CAPPING events from decorations provider vscode.git 6868
[2022-06-02 10:07:32.460] [exthost] [warning] [Decorations] CAPPING events from decorations provider vscode.git 6869
[2022-06-02 10:07:41.840] [exthost] [warning] [Decorations] CAPPING events from decorations provider vscode.git 6869
[2022-06-02 10:07:51.337] [exthost] [warning] [Decorations] CAPPING events from decorations provider vscode.git 6870
[2022-06-02 10:08:03.073] [exthost] [warning] [Decorations] CAPPING events from decorations provider vscode.git 6870
[2022-06-02 10:08:12.587] [exthost] [warning] [Decorations] CAPPING events from decorations provider vscode.git 6871
[2022-06-02 10:08:21.806] [exthost] [warning] [Decorations] CAPPING events from decorations provider vscode.git 6871
[2022-06-02 10:08:31.819] [exthost] [warning] [Decorations] CAPPING events from decorations provider vscode.git 6871
[2022-06-02 10:08:41.261] [exthost] [warning] [Decorations] CAPPING events from decorations provider vscode.git 6871
[2022-06-02 10:08:51.607] [exthost] [warning] [Decorations] CAPPING events from decorations provider vscode.git 6871
[2022-06-02 10:09:15.110] [exthost] [warning] [Decorations] CAPPING events from decorations provider vscode.git 6871
[2022-06-02 10:09:24.537] [exthost] [warning] [Decorations] CAPPING events from decorations provider vscode.git 6872
[2022-06-02 10:09:47.489] [exthost] [warning] [Decorations] CAPPING events from decorations provider vscode.git 6872
[2022-06-02 10:09:57.001] [exthost] [warning] [Decorations] CAPPING events from decorations provider vscode.git 6872
[2022-06-02 10:10:06.625] [exthost] [warning] [Decorations] CAPPING events from decorations provider vscode.git 6873
[2022-06-02 10:10:16.337] [exthost] [warning] [Decorations] CAPPING events from decorations provider vscode.git 6873
[2022-06-02 10:10:25.888] [exthost] [warning] [Decorations] CAPPING events from decorations provider vscode.git 6873
[2022-06-02 10:10:55.665] [exthost] [warning] [Decorations] CAPPING events from decorations provider vscode.git 6873
[2022-06-02 10:11:05.602] [exthost] [warning] [Decorations] CAPPING events from decorations provider vscode.git 6875
[2022-06-02 10:11:16.413] [exthost] [warning] [Decorations] CAPPING events from decorations provider vscode.git 6877
[2022-06-02 10:11:50.248] [exthost] [warning] [Decorations] CAPPING events from decorations provider vscode.git 6876
[2022-06-02 10:11:59.345] [exthost] [warning] [Decorations] CAPPING events from decorations provider vscode.git 6876
[2022-06-02 10:12:04.937] [exthost] [warning] [Decorations] CAPPING events from decorations provider vscode.git 6877
[2022-06-02 10:12:15.229] [exthost] [warning] [Decorations] CAPPING events from decorations provider vscode.git 6876
[2022-06-02 10:12:25.205] [exthost] [warning] [Decorations] CAPPING events from decorations provider vscode.git 6876
[2022-06-02 10:12:30.739] [exthost] [error] [vscode.typescript-language-features] provider FAILED
[2022-06-02 10:12:30.765] [exthost] [error] Error: DisposableStore is missing...
	at Q._convertCompletionItem (/home/ubuntu-1021941/.vscode-server/bin/c3511e6c69bb39013c4a4b7b9566ec1ca73fc4d5/out/vs/workbench/api/node/extensionHostProcess.js:83:112140)
	at Q.resolveCompletionItem (/home/ubuntu-1021941/.vscode-server/bin/c3511e6c69bb39013c4a4b7b9566ec1ca73fc4d5/out/vs/workbench/api/node/extensionHostProcess.js:83:111918)
	at processTicksAndRejections (node:internal/process/task_queues:96:5)
[2022-06-02 10:12:30.849] [exthost] [error] [vscode.typescript-language-features] provider FAILED
[2022-06-02 10:12:30.849] [exthost] [error] Error: DisposableStore is missing...
	at Q._convertCompletionItem (/home/ubuntu-1021941/.vscode-server/bin/c3511e6c69bb39013c4a4b7b9566ec1ca73fc4d5/out/vs/workbench/api/node/extensionHostProcess.js:83:112140)
	at Q.resolveCompletionItem (/home/ubuntu-1021941/.vscode-server/bin/c3511e6c69bb39013c4a4b7b9566ec1ca73fc4d5/out/vs/workbench/api/node/extensionHostProcess.js:83:111918)
	at processTicksAndRejections (node:internal/process/task_queues:96:5)
[2022-06-02 10:12:30.849] [exthost] [error] [vscode.typescript-language-features] provider FAILED
[2022-06-02 10:12:30.849] [exthost] [error] Error: DisposableStore is missing...
	at Q._convertCompletionItem (/home/ubuntu-1021941/.vscode-server/bin/c3511e6c69bb39013c4a4b7b9566ec1ca73fc4d5/out/vs/workbench/api/node/extensionHostProcess.js:83:112140)
	at Q.resolveCompletionItem (/home/ubuntu-1021941/.vscode-server/bin/c3511e6c69bb39013c4a4b7b9566ec1ca73fc4d5/out/vs/workbench/api/node/extensionHostProcess.js:83:111918)
	at processTicksAndRejections (node:internal/process/task_queues:96:5)
[2022-06-02 10:12:30.849] [exthost] [error] [vscode.typescript-language-features] provider FAILED
[2022-06-02 10:12:30.850] [exthost] [error] Error: DisposableStore is missing...
	at Q._convertCompletionItem (/home/ubuntu-1021941/.vscode-server/bin/c3511e6c69bb39013c4a4b7b9566ec1ca73fc4d5/out/vs/workbench/api/node/extensionHostProcess.js:83:112140)
	at Q.resolveCompletionItem (/home/ubuntu-1021941/.vscode-server/bin/c3511e6c69bb39013c4a4b7b9566ec1ca73fc4d5/out/vs/workbench/api/node/extensionHostProcess.js:83:111918)
	at processTicksAndRejections (node:internal/process/task_queues:96:5)
[2022-06-02 10:12:30.850] [exthost] [error] [vscode.typescript-language-features] provider FAILED
[2022-06-02 10:12:30.850] [exthost] [error] Error: DisposableStore is missing...
	at Q._convertCompletionItem (/home/ubuntu-1021941/.vscode-server/bin/c3511e6c69bb39013c4a4b7b9566ec1ca73fc4d5/out/vs/workbench/api/node/extensionHostProcess.js:83:112140)
	at Q.resolveCompletionItem (/home/ubuntu-1021941/.vscode-server/bin/c3511e6c69bb39013c4a4b7b9566ec1ca73fc4d5/out/vs/workbench/api/node/extensionHostProcess.js:83:111918)
	at processTicksAndRejections (node:internal/process/task_queues:96:5)
[2022-06-02 10:12:30.850] [exthost] [error] [vscode.typescript-language-features] provider FAILED
[2022-06-02 10:12:30.850] [exthost] [error] Error: DisposableStore is missing...
	at Q._convertCompletionItem (/home/ubuntu-1021941/.vscode-server/bin/c3511e6c69bb39013c4a4b7b9566ec1ca73fc4d5/out/vs/workbench/api/node/extensionHostProcess.js:83:112140)
	at Q.resolveCompletionItem (/home/ubuntu-1021941/.vscode-server/bin/c3511e6c69bb39013c4a4b7b9566ec1ca73fc4d5/out/vs/workbench/api/node/extensionHostProcess.js:83:111918)
	at processTicksAndRejections (node:internal/process/task_queues:96:5)
[2022-06-02 10:13:19.606] [exthost] [warning] [Decorations] CAPPING events from decorations provider vscode.git 6876
[2022-06-02 10:13:29.001] [exthost] [warning] [Decorations] CAPPING events from decorations provider vscode.git 6876
[2022-06-02 10:13:38.689] [exthost] [warning] [Decorations] CAPPING events from decorations provider vscode.git 6876
[2022-06-02 10:13:48.055] [exthost] [warning] [Decorations] CAPPING events from decorations provider vscode.git 6876
[2022-06-02 10:13:57.560] [exthost] [warning] [Decorations] CAPPING events from decorations provider vscode.git 6877
[2022-06-02 10:14:06.645] [exthost] [warning] [Decorations] CAPPING events from decorations provider vscode.git 6876
[2022-06-02 10:15:42.882] [exthost] [warning] [Decorations] CAPPING events from decorations provider vscode.git 6876
[2022-06-02 10:15:52.226] [exthost] [warning] [Decorations] CAPPING events from decorations provider vscode.git 6876
[2022-06-02 10:16:01.566] [exthost] [warning] [Decorations] CAPPING events from decorations provider vscode.git 6877
[2022-06-02 10:16:11.035] [exthost] [warning] [Decorations] CAPPING events from decorations provider vscode.git 6877
[2022-06-02 10:16:20.790] [exthost] [warning] [Decorations] CAPPING events from decorations provider vscode.git 6878
[2022-06-02 10:16:30.847] [exthost] [warning] [Decorations] CAPPING events from decorations provider vscode.git 6878
[2022-06-02 10:16:40.021] [exthost] [warning] [Decorations] CAPPING events from decorations provider vscode.git 6878
[2022-06-02 10:16:49.586] [exthost] [warning] [Decorations] CAPPING events from decorations provider vscode.git 6878
[2022-06-02 10:16:58.975] [exthost] [warning] [Decorations] CAPPING events from decorations provider vscode.git 6878
[2022-06-02 10:17:08.454] [exthost] [warning] [Decorations] CAPPING events from decorations provider vscode.git 6878
[2022-06-02 10:17:19.113] [exthost] [warning] [Decorations] CAPPING events from decorations provider vscode.git 6878
[2022-06-02 10:17:47.234] [exthost] [warning] [Decorations] CAPPING events from decorations provider vscode.git 6878
[2022-06-02 10:17:56.533] [exthost] [warning] [Decorations] CAPPING events from decorations provider vscode.git 6878
[2022-06-02 10:18:06.277] [exthost] [warning] [Decorations] CAPPING events from decorations provider vscode.git 6879
[2022-06-02 10:18:15.077] [exthost] [warning] [Decorations] CAPPING events from decorations provider vscode.git 6878
[2022-06-02 10:18:24.389] [exthost] [warning] [Decorations] CAPPING events from decorations provider vscode.git 6878
[2022-06-02 10:22:12.601] [exthost] [warning] [Decorations] CAPPING events from decorations provider vscode.git 6878
[2022-06-02 10:25:25.382] [exthost] [warning] [Decorations] CAPPING events from decorations provider vscode.git 6878
[2022-06-02 10:25:34.646] [exthost] [warning] [Decorations] CAPPING events from decorations provider vscode.git 6878
[2022-06-02 10:25:43.986] [exthost] [warning] [Decorations] CAPPING events from decorations provider vscode.git 6878
[2022-06-02 10:25:53.458] [exthost] [warning] [Decorations] CAPPING events from decorations provider vscode.git 6878
[2022-06-02 10:26:02.735] [exthost] [warning] [Decorations] CAPPING events from decorations provider vscode.git 6879
[2022-06-02 10:26:07.995] [exthost] [warning] [Decorations] CAPPING events from decorations provider vscode.git 6879
[2022-06-02 10:26:13.989] [exthost] [warning] [Decorations] CAPPING events from decorations provider vscode.git 6879
[2022-06-02 10:26:25.607] [exthost] [warning] [Decorations] CAPPING events from decorations provider vscode.git 6879
[2022-06-02 10:26:34.983] [exthost] [warning] [Decorations] CAPPING events from decorations provider vscode.git 6879
[2022-06-02 10:26:44.357] [exthost] [warning] [Decorations] CAPPING events from decorations provider vscode.git 6879
[2022-06-02 10:26:49.561] [exthost] [warning] [Decorations] CAPPING events from decorations provider vscode.git 6879
[2022-06-02 10:26:54.880] [exthost] [warning] [Decorations] CAPPING events from decorations provider vscode.git 6879
[2022-06-02 10:27:04.065] [exthost] [warning] [Decorations] CAPPING events from decorations provider vscode.git 6879
[2022-06-02 10:27:13.145] [exthost] [warning] [Decorations] CAPPING events from decorations provider vscode.git 6880
[2022-06-02 10:27:22.256] [exthost] [warning] [Decorations] CAPPING events from decorations provider vscode.git 6879
[2022-06-02 10:27:31.533] [exthost] [warning] [Decorations] CAPPING events from decorations provider vscode.git 6879
[2022-06-02 10:28:13.692] [exthost] [warning] [Decorations] CAPPING events from decorations provider vscode.git 6879
[2022-06-02 10:28:23.060] [exthost] [warning] [Decorations] CAPPING events from decorations provider vscode.git 6880
[2022-06-02 10:28:39.784] [exthost] [warning] [Decorations] CAPPING events from decorations provider vscode.git 6879
[2022-06-02 10:28:49.335] [exthost] [warning] [Decorations] CAPPING events from decorations provider vscode.git 6880
[2022-06-02 10:28:59.035] [exthost] [warning] [Decorations] CAPPING events from decorations provider vscode.git 6879
[2022-06-02 10:29:09.539] [exthost] [warning] [Decorations] CAPPING events from decorations provider vscode.git 6879
[2022-06-02 10:29:18.915] [exthost] [warning] [Decorations] CAPPING events from decorations provider vscode.git 6879
[2022-06-02 10:29:28.472] [exthost] [warning] [Decorations] CAPPING events from decorations provider vscode.git 6879
[2022-06-02 10:29:38.066] [exthost] [warning] [Decorations] CAPPING events from decorations provider vscode.git 6879
[2022-06-02 10:29:47.604] [exthost] [warning] [Decorations] CAPPING events from decorations provider vscode.git 6880
[2022-06-02 10:29:57.095] [exthost] [warning] [Decorations] CAPPING events from decorations provider vscode.git 6879
[2022-06-02 10:30:06.471] [exthost] [warning] [Decorations] CAPPING events from decorations provider vscode.git 6879
[2022-06-02 10:30:15.886] [exthost] [warning] [Decorations] CAPPING events from decorations provider vscode.git 6879
[2022-06-02 10:30:25.172] [exthost] [warning] [Decorations] CAPPING events from decorations provider vscode.git 6880
[2022-06-02 10:30:34.480] [exthost] [warning] [Decorations] CAPPING events from decorations provider vscode.git 6879
[2022-06-02 10:31:31.776] [exthost] [warning] [Decorations] CAPPING events from decorations provider vscode.git 6880
[2022-06-02 10:31:41.189] [exthost] [warning] [Decorations] CAPPING events from decorations provider vscode.git 6879
[2022-06-02 10:32:31.484] [exthost] [warning] [Decorations] CAPPING events from decorations provider vscode.git 6879
[2022-06-02 10:32:40.899] [exthost] [warning] [Decorations] CAPPING events from decorations provider vscode.git 6879
[2022-06-02 10:32:50.425] [exthost] [warning] [Decorations] CAPPING events from decorations provider vscode.git 6879
[2022-06-02 10:33:00.261] [exthost] [warning] [Decorations] CAPPING events from decorations provider vscode.git 6879
[2022-06-02 10:33:10.512] [exthost] [warning] [Decorations] CAPPING events from decorations provider vscode.git 6879
[2022-06-02 10:33:19.808] [exthost] [warning] [Decorations] CAPPING events from decorations provider vscode.git 6879
[2022-06-02 10:33:29.220] [exthost] [warning] [Decorations] CAPPING events from decorations provider vscode.git 6880
[2022-06-02 10:33:39.198] [exthost] [warning] [Decorations] CAPPING events from decorations provider vscode.git 6879
[2022-06-02 10:33:48.542] [exthost] [warning] [Decorations] CAPPING events from decorations provider vscode.git 6879
[2022-06-02 10:33:57.916] [exthost] [warning] [Decorations] CAPPING events from decorations provider vscode.git 6879
[2022-06-02 10:34:07.880] [exthost] [warning] [Decorations] CAPPING events from decorations provider vscode.git 6880
[2022-06-02 10:34:18.257] [exthost] [warning] [Decorations] CAPPING events from decorations provider vscode.git 6879
[2022-06-02 10:34:28.060] [exthost] [warning] [Decorations] CAPPING events from decorations provider vscode.git 6880
[2022-06-02 10:34:37.518] [exthost] [warning] [Decorations] CAPPING events from decorations provider vscode.git 6881
[2022-06-02 10:34:47.478] [exthost] [warning] [Decorations] CAPPING events from decorations provider vscode.git 6881
[2022-06-02 10:34:57.358] [exthost] [warning] [Decorations] CAPPING events from decorations provider vscode.git 6881
[2022-06-02 10:35:06.714] [exthost] [warning] [Decorations] CAPPING events from decorations provider vscode.git 6880
[2022-06-02 10:35:16.071] [exthost] [warning] [Decorations] CAPPING events from decorations provider vscode.git 6880
[2022-06-02 10:35:25.843] [exthost] [warning] [Decorations] CAPPING events from decorations provider vscode.git 6881
[2022-06-02 10:35:34.825] [exthost] [warning] [Decorations] CAPPING events from decorations provider vscode.git 6881
[2022-06-02 10:35:40.240] [exthost] [warning] [Decorations] CAPPING events from decorations provider vscode.git 6880
[2022-06-02 10:35:50.513] [exthost] [warning] [Decorations] CAPPING events from decorations provider vscode.git 6881
[2022-06-02 10:35:59.375] [exthost] [warning] [Decorations] CAPPING events from decorations provider vscode.git 6880
[2022-06-02 10:36:08.880] [exthost] [warning] [Decorations] CAPPING events from decorations provider vscode.git 6880
[2022-06-02 10:36:18.537] [exthost] [warning] [Decorations] CAPPING events from decorations provider vscode.git 6881
[2022-06-02 10:36:27.840] [exthost] [warning] [Decorations] CAPPING events from decorations provider vscode.git 6881
[2022-06-02 10:36:37.927] [exthost] [warning] [Decorations] CAPPING events from decorations provider vscode.git 6880
[2022-06-02 10:36:47.393] [exthost] [warning] [Decorations] CAPPING events from decorations provider vscode.git 6880
[2022-06-02 10:37:23.736] [exthost] [warning] [Decorations] CAPPING events from decorations provider vscode.git 6880
[2022-06-02 10:37:34.035] [exthost] [warning] [Decorations] CAPPING events from decorations provider vscode.git 6881
[2022-06-02 10:37:43.721] [exthost] [warning] [Decorations] CAPPING events from decorations provider vscode.git 6880
[2022-06-02 10:38:12.130] [exthost] [warning] [Decorations] CAPPING events from decorations provider vscode.git 6880
[2022-06-02 10:38:21.625] [exthost] [warning] [Decorations] CAPPING events from decorations provider vscode.git 6881
[2022-06-02 10:38:31.624] [exthost] [warning] [Decorations] CAPPING events from decorations provider vscode.git 6880
[2022-06-02 10:38:42.323] [exthost] [warning] [Decorations] CAPPING events from decorations provider vscode.git 6880
[2022-06-02 10:38:51.681] [exthost] [warning] [Decorations] CAPPING events from decorations provider vscode.git 6880
[2022-06-02 10:39:01.067] [exthost] [warning] [Decorations] CAPPING events from decorations provider vscode.git 6880
[2022-06-02 10:39:14.118] [exthost] [warning] [Decorations] CAPPING events from decorations provider vscode.git 6881
[2022-06-02 10:39:23.686] [exthost] [warning] [Decorations] CAPPING events from decorations provider vscode.git 6881
[2022-06-02 10:39:44.896] [exthost] [warning] [Decorations] CAPPING events from decorations provider vscode.git 6880
[2022-06-02 10:39:54.538] [exthost] [warning] [Decorations] CAPPING events from decorations provider vscode.git 6881
[2022-06-02 10:41:24.909] [exthost] [warning] [Decorations] CAPPING events from decorations provider vscode.git 6880
[2022-06-02 10:41:34.223] [exthost] [warning] [Decorations] CAPPING events from decorations provider vscode.git 6880
[2022-06-02 10:41:43.427] [exthost] [warning] [Decorations] CAPPING events from decorations provider vscode.git 6880
[2022-06-02 10:41:52.950] [exthost] [warning] [Decorations] CAPPING events from decorations provider vscode.git 6880
[2022-06-02 10:42:02.382] [exthost] [warning] [Decorations] CAPPING events from decorations provider vscode.git 6880
[2022-06-02 10:42:12.394] [exthost] [warning] [Decorations] CAPPING events from decorations provider vscode.git 6880
[2022-06-02 10:42:21.682] [exthost] [warning] [Decorations] CAPPING events from decorations provider vscode.git 6880
[2022-06-02 10:42:31.012] [exthost] [warning] [Decorations] CAPPING events from decorations provider vscode.git 6880
[2022-06-02 10:42:40.487] [exthost] [warning] [Decorations] CAPPING events from decorations provider vscode.git 6880
[2022-06-02 10:42:50.022] [exthost] [warning] [Decorations] CAPPING events from decorations provider vscode.git 6880
[2022-06-02 10:42:59.436] [exthost] [warning] [Decorations] CAPPING events from decorations provider vscode.git 6880
[2022-06-02 10:43:08.934] [exthost] [warning] [Decorations] CAPPING events from decorations provider vscode.git 6880
[2022-06-02 10:43:18.533] [exthost] [warning] [Decorations] CAPPING events from decorations provider vscode.git 6880
[2022-06-02 10:43:28.800] [exthost] [warning] [Decorations] CAPPING events from decorations provider vscode.git 6880
[2022-06-02 10:43:38.251] [exthost] [warning] [Decorations] CAPPING events from decorations provider vscode.git 6880
[2022-06-02 10:43:48.582] [exthost] [warning] [Decorations] CAPPING events from decorations provider vscode.git 6880
[2022-06-02 10:43:58.194] [exthost] [warning] [Decorations] CAPPING events from decorations provider vscode.git 6880
[2022-06-02 10:44:08.442] [exthost] [warning] [Decorations] CAPPING events from decorations provider vscode.git 6880
[2022-06-02 10:44:18.033] [exthost] [warning] [Decorations] CAPPING events from decorations provider vscode.git 6880
[2022-06-02 10:44:27.595] [exthost] [warning] [Decorations] CAPPING events from decorations provider vscode.git 6880
[2022-06-02 10:47:30.888] [exthost] [warning] [Decorations] CAPPING events from decorations provider vscode.git 6880
[2022-06-02 10:47:40.290] [exthost] [warning] [Decorations] CAPPING events from decorations provider vscode.git 6880
[2022-06-02 10:48:10.150] [exthost] [warning] [Decorations] CAPPING events from decorations provider vscode.git 6880
[2022-06-02 10:48:19.966] [exthost] [warning] [Decorations] CAPPING events from decorations provider vscode.git 6880
[2022-06-02 10:48:30.290] [exthost] [warning] [Decorations] CAPPING events from decorations provider vscode.git 6881
[2022-06-02 10:48:40.500] [exthost] [warning] [Decorations] CAPPING events from decorations provider vscode.git 6880
[2022-06-02 10:48:50.153] [exthost] [warning] [Decorations] CAPPING events from decorations provider vscode.git 6880
[2022-06-02 10:48:59.533] [exthost] [warning] [Decorations] CAPPING events from decorations provider vscode.git 6880
[2022-06-02 10:49:09.382] [exthost] [warning] [Decorations] CAPPING events from decorations provider vscode.git 6881
[2022-06-02 10:49:19.140] [exthost] [warning] [Decorations] CAPPING events from decorations provider vscode.git 6880
[2022-06-02 10:49:28.701] [exthost] [warning] [Decorations] CAPPING events from decorations provider vscode.git 6880
[2022-06-02 10:49:38.147] [exthost] [warning] [Decorations] CAPPING events from decorations provider vscode.git 6880
[2022-06-02 10:49:47.743] [exthost] [warning] [Decorations] CAPPING events from decorations provider vscode.git 6881
[2022-06-02 10:49:57.228] [exthost] [warning] [Decorations] CAPPING events from decorations provider vscode.git 6880
[2022-06-02 10:50:06.600] [exthost] [warning] [Decorations] CAPPING events from decorations provider vscode.git 6880
[2022-06-02 10:50:16.107] [exthost] [warning] [Decorations] CAPPING events from decorations provider vscode.git 6880
[2022-06-02 10:50:25.662] [exthost] [warning] [Decorations] CAPPING events from decorations provider vscode.git 6880
[2022-06-02 10:50:36.480] [exthost] [warning] [Decorations] CAPPING events from decorations provider vscode.git 6880
[2022-06-02 10:50:46.170] [exthost] [warning] [Decorations] CAPPING events from decorations provider vscode.git 6880
[2022-06-02 10:50:55.737] [exthost] [warning] [Decorations] CAPPING events from decorations provider vscode.git 6881
[2022-06-02 10:51:00.467] [exthost] [error] [vscode.typescript-language-features] provider FAILED
[2022-06-02 10:51:00.467] [exthost] [error] Error: DisposableStore is missing...
	at Q._convertCompletionItem (/home/ubuntu-1021941/.vscode-server/bin/c3511e6c69bb39013c4a4b7b9566ec1ca73fc4d5/out/vs/workbench/api/node/extensionHostProcess.js:83:112140)
	at Q.resolveCompletionItem (/home/ubuntu-1021941/.vscode-server/bin/c3511e6c69bb39013c4a4b7b9566ec1ca73fc4d5/out/vs/workbench/api/node/extensionHostProcess.js:83:111918)
	at processTicksAndRejections (node:internal/process/task_queues:96:5)
[2022-06-02 10:51:12.499] [exthost] [warning] [Decorations] CAPPING events from decorations provider vscode.git 6880
[2022-06-02 10:54:18.264] [exthost] [warning] [Decorations] CAPPING events from decorations provider vscode.git 6880
[2022-06-02 10:54:28.136] [exthost] [warning] [Decorations] CAPPING events from decorations provider vscode.git 6881
[2022-06-02 10:54:37.835] [exthost] [warning] [Decorations] CAPPING events from decorations provider vscode.git 6880
[2022-06-02 10:54:47.702] [exthost] [warning] [Decorations] CAPPING events from decorations provider vscode.git 6880
[2022-06-02 10:54:57.508] [exthost] [warning] [Decorations] CAPPING events from decorations provider vscode.git 6882
[2022-06-02 10:55:07.083] [exthost] [warning] [Decorations] CAPPING events from decorations provider vscode.git 6880
[2022-06-02 10:55:12.573] [exthost] [warning] [Decorations] CAPPING events from decorations provider vscode.git 6880
[2022-06-02 10:55:22.354] [exthost] [warning] [Decorations] CAPPING events from decorations provider vscode.git 6880
[2022-06-02 10:55:31.714] [exthost] [warning] [Decorations] CAPPING events from decorations provider vscode.git 6880
[2022-06-02 10:55:41.229] [exthost] [warning] [Decorations] CAPPING events from decorations provider vscode.git 6880
[2022-06-02 10:55:50.757] [exthost] [warning] [Decorations] CAPPING events from decorations provider vscode.git 6880
[2022-06-02 10:56:03.855] [exthost] [warning] [Decorations] CAPPING events from decorations provider vscode.git 6880
[2022-06-02 10:56:13.125] [exthost] [warning] [Decorations] CAPPING events from decorations provider vscode.git 6881
[2022-06-02 10:56:18.532] [exthost] [warning] [Decorations] CAPPING events from decorations provider vscode.git 6880
[2022-06-02 10:56:28.112] [exthost] [warning] [Decorations] CAPPING events from decorations provider vscode.git 6880
[2022-06-02 10:57:34.150] [exthost] [warning] [Decorations] CAPPING events from decorations provider vscode.git 6881
[2022-06-02 10:58:06.277] [exthost] [warning] [Decorations] CAPPING events from decorations provider vscode.git 6880
[2022-06-02 10:58:15.511] [exthost] [warning] [Decorations] CAPPING events from decorations provider vscode.git 6880
[2022-06-02 10:59:05.757] [exthost] [warning] [Decorations] CAPPING events from decorations provider vscode.git 6880
[2022-06-02 11:07:17.482] [exthost] [warning] [Decorations] CAPPING events from decorations provider vscode.git 6880
[2022-06-02 11:07:26.806] [exthost] [warning] [Decorations] CAPPING events from decorations provider vscode.git 6880
[2022-06-02 11:07:37.254] [exthost] [warning] [Decorations] CAPPING events from decorations provider vscode.git 6880
[2022-06-02 11:07:46.685] [exthost] [warning] [Decorations] CAPPING events from decorations provider vscode.git 6880
[2022-06-02 11:07:55.999] [exthost] [warning] [Decorations] CAPPING events from decorations provider vscode.git 6880
[2022-06-02 11:08:05.665] [exthost] [warning] [Decorations] CAPPING events from decorations provider vscode.git 6882
[2022-06-02 11:08:16.008] [exthost] [warning] [Decorations] CAPPING events from decorations provider vscode.git 6882
[2022-06-02 11:08:25.444] [exthost] [warning] [Decorations] CAPPING events from decorations provider vscode.git 6884
[2022-06-02 11:08:34.838] [exthost] [warning] [Decorations] CAPPING events from decorations provider vscode.git 6885
[2022-06-02 11:08:44.273] [exthost] [warning] [Decorations] CAPPING events from decorations provider vscode.git 6885
[2022-06-02 11:10:58.953] [exthost] [warning] [Decorations] CAPPING events from decorations provider vscode.git 6886
[2022-06-02 11:11:08.410] [exthost] [warning] [Decorations] CAPPING events from decorations provider vscode.git 6886
[2022-06-02 11:11:17.913] [exthost] [warning] [Decorations] CAPPING events from decorations provider vscode.git 6886
[2022-06-02 11:11:27.534] [exthost] [warning] [Decorations] CAPPING events from decorations provider vscode.git 6886
[2022-06-02 11:11:37.010] [exthost] [warning] [Decorations] CAPPING events from decorations provider vscode.git 6886
[2022-06-02 11:11:46.397] [exthost] [warning] [Decorations] CAPPING events from decorations provider vscode.git 6886
[2022-06-02 11:11:56.222] [exthost] [warning] [Decorations] CAPPING events from decorations provider vscode.git 6886
[2022-06-02 11:12:05.420] [exthost] [warning] [Decorations] CAPPING events from decorations provider vscode.git 6886
[2022-06-02 11:12:14.897] [exthost] [warning] [Decorations] CAPPING events from decorations provider vscode.git 6886
[2022-06-02 11:12:24.208] [exthost] [warning] [Decorations] CAPPING events from decorations provider vscode.git 6886
[2022-06-02 11:12:33.518] [exthost] [warning] [Decorations] CAPPING events from decorations provider vscode.git 6886
[2022-06-02 11:12:42.919] [exthost] [warning] [Decorations] CAPPING events from decorations provider vscode.git 6886
[2022-06-02 11:12:52.363] [exthost] [warning] [Decorations] CAPPING events from decorations provider vscode.git 6886
[2022-06-02 11:13:02.368] [exthost] [warning] [Decorations] CAPPING events from decorations provider vscode.git 6886
[2022-06-02 11:13:12.251] [exthost] [warning] [Decorations] CAPPING events from decorations provider vscode.git 6886
[2022-06-02 11:13:22.220] [exthost] [warning] [Decorations] CAPPING events from decorations provider vscode.git 6886
[2022-06-02 11:13:31.561] [exthost] [warning] [Decorations] CAPPING events from decorations provider vscode.git 6886
[2022-06-02 11:13:40.968] [exthost] [warning] [Decorations] CAPPING events from decorations provider vscode.git 6886
[2022-06-02 11:13:50.394] [exthost] [warning] [Decorations] CAPPING events from decorations provider vscode.git 6886
[2022-06-02 11:13:59.660] [exthost] [warning] [Decorations] CAPPING events from decorations provider vscode.git 6886
[2022-06-02 11:14:08.946] [exthost] [warning] [Decorations] CAPPING events from decorations provider vscode.git 6886
[2022-06-02 11:14:18.399] [exthost] [warning] [Decorations] CAPPING events from decorations provider vscode.git 6886
[2022-06-02 11:14:27.694] [exthost] [warning] [Decorations] CAPPING events from decorations provider vscode.git 6886
[2022-06-02 11:14:36.953] [exthost] [warning] [Decorations] CAPPING events from decorations provider vscode.git 6886
[2022-06-02 11:14:46.389] [exthost] [warning] [Decorations] CAPPING events from decorations provider vscode.git 6886
[2022-06-02 11:14:55.666] [exthost] [warning] [Decorations] CAPPING events from decorations provider vscode.git 6886
[2022-06-02 11:15:05.018] [exthost] [warning] [Decorations] CAPPING events from decorations provider vscode.git 6886
[2022-06-02 11:15:15.168] [exthost] [warning] [Decorations] CAPPING events from decorations provider vscode.git 6886
[2022-06-02 11:15:24.550] [exthost] [warning] [Decorations] CAPPING events from decorations provider vscode.git 6886
[2022-06-02 11:15:34.091] [exthost] [warning] [Decorations] CAPPING events from decorations provider vscode.git 6886
[2022-06-02 11:15:43.582] [exthost] [warning] [Decorations] CAPPING events from decorations provider vscode.git 6886
[2022-06-02 11:15:52.942] [exthost] [warning] [Decorations] CAPPING events from decorations provider vscode.git 6886
[2022-06-02 11:16:02.404] [exthost] [warning] [Decorations] CAPPING events from decorations provider vscode.git 6886
[2022-06-02 11:16:11.701] [exthost] [warning] [Decorations] CAPPING events from decorations provider vscode.git 6886
[2022-06-02 11:16:20.974] [exthost] [warning] [Decorations] CAPPING events from decorations provider vscode.git 6886
[2022-06-02 11:16:30.409] [exthost] [warning] [Decorations] CAPPING events from decorations provider vscode.git 6886
[2022-06-02 11:16:39.769] [exthost] [warning] [Decorations] CAPPING events from decorations provider vscode.git 6886
[2022-06-02 11:16:48.985] [exthost] [warning] [Decorations] CAPPING events from decorations provider vscode.git 6886
[2022-06-02 11:16:58.395] [exthost] [warning] [Decorations] CAPPING events from decorations provider vscode.git 6886
[2022-06-02 11:21:17.956] [exthost] [warning] [Decorations] CAPPING events from decorations provider vscode.git 6886
[2022-06-02 12:30:49.596] [exthost] [warning] [Decorations] CAPPING events from decorations provider vscode.git 6886
[2022-06-02 12:30:59.134] [exthost] [warning] [Decorations] CAPPING events from decorations provider vscode.git 6886
[2022-06-02 12:31:09.267] [exthost] [warning] [Decorations] CAPPING events from decorations provider vscode.git 6887
[2022-06-02 12:31:18.678] [exthost] [warning] [Decorations] CAPPING events from decorations provider vscode.git 6887
[2022-06-02 12:31:28.157] [exthost] [warning] [Decorations] CAPPING events from decorations provider vscode.git 6887
[2022-06-02 12:31:37.631] [exthost] [warning] [Decorations] CAPPING events from decorations provider vscode.git 6887
[2022-06-02 12:31:47.745] [exthost] [warning] [Decorations] CAPPING events from decorations provider vscode.git 6887
[2022-06-02 12:31:57.139] [exthost] [warning] [Decorations] CAPPING events from decorations provider vscode.git 6887
[2022-06-02 12:32:06.851] [exthost] [warning] [Decorations] CAPPING events from decorations provider vscode.git 6887
[2022-06-02 12:32:16.241] [exthost] [warning] [Decorations] CAPPING events from decorations provider vscode.git 6887
[2022-06-02 12:32:30.581] [exthost] [warning] [Decorations] CAPPING events from decorations provider vscode.git 6887
[2022-06-02 12:32:41.017] [exthost] [warning] [Decorations] CAPPING events from decorations provider vscode.git 6887
[2022-06-02 12:32:50.658] [exthost] [warning] [Decorations] CAPPING events from decorations provider vscode.git 6887
[2022-06-02 12:33:00.195] [exthost] [warning] [Decorations] CAPPING events from decorations provider vscode.git 6887
[2022-06-02 12:33:09.758] [exthost] [warning] [Decorations] CAPPING events from decorations provider vscode.git 6887
[2022-06-02 12:33:19.361] [exthost] [warning] [Decorations] CAPPING events from decorations provider vscode.git 6887
[2022-06-02 12:33:28.911] [exthost] [warning] [Decorations] CAPPING events from decorations provider vscode.git 6887
[2022-06-02 12:33:38.433] [exthost] [warning] [Decorations] CAPPING events from decorations provider vscode.git 6887
[2022-06-02 12:33:47.876] [exthost] [warning] [Decorations] CAPPING events from decorations provider vscode.git 6887
[2022-06-02 12:33:57.403] [exthost] [warning] [Decorations] CAPPING events from decorations provider vscode.git 6887
[2022-06-02 12:34:06.874] [exthost] [warning] [Decorations] CAPPING events from decorations provider vscode.git 6887
[2022-06-02 12:34:16.416] [exthost] [warning] [Decorations] CAPPING events from decorations provider vscode.git 6887
[2022-06-02 12:34:25.920] [exthost] [warning] [Decorations] CAPPING events from decorations provider vscode.git 6888
[2022-06-02 12:34:35.749] [exthost] [warning] [Decorations] CAPPING events from decorations provider vscode.git 6888
[2022-06-02 12:34:45.453] [exthost] [warning] [Decorations] CAPPING events from decorations provider vscode.git 6888
[2022-06-02 12:34:54.748] [exthost] [warning] [Decorations] CAPPING events from decorations provider vscode.git 6888
[2022-06-02 12:35:00.190] [exthost] [warning] [Decorations] CAPPING events from decorations provider vscode.git 6888
[2022-06-02 12:35:10.184] [exthost] [warning] [Decorations] CAPPING events from decorations provider vscode.git 6888
[2022-06-02 12:35:19.711] [exthost] [warning] [Decorations] CAPPING events from decorations provider vscode.git 6888
[2022-06-02 12:35:30.054] [exthost] [warning] [Decorations] CAPPING events from decorations provider vscode.git 6888
[2022-06-02 12:35:39.786] [exthost] [warning] [Decorations] CAPPING events from decorations provider vscode.git 6888
[2022-06-02 12:35:49.106] [exthost] [warning] [Decorations] CAPPING events from decorations provider vscode.git 6888
[2022-06-02 12:35:58.918] [exthost] [warning] [Decorations] CAPPING events from decorations provider vscode.git 6888
[2022-06-02 12:36:09.106] [exthost] [warning] [Decorations] CAPPING events from decorations provider vscode.git 6888
[2022-06-02 12:36:18.644] [exthost] [warning] [Decorations] CAPPING events from decorations provider vscode.git 6888
[2022-06-02 12:36:29.020] [exthost] [warning] [Decorations] CAPPING events from decorations provider vscode.git 6888
[2022-06-02 12:36:38.599] [exthost] [warning] [Decorations] CAPPING events from decorations provider vscode.git 6888
[2022-06-02 12:37:01.894] [exthost] [warning] [Decorations] CAPPING events from decorations provider vscode.git 6888
[2022-06-02 12:38:50.259] [exthost] [warning] [Decorations] CAPPING events from decorations provider vscode.git 6888
[2022-06-02 12:38:59.712] [exthost] [warning] [Decorations] CAPPING events from decorations provider vscode.git 6889
[2022-06-02 12:39:09.366] [exthost] [warning] [Decorations] CAPPING events from decorations provider vscode.git 6889
[2022-06-02 12:39:19.521] [exthost] [warning] [Decorations] CAPPING events from decorations provider vscode.git 6890
[2022-06-02 12:39:29.125] [exthost] [warning] [Decorations] CAPPING events from decorations provider vscode.git 6891
[2022-06-02 12:39:38.713] [exthost] [warning] [Decorations] CAPPING events from decorations provider vscode.git 6891
[2022-06-02 12:40:57.402] [exthost] [warning] [Decorations] CAPPING events from decorations provider vscode.git 6891
[2022-06-02 12:41:07.118] [exthost] [warning] [Decorations] CAPPING events from decorations provider vscode.git 6891
[2022-06-02 12:43:09.571] [exthost] [warning] [Decorations] CAPPING events from decorations provider vscode.git 6891
[2022-06-02 12:43:19.073] [exthost] [warning] [Decorations] CAPPING events from decorations provider vscode.git 6892
[2022-06-02 12:45:10.097] [exthost] [warning] [Decorations] CAPPING events from decorations provider vscode.git 6891
[2022-06-02 12:45:19.713] [exthost] [warning] [Decorations] CAPPING events from decorations provider vscode.git 6891
[2022-06-02 12:45:29.404] [exthost] [warning] [Decorations] CAPPING events from decorations provider vscode.git 6891
[2022-06-02 12:45:38.875] [exthost] [warning] [Decorations] CAPPING events from decorations provider vscode.git 6891
[2022-06-02 12:45:48.166] [exthost] [warning] [Decorations] CAPPING events from decorations provider vscode.git 6892
[2022-06-02 12:45:57.913] [exthost] [warning] [Decorations] CAPPING events from decorations provider vscode.git 6892
[2022-06-02 12:46:07.351] [exthost] [warning] [Decorations] CAPPING events from decorations provider vscode.git 6892
[2022-06-02 12:46:56.251] [exthost] [warning] [Decorations] CAPPING events from decorations provider vscode.git 6892
[2022-06-02 12:47:05.637] [exthost] [warning] [Decorations] CAPPING events from decorations provider vscode.git 6892
[2022-06-02 12:47:15.110] [exthost] [warning] [Decorations] CAPPING events from decorations provider vscode.git 6892
[2022-06-02 12:47:24.618] [exthost] [warning] [Decorations] CAPPING events from decorations provider vscode.git 6892
[2022-06-02 12:47:34.118] [exthost] [warning] [Decorations] CAPPING events from decorations provider vscode.git 6893
[2022-06-02 12:47:43.747] [exthost] [warning] [Decorations] CAPPING events from decorations provider vscode.git 6893
[2022-06-02 12:47:53.332] [exthost] [warning] [Decorations] CAPPING events from decorations provider vscode.git 6893
[2022-06-02 12:48:03.405] [exthost] [warning] [Decorations] CAPPING events from decorations provider vscode.git 6894
[2022-06-02 12:48:12.814] [exthost] [warning] [Decorations] CAPPING events from decorations provider vscode.git 6894
[2022-06-02 12:48:26.530] [exthost] [warning] [Decorations] CAPPING events from decorations provider vscode.git 6894
[2022-06-02 12:48:56.107] [exthost] [warning] [Decorations] CAPPING events from decorations provider vscode.git 6894
[2022-06-02 12:49:05.631] [exthost] [warning] [Decorations] CAPPING events from decorations provider vscode.git 6895
[2022-06-02 12:50:08.439] [exthost] [warning] [Decorations] CAPPING events from decorations provider vscode.git 6894
[2022-06-02 12:51:22.794] [exthost] [warning] [Decorations] CAPPING events from decorations provider vscode.git 6894
[2022-06-02 12:51:32.895] [exthost] [warning] [Decorations] CAPPING events from decorations provider vscode.git 6894
[2022-06-02 12:51:42.328] [exthost] [warning] [Decorations] CAPPING events from decorations provider vscode.git 6894
[2022-06-02 12:51:51.686] [exthost] [warning] [Decorations] CAPPING events from decorations provider vscode.git 6894
[2022-06-02 12:52:01.238] [exthost] [warning] [Decorations] CAPPING events from decorations provider vscode.git 6894
[2022-06-02 12:52:10.690] [exthost] [warning] [Decorations] CAPPING events from decorations provider vscode.git 6894
[2022-06-02 12:52:20.184] [exthost] [warning] [Decorations] CAPPING events from decorations provider vscode.git 6894
[2022-06-02 12:52:29.462] [exthost] [warning] [Decorations] CAPPING events from decorations provider vscode.git 6894
[2022-06-02 12:52:38.825] [exthost] [warning] [Decorations] CAPPING events from decorations provider vscode.git 6894
[2022-06-02 12:52:48.070] [exthost] [warning] [Decorations] CAPPING events from decorations provider vscode.git 6894
[2022-06-02 12:52:57.563] [exthost] [warning] [Decorations] CAPPING events from decorations provider vscode.git 6894
[2022-06-02 12:53:06.950] [exthost] [warning] [Decorations] CAPPING events from decorations provider vscode.git 6894
[2022-06-02 12:53:16.279] [exthost] [warning] [Decorations] CAPPING events from decorations provider vscode.git 6894
[2022-06-02 12:53:25.493] [exthost] [warning] [Decorations] CAPPING events from decorations provider vscode.git 6894
[2022-06-02 12:53:34.736] [exthost] [warning] [Decorations] CAPPING events from decorations provider vscode.git 6894
[2022-06-02 12:54:46.798] [exthost] [warning] [Decorations] CAPPING events from decorations provider vscode.git 6894
[2022-06-02 12:54:56.083] [exthost] [warning] [Decorations] CAPPING events from decorations provider vscode.git 6894
[2022-06-02 12:55:05.497] [exthost] [warning] [Decorations] CAPPING events from decorations provider vscode.git 6894
[2022-06-02 12:55:14.987] [exthost] [warning] [Decorations] CAPPING events from decorations provider vscode.git 6894
[2022-06-02 12:55:24.519] [exthost] [warning] [Decorations] CAPPING events from decorations provider vscode.git 6894
[2022-06-02 12:55:34.013] [exthost] [warning] [Decorations] CAPPING events from decorations provider vscode.git 6894
[2022-06-02 12:55:43.538] [exthost] [warning] [Decorations] CAPPING events from decorations provider vscode.git 6894
[2022-06-02 12:56:07.584] [exthost] [warning] [Decorations] CAPPING events from decorations provider vscode.git 6894
[2022-06-02 12:56:17.034] [exthost] [warning] [Decorations] CAPPING events from decorations provider vscode.git 6894
[2022-06-02 12:56:26.543] [exthost] [warning] [Decorations] CAPPING events from decorations provider vscode.git 6894
[2022-06-02 12:56:35.996] [exthost] [warning] [Decorations] CAPPING events from decorations provider vscode.git 6894
[2022-06-02 12:56:45.392] [exthost] [warning] [Decorations] CAPPING events from decorations provider vscode.git 6894
[2022-06-02 12:56:54.679] [exthost] [warning] [Decorations] CAPPING events from decorations provider vscode.git 6894
[2022-06-02 12:57:03.987] [exthost] [warning] [Decorations] CAPPING events from decorations provider vscode.git 6894
[2022-06-02 12:57:54.186] [exthost] [warning] [Decorations] CAPPING events from decorations provider vscode.git 6894
[2022-06-02 12:58:03.504] [exthost] [warning] [Decorations] CAPPING events from decorations provider vscode.git 6894
[2022-06-02 12:58:12.973] [exthost] [warning] [Decorations] CAPPING events from decorations provider vscode.git 6894
[2022-06-02 12:58:22.494] [exthost] [warning] [Decorations] CAPPING events from decorations provider vscode.git 6894
[2022-06-02 12:58:32.038] [exthost] [warning] [Decorations] CAPPING events from decorations provider vscode.git 6894
[2022-06-02 12:58:41.631] [exthost] [warning] [Decorations] CAPPING events from decorations provider vscode.git 6894
[2022-06-02 12:58:51.081] [exthost] [warning] [Decorations] CAPPING events from decorations provider vscode.git 6895
[2022-06-02 12:59:00.538] [exthost] [warning] [Decorations] CAPPING events from decorations provider vscode.git 6895
[2022-06-02 12:59:09.975] [exthost] [warning] [Decorations] CAPPING events from decorations provider vscode.git 6896
[2022-06-02 12:59:19.617] [exthost] [warning] [Decorations] CAPPING events from decorations provider vscode.git 6896
[2022-06-02 12:59:28.721] [exthost] [warning] [Decorations] CAPPING events from decorations provider vscode.git 6896
[2022-06-02 13:02:03.279] [exthost] [warning] [Decorations] CAPPING events from decorations provider vscode.git 6896
[2022-06-02 13:02:52.399] [exthost] [warning] [Decorations] CAPPING events from decorations provider vscode.git 6896
[2022-06-02 13:03:01.969] [exthost] [warning] [Decorations] CAPPING events from decorations provider vscode.git 6897
[2022-06-02 13:03:12.261] [exthost] [warning] [Decorations] CAPPING events from decorations provider vscode.git 6897
[2022-06-02 13:03:26.047] [exthost] [warning] [Decorations] CAPPING events from decorations provider vscode.git 6897
[2022-06-02 13:03:35.290] [exthost] [warning] [Decorations] CAPPING events from decorations provider vscode.git 6897
[2022-06-02 13:03:44.461] [exthost] [warning] [Decorations] CAPPING events from decorations provider vscode.git 6897
[2022-06-02 13:03:53.993] [exthost] [warning] [Decorations] CAPPING events from decorations provider vscode.git 6898
[2022-06-02 13:04:03.578] [exthost] [warning] [Decorations] CAPPING events from decorations provider vscode.git 6897
[2022-06-02 13:04:13.804] [exthost] [warning] [Decorations] CAPPING events from decorations provider vscode.git 6897
[2022-06-02 13:04:23.196] [exthost] [warning] [Decorations] CAPPING events from decorations provider vscode.git 6897
[2022-06-02 13:04:33.057] [exthost] [warning] [Decorations] CAPPING events from decorations provider vscode.git 6898
[2022-06-02 13:04:42.759] [exthost] [warning] [Decorations] CAPPING events from decorations provider vscode.git 6897
[2022-06-02 13:04:52.135] [exthost] [warning] [Decorations] CAPPING events from decorations provider vscode.git 6897
[2022-06-02 13:05:01.853] [exthost] [warning] [Decorations] CAPPING events from decorations provider vscode.git 6897
[2022-06-02 13:05:11.414] [exthost] [warning] [Decorations] CAPPING events from decorations provider vscode.git 6897
[2022-06-02 13:05:20.685] [exthost] [warning] [Decorations] CAPPING events from decorations provider vscode.git 6897
[2022-06-02 13:05:30.511] [exthost] [warning] [Decorations] CAPPING events from decorations provider vscode.git 6898
[2022-06-02 13:05:40.482] [exthost] [warning] [Decorations] CAPPING events from decorations provider vscode.git 6897
[2022-06-02 13:05:45.926] [exthost] [warning] [Decorations] CAPPING events from decorations provider vscode.git 6897
[2022-06-02 13:05:55.142] [exthost] [warning] [Decorations] CAPPING events from decorations provider vscode.git 6897
[2022-06-02 13:06:05.354] [exthost] [warning] [Decorations] CAPPING events from decorations provider vscode.git 6897
[2022-06-02 13:06:15.175] [exthost] [warning] [Decorations] CAPPING events from decorations provider vscode.git 6898
[2022-06-02 13:06:24.418] [exthost] [warning] [Decorations] CAPPING events from decorations provider vscode.git 6898
[2022-06-02 13:06:34.356] [exthost] [warning] [Decorations] CAPPING events from decorations provider vscode.git 6897
[2022-06-02 13:07:12.107] [exthost] [warning] [Decorations] CAPPING events from decorations provider vscode.git 6897
[2022-06-02 13:07:21.521] [exthost] [warning] [Decorations] CAPPING events from decorations provider vscode.git 6898
[2022-06-02 13:07:26.929] [exthost] [warning] [Decorations] CAPPING events from decorations provider vscode.git 6897
[2022-06-02 13:11:17.019] [exthost] [warning] [Decorations] CAPPING events from decorations provider vscode.git 6897
[2022-06-02 13:11:30.748] [exthost] [warning] [Decorations] CAPPING events from decorations provider vscode.git 6897
[2022-06-02 13:11:40.083] [exthost] [warning] [Decorations] CAPPING events from decorations provider vscode.git 6898
[2022-06-02 13:12:43.559] [exthost] [warning] [Decorations] CAPPING events from decorations provider vscode.git 6898
[2022-06-02 13:12:53.004] [exthost] [warning] [Decorations] CAPPING events from decorations provider vscode.git 6899
[2022-06-02 13:13:02.679] [exthost] [warning] [Decorations] CAPPING events from decorations provider vscode.git 6899
[2022-06-02 13:13:12.284] [exthost] [warning] [Decorations] CAPPING events from decorations provider vscode.git 6899
[2022-06-02 13:13:22.355] [exthost] [warning] [Decorations] CAPPING events from decorations provider vscode.git 6899
[2022-06-02 13:13:32.907] [exthost] [warning] [Decorations] CAPPING events from decorations provider vscode.git 6899
[2022-06-02 13:13:42.458] [exthost] [warning] [Decorations] CAPPING events from decorations provider vscode.git 6899
[2022-06-02 13:13:51.966] [exthost] [warning] [Decorations] CAPPING events from decorations provider vscode.git 6900
[2022-06-02 13:14:01.398] [exthost] [warning] [Decorations] CAPPING events from decorations provider vscode.git 6899
[2022-06-02 13:14:14.157] [exthost] [warning] [Decorations] CAPPING events from decorations provider vscode.git 6899
[2022-06-02 13:14:23.418] [exthost] [warning] [Decorations] CAPPING events from decorations provider vscode.git 6899
[2022-06-02 13:14:33.813] [exthost] [warning] [Decorations] CAPPING events from decorations provider vscode.git 6899
[2022-06-02 13:14:43.085] [exthost] [warning] [Decorations] CAPPING events from decorations provider vscode.git 6899
[2022-06-02 13:14:52.578] [exthost] [warning] [Decorations] CAPPING events from decorations provider vscode.git 6899
[2022-06-02 13:15:10.130] [exthost] [warning] [Decorations] CAPPING events from decorations provider vscode.git 6899
[2022-06-02 13:15:19.583] [exthost] [warning] [Decorations] CAPPING events from decorations provider vscode.git 6899
[2022-06-02 13:15:29.104] [exthost] [warning] [Decorations] CAPPING events from decorations provider vscode.git 6900
[2022-06-02 13:15:38.777] [exthost] [warning] [Decorations] CAPPING events from decorations provider vscode.git 6900
[2022-06-02 13:16:07.581] [exthost] [warning] [Decorations] CAPPING events from decorations provider vscode.git 6900
[2022-06-02 13:16:16.984] [exthost] [warning] [Decorations] CAPPING events from decorations provider vscode.git 6900
[2022-06-02 13:16:26.480] [exthost] [warning] [Decorations] CAPPING events from decorations provider vscode.git 6900
[2022-06-02 13:16:35.923] [exthost] [warning] [Decorations] CAPPING events from decorations provider vscode.git 6900
[2022-06-02 13:17:48.794] [exthost] [warning] [Decorations] CAPPING events from decorations provider vscode.git 6900
[2022-06-02 13:17:58.128] [exthost] [warning] [Decorations] CAPPING events from decorations provider vscode.git 6900
[2022-06-02 13:18:07.848] [exthost] [warning] [Decorations] CAPPING events from decorations provider vscode.git 6900
[2022-06-02 13:18:17.094] [exthost] [warning] [Decorations] CAPPING events from decorations provider vscode.git 6901
[2022-06-02 13:18:26.425] [exthost] [warning] [Decorations] CAPPING events from decorations provider vscode.git 6900
[2022-06-02 13:18:53.735] [exthost] [warning] [Decorations] CAPPING events from decorations provider vscode.git 6900
[2022-06-02 13:19:17.050] [exthost] [warning] [Decorations] CAPPING events from decorations provider vscode.git 6900
[2022-06-02 13:19:27.233] [exthost] [warning] [Decorations] CAPPING events from decorations provider vscode.git 6900
[2022-06-02 13:19:37.177] [exthost] [warning] [Decorations] CAPPING events from decorations provider vscode.git 6900
[2022-06-02 13:19:51.838] [exthost] [warning] [Decorations] CAPPING events from decorations provider vscode.git 6900
[2022-06-02 13:20:01.351] [exthost] [warning] [Decorations] CAPPING events from decorations provider vscode.git 6900
[2022-06-02 13:21:09.886] [exthost] [warning] [Decorations] CAPPING events from decorations provider vscode.git 6900
[2022-06-02 13:21:19.345] [exthost] [warning] [Decorations] CAPPING events from decorations provider vscode.git 6900
[2022-06-02 13:21:29.528] [exthost] [warning] [Decorations] CAPPING events from decorations provider vscode.git 6901
[2022-06-02 13:21:45.344] [exthost] [warning] [Decorations] CAPPING events from decorations provider vscode.git 6901
[2022-06-02 13:21:54.964] [exthost] [warning] [Decorations] CAPPING events from decorations provider vscode.git 6900
[2022-06-02 13:22:04.816] [exthost] [warning] [Decorations] CAPPING events from decorations provider vscode.git 6900
[2022-06-02 13:22:15.313] [exthost] [warning] [Decorations] CAPPING events from decorations provider vscode.git 6900
[2022-06-02 13:22:24.644] [exthost] [warning] [Decorations] CAPPING events from decorations provider vscode.git 6901
[2022-06-02 13:22:34.320] [exthost] [warning] [Decorations] CAPPING events from decorations provider vscode.git 6900
[2022-06-02 13:22:43.956] [exthost] [warning] [Decorations] CAPPING events from decorations provider vscode.git 6900
[2022-06-02 13:22:53.368] [exthost] [warning] [Decorations] CAPPING events from decorations provider vscode.git 6900
[2022-06-02 13:23:03.518] [exthost] [warning] [Decorations] CAPPING events from decorations provider vscode.git 6900
[2022-06-02 13:23:12.796] [exthost] [warning] [Decorations] CAPPING events from decorations provider vscode.git 6900
[2022-06-02 13:23:22.140] [exthost] [warning] [Decorations] CAPPING events from decorations provider vscode.git 6900
[2022-06-02 13:23:31.712] [exthost] [warning] [Decorations] CAPPING events from decorations provider vscode.git 6900
[2022-06-02 13:23:41.208] [exthost] [warning] [Decorations] CAPPING events from decorations provider vscode.git 6900
[2022-06-02 13:23:50.785] [exthost] [warning] [Decorations] CAPPING events from decorations provider vscode.git 6900
[2022-06-02 13:24:00.333] [exthost] [warning] [Decorations] CAPPING events from decorations provider vscode.git 6900
[2022-06-02 13:24:10.069] [exthost] [warning] [Decorations] CAPPING events from decorations provider vscode.git 6900
[2022-06-02 13:24:19.558] [exthost] [warning] [Decorations] CAPPING events from decorations provider vscode.git 6900
[2022-06-02 13:25:47.067] [exthost] [warning] [Decorations] CAPPING events from decorations provider vscode.git 6900
[2022-06-02 13:25:56.635] [exthost] [warning] [Decorations] CAPPING events from decorations provider vscode.git 6900
[2022-06-02 13:26:06.316] [exthost] [warning] [Decorations] CAPPING events from decorations provider vscode.git 6900
[2022-06-02 13:26:15.872] [exthost] [warning] [Decorations] CAPPING events from decorations provider vscode.git 6900
[2022-06-02 13:26:25.268] [exthost] [warning] [Decorations] CAPPING events from decorations provider vscode.git 6900
[2022-06-02 13:27:31.001] [exthost] [warning] [Decorations] CAPPING events from decorations provider vscode.git 6901
[2022-06-02 13:27:36.426] [exthost] [warning] [Decorations] CAPPING events from decorations provider vscode.git 6900
[2022-06-02 13:28:08.922] [exthost] [warning] [Decorations] CAPPING events from decorations provider vscode.git 6900
[2022-06-02 13:28:18.396] [exthost] [warning] [Decorations] CAPPING events from decorations provider vscode.git 6901
[2022-06-02 13:28:27.943] [exthost] [warning] [Decorations] CAPPING events from decorations provider vscode.git 6900
[2022-06-02 13:29:13.005] [exthost] [warning] [Decorations] CAPPING events from decorations provider vscode.git 6901
[2022-06-02 13:29:22.510] [exthost] [warning] [Decorations] CAPPING events from decorations provider vscode.git 6901
[2022-06-02 13:29:32.665] [exthost] [warning] [Decorations] CAPPING events from decorations provider vscode.git 6900
[2022-06-02 13:29:44.891] [exthost] [warning] [Decorations] CAPPING events from decorations provider vscode.git 6901
[2022-06-02 13:29:54.365] [exthost] [warning] [Decorations] CAPPING events from decorations provider vscode.git 6900
[2022-06-02 13:30:03.879] [exthost] [warning] [Decorations] CAPPING events from decorations provider vscode.git 6900
[2022-06-02 13:30:14.436] [exthost] [warning] [Decorations] CAPPING events from decorations provider vscode.git 6900
[2022-06-02 13:30:23.856] [exthost] [warning] [Decorations] CAPPING events from decorations provider vscode.git 6900
[2022-06-02 13:30:33.417] [exthost] [warning] [Decorations] CAPPING events from decorations provider vscode.git 6900
[2022-06-02 13:30:42.917] [exthost] [warning] [Decorations] CAPPING events from decorations provider vscode.git 6900
[2022-06-02 13:30:52.521] [exthost] [warning] [Decorations] CAPPING events from decorations provider vscode.git 6900
[2022-06-02 13:31:02.256] [exthost] [warning] [Decorations] CAPPING events from decorations provider vscode.git 6900
[2022-06-02 13:31:11.844] [exthost] [warning] [Decorations] CAPPING events from decorations provider vscode.git 6900
[2022-06-02 13:31:21.522] [exthost] [warning] [Decorations] CAPPING events from decorations provider vscode.git 6900
[2022-06-02 13:31:31.869] [exthost] [warning] [Decorations] CAPPING events from decorations provider vscode.git 6900
[2022-06-02 13:31:41.450] [exthost] [warning] [Decorations] CAPPING events from decorations provider vscode.git 6900
[2022-06-02 13:31:53.224] [exthost] [warning] [Decorations] CAPPING events from decorations provider vscode.git 6900
[2022-06-02 13:32:02.886] [exthost] [warning] [Decorations] CAPPING events from decorations provider vscode.git 6900
[2022-06-02 13:32:12.037] [exthost] [warning] [Decorations] CAPPING events from decorations provider vscode.git 6902
[2022-06-02 13:32:17.467] [exthost] [warning] [Decorations] CAPPING events from decorations provider vscode.git 6900
[2022-06-02 13:32:27.060] [exthost] [warning] [Decorations] CAPPING events from decorations provider vscode.git 6901
[2022-06-02 13:32:36.897] [exthost] [warning] [Decorations] CAPPING events from decorations provider vscode.git 6900
[2022-06-02 13:32:46.816] [exthost] [warning] [Decorations] CAPPING events from decorations provider vscode.git 6900
[2022-06-02 13:32:56.299] [exthost] [warning] [Decorations] CAPPING events from decorations provider vscode.git 6900
[2022-06-02 13:33:07.435] [exthost] [warning] [Decorations] CAPPING events from decorations provider vscode.git 6900
[2022-06-02 13:35:28.217] [exthost] [warning] [Decorations] CAPPING events from decorations provider vscode.git 6901
[2022-06-02 13:35:38.428] [exthost] [warning] [Decorations] CAPPING events from decorations provider vscode.git 6901
[2022-06-02 13:35:48.969] [exthost] [warning] [Decorations] CAPPING events from decorations provider vscode.git 6900
[2022-06-02 13:35:58.476] [exthost] [warning] [Decorations] CAPPING events from decorations provider vscode.git 6900
[2022-06-02 13:36:08.260] [exthost] [warning] [Decorations] CAPPING events from decorations provider vscode.git 6900
[2022-06-02 13:36:32.700] [exthost] [warning] [Decorations] CAPPING events from decorations provider vscode.git 6900
[2022-06-02 13:37:18.259] [exthost] [warning] [Decorations] CAPPING events from decorations provider vscode.git 6900
[2022-06-02 13:37:27.968] [exthost] [warning] [Decorations] CAPPING events from decorations provider vscode.git 6901
[2022-06-02 13:37:37.311] [exthost] [warning] [Decorations] CAPPING events from decorations provider vscode.git 6900
[2022-06-02 13:37:47.036] [exthost] [warning] [Decorations] CAPPING events from decorations provider vscode.git 6901
[2022-06-02 13:37:56.975] [exthost] [warning] [Decorations] CAPPING events from decorations provider vscode.git 6900
[2022-06-02 13:38:06.530] [exthost] [warning] [Decorations] CAPPING events from decorations provider vscode.git 6900
[2022-06-02 13:38:16.625] [exthost] [warning] [Decorations] CAPPING events from decorations provider vscode.git 6900
[2022-06-02 13:38:26.319] [exthost] [warning] [Decorations] CAPPING events from decorations provider vscode.git 6900
[2022-06-02 13:38:35.749] [exthost] [warning] [Decorations] CAPPING events from decorations provider vscode.git 6900
[2022-06-02 13:38:45.342] [exthost] [warning] [Decorations] CAPPING events from decorations provider vscode.git 6900
[2022-06-02 13:38:54.911] [exthost] [warning] [Decorations] CAPPING events from decorations provider vscode.git 6901
[2022-06-02 13:39:04.612] [exthost] [warning] [Decorations] CAPPING events from decorations provider vscode.git 6900
[2022-06-02 13:39:14.568] [exthost] [warning] [Decorations] CAPPING events from decorations provider vscode.git 6900
[2022-06-02 13:39:24.044] [exthost] [warning] [Decorations] CAPPING events from decorations provider vscode.git 6900
[2022-06-02 13:39:33.756] [exthost] [warning] [Decorations] CAPPING events from decorations provider vscode.git 6900
[2022-06-02 13:39:43.528] [exthost] [warning] [Decorations] CAPPING events from decorations provider vscode.git 6901
[2022-06-02 13:39:53.091] [exthost] [warning] [Decorations] CAPPING events from decorations provider vscode.git 6900
[2022-06-02 13:40:02.747] [exthost] [warning] [Decorations] CAPPING events from decorations provider vscode.git 6900
[2022-06-02 13:40:13.506] [exthost] [warning] [Decorations] CAPPING events from decorations provider vscode.git 6901
[2022-06-02 13:40:22.947] [exthost] [warning] [Decorations] CAPPING events from decorations provider vscode.git 6900
[2022-06-02 13:40:32.813] [exthost] [warning] [Decorations] CAPPING events from decorations provider vscode.git 6900
[2022-06-02 13:40:43.370] [exthost] [warning] [Decorations] CAPPING events from decorations provider vscode.git 6900
[2022-06-02 13:40:53.378] [exthost] [warning] [Decorations] CAPPING events from decorations provider vscode.git 6900
[2022-06-02 13:41:06.176] [exthost] [warning] [Decorations] CAPPING events from decorations provider vscode.git 6900
[2022-06-02 13:41:15.573] [exthost] [warning] [Decorations] CAPPING events from decorations provider vscode.git 6900
[2022-06-02 13:41:25.260] [exthost] [warning] [Decorations] CAPPING events from decorations provider vscode.git 6900
[2022-06-02 13:41:33.586] [exthost] [error] [vscode.typescript-language-features] provider FAILED
[2022-06-02 13:41:33.586] [exthost] [error] Error: DisposableStore is missing...
	at Q._convertCompletionItem (/home/ubuntu-1021941/.vscode-server/bin/c3511e6c69bb39013c4a4b7b9566ec1ca73fc4d5/out/vs/workbench/api/node/extensionHostProcess.js:83:112140)
	at Q.resolveCompletionItem (/home/ubuntu-1021941/.vscode-server/bin/c3511e6c69bb39013c4a4b7b9566ec1ca73fc4d5/out/vs/workbench/api/node/extensionHostProcess.js:83:111918)
	at processTicksAndRejections (node:internal/process/task_queues:96:5)
[2022-06-02 13:41:34.549] [exthost] [warning] [Decorations] CAPPING events from decorations provider vscode.git 6901
[2022-06-02 13:41:39.948] [exthost] [warning] [Decorations] CAPPING events from decorations provider vscode.git 6900
[2022-06-02 13:41:49.383] [exthost] [warning] [Decorations] CAPPING events from decorations provider vscode.git 6900
[2022-06-02 13:41:58.760] [exthost] [warning] [Decorations] CAPPING events from decorations provider vscode.git 6900
[2022-06-02 13:42:08.753] [exthost] [warning] [Decorations] CAPPING events from decorations provider vscode.git 6901
[2022-06-02 13:42:18.500] [exthost] [warning] [Decorations] CAPPING events from decorations provider vscode.git 6900
[2022-06-02 13:42:27.622] [exthost] [warning] [Decorations] CAPPING events from decorations provider vscode.git 6900
[2022-06-02 13:42:37.399] [exthost] [warning] [Decorations] CAPPING events from decorations provider vscode.git 6900
[2022-06-02 13:42:47.164] [exthost] [warning] [Decorations] CAPPING events from decorations provider vscode.git 6901
[2022-06-02 13:42:57.148] [exthost] [warning] [Decorations] CAPPING events from decorations provider vscode.git 6900
[2022-06-02 13:43:06.881] [exthost] [warning] [Decorations] CAPPING events from decorations provider vscode.git 6900
[2022-06-02 13:43:17.249] [exthost] [warning] [Decorations] CAPPING events from decorations provider vscode.git 6900
[2022-06-02 13:43:27.223] [exthost] [warning] [Decorations] CAPPING events from decorations provider vscode.git 6900
[2022-06-02 13:43:37.117] [exthost] [warning] [Decorations] CAPPING events from decorations provider vscode.git 6900
[2022-06-02 13:43:46.582] [exthost] [warning] [Decorations] CAPPING events from decorations provider vscode.git 6900
[2022-06-02 13:43:55.985] [exthost] [warning] [Decorations] CAPPING events from decorations provider vscode.git 6900
[2022-06-02 13:44:06.157] [exthost] [warning] [Decorations] CAPPING events from decorations provider vscode.git 6900
[2022-06-02 13:44:11.624] [exthost] [warning] [Decorations] CAPPING events from decorations provider vscode.git 6900
[2022-06-02 13:44:21.958] [exthost] [warning] [Decorations] CAPPING events from decorations provider vscode.git 6901
[2022-06-02 13:44:31.438] [exthost] [warning] [Decorations] CAPPING events from decorations provider vscode.git 6900
[2022-06-02 13:44:36.848] [exthost] [warning] [Decorations] CAPPING events from decorations provider vscode.git 6900
[2022-06-02 13:44:46.300] [exthost] [warning] [Decorations] CAPPING events from decorations provider vscode.git 6900
[2022-06-02 13:44:56.102] [exthost] [warning] [Decorations] CAPPING events from decorations provider vscode.git 6900
[2022-06-02 13:45:05.867] [exthost] [warning] [Decorations] CAPPING events from decorations provider vscode.git 6900
[2022-06-02 13:45:15.484] [exthost] [warning] [Decorations] CAPPING events from decorations provider vscode.git 6900
[2022-06-02 13:45:25.234] [exthost] [warning] [Decorations] CAPPING events from decorations provider vscode.git 6900
[2022-06-02 13:45:35.130] [exthost] [warning] [Decorations] CAPPING events from decorations provider vscode.git 6901
[2022-06-02 13:45:44.668] [exthost] [warning] [Decorations] CAPPING events from decorations provider vscode.git 6900
[2022-06-02 13:45:54.212] [exthost] [warning] [Decorations] CAPPING events from decorations provider vscode.git 6900
[2022-06-02 13:46:03.886] [exthost] [warning] [Decorations] CAPPING events from decorations provider vscode.git 6901
[2022-06-02 13:46:13.463] [exthost] [warning] [Decorations] CAPPING events from decorations provider vscode.git 6900
[2022-06-02 13:46:23.117] [exthost] [warning] [Decorations] CAPPING events from decorations provider vscode.git 6900
[2022-06-02 13:46:32.894] [exthost] [warning] [Decorations] CAPPING events from decorations provider vscode.git 6901
[2022-06-02 13:46:42.412] [exthost] [warning] [Decorations] CAPPING events from decorations provider vscode.git 6900
[2022-06-02 13:46:52.275] [exthost] [warning] [Decorations] CAPPING events from decorations provider vscode.git 6900
[2022-06-02 13:47:01.688] [exthost] [warning] [Decorations] CAPPING events from decorations provider vscode.git 6900
[2022-06-02 13:47:11.261] [exthost] [warning] [Decorations] CAPPING events from decorations provider vscode.git 6900
[2022-06-02 13:47:20.833] [exthost] [warning] [Decorations] CAPPING events from decorations provider vscode.git 6900
[2022-06-02 13:47:30.228] [exthost] [warning] [Decorations] CAPPING events from decorations provider vscode.git 6900
[2022-06-02 13:47:40.757] [exthost] [warning] [Decorations] CAPPING events from decorations provider vscode.git 6900
[2022-06-02 13:47:50.481] [exthost] [warning] [Decorations] CAPPING events from decorations provider vscode.git 6901
[2022-06-02 13:48:00.692] [exthost] [warning] [Decorations] CAPPING events from decorations provider vscode.git 6900
[2022-06-02 13:48:11.239] [exthost] [warning] [Decorations] CAPPING events from decorations provider vscode.git 6900
[2022-06-02 13:48:20.768] [exthost] [warning] [Decorations] CAPPING events from decorations provider vscode.git 6900
[2022-06-02 13:48:38.295] [exthost] [warning] [Decorations] CAPPING events from decorations provider vscode.git 6901
[2022-06-02 13:48:53.340] [exthost] [warning] [Decorations] CAPPING events from decorations provider vscode.git 6900
[2022-06-02 13:49:03.175] [exthost] [warning] [Decorations] CAPPING events from decorations provider vscode.git 6901
[2022-06-02 13:49:13.543] [exthost] [warning] [Decorations] CAPPING events from decorations provider vscode.git 6900
[2022-06-02 13:49:23.279] [exthost] [warning] [Decorations] CAPPING events from decorations provider vscode.git 6900
[2022-06-02 13:49:33.492] [exthost] [warning] [Decorations] CAPPING events from decorations provider vscode.git 6900
[2022-06-02 13:57:49.367] [exthost] [info] Extension host terminating: renderer disconnected for too long (2)
[2022-06-02 13:57:50.037] [exthost] [info] Lock '/home/ubuntu-1021941/.vscode-server/data/User/workspaceStorage/56b96f145db760d9a83f35b6caf5e4f2/vscode.lock': Marking the lockfile as scheduled to be released in 6000 ms.
[2022-06-02 13:57:51.871] [exthost] [info] Extension host with pid 1633749 exiting with code 0
