[2022-05-30 16:50:04.976] [exthost] [info] Extension host with pid 1506323 started
[2022-05-30 16:50:05.059] [exthost] [info] Lock '/home/ubuntu-1021941/.vscode-server/data/User/workspaceStorage/56b96f145db760d9a83f35b6caf5e4f2/vscode.lock': Lock acquired.
[2022-05-30 16:50:05.493] [exthost] [info] ExtensionService#_doActivateExtension vscode.configuration-editing, startup: false, activationEvent: 'onLanguage:json'
[2022-05-30 16:50:05.586] [exthost] [info] ExtensionService#_doActivateExtension vscode.extension-editing, startup: false, activationEvent: 'onLanguage:json'
[2022-05-30 16:50:05.773] [exthost] [info] ExtensionService#_doActivateExtension vscode.json-language-features, startup: false, activationEvent: 'onLanguage:json'
[2022-05-30 16:50:06.110] [exthost] [info] ExtensionService#_doActivateExtension vscode.npm, startup: false, activationEvent: 'onLanguage:json'
[2022-05-30 16:50:06.247] [exthost] [info] ExtensionService#_doActivateExtension vscode.debug-auto-launch, startup: true, activationEvent: '*'
[2022-05-30 16:50:06.265] [exthost] [info] ExtensionService#_doActivateExtension vscode.git-base, startup: true, activationEvent: '*', root cause: vscode.git
[2022-05-30 16:50:06.300] [exthost] [info] ExtensionService#_doActivateExtension vscode.ipynb, startup: true, activationEvent: '*'
[2022-05-30 16:50:06.330] [exthost] [info] ExtensionService#_doActivateExtension akhail.save-typing, startup: true, activationEvent: '*'
[2022-05-30 16:50:06.373] [exthost] [info] ExtensionService#_doActivateExtension vscode.git, startup: true, activationEvent: '*'
[2022-05-30 16:50:06.568] [exthost] [info] ExtensionService#_doActivateExtension vscode.github, startup: true, activationEvent: '*'
[2022-05-30 16:50:06.898] [exthost] [info] ExtensionService#_doActivateExtension vscode.emmet, startup: false, activationEvent: 'onStartupFinished'
[2022-05-30 16:50:06.947] [exthost] [info] ExtensionService#_doActivateExtension vscode.merge-conflict, startup: false, activationEvent: 'onStartupFinished'
[2022-05-30 16:50:06.957] [exthost] [info] Eager extensions activated
[2022-05-30 16:50:07.535] [exthost] [warning] [Decorations] CAPPING events from decorations provider vscode.git 7856
[2022-05-30 16:50:25.552] [exthost] [warning] [Decorations] CAPPING events from decorations provider vscode.git 7858
[2022-05-30 16:50:29.914] [exthost] [info] ExtensionService#_doActivateExtension vscode.typescript-language-features, startup: false, activationEvent: 'onLanguage:javascript'
[2022-05-30 16:50:35.602] [exthost] [warning] [Decorations] CAPPING events from decorations provider vscode.git 7859
[2022-05-30 16:50:47.954] [exthost] [warning] [Decorations] CAPPING events from decorations provider vscode.git 7863
[2022-05-30 16:50:57.510] [exthost] [warning] [Decorations] CAPPING events from decorations provider vscode.git 7864
[2022-05-30 16:51:07.700] [exthost] [warning] [Decorations] CAPPING events from decorations provider vscode.git 7864
[2022-05-30 16:51:17.515] [exthost] [warning] [Decorations] CAPPING events from decorations provider vscode.git 7864
[2022-05-30 16:51:28.255] [exthost] [warning] [Decorations] CAPPING events from decorations provider vscode.git 7864
[2022-05-30 16:51:47.334] [exthost] [warning] [Decorations] CAPPING events from decorations provider vscode.git 7868
[2022-05-30 16:52:59.721] [exthost] [warning] [Decorations] CAPPING events from decorations provider vscode.git 7868
[2022-05-30 16:55:17.301] [exthost] [warning] [Decorations] CAPPING events from decorations provider vscode.git 7868
[2022-05-30 16:55:28.519] [exthost] [warning] [Decorations] CAPPING events from decorations provider vscode.git 7868
[2022-05-30 16:55:46.966] [exthost] [warning] [Decorations] CAPPING events from decorations provider vscode.git 7868
[2022-05-30 16:56:00.068] [exthost] [warning] [Decorations] CAPPING events from decorations provider vscode.git 7868
[2022-05-30 16:56:14.656] [exthost] [warning] [Decorations] CAPPING events from decorations provider vscode.git 7868
[2022-05-30 16:56:28.134] [exthost] [warning] [Decorations] CAPPING events from decorations provider vscode.git 7868
[2022-05-30 16:59:21.031] [exthost] [warning] [Decorations] CAPPING events from decorations provider vscode.git 7868
[2022-05-30 16:59:39.868] [exthost] [warning] [Decorations] CAPPING events from decorations provider vscode.git 7868
[2022-05-30 17:00:04.772] [exthost] [warning] [Decorations] CAPPING events from decorations provider vscode.git 7868
[2022-05-30 17:00:14.203] [exthost] [warning] [Decorations] CAPPING events from decorations provider vscode.git 7868
[2022-05-30 17:02:20.473] [exthost] [warning] [Decorations] CAPPING events from decorations provider vscode.git 7868
[2022-05-30 21:20:40.414] [exthost] [info] Extension host terminating: received terminate message from renderer
[2022-05-30 21:20:40.417] [exthost] [info] Lock '/home/ubuntu-1021941/.vscode-server/data/User/workspaceStorage/56b96f145db760d9a83f35b6caf5e4f2/vscode.lock': Marking the lockfile as scheduled to be released in 6000 ms.
[2022-05-30 21:20:40.534] [exthost] [info] Extension host with pid 1506323 exiting with code 0
