[2022-06-01T10:31:27.194Z] Validating found git in: git
[2022-06-01T10:31:27.407Z] Using git 2.25.1 from git
[2022-06-01T10:31:27.655Z] > git rev-parse --show-toplevel [179ms]
[2022-06-01T10:31:27.752Z] > git rev-parse --git-dir --git-common-dir [49ms]
[2022-06-01T10:31:27.814Z] Open repository: /home/ubuntu-1021941
[2022-06-01T10:31:28.649Z] > git status -z -uall [765ms]
[2022-06-01T10:31:28.678Z] > git symbolic-ref --short HEAD [8ms]
[2022-06-01T10:31:28.699Z] > git for-each-ref --format=%(refname)%00%(upstream:short)%00%(objectname)%00%(upstream:track)%00%(upstream:remotename)%00%(upstream:remoteref) refs/heads/main refs/remotes/main [6ms]
[2022-06-01T10:31:28.743Z] > git remote --verbose [9ms]
[2022-06-01T10:31:28.744Z] > git for-each-ref --sort -committerdate --format %(refname) %(objectname) %(*objectname) [24ms]
[2022-06-01T10:31:36.856Z] > git check-ignore -v -z --stdin [7116ms]
[2022-06-01T10:31:36.858Z] > git fetch [9001ms]
[2022-06-01T10:31:36.858Z] Missing or invalid credentials.
Skip silent fetch commands
Missing or invalid credentials.
Skip silent fetch commands
remote: Repository not found.
fatal: Authentication failed for 'https://github.com/Giovanny-HR/Project34.git/'
[2022-06-01T10:31:36.883Z] > git config --get commit.template [44ms]
[2022-06-01T10:31:37.403Z] > git show --textconv :.vscode-server/api/routes/balance.js [21ms]
[2022-06-01T10:31:37.414Z] > git ls-files --stage -- /home/ubuntu-1021941/.vscode-server/api/routes/balance.js [11ms]
[2022-06-01T10:31:38.049Z] > git show --textconv :.vscode-server/api/models/Post.js [10ms]
[2022-06-01T10:31:38.054Z] > git ls-files --stage -- /home/ubuntu-1021941/.vscode-server/api/models/Post.js [6ms]
[2022-06-01T10:35:18.272Z] > git show --textconv :.vscode-server/api/routes/posts.js [77ms]
[2022-06-01T10:35:18.314Z] > git ls-files --stage -- /home/ubuntu-1021941/.vscode-server/api/routes/posts.js [84ms]
[2022-06-01T10:36:40.305Z] > git show --textconv :.vscode-server/api/models/Post.js [29ms]
[2022-06-01T10:36:40.316Z] > git ls-files --stage -- /home/ubuntu-1021941/.vscode-server/api/models/Post.js [14ms]
[2022-06-01T10:36:52.167Z] > git show --textconv :.vscode-server/api/routes/balance.js [32ms]
[2022-06-01T10:36:52.188Z] > git ls-files --stage -- /home/ubuntu-1021941/.vscode-server/api/routes/balance.js [35ms]
[2022-06-01T10:36:53.231Z] > git show --textconv :.vscode-server/api/routes/posts.js [18ms]
[2022-06-01T10:36:53.238Z] > git ls-files --stage -- /home/ubuntu-1021941/.vscode-server/api/routes/posts.js [12ms]
[2022-06-01T10:37:13.148Z] > git show --textconv :.vscode-server/api/models/Post.js [18ms]
[2022-06-01T10:37:13.157Z] > git ls-files --stage -- /home/ubuntu-1021941/.vscode-server/api/models/Post.js [11ms]
[2022-06-01T10:40:59.960Z] > git show --textconv :.vscode-server/api/routes/balance.js [48ms]
[2022-06-01T10:40:59.968Z] > git ls-files --stage -- /home/ubuntu-1021941/.vscode-server/api/routes/balance.js [16ms]
[2022-06-01T10:41:06.434Z] > git ls-files --stage -- /home/ubuntu-1021941/.vscode-server/api/app.js [8ms]
[2022-06-01T10:41:06.559Z] > git cat-file -s b4718e023fe99e4b48d7f4762a704869733cc7bb [116ms]
[2022-06-01T10:41:06.567Z] > git show --textconv :.vscode-server/api/app.js [162ms]
[2022-06-01T10:46:03.401Z] > git show --textconv :.vscode-server/api/models/Post.js [14ms]
[2022-06-01T10:46:03.411Z] > git ls-files --stage -- /home/ubuntu-1021941/.vscode-server/api/models/Post.js [11ms]
[2022-06-01T10:46:36.427Z] > git show --textconv :.vscode-server/api/routes/balance.js [14ms]
[2022-06-01T10:46:36.433Z] > git ls-files --stage -- /home/ubuntu-1021941/.vscode-server/api/routes/balance.js [7ms]
[2022-06-01T10:46:43.405Z] > git show --textconv :.vscode-server/api/routes/posts.js [14ms]
[2022-06-01T10:46:43.416Z] > git ls-files --stage -- /home/ubuntu-1021941/.vscode-server/api/routes/posts.js [14ms]
[2022-06-01T10:48:09.365Z] > git show --textconv :.vscode-server/api/routes/balance.js [17ms]
[2022-06-01T10:48:09.371Z] > git ls-files --stage -- /home/ubuntu-1021941/.vscode-server/api/routes/balance.js [8ms]
[2022-06-01T10:48:10.636Z] > git show --textconv :.vscode-server/api/models/Post.js [32ms]
[2022-06-01T10:48:10.644Z] > git ls-files --stage -- /home/ubuntu-1021941/.vscode-server/api/models/Post.js [19ms]
[2022-06-01T10:48:27.913Z] > git show --textconv :.vscode-server/api/routes/balance.js [28ms]
[2022-06-01T10:48:27.930Z] > git ls-files --stage -- /home/ubuntu-1021941/.vscode-server/api/routes/balance.js [19ms]
[2022-06-01T10:49:09.975Z] > git show --textconv :.vscode-server/api/models/Post.js [14ms]
[2022-06-01T10:49:09.983Z] > git ls-files --stage -- /home/ubuntu-1021941/.vscode-server/api/models/Post.js [10ms]
[2022-06-01T10:49:40.132Z] > git show --textconv :.vscode-server/api/routes/balance.js [65ms]
[2022-06-01T10:49:40.167Z] > git ls-files --stage -- /home/ubuntu-1021941/.vscode-server/api/routes/balance.js [37ms]
[2022-06-01T10:50:02.440Z] > git show --textconv :.vscode-server/api/routes/posts.js [31ms]
[2022-06-01T10:50:02.447Z] > git ls-files --stage -- /home/ubuntu-1021941/.vscode-server/api/routes/posts.js [12ms]
[2022-06-01T10:50:05.473Z] > git show --textconv :.vscode-server/api/app.js [14ms]
[2022-06-01T10:50:05.485Z] > git ls-files --stage -- /home/ubuntu-1021941/.vscode-server/api/app.js [13ms]
[2022-06-01T10:50:05.497Z] > git cat-file -s b4718e023fe99e4b48d7f4762a704869733cc7bb [4ms]
[2022-06-01T10:50:21.777Z] > git show --textconv :.vscode-server/api/routes/posts.js [14ms]
[2022-06-01T10:50:21.786Z] > git ls-files --stage -- /home/ubuntu-1021941/.vscode-server/api/routes/posts.js [11ms]
[2022-06-01T10:51:02.191Z] > git show --textconv :.vscode-server/api/routes/balance.js [14ms]
[2022-06-01T10:51:02.197Z] > git ls-files --stage -- /home/ubuntu-1021941/.vscode-server/api/routes/balance.js [8ms]
[2022-06-01T10:52:02.221Z] > git show --textconv :.vscode-server/api/app.js [58ms]
[2022-06-01T10:52:02.238Z] > git ls-files --stage -- /home/ubuntu-1021941/.vscode-server/api/app.js [38ms]
[2022-06-01T10:52:02.252Z] > git cat-file -s b4718e023fe99e4b48d7f4762a704869733cc7bb [6ms]
[2022-06-01T10:52:35.988Z] > git show --textconv :.vscode-server/api/routes/posts.js [31ms]
[2022-06-01T10:52:36.001Z] > git ls-files --stage -- /home/ubuntu-1021941/.vscode-server/api/routes/posts.js [17ms]
[2022-06-01T10:52:37.314Z] > git show --textconv :.vscode-server/api/routes/balance.js [26ms]
[2022-06-01T10:52:37.319Z] > git ls-files --stage -- /home/ubuntu-1021941/.vscode-server/api/routes/balance.js [18ms]
[2022-06-01T10:52:38.616Z] > git show --textconv :.vscode-server/api/models/Post.js [16ms]
[2022-06-01T10:52:38.622Z] > git ls-files --stage -- /home/ubuntu-1021941/.vscode-server/api/models/Post.js [11ms]
[2022-06-01T10:56:09.697Z] > git show --textconv :.vscode-server/api/balance.json [42ms]
[2022-06-01T10:56:09.716Z] > git ls-files --stage -- /home/ubuntu-1021941/.vscode-server/api/balance.json [22ms]
[2022-06-01T10:56:09.931Z] > git check-ignore -v -z --stdin [18ms]
[2022-06-01T10:56:19.319Z] > git show --textconv :.vscode-server/api/apiKey.json [48ms]
[2022-06-01T10:56:19.320Z] > git ls-files --stage -- /home/ubuntu-1021941/.vscode-server/api/apiKey.json [22ms]
[2022-06-01T10:56:19.334Z] > git check-ignore -v -z --stdin [25ms]
[2022-06-01T10:56:20.814Z] > git show --textconv :.vscode-server/api/balance.json [16ms]
[2022-06-01T10:56:20.821Z] > git ls-files --stage -- /home/ubuntu-1021941/.vscode-server/api/balance.json [8ms]
[2022-06-01T10:56:30.040Z] > git show --textconv :.vscode-server/api/apiKey.json [17ms]
[2022-06-01T10:56:30.044Z] > git ls-files --stage -- /home/ubuntu-1021941/.vscode-server/api/apiKey.json [6ms]
[2022-06-01T10:57:27.780Z] > git show --textconv :.vscode-server/api/models/Post.js [14ms]
[2022-06-01T10:57:27.786Z] > git ls-files --stage -- /home/ubuntu-1021941/.vscode-server/api/models/Post.js [7ms]
[2022-06-01T10:58:21.970Z] > git show --textconv :.vscode-server/api/app.js [61ms]
[2022-06-01T10:58:21.993Z] > git ls-files --stage -- /home/ubuntu-1021941/.vscode-server/api/app.js [43ms]
[2022-06-01T10:58:22.041Z] > git cat-file -s b4718e023fe99e4b48d7f4762a704869733cc7bb [16ms]
[2022-06-01T10:58:50.212Z] > git show --textconv :.vscode-server/api/apiKey.json [13ms]
[2022-06-01T10:58:50.218Z] > git ls-files --stage -- /home/ubuntu-1021941/.vscode-server/api/apiKey.json [9ms]
[2022-06-01T10:58:52.793Z] > git show --textconv :.vscode-server/api/app.js [28ms]
[2022-06-01T10:58:52.807Z] > git ls-files --stage -- /home/ubuntu-1021941/.vscode-server/api/app.js [18ms]
[2022-06-01T10:58:52.830Z] > git cat-file -s b4718e023fe99e4b48d7f4762a704869733cc7bb [15ms]
[2022-06-01T11:00:36.634Z] > git show --textconv :.vscode-server/api/routes/balance.js [14ms]
[2022-06-01T11:00:36.640Z] > git ls-files --stage -- /home/ubuntu-1021941/.vscode-server/api/routes/balance.js [8ms]
[2022-06-01T11:00:45.158Z] > git show --textconv :.vscode-server/api/routes/posts.js [13ms]
[2022-06-01T11:00:45.164Z] > git ls-files --stage -- /home/ubuntu-1021941/.vscode-server/api/routes/posts.js [8ms]
[2022-06-01T11:00:47.080Z] > git show --textconv :.vscode-server/api/routes/balance.js [14ms]
[2022-06-01T11:00:47.085Z] > git ls-files --stage -- /home/ubuntu-1021941/.vscode-server/api/routes/balance.js [7ms]
[2022-06-01T11:00:49.263Z] > git show --textconv :.vscode-server/api/routes/posts.js [13ms]
[2022-06-01T11:00:49.272Z] > git ls-files --stage -- /home/ubuntu-1021941/.vscode-server/api/routes/posts.js [11ms]
[2022-06-01T11:00:53.557Z] > git show --textconv :.vscode-server/api/routes/balance.js [14ms]
[2022-06-01T11:00:53.563Z] > git ls-files --stage -- /home/ubuntu-1021941/.vscode-server/api/routes/balance.js [10ms]
[2022-06-01T11:00:57.514Z] > git show --textconv :.vscode-server/api/routes/withdraw.js [47ms]
[2022-06-01T11:00:57.546Z] > git ls-files --stage -- /home/ubuntu-1021941/.vscode-server/api/routes/withdraw.js [44ms]
[2022-06-01T11:01:03.606Z] > git show --textconv :.vscode-server/api/routes/test.js [13ms]
[2022-06-01T11:01:03.613Z] > git ls-files --stage -- /home/ubuntu-1021941/.vscode-server/api/routes/test.js [8ms]
[2022-06-01T11:01:08.086Z] > git show --textconv :.vscode-server/api/routes/posts.js [40ms]
[2022-06-01T11:01:08.096Z] > git ls-files --stage -- /home/ubuntu-1021941/.vscode-server/api/routes/posts.js [12ms]
[2022-06-01T11:01:09.396Z] > git show --textconv :.vscode-server/api/routes/balance.js [14ms]
[2022-06-01T11:01:09.401Z] > git ls-files --stage -- /home/ubuntu-1021941/.vscode-server/api/routes/balance.js [7ms]
[2022-06-01T11:01:17.756Z] > git show --textconv :.vscode-server/api/app.js [41ms]
[2022-06-01T11:01:17.759Z] > git ls-files --stage -- /home/ubuntu-1021941/.vscode-server/api/app.js [16ms]
[2022-06-01T11:01:17.788Z] > git cat-file -s b4718e023fe99e4b48d7f4762a704869733cc7bb [15ms]
[2022-06-01T11:01:40.190Z] > git show --textconv :.vscode-server/api/routes/test.js [14ms]
[2022-06-01T11:01:40.196Z] > git ls-files --stage -- /home/ubuntu-1021941/.vscode-server/api/routes/test.js [7ms]
[2022-06-01T11:01:43.856Z] > git show --textconv :.vscode-server/api/app.js [22ms]
[2022-06-01T11:01:43.866Z] > git ls-files --stage -- /home/ubuntu-1021941/.vscode-server/api/app.js [12ms]
[2022-06-01T11:01:43.885Z] > git cat-file -s b4718e023fe99e4b48d7f4762a704869733cc7bb [7ms]
[2022-06-01T11:01:50.553Z] > git show --textconv :.vscode-server/api/routes/test.js [16ms]
[2022-06-01T11:01:50.559Z] > git ls-files --stage -- /home/ubuntu-1021941/.vscode-server/api/routes/test.js [10ms]
[2022-06-01T11:03:45.400Z] > git show --textconv :.vscode-server/api/app.js [26ms]
[2022-06-01T11:03:45.415Z] > git ls-files --stage -- /home/ubuntu-1021941/.vscode-server/api/app.js [26ms]
[2022-06-01T11:03:45.460Z] > git cat-file -s b4718e023fe99e4b48d7f4762a704869733cc7bb [16ms]
[2022-06-01T11:07:15.038Z] > git check-ignore -v -z --stdin [7ms]
[2022-06-01T11:07:16.652Z] > git check-ignore -v -z --stdin [6ms]
[2022-06-01T11:07:21.465Z] > git check-ignore -v -z --stdin [6ms]
[2022-06-01T11:07:38.936Z] > git check-ignore -v -z --stdin [5ms]
[2022-06-01T11:07:41.512Z] > git check-ignore -v -z --stdin [6ms]
[2022-06-01T11:07:45.113Z] > git check-ignore -v -z --stdin [6ms]
[2022-06-01T11:07:50.725Z] > git check-ignore -v -z --stdin [9ms]
[2022-06-01T11:07:52.877Z] > git check-ignore -v -z --stdin [6ms]
[2022-06-01T11:07:55.984Z] > git check-ignore -v -z --stdin [6ms]
[2022-06-01T11:08:02.790Z] > git check-ignore -v -z --stdin [6ms]
[2022-06-01T11:08:47.594Z] > git check-ignore -v -z --stdin [7ms]
[2022-06-01T11:08:49.829Z] > git check-ignore -v -z --stdin [8ms]
[2022-06-01T11:08:54.821Z] > git check-ignore -v -z --stdin [9ms]
[2022-06-01T11:09:30.171Z] > git check-ignore -v -z --stdin [7ms]
[2022-06-01T11:09:36.282Z] > git check-ignore -v -z --stdin [22ms]
[2022-06-01T11:09:38.599Z] > git check-ignore -v -z --stdin [20ms]
[2022-06-01T11:09:48.004Z] > git check-ignore -v -z --stdin [6ms]
[2022-06-01T11:09:51.053Z] > git check-ignore -v -z --stdin [5ms]
[2022-06-01T11:09:52.683Z] > git check-ignore -v -z --stdin [6ms]
[2022-06-01T11:09:56.208Z] > git check-ignore -v -z --stdin [6ms]
[2022-06-01T11:14:59.327Z] > git check-ignore -v -z --stdin [7ms]
[2022-06-01T11:15:19.598Z] > git check-ignore -v -z --stdin [7ms]
[2022-06-01T11:15:23.455Z] > git check-ignore -v -z --stdin [5ms]
[2022-06-01T11:15:25.473Z] > git check-ignore -v -z --stdin [5ms]
[2022-06-01T11:15:33.375Z] > git check-ignore -v -z --stdin [5ms]
[2022-06-01T11:15:34.990Z] > git check-ignore -v -z --stdin [5ms]
[2022-06-01T11:15:48.657Z] > git check-ignore -v -z --stdin [5ms]
[2022-06-01T11:15:50.373Z] > git check-ignore -v -z --stdin [5ms]
[2022-06-01T11:15:53.453Z] > git check-ignore -v -z --stdin [8ms]
[2022-06-01T11:15:57.713Z] > git check-ignore -v -z --stdin [6ms]
[2022-06-01T11:16:02.555Z] > git check-ignore -v -z --stdin [5ms]
[2022-06-01T11:19:02.098Z] > git check-ignore -v -z --stdin [8ms]
[2022-06-01T11:23:14.929Z] > git show --textconv :.vscode-server/api/models/Post.js [14ms]
[2022-06-01T11:23:14.936Z] > git ls-files --stage -- /home/ubuntu-1021941/.vscode-server/api/models/Post.js [8ms]
[2022-06-01T11:24:44.434Z] > git show --textconv :.vscode-server/api/routes/posts.js [15ms]
[2022-06-01T11:24:44.451Z] > git ls-files --stage -- /home/ubuntu-1021941/.vscode-server/api/routes/posts.js [20ms]
[2022-06-01T11:26:06.644Z] > git show --textconv :.vscode-server/api/routes/balance.js [16ms]
[2022-06-01T11:26:06.649Z] > git ls-files --stage -- /home/ubuntu-1021941/.vscode-server/api/routes/balance.js [7ms]
[2022-06-01T11:28:58.603Z] > git check-ignore -v -z --stdin [7ms]
[2022-06-01T11:29:02.605Z] > git check-ignore -v -z --stdin [20ms]
[2022-06-01T11:29:36.323Z] > git check-ignore -v -z --stdin [9ms]
[2022-06-01T11:29:38.242Z] > git check-ignore -v -z --stdin [5ms]
[2022-06-01T11:29:43.953Z] > git check-ignore -v -z --stdin [6ms]
[2022-06-01T11:29:48.252Z] > git check-ignore -v -z --stdin [5ms]
[2022-06-01T11:29:50.037Z] > git check-ignore -v -z --stdin [6ms]
[2022-06-01T11:32:57.646Z] > git check-ignore -v -z --stdin [7ms]
[2022-06-01T11:34:44.759Z] > git show --textconv :.vscode-server/api/node_modules/express/lib/express.js [45ms]
[2022-06-01T11:34:44.774Z] > git ls-files --stage -- /home/ubuntu-1021941/.vscode-server/api/node_modules/express/lib/express.js [22ms]
[2022-06-01T11:34:59.369Z] > git show --textconv :.vscode-server/api/node_modules/express/lib/application.js [42ms]
[2022-06-01T11:34:59.410Z] > git ls-files --stage -- /home/ubuntu-1021941/.vscode-server/api/node_modules/express/lib/application.js [45ms]
[2022-06-01T11:35:34.734Z] > git show --textconv :.vscode-server/api/routes/balance.js [32ms]
[2022-06-01T11:35:34.746Z] > git ls-files --stage -- /home/ubuntu-1021941/.vscode-server/api/routes/balance.js [14ms]
[2022-06-01T11:37:26.410Z] > git show --textconv :.vscode-server/api/routes/test.js [20ms]
[2022-06-01T11:37:26.420Z] > git ls-files --stage -- /home/ubuntu-1021941/.vscode-server/api/routes/test.js [12ms]
[2022-06-01T11:37:27.531Z] > git show --textconv :.vscode-server/api/routes/balance.js [24ms]
[2022-06-01T11:37:27.542Z] > git ls-files --stage -- /home/ubuntu-1021941/.vscode-server/api/routes/balance.js [21ms]
[2022-06-01T11:37:29.490Z] > git show --textconv :.vscode-server/api/app.js [27ms]
[2022-06-01T11:37:29.507Z] > git ls-files --stage -- /home/ubuntu-1021941/.vscode-server/api/app.js [25ms]
[2022-06-01T11:37:29.532Z] > git cat-file -s b4718e023fe99e4b48d7f4762a704869733cc7bb [11ms]
[2022-06-01T11:39:39.917Z] > git show --textconv :.vscode-server/api/package.json [32ms]
[2022-06-01T11:39:39.935Z] > git ls-files --stage -- /home/ubuntu-1021941/.vscode-server/api/package.json [31ms]
[2022-06-01T11:39:57.731Z] > git show --textconv :.vscode-server/api/app.js [16ms]
[2022-06-01T11:39:57.733Z] > git ls-files --stage -- /home/ubuntu-1021941/.vscode-server/api/app.js [7ms]
[2022-06-01T11:39:57.784Z] > git cat-file -s b4718e023fe99e4b48d7f4762a704869733cc7bb [10ms]
[2022-06-01T11:41:18.310Z] > git show --textconv :.vscode-server/api/package.json [42ms]
[2022-06-01T11:41:18.317Z] > git ls-files --stage -- /home/ubuntu-1021941/.vscode-server/api/package.json [9ms]
