[2022-06-07 08:15:25.307] [exthost] [info] Extension host with pid 1940003 started
[2022-06-07 08:15:25.316] [exthost] [error] Error: EEXIST: file already exists, open '/home/ubuntu-1021941/.vscode-server/data/User/workspaceStorage/56b96f145db760d9a83f35b6caf5e4f2/vscode.lock'
[2022-06-07 08:15:25.331] [exthost] [info] Lock '/home/ubuntu-1021941/.vscode-server/data/User/workspaceStorage/56b96f145db760d9a83f35b6caf5e4f2/vscode.lock': Could not acquire lock, checking if the file is stale.
[2022-06-07 08:15:25.343] [exthost] [info] Lock '/home/ubuntu-1021941/.vscode-server/data/User/workspaceStorage/56b96f145db760d9a83f35b6caf5e4f2/vscode.lock': The lock does not look stale, elapsed: 424 ms, giving up.
[2022-06-07 08:15:25.354] [exthost] [info] Lock '/home/ubuntu-1021941/.vscode-server/data/User/workspaceStorage/56b96f145db760d9a83f35b6caf5e4f2-1/vscode.lock': Lock acquired.
[2022-06-07 08:15:26.120] [exthost] [info] ExtensionService#_doActivateExtension vscode.typescript-language-features, startup: false, activationEvent: 'onLanguage:javascript'
[2022-06-07 08:15:26.398] [exthost] [info] ExtensionService#_doActivateExtension vscode.debug-auto-launch, startup: true, activationEvent: '*'
[2022-06-07 08:15:26.432] [exthost] [info] ExtensionService#_doActivateExtension vscode.git-base, startup: true, activationEvent: '*', root cause: vscode.git
[2022-06-07 08:15:26.456] [exthost] [info] ExtensionService#_doActivateExtension vscode.ipynb, startup: true, activationEvent: '*'
[2022-06-07 08:15:26.548] [exthost] [info] ExtensionService#_doActivateExtension akhail.save-typing, startup: true, activationEvent: '*'
[2022-06-07 08:15:26.571] [exthost] [info] ExtensionService#_doActivateExtension vscode.npm, startup: true, activationEvent: 'workspaceContains:package.json'
[2022-06-07 08:15:27.260] [exthost] [info] ExtensionService#_doActivateExtension vscode.git, startup: true, activationEvent: '*'
[2022-06-07 08:15:27.534] [exthost] [info] ExtensionService#_doActivateExtension vscode.github, startup: true, activationEvent: '*'
[2022-06-07 08:15:29.288] [exthost] [info] ExtensionService#_doActivateExtension vscode.emmet, startup: false, activationEvent: 'onStartupFinished'
[2022-06-07 08:15:29.465] [exthost] [info] ExtensionService#_doActivateExtension vscode.merge-conflict, startup: false, activationEvent: 'onStartupFinished'
[2022-06-07 08:15:29.530] [exthost] [info] Eager extensions activated
[2022-06-07 08:15:29.808] [exthost] [warning] [Decorations] CAPPING events from decorations provider vscode.git 1829
[2022-06-07 08:15:41.560] [exthost] [warning] [Decorations] CAPPING events from decorations provider vscode.git 1831
[2022-06-07 08:18:14.191] [exthost] [warning] [Decorations] CAPPING events from decorations provider vscode.git 1831
[2022-06-07 08:18:19.433] [exthost] [warning] [Decorations] CAPPING events from decorations provider vscode.git 1831
[2022-06-07 08:18:24.716] [exthost] [warning] [Decorations] CAPPING events from decorations provider vscode.git 1831
[2022-06-07 08:18:30.048] [exthost] [warning] [Decorations] CAPPING events from decorations provider vscode.git 1831
[2022-06-07 08:18:37.109] [exthost] [warning] [Decorations] CAPPING events from decorations provider vscode.git 1831
[2022-06-07 08:18:43.726] [exthost] [warning] [Decorations] CAPPING events from decorations provider vscode.git 1831
[2022-06-07 08:42:55.726] [exthost] [warning] [Decorations] CAPPING events from decorations provider vscode.git 1831
[2022-06-07 08:45:02.982] [exthost] [warning] [Decorations] CAPPING events from decorations provider vscode.git 1831
[2022-06-07 08:45:08.257] [exthost] [warning] [Decorations] CAPPING events from decorations provider vscode.git 1831
[2022-06-07 08:45:31.158] [exthost] [warning] [Decorations] CAPPING events from decorations provider vscode.git 1831
[2022-06-07 08:45:36.438] [exthost] [warning] [Decorations] CAPPING events from decorations provider vscode.git 1831
[2022-06-07 08:45:41.698] [exthost] [warning] [Decorations] CAPPING events from decorations provider vscode.git 1831
[2022-06-07 08:46:38.288] [exthost] [warning] [Decorations] CAPPING events from decorations provider vscode.git 1831
[2022-06-07 08:46:43.596] [exthost] [warning] [Decorations] CAPPING events from decorations provider vscode.git 1831
[2022-06-07 08:49:57.983] [exthost] [warning] [Decorations] CAPPING events from decorations provider vscode.git 1831
[2022-06-07 08:50:09.623] [exthost] [warning] [Decorations] CAPPING events from decorations provider vscode.git 1831
[2022-06-07 08:50:14.856] [exthost] [warning] [Decorations] CAPPING events from decorations provider vscode.git 1831
[2022-06-07 08:50:20.105] [exthost] [warning] [Decorations] CAPPING events from decorations provider vscode.git 1831
[2022-06-07 08:50:39.183] [exthost] [warning] [Decorations] CAPPING events from decorations provider vscode.git 1831
[2022-06-07 08:50:45.674] [exthost] [warning] [Decorations] CAPPING events from decorations provider vscode.git 1831
[2022-06-07 08:50:50.893] [exthost] [warning] [Decorations] CAPPING events from decorations provider vscode.git 1831
[2022-06-07 08:50:56.237] [exthost] [warning] [Decorations] CAPPING events from decorations provider vscode.git 1831
[2022-06-07 08:51:02.996] [exthost] [warning] [Decorations] CAPPING events from decorations provider vscode.git 1831
[2022-06-07 08:51:08.303] [exthost] [warning] [Decorations] CAPPING events from decorations provider vscode.git 1831
[2022-06-07 08:51:14.793] [exthost] [warning] [Decorations] CAPPING events from decorations provider vscode.git 1831
[2022-06-07 08:51:20.174] [exthost] [warning] [Decorations] CAPPING events from decorations provider vscode.git 1831
[2022-06-07 08:51:26.629] [exthost] [warning] [Decorations] CAPPING events from decorations provider vscode.git 1831
[2022-06-07 08:51:31.874] [exthost] [warning] [Decorations] CAPPING events from decorations provider vscode.git 1831
[2022-06-07 08:51:37.112] [exthost] [warning] [Decorations] CAPPING events from decorations provider vscode.git 1831
[2022-06-07 08:51:42.351] [exthost] [warning] [Decorations] CAPPING events from decorations provider vscode.git 1831
[2022-06-07 08:51:47.598] [exthost] [warning] [Decorations] CAPPING events from decorations provider vscode.git 1831
[2022-06-07 08:51:52.914] [exthost] [warning] [Decorations] CAPPING events from decorations provider vscode.git 1831
[2022-06-07 08:51:59.763] [exthost] [warning] [Decorations] CAPPING events from decorations provider vscode.git 1831
[2022-06-07 08:52:05.010] [exthost] [warning] [Decorations] CAPPING events from decorations provider vscode.git 1831
[2022-06-07 08:52:10.246] [exthost] [warning] [Decorations] CAPPING events from decorations provider vscode.git 1831
[2022-06-07 08:52:15.928] [exthost] [warning] [Decorations] CAPPING events from decorations provider vscode.git 1831
[2022-06-07 08:52:21.173] [exthost] [warning] [Decorations] CAPPING events from decorations provider vscode.git 1831
[2022-06-07 08:52:26.484] [exthost] [warning] [Decorations] CAPPING events from decorations provider vscode.git 1831
[2022-06-07 08:52:33.060] [exthost] [warning] [Decorations] CAPPING events from decorations provider vscode.git 1831
[2022-06-07 08:52:38.305] [exthost] [warning] [Decorations] CAPPING events from decorations provider vscode.git 1831
[2022-06-07 08:52:43.538] [exthost] [warning] [Decorations] CAPPING events from decorations provider vscode.git 1831
[2022-06-07 08:52:48.762] [exthost] [warning] [Decorations] CAPPING events from decorations provider vscode.git 1831
[2022-06-07 08:52:54.009] [exthost] [warning] [Decorations] CAPPING events from decorations provider vscode.git 1831
[2022-06-07 08:52:59.341] [exthost] [warning] [Decorations] CAPPING events from decorations provider vscode.git 1831
[2022-06-07 08:53:05.870] [exthost] [warning] [Decorations] CAPPING events from decorations provider vscode.git 1831
[2022-06-07 08:53:11.117] [exthost] [warning] [Decorations] CAPPING events from decorations provider vscode.git 1831
[2022-06-07 08:53:16.356] [exthost] [warning] [Decorations] CAPPING events from decorations provider vscode.git 1831
[2022-06-07 08:53:21.582] [exthost] [warning] [Decorations] CAPPING events from decorations provider vscode.git 1831
[2022-06-07 08:53:26.828] [exthost] [warning] [Decorations] CAPPING events from decorations provider vscode.git 1831
[2022-06-07 08:53:32.144] [exthost] [warning] [Decorations] CAPPING events from decorations provider vscode.git 1831
[2022-06-07 08:53:38.658] [exthost] [warning] [Decorations] CAPPING events from decorations provider vscode.git 1831
[2022-06-07 08:53:43.905] [exthost] [warning] [Decorations] CAPPING events from decorations provider vscode.git 1831
[2022-06-07 08:53:49.148] [exthost] [warning] [Decorations] CAPPING events from decorations provider vscode.git 1831
[2022-06-07 08:53:54.375] [exthost] [warning] [Decorations] CAPPING events from decorations provider vscode.git 1831
[2022-06-07 08:54:30.877] [exthost] [warning] [Decorations] CAPPING events from decorations provider vscode.git 1831
[2022-06-07 08:54:36.147] [exthost] [warning] [Decorations] CAPPING events from decorations provider vscode.git 1831
[2022-06-07 08:54:42.867] [exthost] [warning] [Decorations] CAPPING events from decorations provider vscode.git 1831
[2022-06-07 08:54:49.385] [exthost] [warning] [Decorations] CAPPING events from decorations provider vscode.git 1831
[2022-06-07 08:54:54.723] [exthost] [warning] [Decorations] CAPPING events from decorations provider vscode.git 1831
[2022-06-07 08:55:01.134] [exthost] [warning] [Decorations] CAPPING events from decorations provider vscode.git 1831
[2022-06-07 08:55:06.464] [exthost] [warning] [Decorations] CAPPING events from decorations provider vscode.git 1831
[2022-06-07 08:55:13.019] [exthost] [warning] [Decorations] CAPPING events from decorations provider vscode.git 1831
[2022-06-07 08:55:18.353] [exthost] [warning] [Decorations] CAPPING events from decorations provider vscode.git 1831
[2022-06-07 08:55:24.972] [exthost] [warning] [Decorations] CAPPING events from decorations provider vscode.git 1831
[2022-06-07 08:55:30.217] [exthost] [warning] [Decorations] CAPPING events from decorations provider vscode.git 1831
[2022-06-07 08:55:35.567] [exthost] [warning] [Decorations] CAPPING events from decorations provider vscode.git 1831
[2022-06-07 08:55:42.071] [exthost] [warning] [Decorations] CAPPING events from decorations provider vscode.git 1831
[2022-06-07 08:55:47.380] [exthost] [warning] [Decorations] CAPPING events from decorations provider vscode.git 1831
[2022-06-07 08:55:53.900] [exthost] [warning] [Decorations] CAPPING events from decorations provider vscode.git 1832
[2022-06-07 08:55:59.151] [exthost] [warning] [Decorations] CAPPING events from decorations provider vscode.git 1831
[2022-06-07 08:56:04.483] [exthost] [warning] [Decorations] CAPPING events from decorations provider vscode.git 1831
[2022-06-07 08:56:11.051] [exthost] [warning] [Decorations] CAPPING events from decorations provider vscode.git 1831
[2022-06-07 08:56:16.366] [exthost] [warning] [Decorations] CAPPING events from decorations provider vscode.git 1831
[2022-06-07 08:56:22.901] [exthost] [warning] [Decorations] CAPPING events from decorations provider vscode.git 1831
[2022-06-07 08:56:28.146] [exthost] [warning] [Decorations] CAPPING events from decorations provider vscode.git 1831
[2022-06-07 08:56:33.379] [exthost] [warning] [Decorations] CAPPING events from decorations provider vscode.git 1831
[2022-06-07 08:56:39.039] [exthost] [warning] [Decorations] CAPPING events from decorations provider vscode.git 1832
[2022-06-07 08:56:44.272] [exthost] [warning] [Decorations] CAPPING events from decorations provider vscode.git 1831
[2022-06-07 08:56:49.511] [exthost] [warning] [Decorations] CAPPING events from decorations provider vscode.git 1831
[2022-06-07 08:56:54.745] [exthost] [warning] [Decorations] CAPPING events from decorations provider vscode.git 1831
[2022-06-07 08:57:00.001] [exthost] [warning] [Decorations] CAPPING events from decorations provider vscode.git 1831
[2022-06-07 08:57:05.358] [exthost] [warning] [Decorations] CAPPING events from decorations provider vscode.git 1831
[2022-06-07 08:57:11.819] [exthost] [warning] [Decorations] CAPPING events from decorations provider vscode.git 1831
[2022-06-07 08:57:17.060] [exthost] [warning] [Decorations] CAPPING events from decorations provider vscode.git 1831
[2022-06-07 08:57:22.289] [exthost] [warning] [Decorations] CAPPING events from decorations provider vscode.git 1831
[2022-06-07 08:57:27.549] [exthost] [warning] [Decorations] CAPPING events from decorations provider vscode.git 1831
[2022-06-07 08:57:32.929] [exthost] [warning] [Decorations] CAPPING events from decorations provider vscode.git 1831
[2022-06-07 08:57:38.188] [exthost] [warning] [Decorations] CAPPING events from decorations provider vscode.git 1831
[2022-06-07 08:57:43.410] [exthost] [warning] [Decorations] CAPPING events from decorations provider vscode.git 1831
[2022-06-07 08:57:48.644] [exthost] [warning] [Decorations] CAPPING events from decorations provider vscode.git 1831
[2022-06-07 08:57:53.885] [exthost] [warning] [Decorations] CAPPING events from decorations provider vscode.git 1831
[2022-06-07 08:57:59.147] [exthost] [warning] [Decorations] CAPPING events from decorations provider vscode.git 1831
[2022-06-07 08:58:04.453] [exthost] [warning] [Decorations] CAPPING events from decorations provider vscode.git 1831
[2022-06-07 08:58:11.425] [exthost] [warning] [Decorations] CAPPING events from decorations provider vscode.git 1831
[2022-06-07 08:58:16.761] [exthost] [warning] [Decorations] CAPPING events from decorations provider vscode.git 1831
[2022-06-07 08:58:23.421] [exthost] [warning] [Decorations] CAPPING events from decorations provider vscode.git 1831
[2022-06-07 08:58:31.375] [exthost] [warning] [Decorations] CAPPING events from decorations provider vscode.git 1831
[2022-06-07 08:58:36.593] [exthost] [warning] [Decorations] CAPPING events from decorations provider vscode.git 1831
[2022-06-07 08:58:41.817] [exthost] [warning] [Decorations] CAPPING events from decorations provider vscode.git 1831
[2022-06-07 08:58:47.129] [exthost] [warning] [Decorations] CAPPING events from decorations provider vscode.git 1831
[2022-06-07 08:58:52.380] [exthost] [warning] [Decorations] CAPPING events from decorations provider vscode.git 1831
[2022-06-07 08:58:57.598] [exthost] [warning] [Decorations] CAPPING events from decorations provider vscode.git 1831
[2022-06-07 08:59:02.813] [exthost] [warning] [Decorations] CAPPING events from decorations provider vscode.git 1831
[2022-06-07 08:59:08.050] [exthost] [warning] [Decorations] CAPPING events from decorations provider vscode.git 1832
[2022-06-07 08:59:13.282] [exthost] [warning] [Decorations] CAPPING events from decorations provider vscode.git 1831
[2022-06-07 08:59:18.529] [exthost] [warning] [Decorations] CAPPING events from decorations provider vscode.git 1831
[2022-06-07 08:59:23.757] [exthost] [warning] [Decorations] CAPPING events from decorations provider vscode.git 1831
[2022-06-07 08:59:29.069] [exthost] [warning] [Decorations] CAPPING events from decorations provider vscode.git 1831
[2022-06-07 08:59:35.583] [exthost] [warning] [Decorations] CAPPING events from decorations provider vscode.git 1831
[2022-06-07 08:59:40.927] [exthost] [warning] [Decorations] CAPPING events from decorations provider vscode.git 1831
[2022-06-07 09:00:45.282] [exthost] [warning] [Decorations] CAPPING events from decorations provider vscode.git 1831
[2022-06-07 09:00:50.528] [exthost] [warning] [Decorations] CAPPING events from decorations provider vscode.git 1831
[2022-06-07 09:00:55.759] [exthost] [warning] [Decorations] CAPPING events from decorations provider vscode.git 1831
[2022-06-07 09:01:01.000] [exthost] [warning] [Decorations] CAPPING events from decorations provider vscode.git 1831
[2022-06-07 09:01:06.257] [exthost] [warning] [Decorations] CAPPING events from decorations provider vscode.git 1831
[2022-06-07 09:01:11.474] [exthost] [warning] [Decorations] CAPPING events from decorations provider vscode.git 1831
[2022-06-07 09:01:16.696] [exthost] [warning] [Decorations] CAPPING events from decorations provider vscode.git 1831
[2022-06-07 09:01:21.952] [exthost] [warning] [Decorations] CAPPING events from decorations provider vscode.git 1831
[2022-06-07 09:01:27.186] [exthost] [warning] [Decorations] CAPPING events from decorations provider vscode.git 1831
[2022-06-07 09:01:33.577] [exthost] [warning] [Decorations] CAPPING events from decorations provider vscode.git 1831
[2022-06-07 09:01:38.853] [exthost] [warning] [Decorations] CAPPING events from decorations provider vscode.git 1831
[2022-06-07 09:01:44.273] [exthost] [warning] [Decorations] CAPPING events from decorations provider vscode.git 1831
[2022-06-07 09:01:50.685] [exthost] [warning] [Decorations] CAPPING events from decorations provider vscode.git 1831
[2022-06-07 09:14:29.327] [exthost] [warning] [Decorations] CAPPING events from decorations provider vscode.git 1831
[2022-06-07 09:16:43.020] [exthost] [warning] [Decorations] CAPPING events from decorations provider vscode.git 1831
[2022-06-07 09:16:48.263] [exthost] [warning] [Decorations] CAPPING events from decorations provider vscode.git 1831
[2022-06-07 09:16:53.580] [exthost] [warning] [Decorations] CAPPING events from decorations provider vscode.git 1831
[2022-06-07 09:16:58.879] [exthost] [warning] [Decorations] CAPPING events from decorations provider vscode.git 1832
[2022-06-07 09:17:04.289] [exthost] [warning] [Decorations] CAPPING events from decorations provider vscode.git 1831
[2022-06-07 09:17:11.383] [exthost] [warning] [Decorations] CAPPING events from decorations provider vscode.git 1831
[2022-06-07 09:17:18.229] [exthost] [warning] [Decorations] CAPPING events from decorations provider vscode.git 1831
[2022-06-07 09:17:24.933] [exthost] [warning] [Decorations] CAPPING events from decorations provider vscode.git 1831
[2022-06-07 09:17:30.200] [exthost] [warning] [Decorations] CAPPING events from decorations provider vscode.git 1831
[2022-06-07 09:17:35.429] [exthost] [warning] [Decorations] CAPPING events from decorations provider vscode.git 1831
[2022-06-07 09:18:34.685] [exthost] [warning] [Decorations] CAPPING events from decorations provider vscode.git 1831
[2022-06-07 09:19:18.487] [exthost] [warning] [Decorations] CAPPING events from decorations provider vscode.git 1831
[2022-06-07 09:40:07.366] [exthost] [warning] [Decorations] CAPPING events from decorations provider vscode.git 1831
[2022-06-07 09:40:12.599] [exthost] [warning] [Decorations] CAPPING events from decorations provider vscode.git 1831
[2022-06-07 09:40:14.121] [exthost] [info] ExtensionService#_doActivateExtension vscode.configuration-editing, startup: false, activationEvent: 'onLanguage:json'
[2022-06-07 09:40:14.142] [exthost] [info] ExtensionService#_doActivateExtension vscode.extension-editing, startup: false, activationEvent: 'onLanguage:json'
[2022-06-07 09:40:14.187] [exthost] [info] ExtensionService#_doActivateExtension vscode.json-language-features, startup: false, activationEvent: 'onLanguage:json'
[2022-06-07 09:40:17.865] [exthost] [warning] [Decorations] CAPPING events from decorations provider vscode.git 1832
[2022-06-07 09:40:23.103] [exthost] [warning] [Decorations] CAPPING events from decorations provider vscode.git 1832
[2022-06-07 09:40:28.334] [exthost] [warning] [Decorations] CAPPING events from decorations provider vscode.git 1832
[2022-06-07 09:40:33.562] [exthost] [warning] [Decorations] CAPPING events from decorations provider vscode.git 1832
[2022-06-07 09:43:40.658] [exthost] [warning] [Decorations] CAPPING events from decorations provider vscode.git 1832
[2022-06-07 09:43:45.929] [exthost] [warning] [Decorations] CAPPING events from decorations provider vscode.git 1832
[2022-06-07 09:43:51.252] [exthost] [warning] [Decorations] CAPPING events from decorations provider vscode.git 1832
[2022-06-07 09:43:56.537] [exthost] [warning] [Decorations] CAPPING events from decorations provider vscode.git 1832
[2022-06-07 09:44:01.898] [exthost] [warning] [Decorations] CAPPING events from decorations provider vscode.git 1832
[2022-06-07 09:44:09.847] [exthost] [warning] [Decorations] CAPPING events from decorations provider vscode.git 1832
[2022-06-07 09:44:15.183] [exthost] [warning] [Decorations] CAPPING events from decorations provider vscode.git 1832
[2022-06-07 09:44:21.673] [exthost] [warning] [Decorations] CAPPING events from decorations provider vscode.git 1832
[2022-06-07 09:44:26.918] [exthost] [warning] [Decorations] CAPPING events from decorations provider vscode.git 1832
[2022-06-07 09:44:45.473] [exthost] [warning] [Decorations] CAPPING events from decorations provider vscode.git 1832
[2022-06-07 09:44:52.150] [exthost] [warning] [Decorations] CAPPING events from decorations provider vscode.git 1832
[2022-06-07 09:45:01.283] [exthost] [warning] [Decorations] CAPPING events from decorations provider vscode.git 1832
[2022-06-07 09:45:39.471] [exthost] [warning] [Decorations] CAPPING events from decorations provider vscode.git 1832
[2022-06-07 09:47:08.058] [exthost] [warning] [Decorations] CAPPING events from decorations provider vscode.git 1832
[2022-06-07 09:47:40.825] [exthost] [warning] [Decorations] CAPPING events from decorations provider vscode.git 1832
[2022-06-07 09:47:46.083] [exthost] [warning] [Decorations] CAPPING events from decorations provider vscode.git 1832
[2022-06-07 09:51:07.884] [exthost] [warning] [Decorations] CAPPING events from decorations provider vscode.git 1832
[2022-06-07 09:51:13.144] [exthost] [warning] [Decorations] CAPPING events from decorations provider vscode.git 1832
[2022-06-07 09:51:18.384] [exthost] [warning] [Decorations] CAPPING events from decorations provider vscode.git 1832
[2022-06-07 09:51:23.652] [exthost] [warning] [Decorations] CAPPING events from decorations provider vscode.git 1832
[2022-06-07 09:51:28.980] [exthost] [warning] [Decorations] CAPPING events from decorations provider vscode.git 1832
[2022-06-07 09:51:35.599] [exthost] [warning] [Decorations] CAPPING events from decorations provider vscode.git 1832
[2022-06-07 09:51:40.929] [exthost] [warning] [Decorations] CAPPING events from decorations provider vscode.git 1832
[2022-06-07 10:01:50.773] [exthost] [warning] [Decorations] CAPPING events from decorations provider vscode.git 1832
[2022-06-07 10:01:56.029] [exthost] [warning] [Decorations] CAPPING events from decorations provider vscode.git 1832
[2022-06-07 10:02:01.272] [exthost] [warning] [Decorations] CAPPING events from decorations provider vscode.git 1832
[2022-06-07 10:03:48.659] [exthost] [warning] [Decorations] CAPPING events from decorations provider vscode.git 1832
[2022-06-07 10:03:53.894] [exthost] [warning] [Decorations] CAPPING events from decorations provider vscode.git 1832
[2022-06-07 10:03:59.135] [exthost] [warning] [Decorations] CAPPING events from decorations provider vscode.git 1832
[2022-06-07 10:04:04.360] [exthost] [warning] [Decorations] CAPPING events from decorations provider vscode.git 1832
[2022-06-07 10:04:09.606] [exthost] [warning] [Decorations] CAPPING events from decorations provider vscode.git 1832
[2022-06-07 10:04:14.930] [exthost] [warning] [Decorations] CAPPING events from decorations provider vscode.git 1832
[2022-06-07 10:09:23.457] [exthost] [warning] [Decorations] CAPPING events from decorations provider vscode.git 1832
[2022-06-07 10:09:28.708] [exthost] [warning] [Decorations] CAPPING events from decorations provider vscode.git 1832
[2022-06-07 10:09:34.059] [exthost] [warning] [Decorations] CAPPING events from decorations provider vscode.git 1832
[2022-06-07 10:09:39.313] [exthost] [warning] [Decorations] CAPPING events from decorations provider vscode.git 1832
[2022-06-07 10:09:44.642] [exthost] [warning] [Decorations] CAPPING events from decorations provider vscode.git 1832
[2022-06-07 10:09:51.181] [exthost] [warning] [Decorations] CAPPING events from decorations provider vscode.git 1832
[2022-06-07 10:09:56.463] [exthost] [warning] [Decorations] CAPPING events from decorations provider vscode.git 1832
[2022-06-07 10:43:48.006] [exthost] [warning] [Decorations] CAPPING events from decorations provider vscode.git 1832
[2022-06-07 10:43:53.250] [exthost] [warning] [Decorations] CAPPING events from decorations provider vscode.git 1832
[2022-06-07 10:43:58.483] [exthost] [warning] [Decorations] CAPPING events from decorations provider vscode.git 1832
[2022-06-07 10:44:03.720] [exthost] [warning] [Decorations] CAPPING events from decorations provider vscode.git 1832
[2022-06-07 10:44:09.049] [exthost] [warning] [Decorations] CAPPING events from decorations provider vscode.git 1832
[2022-06-07 10:44:15.604] [exthost] [warning] [Decorations] CAPPING events from decorations provider vscode.git 1832
[2022-06-07 10:44:20.921] [exthost] [warning] [Decorations] CAPPING events from decorations provider vscode.git 1832
[2022-06-07 10:44:28.043] [exthost] [warning] [Decorations] CAPPING events from decorations provider vscode.git 1832
[2022-06-07 10:47:45.034] [exthost] [warning] [Decorations] CAPPING events from decorations provider vscode.git 1832
[2022-06-07 10:47:50.273] [exthost] [warning] [Decorations] CAPPING events from decorations provider vscode.git 1832
[2022-06-07 10:49:05.229] [exthost] [warning] [Decorations] CAPPING events from decorations provider vscode.git 1832
[2022-06-07 10:50:03.988] [exthost] [warning] [Decorations] CAPPING events from decorations provider vscode.git 1832
[2022-06-07 10:51:18.967] [exthost] [warning] [Decorations] CAPPING events from decorations provider vscode.git 1832
[2022-06-07 10:51:24.214] [exthost] [warning] [Decorations] CAPPING events from decorations provider vscode.git 1832
[2022-06-07 11:27:20.204] [exthost] [warning] [Decorations] CAPPING events from decorations provider vscode.git 1832
[2022-06-07 11:27:25.439] [exthost] [warning] [Decorations] CAPPING events from decorations provider vscode.git 1832
[2022-06-07 11:27:31.370] [exthost] [warning] [Decorations] CAPPING events from decorations provider vscode.git 1832
[2022-06-07 11:27:38.145] [exthost] [warning] [Decorations] CAPPING events from decorations provider vscode.git 1832
[2022-06-07 11:27:48.738] [exthost] [warning] [Decorations] CAPPING events from decorations provider vscode.git 1833
[2022-06-07 11:27:54.084] [exthost] [warning] [Decorations] CAPPING events from decorations provider vscode.git 1832
[2022-06-07 11:29:49.457] [exthost] [warning] [Decorations] CAPPING events from decorations provider vscode.git 1832
[2022-06-07 11:29:54.713] [exthost] [warning] [Decorations] CAPPING events from decorations provider vscode.git 1832
[2022-06-07 11:30:00.032] [exthost] [warning] [Decorations] CAPPING events from decorations provider vscode.git 1832
[2022-06-07 11:30:05.283] [exthost] [warning] [Decorations] CAPPING events from decorations provider vscode.git 1832
[2022-06-07 11:30:10.619] [exthost] [warning] [Decorations] CAPPING events from decorations provider vscode.git 1832
[2022-06-07 11:30:17.195] [exthost] [warning] [Decorations] CAPPING events from decorations provider vscode.git 1832
[2022-06-07 11:30:22.444] [exthost] [warning] [Decorations] CAPPING events from decorations provider vscode.git 1832
[2022-06-07 11:30:27.757] [exthost] [warning] [Decorations] CAPPING events from decorations provider vscode.git 1832
[2022-06-07 11:30:34.265] [exthost] [warning] [Decorations] CAPPING events from decorations provider vscode.git 1832
[2022-06-07 11:30:39.621] [exthost] [warning] [Decorations] CAPPING events from decorations provider vscode.git 1832
[2022-06-07 11:30:46.311] [exthost] [warning] [Decorations] CAPPING events from decorations provider vscode.git 1832
[2022-06-07 11:30:51.638] [exthost] [warning] [Decorations] CAPPING events from decorations provider vscode.git 1832
[2022-06-07 11:30:58.190] [exthost] [warning] [Decorations] CAPPING events from decorations provider vscode.git 1832
[2022-06-07 11:31:03.429] [exthost] [warning] [Decorations] CAPPING events from decorations provider vscode.git 1832
[2022-06-07 11:31:08.774] [exthost] [warning] [Decorations] CAPPING events from decorations provider vscode.git 1832
[2022-06-07 11:31:15.297] [exthost] [warning] [Decorations] CAPPING events from decorations provider vscode.git 1832
[2022-06-07 11:31:20.691] [exthost] [warning] [Decorations] CAPPING events from decorations provider vscode.git 1832
[2022-06-07 11:31:27.188] [exthost] [warning] [Decorations] CAPPING events from decorations provider vscode.git 1832
[2022-06-07 11:31:32.436] [exthost] [warning] [Decorations] CAPPING events from decorations provider vscode.git 1832
[2022-06-07 11:31:38.217] [exthost] [warning] [Decorations] CAPPING events from decorations provider vscode.git 1832
[2022-06-07 11:31:44.758] [exthost] [warning] [Decorations] CAPPING events from decorations provider vscode.git 1832
[2022-06-07 11:31:50.101] [exthost] [warning] [Decorations] CAPPING events from decorations provider vscode.git 1832
[2022-06-07 11:31:56.701] [exthost] [warning] [Decorations] CAPPING events from decorations provider vscode.git 1832
[2022-06-07 11:32:02.030] [exthost] [warning] [Decorations] CAPPING events from decorations provider vscode.git 1832
[2022-06-07 11:32:08.655] [exthost] [warning] [Decorations] CAPPING events from decorations provider vscode.git 1832
[2022-06-07 11:32:13.991] [exthost] [warning] [Decorations] CAPPING events from decorations provider vscode.git 1832
[2022-06-07 11:32:20.571] [exthost] [warning] [Decorations] CAPPING events from decorations provider vscode.git 1832
[2022-06-07 11:32:25.891] [exthost] [warning] [Decorations] CAPPING events from decorations provider vscode.git 1832
[2022-06-07 11:32:32.397] [exthost] [warning] [Decorations] CAPPING events from decorations provider vscode.git 1832
[2022-06-07 11:32:37.732] [exthost] [warning] [Decorations] CAPPING events from decorations provider vscode.git 1832
[2022-06-07 11:32:44.248] [exthost] [warning] [Decorations] CAPPING events from decorations provider vscode.git 1832
[2022-06-07 11:32:49.504] [exthost] [warning] [Decorations] CAPPING events from decorations provider vscode.git 1832
[2022-06-07 11:32:54.735] [exthost] [warning] [Decorations] CAPPING events from decorations provider vscode.git 1832
[2022-06-07 11:33:00.069] [exthost] [warning] [Decorations] CAPPING events from decorations provider vscode.git 1832
[2022-06-07 11:33:06.673] [exthost] [warning] [Decorations] CAPPING events from decorations provider vscode.git 1832
[2022-06-07 11:33:12.004] [exthost] [warning] [Decorations] CAPPING events from decorations provider vscode.git 1832
[2022-06-07 11:33:18.643] [exthost] [warning] [Decorations] CAPPING events from decorations provider vscode.git 1832
[2022-06-07 11:33:23.970] [exthost] [warning] [Decorations] CAPPING events from decorations provider vscode.git 1832
[2022-06-07 11:33:30.570] [exthost] [warning] [Decorations] CAPPING events from decorations provider vscode.git 1832
[2022-06-07 11:33:35.902] [exthost] [warning] [Decorations] CAPPING events from decorations provider vscode.git 1832
[2022-06-07 11:33:42.824] [exthost] [warning] [Decorations] CAPPING events from decorations provider vscode.git 1832
[2022-06-07 11:33:48.146] [exthost] [warning] [Decorations] CAPPING events from decorations provider vscode.git 1832
[2022-06-07 11:33:54.697] [exthost] [warning] [Decorations] CAPPING events from decorations provider vscode.git 1832
[2022-06-07 11:34:00.102] [exthost] [warning] [Decorations] CAPPING events from decorations provider vscode.git 1832
[2022-06-07 11:34:06.949] [exthost] [warning] [Decorations] CAPPING events from decorations provider vscode.git 1832
[2022-06-07 11:34:12.337] [exthost] [warning] [Decorations] CAPPING events from decorations provider vscode.git 1832
[2022-06-07 11:34:18.796] [exthost] [warning] [Decorations] CAPPING events from decorations provider vscode.git 1832
[2022-06-07 11:34:24.187] [exthost] [warning] [Decorations] CAPPING events from decorations provider vscode.git 1832
[2022-06-07 11:34:30.695] [exthost] [warning] [Decorations] CAPPING events from decorations provider vscode.git 1832
[2022-06-07 11:34:35.937] [exthost] [warning] [Decorations] CAPPING events from decorations provider vscode.git 1832
[2022-06-07 11:34:41.246] [exthost] [warning] [Decorations] CAPPING events from decorations provider vscode.git 1832
[2022-06-07 11:34:47.755] [exthost] [warning] [Decorations] CAPPING events from decorations provider vscode.git 1832
[2022-06-07 11:34:53.081] [exthost] [warning] [Decorations] CAPPING events from decorations provider vscode.git 1832
[2022-06-07 11:34:59.653] [exthost] [warning] [Decorations] CAPPING events from decorations provider vscode.git 1832
[2022-06-07 11:35:04.979] [exthost] [warning] [Decorations] CAPPING events from decorations provider vscode.git 1832
[2022-06-07 11:35:11.558] [exthost] [warning] [Decorations] CAPPING events from decorations provider vscode.git 1832
[2022-06-07 11:35:16.902] [exthost] [warning] [Decorations] CAPPING events from decorations provider vscode.git 1832
[2022-06-07 11:35:23.366] [exthost] [warning] [Decorations] CAPPING events from decorations provider vscode.git 1832
[2022-06-07 11:35:28.688] [exthost] [warning] [Decorations] CAPPING events from decorations provider vscode.git 1832
[2022-06-07 11:35:35.225] [exthost] [warning] [Decorations] CAPPING events from decorations provider vscode.git 1832
[2022-06-07 11:35:40.553] [exthost] [warning] [Decorations] CAPPING events from decorations provider vscode.git 1832
[2022-06-07 11:35:47.144] [exthost] [warning] [Decorations] CAPPING events from decorations provider vscode.git 1832
[2022-06-07 11:35:52.471] [exthost] [warning] [Decorations] CAPPING events from decorations provider vscode.git 1832
[2022-06-07 11:35:59.152] [exthost] [warning] [Decorations] CAPPING events from decorations provider vscode.git 1832
[2022-06-07 11:36:04.472] [exthost] [warning] [Decorations] CAPPING events from decorations provider vscode.git 1832
[2022-06-07 11:36:11.068] [exthost] [warning] [Decorations] CAPPING events from decorations provider vscode.git 1832
[2022-06-07 11:36:16.448] [exthost] [warning] [Decorations] CAPPING events from decorations provider vscode.git 1832
[2022-06-07 11:36:22.906] [exthost] [warning] [Decorations] CAPPING events from decorations provider vscode.git 1832
[2022-06-07 11:36:28.228] [exthost] [warning] [Decorations] CAPPING events from decorations provider vscode.git 1832
[2022-06-07 11:36:34.724] [exthost] [warning] [Decorations] CAPPING events from decorations provider vscode.git 1832
[2022-06-07 11:37:35.114] [exthost] [warning] [Decorations] CAPPING events from decorations provider vscode.git 1832
[2022-06-07 11:37:41.617] [exthost] [warning] [Decorations] CAPPING events from decorations provider vscode.git 1832
[2022-06-07 11:37:46.895] [exthost] [warning] [Decorations] CAPPING events from decorations provider vscode.git 1832
[2022-06-07 11:37:52.126] [exthost] [warning] [Decorations] CAPPING events from decorations provider vscode.git 1832
[2022-06-07 11:39:39.207] [exthost] [warning] [Decorations] CAPPING events from decorations provider vscode.git 1832
[2022-06-07 11:39:44.445] [exthost] [warning] [Decorations] CAPPING events from decorations provider vscode.git 1832
[2022-06-07 11:39:49.757] [exthost] [warning] [Decorations] CAPPING events from decorations provider vscode.git 1832
[2022-06-07 11:40:11.826] [exthost] [warning] [Decorations] CAPPING events from decorations provider vscode.git 1832
[2022-06-07 11:40:17.095] [exthost] [warning] [Decorations] CAPPING events from decorations provider vscode.git 1832
[2022-06-07 11:40:22.329] [exthost] [warning] [Decorations] CAPPING events from decorations provider vscode.git 1832
[2022-06-07 11:40:27.665] [exthost] [warning] [Decorations] CAPPING events from decorations provider vscode.git 1832
[2022-06-07 11:40:34.202] [exthost] [warning] [Decorations] CAPPING events from decorations provider vscode.git 1832
[2022-06-07 11:40:39.535] [exthost] [warning] [Decorations] CAPPING events from decorations provider vscode.git 1832
[2022-06-07 11:40:46.145] [exthost] [warning] [Decorations] CAPPING events from decorations provider vscode.git 1832
[2022-06-07 11:40:51.482] [exthost] [warning] [Decorations] CAPPING events from decorations provider vscode.git 1832
[2022-06-07 11:40:58.016] [exthost] [warning] [Decorations] CAPPING events from decorations provider vscode.git 1832
[2022-06-07 11:41:03.349] [exthost] [warning] [Decorations] CAPPING events from decorations provider vscode.git 1832
[2022-06-07 11:41:09.776] [exthost] [warning] [Decorations] CAPPING events from decorations provider vscode.git 1832
[2022-06-07 11:41:15.099] [exthost] [warning] [Decorations] CAPPING events from decorations provider vscode.git 1832
[2022-06-07 11:41:21.671] [exthost] [warning] [Decorations] CAPPING events from decorations provider vscode.git 1832
[2022-06-07 11:41:27.018] [exthost] [warning] [Decorations] CAPPING events from decorations provider vscode.git 1832
[2022-06-07 11:41:33.953] [exthost] [warning] [Decorations] CAPPING events from decorations provider vscode.git 1832
[2022-06-07 11:41:39.301] [exthost] [warning] [Decorations] CAPPING events from decorations provider vscode.git 1832
[2022-06-07 11:41:45.884] [exthost] [warning] [Decorations] CAPPING events from decorations provider vscode.git 1832
[2022-06-07 11:41:51.217] [exthost] [warning] [Decorations] CAPPING events from decorations provider vscode.git 1832
[2022-06-07 11:43:06.709] [exthost] [warning] [Decorations] CAPPING events from decorations provider vscode.git 1832
[2022-06-07 11:43:11.968] [exthost] [warning] [Decorations] CAPPING events from decorations provider vscode.git 1832
[2022-06-07 11:43:17.211] [exthost] [warning] [Decorations] CAPPING events from decorations provider vscode.git 1832
[2022-06-07 11:43:22.545] [exthost] [warning] [Decorations] CAPPING events from decorations provider vscode.git 1832
[2022-06-07 11:43:29.138] [exthost] [warning] [Decorations] CAPPING events from decorations provider vscode.git 1832
[2022-06-07 11:43:34.377] [exthost] [warning] [Decorations] CAPPING events from decorations provider vscode.git 1832
[2022-06-07 11:43:39.619] [exthost] [warning] [Decorations] CAPPING events from decorations provider vscode.git 1832
[2022-06-07 11:43:44.854] [exthost] [warning] [Decorations] CAPPING events from decorations provider vscode.git 1832
[2022-06-07 11:43:50.174] [exthost] [warning] [Decorations] CAPPING events from decorations provider vscode.git 1833
[2022-06-07 11:43:55.437] [exthost] [warning] [Decorations] CAPPING events from decorations provider vscode.git 1832
[2022-06-07 11:44:00.884] [exthost] [warning] [Decorations] CAPPING events from decorations provider vscode.git 1832
[2022-06-07 11:44:12.672] [exthost] [warning] [Decorations] CAPPING events from decorations provider vscode.git 1832
[2022-06-07 11:44:23.821] [exthost] [warning] [Decorations] CAPPING events from decorations provider vscode.git 1832
[2022-06-07 11:44:29.098] [exthost] [warning] [Decorations] CAPPING events from decorations provider vscode.git 1833
[2022-06-07 11:44:34.336] [exthost] [warning] [Decorations] CAPPING events from decorations provider vscode.git 1832
[2022-06-07 11:44:39.586] [exthost] [warning] [Decorations] CAPPING events from decorations provider vscode.git 1832
[2022-06-07 11:44:46.383] [exthost] [warning] [Decorations] CAPPING events from decorations provider vscode.git 1832
[2022-06-07 11:44:51.670] [exthost] [warning] [Decorations] CAPPING events from decorations provider vscode.git 1834
[2022-06-07 11:44:56.919] [exthost] [warning] [Decorations] CAPPING events from decorations provider vscode.git 1832
[2022-06-07 11:45:02.262] [exthost] [warning] [Decorations] CAPPING events from decorations provider vscode.git 1832
[2022-06-07 11:45:09.084] [exthost] [warning] [Decorations] CAPPING events from decorations provider vscode.git 1833
[2022-06-07 11:45:16.495] [exthost] [warning] [Decorations] CAPPING events from decorations provider vscode.git 1832
[2022-06-07 11:45:21.725] [exthost] [warning] [Decorations] CAPPING events from decorations provider vscode.git 1832
[2022-06-07 11:45:41.011] [exthost] [warning] [Decorations] CAPPING events from decorations provider vscode.git 1832
[2022-06-07 11:45:46.256] [exthost] [warning] [Decorations] CAPPING events from decorations provider vscode.git 1833
[2022-06-07 11:45:51.535] [exthost] [warning] [Decorations] CAPPING events from decorations provider vscode.git 1832
[2022-06-07 11:45:56.761] [exthost] [warning] [Decorations] CAPPING events from decorations provider vscode.git 1833
[2022-06-07 11:46:09.763] [exthost] [warning] [Decorations] CAPPING events from decorations provider vscode.git 1832
[2022-06-07 11:46:20.150] [exthost] [warning] [Decorations] CAPPING events from decorations provider vscode.git 1832
[2022-06-07 11:46:25.395] [exthost] [warning] [Decorations] CAPPING events from decorations provider vscode.git 1832
[2022-06-07 11:46:34.000] [exthost] [warning] [Decorations] CAPPING events from decorations provider vscode.git 1832
[2022-06-07 11:46:54.290] [exthost] [warning] [Decorations] CAPPING events from decorations provider vscode.git 1832
[2022-06-07 11:47:01.140] [exthost] [warning] [Decorations] CAPPING events from decorations provider vscode.git 1832
[2022-06-07 11:47:07.720] [exthost] [warning] [Decorations] CAPPING events from decorations provider vscode.git 1832
[2022-06-07 11:47:13.375] [exthost] [warning] [Decorations] CAPPING events from decorations provider vscode.git 1832
[2022-06-07 11:47:18.628] [exthost] [warning] [Decorations] CAPPING events from decorations provider vscode.git 1832
[2022-06-07 11:47:23.931] [exthost] [warning] [Decorations] CAPPING events from decorations provider vscode.git 1832
[2022-06-07 11:47:30.511] [exthost] [warning] [Decorations] CAPPING events from decorations provider vscode.git 1832
[2022-06-07 11:47:35.773] [exthost] [warning] [Decorations] CAPPING events from decorations provider vscode.git 1832
[2022-06-07 11:47:41.370] [exthost] [warning] [Decorations] CAPPING events from decorations provider vscode.git 1833
[2022-06-07 11:47:47.102] [exthost] [warning] [Decorations] CAPPING events from decorations provider vscode.git 1832
[2022-06-07 11:48:41.875] [exthost] [warning] [Decorations] CAPPING events from decorations provider vscode.git 1832
[2022-06-07 11:48:48.304] [exthost] [warning] [Decorations] CAPPING events from decorations provider vscode.git 1832
[2022-06-07 11:48:53.547] [exthost] [warning] [Decorations] CAPPING events from decorations provider vscode.git 1832
[2022-06-07 11:48:58.845] [exthost] [warning] [Decorations] CAPPING events from decorations provider vscode.git 1833
[2022-06-07 11:49:04.180] [exthost] [warning] [Decorations] CAPPING events from decorations provider vscode.git 1832
[2022-06-07 11:49:11.324] [exthost] [warning] [Decorations] CAPPING events from decorations provider vscode.git 1832
[2022-06-07 11:49:16.564] [exthost] [warning] [Decorations] CAPPING events from decorations provider vscode.git 1832
[2022-06-07 11:49:21.916] [exthost] [warning] [Decorations] CAPPING events from decorations provider vscode.git 1832
[2022-06-07 11:50:06.465] [exthost] [warning] [Decorations] CAPPING events from decorations provider vscode.git 1832
[2022-06-07 11:50:11.791] [exthost] [warning] [Decorations] CAPPING events from decorations provider vscode.git 1832
[2022-06-07 11:50:18.274] [exthost] [warning] [Decorations] CAPPING events from decorations provider vscode.git 1832
[2022-06-07 11:50:23.607] [exthost] [warning] [Decorations] CAPPING events from decorations provider vscode.git 1832
[2022-06-07 11:50:30.181] [exthost] [warning] [Decorations] CAPPING events from decorations provider vscode.git 1832
[2022-06-07 11:50:35.437] [exthost] [warning] [Decorations] CAPPING events from decorations provider vscode.git 1833
[2022-06-07 11:50:40.769] [exthost] [warning] [Decorations] CAPPING events from decorations provider vscode.git 1832
[2022-06-07 11:51:43.084] [exthost] [warning] [Decorations] CAPPING events from decorations provider vscode.git 1832
[2022-06-07 11:51:48.420] [exthost] [warning] [Decorations] CAPPING events from decorations provider vscode.git 1833
[2022-06-07 11:51:53.652] [exthost] [warning] [Decorations] CAPPING events from decorations provider vscode.git 1832
[2022-06-07 11:51:59.721] [exthost] [warning] [Decorations] CAPPING events from decorations provider vscode.git 1832
[2022-06-07 11:52:06.623] [exthost] [warning] [Decorations] CAPPING events from decorations provider vscode.git 1832
[2022-06-07 11:52:11.968] [exthost] [warning] [Decorations] CAPPING events from decorations provider vscode.git 1832
[2022-06-07 11:52:27.469] [exthost] [warning] [Decorations] CAPPING events from decorations provider vscode.git 1832
[2022-06-07 11:52:32.719] [exthost] [warning] [Decorations] CAPPING events from decorations provider vscode.git 1832
[2022-06-07 11:52:37.948] [exthost] [warning] [Decorations] CAPPING events from decorations provider vscode.git 1832
[2022-06-07 11:52:47.470] [exthost] [warning] [Decorations] CAPPING events from decorations provider vscode.git 1832
[2022-06-07 11:52:53.907] [exthost] [warning] [Decorations] CAPPING events from decorations provider vscode.git 1832
[2022-06-07 11:52:59.142] [exthost] [warning] [Decorations] CAPPING events from decorations provider vscode.git 1832
[2022-06-07 11:53:04.475] [exthost] [warning] [Decorations] CAPPING events from decorations provider vscode.git 1832
[2022-06-07 11:53:11.553] [exthost] [warning] [Decorations] CAPPING events from decorations provider vscode.git 1833
[2022-06-07 11:53:25.701] [exthost] [warning] [Decorations] CAPPING events from decorations provider vscode.git 1832
[2022-06-07 11:53:31.228] [exthost] [warning] [Decorations] CAPPING events from decorations provider vscode.git 1832
[2022-06-07 11:53:38.347] [exthost] [warning] [Decorations] CAPPING events from decorations provider vscode.git 1832
[2022-06-07 11:53:43.672] [exthost] [warning] [Decorations] CAPPING events from decorations provider vscode.git 1832
[2022-06-07 11:53:50.218] [exthost] [warning] [Decorations] CAPPING events from decorations provider vscode.git 1832
[2022-06-07 11:53:55.469] [exthost] [warning] [Decorations] CAPPING events from decorations provider vscode.git 1832
[2022-06-07 11:54:00.711] [exthost] [warning] [Decorations] CAPPING events from decorations provider vscode.git 1832
[2022-06-07 11:54:05.966] [exthost] [warning] [Decorations] CAPPING events from decorations provider vscode.git 1832
[2022-06-07 11:54:11.637] [exthost] [warning] [Decorations] CAPPING events from decorations provider vscode.git 1832
[2022-06-07 11:54:16.908] [exthost] [warning] [Decorations] CAPPING events from decorations provider vscode.git 1832
[2022-06-07 11:54:22.407] [exthost] [warning] [Decorations] CAPPING events from decorations provider vscode.git 1833
[2022-06-07 11:54:29.634] [exthost] [warning] [Decorations] CAPPING events from decorations provider vscode.git 1832
[2022-06-07 11:54:36.660] [exthost] [warning] [Decorations] CAPPING events from decorations provider vscode.git 1832
[2022-06-07 11:54:43.963] [exthost] [warning] [Decorations] CAPPING events from decorations provider vscode.git 1832
[2022-06-07 11:54:49.204] [exthost] [warning] [Decorations] CAPPING events from decorations provider vscode.git 1832
[2022-06-07 11:54:54.600] [exthost] [warning] [Decorations] CAPPING events from decorations provider vscode.git 1832
[2022-06-07 11:55:01.182] [exthost] [warning] [Decorations] CAPPING events from decorations provider vscode.git 1832
[2022-06-07 11:55:06.467] [exthost] [warning] [Decorations] CAPPING events from decorations provider vscode.git 1833
[2022-06-07 11:55:11.774] [exthost] [warning] [Decorations] CAPPING events from decorations provider vscode.git 1832
[2022-06-07 11:55:17.080] [exthost] [warning] [Decorations] CAPPING events from decorations provider vscode.git 1832
[2022-06-07 11:55:22.320] [exthost] [warning] [Decorations] CAPPING events from decorations provider vscode.git 1832
[2022-06-07 11:55:27.574] [exthost] [warning] [Decorations] CAPPING events from decorations provider vscode.git 1832
[2022-06-07 11:55:32.803] [exthost] [warning] [Decorations] CAPPING events from decorations provider vscode.git 1832
[2022-06-07 11:55:40.309] [exthost] [warning] [Decorations] CAPPING events from decorations provider vscode.git 1833
[2022-06-07 11:55:45.607] [exthost] [warning] [Decorations] CAPPING events from decorations provider vscode.git 1832
[2022-06-07 11:55:52.231] [exthost] [warning] [Decorations] CAPPING events from decorations provider vscode.git 1832
[2022-06-07 11:55:57.473] [exthost] [warning] [Decorations] CAPPING events from decorations provider vscode.git 1832
[2022-06-07 11:56:02.727] [exthost] [warning] [Decorations] CAPPING events from decorations provider vscode.git 1833
[2022-06-07 11:56:08.098] [exthost] [warning] [Decorations] CAPPING events from decorations provider vscode.git 1832
[2022-06-07 11:56:14.707] [exthost] [warning] [Decorations] CAPPING events from decorations provider vscode.git 1832
[2022-06-07 11:56:19.960] [exthost] [warning] [Decorations] CAPPING events from decorations provider vscode.git 1832
[2022-06-07 11:56:25.287] [exthost] [warning] [Decorations] CAPPING events from decorations provider vscode.git 1832
[2022-06-07 11:56:31.766] [exthost] [warning] [Decorations] CAPPING events from decorations provider vscode.git 1832
[2022-06-07 11:56:37.099] [exthost] [warning] [Decorations] CAPPING events from decorations provider vscode.git 1832
[2022-06-07 11:56:43.782] [exthost] [warning] [Decorations] CAPPING events from decorations provider vscode.git 1832
[2022-06-07 11:56:49.194] [exthost] [warning] [Decorations] CAPPING events from decorations provider vscode.git 1832
[2022-06-07 11:56:55.746] [exthost] [warning] [Decorations] CAPPING events from decorations provider vscode.git 1832
[2022-06-07 11:57:01.077] [exthost] [warning] [Decorations] CAPPING events from decorations provider vscode.git 1832
[2022-06-07 11:57:07.990] [exthost] [warning] [Decorations] CAPPING events from decorations provider vscode.git 1832
[2022-06-07 11:57:14.796] [exthost] [warning] [Decorations] CAPPING events from decorations provider vscode.git 1832
[2022-06-07 11:57:20.156] [exthost] [warning] [Decorations] CAPPING events from decorations provider vscode.git 1832
[2022-06-07 11:57:26.724] [exthost] [warning] [Decorations] CAPPING events from decorations provider vscode.git 1832
[2022-06-07 11:57:31.979] [exthost] [warning] [Decorations] CAPPING events from decorations provider vscode.git 1832
[2022-06-07 11:57:37.292] [exthost] [warning] [Decorations] CAPPING events from decorations provider vscode.git 1832
[2022-06-07 11:57:43.791] [exthost] [warning] [Decorations] CAPPING events from decorations provider vscode.git 1832
[2022-06-07 11:57:49.035] [exthost] [warning] [Decorations] CAPPING events from decorations provider vscode.git 1832
[2022-06-07 11:57:54.262] [exthost] [warning] [Decorations] CAPPING events from decorations provider vscode.git 1832
[2022-06-07 11:57:59.674] [exthost] [warning] [Decorations] CAPPING events from decorations provider vscode.git 1832
[2022-06-07 11:58:06.239] [exthost] [warning] [Decorations] CAPPING events from decorations provider vscode.git 1832
[2022-06-07 11:58:11.502] [exthost] [warning] [Decorations] CAPPING events from decorations provider vscode.git 1832
[2022-06-07 11:58:16.830] [exthost] [warning] [Decorations] CAPPING events from decorations provider vscode.git 1832
[2022-06-07 11:58:23.306] [exthost] [warning] [Decorations] CAPPING events from decorations provider vscode.git 1832
[2022-06-07 11:58:28.591] [exthost] [warning] [Decorations] CAPPING events from decorations provider vscode.git 1832
[2022-06-07 11:58:33.912] [exthost] [warning] [Decorations] CAPPING events from decorations provider vscode.git 1832
[2022-06-07 11:58:40.565] [exthost] [warning] [Decorations] CAPPING events from decorations provider vscode.git 1833
[2022-06-07 11:58:45.833] [exthost] [warning] [Decorations] CAPPING events from decorations provider vscode.git 1832
[2022-06-07 11:59:50.617] [exthost] [warning] [Decorations] CAPPING events from decorations provider vscode.git 1832
[2022-06-07 11:59:55.865] [exthost] [warning] [Decorations] CAPPING events from decorations provider vscode.git 1832
[2022-06-07 12:00:01.098] [exthost] [warning] [Decorations] CAPPING events from decorations provider vscode.git 1832
[2022-06-07 12:00:06.496] [exthost] [warning] [Decorations] CAPPING events from decorations provider vscode.git 1832
[2022-06-07 12:00:12.988] [exthost] [warning] [Decorations] CAPPING events from decorations provider vscode.git 1832
[2022-06-07 12:00:18.243] [exthost] [warning] [Decorations] CAPPING events from decorations provider vscode.git 1833
[2022-06-07 12:00:23.503] [exthost] [warning] [Decorations] CAPPING events from decorations provider vscode.git 1832
[2022-06-07 12:00:28.734] [exthost] [warning] [Decorations] CAPPING events from decorations provider vscode.git 1832
[2022-06-07 12:00:33.967] [exthost] [warning] [Decorations] CAPPING events from decorations provider vscode.git 1833
[2022-06-07 12:00:39.294] [exthost] [warning] [Decorations] CAPPING events from decorations provider vscode.git 1832
[2022-06-07 12:00:45.742] [exthost] [warning] [Decorations] CAPPING events from decorations provider vscode.git 1832
[2022-06-07 12:00:50.985] [exthost] [warning] [Decorations] CAPPING events from decorations provider vscode.git 1832
[2022-06-07 12:00:56.582] [exthost] [warning] [Decorations] CAPPING events from decorations provider vscode.git 1833
[2022-06-07 12:01:01.873] [exthost] [warning] [Decorations] CAPPING events from decorations provider vscode.git 1832
[2022-06-07 12:01:07.221] [exthost] [warning] [Decorations] CAPPING events from decorations provider vscode.git 1832
[2022-06-07 12:01:13.814] [exthost] [warning] [Decorations] CAPPING events from decorations provider vscode.git 1832
[2022-06-07 12:01:19.174] [exthost] [warning] [Decorations] CAPPING events from decorations provider vscode.git 1832
[2022-06-07 12:01:25.743] [exthost] [warning] [Decorations] CAPPING events from decorations provider vscode.git 1832
[2022-06-07 12:01:31.072] [exthost] [warning] [Decorations] CAPPING events from decorations provider vscode.git 1832
[2022-06-07 12:01:37.688] [exthost] [warning] [Decorations] CAPPING events from decorations provider vscode.git 1832
[2022-06-07 12:01:43.090] [exthost] [warning] [Decorations] CAPPING events from decorations provider vscode.git 1832
[2022-06-07 12:01:49.696] [exthost] [warning] [Decorations] CAPPING events from decorations provider vscode.git 1832
[2022-06-07 12:01:55.051] [exthost] [warning] [Decorations] CAPPING events from decorations provider vscode.git 1832
[2022-06-07 12:02:01.628] [exthost] [warning] [Decorations] CAPPING events from decorations provider vscode.git 1832
[2022-06-07 12:02:06.872] [exthost] [warning] [Decorations] CAPPING events from decorations provider vscode.git 1832
[2022-06-07 12:02:34.922] [exthost] [warning] [Decorations] CAPPING events from decorations provider vscode.git 1832
[2022-06-07 12:02:40.376] [exthost] [warning] [Decorations] CAPPING events from decorations provider vscode.git 1833
[2022-06-07 12:02:50.235] [exthost] [warning] [Decorations] CAPPING events from decorations provider vscode.git 1832
[2022-06-07 12:02:55.757] [exthost] [warning] [Decorations] CAPPING events from decorations provider vscode.git 1833
[2022-06-07 12:02:57.454] [exthost] [error] [vscode.typescript-language-features] provider FAILED
[2022-06-07 12:02:57.507] [exthost] [error] Error: DisposableStore is missing...
	at Q._convertCompletionItem (/home/ubuntu-1021941/.vscode-server/bin/c3511e6c69bb39013c4a4b7b9566ec1ca73fc4d5/out/vs/workbench/api/node/extensionHostProcess.js:83:112140)
	at Q.resolveCompletionItem (/home/ubuntu-1021941/.vscode-server/bin/c3511e6c69bb39013c4a4b7b9566ec1ca73fc4d5/out/vs/workbench/api/node/extensionHostProcess.js:83:111918)
[2022-06-07 12:03:02.222] [exthost] [warning] [Decorations] CAPPING events from decorations provider vscode.git 1832
[2022-06-07 12:03:07.571] [exthost] [warning] [Decorations] CAPPING events from decorations provider vscode.git 1832
[2022-06-07 12:03:14.208] [exthost] [warning] [Decorations] CAPPING events from decorations provider vscode.git 1833
[2022-06-07 12:03:19.469] [exthost] [warning] [Decorations] CAPPING events from decorations provider vscode.git 1832
[2022-06-07 12:03:25.050] [exthost] [warning] [Decorations] CAPPING events from decorations provider vscode.git 1833
[2022-06-07 12:03:33.403] [exthost] [warning] [Decorations] CAPPING events from decorations provider vscode.git 1832
[2022-06-07 12:03:38.546] [exthost] [warning] [Decorations] CAPPING events from decorations provider vscode.git 1833
[2022-06-07 12:03:43.878] [exthost] [warning] [Decorations] CAPPING events from decorations provider vscode.git 1832
[2022-06-07 12:03:49.123] [exthost] [warning] [Decorations] CAPPING events from decorations provider vscode.git 1832
[2022-06-07 12:03:54.469] [exthost] [warning] [Decorations] CAPPING events from decorations provider vscode.git 1832
[2022-06-07 12:04:01.112] [exthost] [warning] [Decorations] CAPPING events from decorations provider vscode.git 1833
[2022-06-07 12:04:06.446] [exthost] [warning] [Decorations] CAPPING events from decorations provider vscode.git 1832
[2022-06-07 12:04:11.713] [exthost] [warning] [Decorations] CAPPING events from decorations provider vscode.git 1832
[2022-06-07 12:04:16.975] [exthost] [warning] [Decorations] CAPPING events from decorations provider vscode.git 1832
[2022-06-07 12:04:22.369] [exthost] [warning] [Decorations] CAPPING events from decorations provider vscode.git 1832
[2022-06-07 12:04:57.648] [exthost] [warning] [Decorations] CAPPING events from decorations provider vscode.git 1832
[2022-06-07 12:05:03.072] [exthost] [warning] [Decorations] CAPPING events from decorations provider vscode.git 1833
[2022-06-07 12:05:09.708] [exthost] [warning] [Decorations] CAPPING events from decorations provider vscode.git 1832
[2022-06-07 12:05:15.067] [exthost] [warning] [Decorations] CAPPING events from decorations provider vscode.git 1832
[2022-06-07 12:05:21.673] [exthost] [warning] [Decorations] CAPPING events from decorations provider vscode.git 1832
[2022-06-07 12:05:27.001] [exthost] [warning] [Decorations] CAPPING events from decorations provider vscode.git 1832
[2022-06-07 12:05:33.580] [exthost] [warning] [Decorations] CAPPING events from decorations provider vscode.git 1832
[2022-06-07 12:05:38.916] [exthost] [warning] [Decorations] CAPPING events from decorations provider vscode.git 1832
[2022-06-07 12:05:45.562] [exthost] [warning] [Decorations] CAPPING events from decorations provider vscode.git 1832
[2022-06-07 12:05:50.843] [exthost] [warning] [Decorations] CAPPING events from decorations provider vscode.git 1832
[2022-06-07 12:05:56.056] [exthost] [warning] [Decorations] CAPPING events from decorations provider vscode.git 1833
[2022-06-07 12:06:01.422] [exthost] [warning] [Decorations] CAPPING events from decorations provider vscode.git 1832
[2022-06-07 12:08:10.544] [exthost] [warning] [Decorations] CAPPING events from decorations provider vscode.git 1832
[2022-06-07 12:08:15.823] [exthost] [warning] [Decorations] CAPPING events from decorations provider vscode.git 1832
[2022-06-07 12:08:29.263] [exthost] [warning] [Decorations] CAPPING events from decorations provider vscode.git 1832
[2022-06-07 12:08:34.511] [exthost] [warning] [Decorations] CAPPING events from decorations provider vscode.git 1832
[2022-06-07 12:08:39.758] [exthost] [warning] [Decorations] CAPPING events from decorations provider vscode.git 1832
[2022-06-07 12:08:45.928] [exthost] [warning] [Decorations] CAPPING events from decorations provider vscode.git 1832
[2022-06-07 12:08:58.830] [exthost] [warning] [Decorations] CAPPING events from decorations provider vscode.git 1832
[2022-06-07 12:09:04.086] [exthost] [warning] [Decorations] CAPPING events from decorations provider vscode.git 1832
[2022-06-07 12:09:09.336] [exthost] [warning] [Decorations] CAPPING events from decorations provider vscode.git 1832
[2022-06-07 12:09:14.611] [exthost] [warning] [Decorations] CAPPING events from decorations provider vscode.git 1832
[2022-06-07 12:09:19.853] [exthost] [warning] [Decorations] CAPPING events from decorations provider vscode.git 1832
[2022-06-07 12:09:25.105] [exthost] [warning] [Decorations] CAPPING events from decorations provider vscode.git 1832
[2022-06-07 12:10:01.594] [exthost] [warning] [Decorations] CAPPING events from decorations provider vscode.git 1832
[2022-06-07 12:10:06.905] [exthost] [warning] [Decorations] CAPPING events from decorations provider vscode.git 1833
[2022-06-07 12:10:12.164] [exthost] [warning] [Decorations] CAPPING events from decorations provider vscode.git 1832
[2022-06-07 12:10:19.197] [exthost] [warning] [Decorations] CAPPING events from decorations provider vscode.git 1832
[2022-06-07 12:10:28.395] [exthost] [warning] [Decorations] CAPPING events from decorations provider vscode.git 1832
[2022-06-07 12:10:36.221] [exthost] [warning] [Decorations] CAPPING events from decorations provider vscode.git 1833
[2022-06-07 12:11:06.194] [exthost] [warning] [Decorations] CAPPING events from decorations provider vscode.git 1832
[2022-06-07 12:11:11.451] [exthost] [warning] [Decorations] CAPPING events from decorations provider vscode.git 1832
[2022-06-07 12:11:16.818] [exthost] [warning] [Decorations] CAPPING events from decorations provider vscode.git 1832
[2022-06-07 12:11:22.369] [exthost] [warning] [Decorations] CAPPING events from decorations provider vscode.git 1833
[2022-06-07 12:11:29.746] [exthost] [warning] [Decorations] CAPPING events from decorations provider vscode.git 1832
[2022-06-07 12:11:35.079] [exthost] [warning] [Decorations] CAPPING events from decorations provider vscode.git 1832
[2022-06-07 12:12:56.170] [exthost] [warning] [Decorations] CAPPING events from decorations provider vscode.git 1832
[2022-06-07 12:13:01.527] [exthost] [warning] [Decorations] CAPPING events from decorations provider vscode.git 1832
[2022-06-07 12:13:06.762] [exthost] [warning] [Decorations] CAPPING events from decorations provider vscode.git 1832
[2022-06-07 12:13:11.922] [exthost] [warning] [Decorations] CAPPING events from decorations provider vscode.git 1833
[2022-06-07 12:13:17.252] [exthost] [warning] [Decorations] CAPPING events from decorations provider vscode.git 1832
[2022-06-07 12:13:23.774] [exthost] [warning] [Decorations] CAPPING events from decorations provider vscode.git 1832
[2022-06-07 12:13:39.303] [exthost] [warning] [Decorations] CAPPING events from decorations provider vscode.git 1832
[2022-06-07 12:13:44.543] [exthost] [warning] [Decorations] CAPPING events from decorations provider vscode.git 1832
[2022-06-07 12:13:49.796] [exthost] [warning] [Decorations] CAPPING events from decorations provider vscode.git 1832
[2022-06-07 12:13:55.111] [exthost] [warning] [Decorations] CAPPING events from decorations provider vscode.git 1832
[2022-06-07 12:15:53.381] [exthost] [warning] [Decorations] CAPPING events from decorations provider vscode.git 1832
[2022-06-07 12:16:10.012] [exthost] [warning] [Decorations] CAPPING events from decorations provider vscode.git 1832
[2022-06-07 12:16:21.963] [exthost] [warning] [Decorations] CAPPING events from decorations provider vscode.git 1832
[2022-06-07 12:16:27.217] [exthost] [warning] [Decorations] CAPPING events from decorations provider vscode.git 1832
[2022-06-07 12:16:32.457] [exthost] [warning] [Decorations] CAPPING events from decorations provider vscode.git 1833
[2022-06-07 12:16:37.812] [exthost] [warning] [Decorations] CAPPING events from decorations provider vscode.git 1832
[2022-06-07 12:16:58.594] [exthost] [warning] [Decorations] CAPPING events from decorations provider vscode.git 1832
[2022-06-07 12:17:03.851] [exthost] [warning] [Decorations] CAPPING events from decorations provider vscode.git 1832
[2022-06-07 12:17:09.084] [exthost] [warning] [Decorations] CAPPING events from decorations provider vscode.git 1832
[2022-06-07 12:17:14.343] [exthost] [warning] [Decorations] CAPPING events from decorations provider vscode.git 1832
[2022-06-07 12:17:19.666] [exthost] [warning] [Decorations] CAPPING events from decorations provider vscode.git 1832
[2022-06-07 12:17:26.273] [exthost] [warning] [Decorations] CAPPING events from decorations provider vscode.git 1832
[2022-06-07 12:17:31.615] [exthost] [warning] [Decorations] CAPPING events from decorations provider vscode.git 1832
[2022-06-07 12:17:38.728] [exthost] [warning] [Decorations] CAPPING events from decorations provider vscode.git 1833
[2022-06-07 12:17:46.484] [exthost] [warning] [Decorations] CAPPING events from decorations provider vscode.git 1832
[2022-06-07 12:17:51.932] [exthost] [warning] [Decorations] CAPPING events from decorations provider vscode.git 1833
[2022-06-07 12:17:59.032] [exthost] [warning] [Decorations] CAPPING events from decorations provider vscode.git 1832
[2022-06-07 12:18:04.350] [exthost] [warning] [Decorations] CAPPING events from decorations provider vscode.git 1832
[2022-06-07 12:19:34.384] [exthost] [warning] [Decorations] CAPPING events from decorations provider vscode.git 1832
[2022-06-07 12:20:21.551] [exthost] [warning] [Decorations] CAPPING events from decorations provider vscode.git 1832
[2022-06-07 12:20:26.803] [exthost] [warning] [Decorations] CAPPING events from decorations provider vscode.git 1833
[2022-06-07 12:20:32.047] [exthost] [warning] [Decorations] CAPPING events from decorations provider vscode.git 1832
[2022-06-07 12:21:48.733] [exthost] [warning] [Decorations] CAPPING events from decorations provider vscode.git 1832
[2022-06-07 12:21:55.238] [exthost] [warning] [Decorations] CAPPING events from decorations provider vscode.git 1833
[2022-06-07 12:22:00.624] [exthost] [warning] [Decorations] CAPPING events from decorations provider vscode.git 1832
[2022-06-07 12:22:05.879] [exthost] [warning] [Decorations] CAPPING events from decorations provider vscode.git 1832
[2022-06-07 12:22:11.195] [exthost] [warning] [Decorations] CAPPING events from decorations provider vscode.git 1832
[2022-06-07 12:22:17.761] [exthost] [warning] [Decorations] CAPPING events from decorations provider vscode.git 1833
[2022-06-07 12:22:23.021] [exthost] [warning] [Decorations] CAPPING events from decorations provider vscode.git 1832
[2022-06-07 12:22:28.253] [exthost] [warning] [Decorations] CAPPING events from decorations provider vscode.git 1832
[2022-06-07 12:22:33.598] [exthost] [warning] [Decorations] CAPPING events from decorations provider vscode.git 1832
[2022-06-07 12:22:40.315] [exthost] [warning] [Decorations] CAPPING events from decorations provider vscode.git 1833
[2022-06-07 12:22:47.106] [exthost] [warning] [Decorations] CAPPING events from decorations provider vscode.git 1832
[2022-06-07 12:22:52.338] [exthost] [warning] [Decorations] CAPPING events from decorations provider vscode.git 1832
[2022-06-07 12:22:57.579] [exthost] [warning] [Decorations] CAPPING events from decorations provider vscode.git 1832
[2022-06-07 12:23:02.815] [exthost] [warning] [Decorations] CAPPING events from decorations provider vscode.git 1832
[2022-06-07 12:23:08.058] [exthost] [warning] [Decorations] CAPPING events from decorations provider vscode.git 1832
[2022-06-07 12:23:13.286] [exthost] [warning] [Decorations] CAPPING events from decorations provider vscode.git 1832
[2022-06-07 12:23:18.558] [exthost] [warning] [Decorations] CAPPING events from decorations provider vscode.git 1833
[2022-06-07 12:23:25.026] [exthost] [warning] [Decorations] CAPPING events from decorations provider vscode.git 1832
[2022-06-07 12:23:30.294] [exthost] [warning] [Decorations] CAPPING events from decorations provider vscode.git 1832
[2022-06-07 12:23:35.652] [exthost] [warning] [Decorations] CAPPING events from decorations provider vscode.git 1833
[2022-06-07 12:23:43.467] [exthost] [warning] [Decorations] CAPPING events from decorations provider vscode.git 1832
[2022-06-07 12:23:48.696] [exthost] [warning] [Decorations] CAPPING events from decorations provider vscode.git 1832
[2022-06-07 12:23:53.941] [exthost] [warning] [Decorations] CAPPING events from decorations provider vscode.git 1832
[2022-06-07 12:24:04.309] [exthost] [warning] [Decorations] CAPPING events from decorations provider vscode.git 1832
[2022-06-07 12:24:09.655] [exthost] [warning] [Decorations] CAPPING events from decorations provider vscode.git 1832
[2022-06-07 12:24:14.928] [exthost] [warning] [Decorations] CAPPING events from decorations provider vscode.git 1832
[2022-06-07 12:24:20.261] [exthost] [warning] [Decorations] CAPPING events from decorations provider vscode.git 1833
[2022-06-07 12:24:25.624] [exthost] [warning] [Decorations] CAPPING events from decorations provider vscode.git 1832
[2022-06-07 12:24:31.214] [exthost] [warning] [Decorations] CAPPING events from decorations provider vscode.git 1832
[2022-06-07 12:24:38.133] [exthost] [warning] [Decorations] CAPPING events from decorations provider vscode.git 1832
[2022-06-07 12:24:43.479] [exthost] [warning] [Decorations] CAPPING events from decorations provider vscode.git 1832
[2022-06-07 12:24:58.459] [exthost] [warning] [Decorations] CAPPING events from decorations provider vscode.git 1832
[2022-06-07 12:25:03.807] [exthost] [warning] [Decorations] CAPPING events from decorations provider vscode.git 1832
[2022-06-07 12:25:09.046] [exthost] [warning] [Decorations] CAPPING events from decorations provider vscode.git 1832
[2022-06-07 12:26:08.000] [exthost] [warning] [Decorations] CAPPING events from decorations provider vscode.git 1832
[2022-06-07 12:28:13.347] [exthost] [info] Extension host terminating: received terminate message from renderer
[2022-06-07 12:28:13.369] [exthost] [info] Lock '/home/ubuntu-1021941/.vscode-server/data/User/workspaceStorage/56b96f145db760d9a83f35b6caf5e4f2-1/vscode.lock': Marking the lockfile as scheduled to be released in 6000 ms.
[2022-06-07 12:28:13.774] [exthost] [info] Extension host with pid 1940003 exiting with code 0
