[2022-06-03 09:08:24.095] [exthost] [info] Extension host with pid 1762339 started
[2022-06-03 09:08:24.137] [exthost] [info] Lock '/home/ubuntu-1021941/.vscode-server/data/User/workspaceStorage/56b96f145db760d9a83f35b6caf5e4f2/vscode.lock': Lock acquired.
[2022-06-03 09:08:25.235] [exthost] [info] ExtensionService#_doActivateExtension vscode.typescript-language-features, startup: false, activationEvent: 'onLanguage:javascript'
[2022-06-03 09:08:25.664] [exthost] [info] ExtensionService#_doActivateExtension vscode.debug-auto-launch, startup: true, activationEvent: '*'
[2022-06-03 09:08:25.670] [exthost] [info] ExtensionService#_doActivateExtension vscode.git-base, startup: true, activationEvent: '*', root cause: vscode.git
[2022-06-03 09:08:25.677] [exthost] [info] ExtensionService#_doActivateExtension vscode.ipynb, startup: true, activationEvent: '*'
[2022-06-03 09:08:25.733] [exthost] [info] ExtensionService#_doActivateExtension akhail.save-typing, startup: true, activationEvent: '*'
[2022-06-03 09:08:25.755] [exthost] [info] ExtensionService#_doActivateExtension vscode.npm, startup: true, activationEvent: 'workspaceContains:package.json'
[2022-06-03 09:08:26.307] [exthost] [info] ExtensionService#_doActivateExtension vscode.git, startup: true, activationEvent: '*'
[2022-06-03 09:08:26.485] [exthost] [info] ExtensionService#_doActivateExtension vscode.github, startup: true, activationEvent: '*'
[2022-06-03 09:08:28.136] [exthost] [warning] [Decorations] CAPPING events from decorations provider vscode.git 1775
[2022-06-03 09:08:31.644] [exthost] [info] ExtensionService#_doActivateExtension vscode.emmet, startup: false, activationEvent: 'onStartupFinished'
[2022-06-03 09:08:31.754] [exthost] [info] ExtensionService#_doActivateExtension vscode.merge-conflict, startup: false, activationEvent: 'onStartupFinished'
[2022-06-03 09:08:31.771] [exthost] [info] Eager extensions activated
[2022-06-03 09:08:34.907] [exthost] [warning] [Decorations] CAPPING events from decorations provider vscode.git 1777
[2022-06-03 09:08:43.950] [exthost] [warning] [Decorations] CAPPING events from decorations provider vscode.git 1777
[2022-06-03 09:08:49.229] [exthost] [warning] [Decorations] CAPPING events from decorations provider vscode.git 1777
[2022-06-03 09:08:54.489] [exthost] [warning] [Decorations] CAPPING events from decorations provider vscode.git 1777
[2022-06-03 09:08:59.759] [exthost] [warning] [Decorations] CAPPING events from decorations provider vscode.git 1777
[2022-06-03 09:09:04.991] [exthost] [warning] [Decorations] CAPPING events from decorations provider vscode.git 1777
[2022-06-03 09:09:10.315] [exthost] [warning] [Decorations] CAPPING events from decorations provider vscode.git 1777
[2022-06-03 09:09:18.910] [exthost] [warning] [Decorations] CAPPING events from decorations provider vscode.git 1777
[2022-06-03 09:14:03.282] [exthost] [warning] [Decorations] CAPPING events from decorations provider vscode.git 1777
[2022-06-03 09:14:08.545] [exthost] [warning] [Decorations] CAPPING events from decorations provider vscode.git 1777
[2022-06-03 09:15:48.223] [exthost] [warning] [Decorations] CAPPING events from decorations provider vscode.git 1777
[2022-06-03 09:15:53.460] [exthost] [warning] [Decorations] CAPPING events from decorations provider vscode.git 1777
[2022-06-03 09:15:58.734] [exthost] [warning] [Decorations] CAPPING events from decorations provider vscode.git 1777
[2022-06-03 09:16:03.984] [exthost] [warning] [Decorations] CAPPING events from decorations provider vscode.git 1777
[2022-06-03 09:16:09.261] [exthost] [warning] [Decorations] CAPPING events from decorations provider vscode.git 1777
[2022-06-03 09:16:14.669] [exthost] [warning] [Decorations] CAPPING events from decorations provider vscode.git 1778
[2022-06-03 09:16:19.933] [exthost] [warning] [Decorations] CAPPING events from decorations provider vscode.git 1778
[2022-06-03 09:16:25.425] [exthost] [warning] [Decorations] CAPPING events from decorations provider vscode.git 1778
[2022-06-03 09:16:30.691] [exthost] [warning] [Decorations] CAPPING events from decorations provider vscode.git 1778
[2022-06-03 09:16:36.123] [exthost] [warning] [Decorations] CAPPING events from decorations provider vscode.git 1778
[2022-06-03 09:16:42.641] [exthost] [warning] [Decorations] CAPPING events from decorations provider vscode.git 1778
[2022-06-03 09:16:47.872] [exthost] [warning] [Decorations] CAPPING events from decorations provider vscode.git 1778
[2022-06-03 09:16:53.532] [exthost] [warning] [Decorations] CAPPING events from decorations provider vscode.git 1778
[2022-06-03 09:16:58.721] [exthost] [warning] [Decorations] CAPPING events from decorations provider vscode.git 1778
[2022-06-03 09:17:04.084] [exthost] [warning] [Decorations] CAPPING events from decorations provider vscode.git 1778
[2022-06-03 09:17:09.477] [exthost] [warning] [Decorations] CAPPING events from decorations provider vscode.git 1778
[2022-06-03 09:17:16.604] [exthost] [warning] [Decorations] CAPPING events from decorations provider vscode.git 1778
[2022-06-03 09:17:21.834] [exthost] [warning] [Decorations] CAPPING events from decorations provider vscode.git 1778
[2022-06-03 09:17:27.078] [exthost] [warning] [Decorations] CAPPING events from decorations provider vscode.git 1778
[2022-06-03 09:17:32.568] [exthost] [warning] [Decorations] CAPPING events from decorations provider vscode.git 1779
[2022-06-03 09:17:37.895] [exthost] [warning] [Decorations] CAPPING events from decorations provider vscode.git 1779
[2022-06-03 09:17:44.821] [exthost] [warning] [Decorations] CAPPING events from decorations provider vscode.git 1779
[2022-06-03 09:17:50.406] [exthost] [warning] [Decorations] CAPPING events from decorations provider vscode.git 1780
[2022-06-03 09:17:57.279] [exthost] [warning] [Decorations] CAPPING events from decorations provider vscode.git 1780
[2022-06-03 09:18:03.632] [exthost] [warning] [Decorations] CAPPING events from decorations provider vscode.git 1780
[2022-06-03 09:18:08.861] [exthost] [warning] [Decorations] CAPPING events from decorations provider vscode.git 1780
[2022-06-03 09:18:14.113] [exthost] [warning] [Decorations] CAPPING events from decorations provider vscode.git 1780
[2022-06-03 09:18:19.341] [exthost] [warning] [Decorations] CAPPING events from decorations provider vscode.git 1780
[2022-06-03 09:18:24.596] [exthost] [warning] [Decorations] CAPPING events from decorations provider vscode.git 1780
[2022-06-03 09:18:29.977] [exthost] [warning] [Decorations] CAPPING events from decorations provider vscode.git 1781
[2022-06-03 09:18:36.573] [exthost] [warning] [Decorations] CAPPING events from decorations provider vscode.git 1781
[2022-06-03 09:18:41.807] [exthost] [warning] [Decorations] CAPPING events from decorations provider vscode.git 1781
[2022-06-03 09:18:47.054] [exthost] [warning] [Decorations] CAPPING events from decorations provider vscode.git 1781
[2022-06-03 09:18:52.310] [exthost] [warning] [Decorations] CAPPING events from decorations provider vscode.git 1781
[2022-06-03 09:18:57.532] [exthost] [warning] [Decorations] CAPPING events from decorations provider vscode.git 1781
[2022-06-03 09:19:02.761] [exthost] [warning] [Decorations] CAPPING events from decorations provider vscode.git 1781
[2022-06-03 09:19:09.496] [exthost] [warning] [Decorations] CAPPING events from decorations provider vscode.git 1781
[2022-06-03 09:19:14.745] [exthost] [warning] [Decorations] CAPPING events from decorations provider vscode.git 1781
[2022-06-03 09:19:19.995] [exthost] [warning] [Decorations] CAPPING events from decorations provider vscode.git 1781
[2022-06-03 09:19:25.262] [exthost] [warning] [Decorations] CAPPING events from decorations provider vscode.git 1782
[2022-06-03 09:19:30.495] [exthost] [warning] [Decorations] CAPPING events from decorations provider vscode.git 1782
[2022-06-03 09:19:35.728] [exthost] [warning] [Decorations] CAPPING events from decorations provider vscode.git 1782
[2022-06-03 09:19:40.974] [exthost] [warning] [Decorations] CAPPING events from decorations provider vscode.git 1782
[2022-06-03 09:19:46.221] [exthost] [warning] [Decorations] CAPPING events from decorations provider vscode.git 1782
[2022-06-03 09:19:51.453] [exthost] [warning] [Decorations] CAPPING events from decorations provider vscode.git 1782
[2022-06-03 09:19:56.737] [exthost] [warning] [Decorations] CAPPING events from decorations provider vscode.git 1782
[2022-06-03 09:20:03.180] [exthost] [warning] [Decorations] CAPPING events from decorations provider vscode.git 1782
[2022-06-03 09:20:08.429] [exthost] [warning] [Decorations] CAPPING events from decorations provider vscode.git 1782
[2022-06-03 09:20:13.677] [exthost] [warning] [Decorations] CAPPING events from decorations provider vscode.git 1782
[2022-06-03 09:20:18.907] [exthost] [warning] [Decorations] CAPPING events from decorations provider vscode.git 1782
[2022-06-03 09:20:24.168] [exthost] [warning] [Decorations] CAPPING events from decorations provider vscode.git 1782
[2022-06-03 09:20:29.410] [exthost] [warning] [Decorations] CAPPING events from decorations provider vscode.git 1782
[2022-06-03 09:20:34.681] [exthost] [warning] [Decorations] CAPPING events from decorations provider vscode.git 1782
[2022-06-03 09:20:41.183] [exthost] [warning] [Decorations] CAPPING events from decorations provider vscode.git 1782
[2022-06-03 09:20:46.429] [exthost] [warning] [Decorations] CAPPING events from decorations provider vscode.git 1782
[2022-06-03 09:20:51.684] [exthost] [warning] [Decorations] CAPPING events from decorations provider vscode.git 1782
[2022-06-03 09:20:56.927] [exthost] [warning] [Decorations] CAPPING events from decorations provider vscode.git 1782
[2022-06-03 09:21:02.193] [exthost] [warning] [Decorations] CAPPING events from decorations provider vscode.git 1782
[2022-06-03 09:21:07.428] [exthost] [warning] [Decorations] CAPPING events from decorations provider vscode.git 1782
[2022-06-03 09:21:12.666] [exthost] [warning] [Decorations] CAPPING events from decorations provider vscode.git 1782
[2022-06-03 09:21:17.903] [exthost] [warning] [Decorations] CAPPING events from decorations provider vscode.git 1782
[2022-06-03 09:21:23.224] [exthost] [warning] [Decorations] CAPPING events from decorations provider vscode.git 1782
[2022-06-03 09:21:29.693] [exthost] [warning] [Decorations] CAPPING events from decorations provider vscode.git 1782
[2022-06-03 09:21:34.915] [exthost] [warning] [Decorations] CAPPING events from decorations provider vscode.git 1782
[2022-06-03 09:21:41.800] [exthost] [warning] [Decorations] CAPPING events from decorations provider vscode.git 1782
[2022-06-03 09:21:47.125] [exthost] [warning] [Decorations] CAPPING events from decorations provider vscode.git 1782
[2022-06-03 09:21:52.372] [exthost] [warning] [Decorations] CAPPING events from decorations provider vscode.git 1782
[2022-06-03 09:21:57.610] [exthost] [warning] [Decorations] CAPPING events from decorations provider vscode.git 1782
[2022-06-03 09:22:02.837] [exthost] [warning] [Decorations] CAPPING events from decorations provider vscode.git 1782
[2022-06-03 09:22:08.071] [exthost] [warning] [Decorations] CAPPING events from decorations provider vscode.git 1782
[2022-06-03 09:22:13.304] [exthost] [warning] [Decorations] CAPPING events from decorations provider vscode.git 1782
[2022-06-03 09:22:18.546] [exthost] [warning] [Decorations] CAPPING events from decorations provider vscode.git 1782
[2022-06-03 09:22:23.769] [exthost] [warning] [Decorations] CAPPING events from decorations provider vscode.git 1782
[2022-06-03 09:22:29.004] [exthost] [warning] [Decorations] CAPPING events from decorations provider vscode.git 1782
[2022-06-03 09:22:34.247] [exthost] [warning] [Decorations] CAPPING events from decorations provider vscode.git 1782
[2022-06-03 09:22:36.874] [exthost] [info] ExtensionService#_doActivateExtension vscode.configuration-editing, startup: false, activationEvent: 'onLanguage:json'
[2022-06-03 09:22:36.906] [exthost] [info] ExtensionService#_doActivateExtension vscode.extension-editing, startup: false, activationEvent: 'onLanguage:json'
[2022-06-03 09:22:37.012] [exthost] [info] ExtensionService#_doActivateExtension vscode.json-language-features, startup: false, activationEvent: 'onLanguage:json'
[2022-06-03 09:22:59.197] [exthost] [warning] [Decorations] CAPPING events from decorations provider vscode.git 1783
[2022-06-03 09:23:04.451] [exthost] [warning] [Decorations] CAPPING events from decorations provider vscode.git 1783
[2022-06-03 09:23:10.119] [exthost] [warning] [Decorations] CAPPING events from decorations provider vscode.git 1783
[2022-06-03 09:23:16.537] [exthost] [warning] [Decorations] CAPPING events from decorations provider vscode.git 1783
[2022-06-03 09:23:21.765] [exthost] [warning] [Decorations] CAPPING events from decorations provider vscode.git 1783
[2022-06-03 09:23:27.019] [exthost] [warning] [Decorations] CAPPING events from decorations provider vscode.git 1783
[2022-06-03 09:23:32.248] [exthost] [warning] [Decorations] CAPPING events from decorations provider vscode.git 1783
[2022-06-03 09:23:37.481] [exthost] [warning] [Decorations] CAPPING events from decorations provider vscode.git 1783
[2022-06-03 09:23:42.712] [exthost] [warning] [Decorations] CAPPING events from decorations provider vscode.git 1783
[2022-06-03 09:23:47.967] [exthost] [warning] [Decorations] CAPPING events from decorations provider vscode.git 1783
[2022-06-03 09:23:53.213] [exthost] [warning] [Decorations] CAPPING events from decorations provider vscode.git 1783
[2022-06-03 09:23:58.439] [exthost] [warning] [Decorations] CAPPING events from decorations provider vscode.git 1783
[2022-06-03 09:24:03.687] [exthost] [warning] [Decorations] CAPPING events from decorations provider vscode.git 1783
[2022-06-03 09:24:08.921] [exthost] [warning] [Decorations] CAPPING events from decorations provider vscode.git 1783
[2022-06-03 09:24:14.151] [exthost] [warning] [Decorations] CAPPING events from decorations provider vscode.git 1783
[2022-06-03 09:24:19.495] [exthost] [warning] [Decorations] CAPPING events from decorations provider vscode.git 1783
[2022-06-03 09:24:26.324] [exthost] [warning] [Decorations] CAPPING events from decorations provider vscode.git 1783
[2022-06-03 09:24:31.546] [exthost] [warning] [Decorations] CAPPING events from decorations provider vscode.git 1783
[2022-06-03 09:24:36.790] [exthost] [warning] [Decorations] CAPPING events from decorations provider vscode.git 1783
[2022-06-03 09:24:42.017] [exthost] [warning] [Decorations] CAPPING events from decorations provider vscode.git 1783
[2022-06-03 09:28:17.499] [exthost] [warning] [Decorations] CAPPING events from decorations provider vscode.git 1783
[2022-06-03 09:28:22.783] [exthost] [warning] [Decorations] CAPPING events from decorations provider vscode.git 1783
[2022-06-03 09:28:29.296] [exthost] [warning] [Decorations] CAPPING events from decorations provider vscode.git 1783
[2022-06-03 09:28:34.524] [exthost] [warning] [Decorations] CAPPING events from decorations provider vscode.git 1783
[2022-06-03 09:28:39.755] [exthost] [warning] [Decorations] CAPPING events from decorations provider vscode.git 1783
[2022-06-03 09:28:45.007] [exthost] [warning] [Decorations] CAPPING events from decorations provider vscode.git 1783
[2022-06-03 09:28:50.333] [exthost] [warning] [Decorations] CAPPING events from decorations provider vscode.git 1783
[2022-06-03 09:28:55.706] [exthost] [warning] [Decorations] CAPPING events from decorations provider vscode.git 1783
[2022-06-03 09:29:00.949] [exthost] [warning] [Decorations] CAPPING events from decorations provider vscode.git 1783
[2022-06-03 09:29:06.191] [exthost] [warning] [Decorations] CAPPING events from decorations provider vscode.git 1783
[2022-06-03 09:29:11.464] [exthost] [warning] [Decorations] CAPPING events from decorations provider vscode.git 1783
[2022-06-03 09:29:18.079] [exthost] [warning] [Decorations] CAPPING events from decorations provider vscode.git 1783
[2022-06-03 09:29:23.336] [exthost] [warning] [Decorations] CAPPING events from decorations provider vscode.git 1783
[2022-06-03 09:29:28.567] [exthost] [warning] [Decorations] CAPPING events from decorations provider vscode.git 1783
[2022-06-03 09:29:33.815] [exthost] [warning] [Decorations] CAPPING events from decorations provider vscode.git 1783
[2022-06-03 09:29:39.043] [exthost] [warning] [Decorations] CAPPING events from decorations provider vscode.git 1783
[2022-06-03 09:29:44.284] [exthost] [warning] [Decorations] CAPPING events from decorations provider vscode.git 1783
[2022-06-03 09:29:49.548] [exthost] [warning] [Decorations] CAPPING events from decorations provider vscode.git 1783
[2022-06-03 09:29:54.784] [exthost] [warning] [Decorations] CAPPING events from decorations provider vscode.git 1783
[2022-06-03 09:30:00.005] [exthost] [warning] [Decorations] CAPPING events from decorations provider vscode.git 1783
[2022-06-03 09:30:05.396] [exthost] [warning] [Decorations] CAPPING events from decorations provider vscode.git 1783
[2022-06-03 09:30:11.715] [exthost] [warning] [Decorations] CAPPING events from decorations provider vscode.git 1783
[2022-06-03 09:30:16.948] [exthost] [warning] [Decorations] CAPPING events from decorations provider vscode.git 1783
[2022-06-03 09:30:22.189] [exthost] [warning] [Decorations] CAPPING events from decorations provider vscode.git 1783
[2022-06-03 09:30:27.435] [exthost] [warning] [Decorations] CAPPING events from decorations provider vscode.git 1783
[2022-06-03 09:30:32.680] [exthost] [warning] [Decorations] CAPPING events from decorations provider vscode.git 1783
[2022-06-03 09:30:37.978] [exthost] [warning] [Decorations] CAPPING events from decorations provider vscode.git 1783
[2022-06-03 09:30:44.667] [exthost] [warning] [Decorations] CAPPING events from decorations provider vscode.git 1783
[2022-06-03 09:30:49.976] [exthost] [warning] [Decorations] CAPPING events from decorations provider vscode.git 1783
[2022-06-03 09:30:56.491] [exthost] [warning] [Decorations] CAPPING events from decorations provider vscode.git 1783
[2022-06-03 09:31:01.728] [exthost] [warning] [Decorations] CAPPING events from decorations provider vscode.git 1783
[2022-06-03 09:31:06.967] [exthost] [warning] [Decorations] CAPPING events from decorations provider vscode.git 1783
[2022-06-03 09:31:12.342] [exthost] [warning] [Decorations] CAPPING events from decorations provider vscode.git 1783
[2022-06-03 09:31:17.594] [exthost] [warning] [Decorations] CAPPING events from decorations provider vscode.git 1783
[2022-06-03 09:31:22.935] [exthost] [warning] [Decorations] CAPPING events from decorations provider vscode.git 1783
[2022-06-03 09:31:29.358] [exthost] [warning] [Decorations] CAPPING events from decorations provider vscode.git 1783
[2022-06-03 09:31:34.755] [exthost] [warning] [Decorations] CAPPING events from decorations provider vscode.git 1783
[2022-06-03 09:31:41.260] [exthost] [warning] [Decorations] CAPPING events from decorations provider vscode.git 1783
[2022-06-03 09:31:46.517] [exthost] [warning] [Decorations] CAPPING events from decorations provider vscode.git 1783
[2022-06-03 09:31:51.750] [exthost] [warning] [Decorations] CAPPING events from decorations provider vscode.git 1783
[2022-06-03 09:31:57.034] [exthost] [warning] [Decorations] CAPPING events from decorations provider vscode.git 1783
[2022-06-03 09:32:03.620] [exthost] [warning] [Decorations] CAPPING events from decorations provider vscode.git 1783
[2022-06-03 09:32:08.973] [exthost] [warning] [Decorations] CAPPING events from decorations provider vscode.git 1783
[2022-06-03 09:32:15.389] [exthost] [warning] [Decorations] CAPPING events from decorations provider vscode.git 1783
[2022-06-03 09:32:20.695] [exthost] [warning] [Decorations] CAPPING events from decorations provider vscode.git 1783
[2022-06-03 09:32:27.192] [exthost] [warning] [Decorations] CAPPING events from decorations provider vscode.git 1783
[2022-06-03 09:32:32.427] [exthost] [warning] [Decorations] CAPPING events from decorations provider vscode.git 1783
[2022-06-03 09:32:37.658] [exthost] [warning] [Decorations] CAPPING events from decorations provider vscode.git 1783
[2022-06-03 09:32:42.887] [exthost] [warning] [Decorations] CAPPING events from decorations provider vscode.git 1783
[2022-06-03 09:32:48.245] [exthost] [warning] [Decorations] CAPPING events from decorations provider vscode.git 1783
[2022-06-03 09:32:54.713] [exthost] [warning] [Decorations] CAPPING events from decorations provider vscode.git 1783
[2022-06-03 09:32:59.962] [exthost] [warning] [Decorations] CAPPING events from decorations provider vscode.git 1783
[2022-06-03 09:33:05.328] [exthost] [warning] [Decorations] CAPPING events from decorations provider vscode.git 1783
[2022-06-03 09:33:10.581] [exthost] [warning] [Decorations] CAPPING events from decorations provider vscode.git 1783
[2022-06-03 09:33:15.804] [exthost] [warning] [Decorations] CAPPING events from decorations provider vscode.git 1783
[2022-06-03 09:33:21.073] [exthost] [warning] [Decorations] CAPPING events from decorations provider vscode.git 1783
[2022-06-03 09:33:26.308] [exthost] [warning] [Decorations] CAPPING events from decorations provider vscode.git 1783
[2022-06-03 09:33:31.543] [exthost] [warning] [Decorations] CAPPING events from decorations provider vscode.git 1783
[2022-06-03 09:33:36.761] [exthost] [warning] [Decorations] CAPPING events from decorations provider vscode.git 1783
[2022-06-03 09:33:42.007] [exthost] [warning] [Decorations] CAPPING events from decorations provider vscode.git 1783
[2022-06-03 09:33:47.249] [exthost] [warning] [Decorations] CAPPING events from decorations provider vscode.git 1783
[2022-06-03 09:33:52.496] [exthost] [warning] [Decorations] CAPPING events from decorations provider vscode.git 1783
[2022-06-03 09:33:57.742] [exthost] [warning] [Decorations] CAPPING events from decorations provider vscode.git 1783
[2022-06-03 09:34:02.985] [exthost] [warning] [Decorations] CAPPING events from decorations provider vscode.git 1783
[2022-06-03 09:34:08.226] [exthost] [warning] [Decorations] CAPPING events from decorations provider vscode.git 1783
[2022-06-03 09:34:13.469] [exthost] [warning] [Decorations] CAPPING events from decorations provider vscode.git 1783
[2022-06-03 09:34:18.709] [exthost] [warning] [Decorations] CAPPING events from decorations provider vscode.git 1783
[2022-06-03 09:34:23.944] [exthost] [warning] [Decorations] CAPPING events from decorations provider vscode.git 1783
[2022-06-03 09:34:29.188] [exthost] [warning] [Decorations] CAPPING events from decorations provider vscode.git 1783
[2022-06-03 09:34:34.563] [exthost] [warning] [Decorations] CAPPING events from decorations provider vscode.git 1783
[2022-06-03 09:34:41.039] [exthost] [warning] [Decorations] CAPPING events from decorations provider vscode.git 1783
[2022-06-03 09:34:46.288] [exthost] [warning] [Decorations] CAPPING events from decorations provider vscode.git 1783
[2022-06-03 09:34:51.529] [exthost] [warning] [Decorations] CAPPING events from decorations provider vscode.git 1783
[2022-06-03 09:34:56.767] [exthost] [warning] [Decorations] CAPPING events from decorations provider vscode.git 1783
[2022-06-03 09:35:01.999] [exthost] [warning] [Decorations] CAPPING events from decorations provider vscode.git 1783
[2022-06-03 09:35:08.995] [exthost] [warning] [Decorations] CAPPING events from decorations provider vscode.git 1783
[2022-06-03 09:35:14.223] [exthost] [warning] [Decorations] CAPPING events from decorations provider vscode.git 1783
[2022-06-03 09:35:19.459] [exthost] [warning] [Decorations] CAPPING events from decorations provider vscode.git 1783
[2022-06-03 09:35:24.677] [exthost] [warning] [Decorations] CAPPING events from decorations provider vscode.git 1783
[2022-06-03 09:35:29.914] [exthost] [warning] [Decorations] CAPPING events from decorations provider vscode.git 1783
[2022-06-03 09:35:35.153] [exthost] [warning] [Decorations] CAPPING events from decorations provider vscode.git 1783
[2022-06-03 09:35:40.401] [exthost] [warning] [Decorations] CAPPING events from decorations provider vscode.git 1783
[2022-06-03 09:35:45.640] [exthost] [warning] [Decorations] CAPPING events from decorations provider vscode.git 1783
[2022-06-03 09:35:50.892] [exthost] [warning] [Decorations] CAPPING events from decorations provider vscode.git 1783
[2022-06-03 09:35:56.187] [exthost] [warning] [Decorations] CAPPING events from decorations provider vscode.git 1783
[2022-06-03 09:36:02.747] [exthost] [warning] [Decorations] CAPPING events from decorations provider vscode.git 1783
[2022-06-03 09:36:07.999] [exthost] [warning] [Decorations] CAPPING events from decorations provider vscode.git 1783
[2022-06-03 09:36:13.230] [exthost] [warning] [Decorations] CAPPING events from decorations provider vscode.git 1783
[2022-06-03 09:36:18.504] [exthost] [warning] [Decorations] CAPPING events from decorations provider vscode.git 1783
[2022-06-03 09:36:25.114] [exthost] [warning] [Decorations] CAPPING events from decorations provider vscode.git 1783
[2022-06-03 09:36:30.361] [exthost] [warning] [Decorations] CAPPING events from decorations provider vscode.git 1783
[2022-06-03 09:36:35.597] [exthost] [warning] [Decorations] CAPPING events from decorations provider vscode.git 1783
[2022-06-03 09:36:40.830] [exthost] [warning] [Decorations] CAPPING events from decorations provider vscode.git 1783
[2022-06-03 09:36:46.061] [exthost] [warning] [Decorations] CAPPING events from decorations provider vscode.git 1783
[2022-06-03 09:36:51.323] [exthost] [warning] [Decorations] CAPPING events from decorations provider vscode.git 1783
[2022-06-03 09:36:56.563] [exthost] [warning] [Decorations] CAPPING events from decorations provider vscode.git 1783
[2022-06-03 09:37:01.803] [exthost] [warning] [Decorations] CAPPING events from decorations provider vscode.git 1783
[2022-06-03 09:37:07.035] [exthost] [warning] [Decorations] CAPPING events from decorations provider vscode.git 1783
[2022-06-03 09:37:12.304] [exthost] [warning] [Decorations] CAPPING events from decorations provider vscode.git 1783
[2022-06-03 09:37:17.540] [exthost] [warning] [Decorations] CAPPING events from decorations provider vscode.git 1783
[2022-06-03 09:37:22.764] [exthost] [warning] [Decorations] CAPPING events from decorations provider vscode.git 1783
[2022-06-03 09:37:28.156] [exthost] [warning] [Decorations] CAPPING events from decorations provider vscode.git 1783
[2022-06-03 09:37:34.637] [exthost] [warning] [Decorations] CAPPING events from decorations provider vscode.git 1783
[2022-06-03 09:37:39.883] [exthost] [warning] [Decorations] CAPPING events from decorations provider vscode.git 1783
[2022-06-03 09:37:45.113] [exthost] [warning] [Decorations] CAPPING events from decorations provider vscode.git 1783
[2022-06-03 09:37:50.398] [exthost] [warning] [Decorations] CAPPING events from decorations provider vscode.git 1783
[2022-06-03 09:37:55.619] [exthost] [warning] [Decorations] CAPPING events from decorations provider vscode.git 1783
[2022-06-03 09:38:00.856] [exthost] [warning] [Decorations] CAPPING events from decorations provider vscode.git 1783
[2022-06-03 09:38:06.100] [exthost] [warning] [Decorations] CAPPING events from decorations provider vscode.git 1783
[2022-06-03 09:38:11.434] [exthost] [warning] [Decorations] CAPPING events from decorations provider vscode.git 1783
[2022-06-03 09:38:16.687] [exthost] [warning] [Decorations] CAPPING events from decorations provider vscode.git 1783
[2022-06-03 09:38:21.914] [exthost] [warning] [Decorations] CAPPING events from decorations provider vscode.git 1783
[2022-06-03 09:38:27.240] [exthost] [warning] [Decorations] CAPPING events from decorations provider vscode.git 1783
[2022-06-03 09:38:33.949] [exthost] [warning] [Decorations] CAPPING events from decorations provider vscode.git 1783
[2022-06-03 09:38:39.215] [exthost] [warning] [Decorations] CAPPING events from decorations provider vscode.git 1783
[2022-06-03 09:38:44.476] [exthost] [warning] [Decorations] CAPPING events from decorations provider vscode.git 1783
[2022-06-03 09:38:49.741] [exthost] [warning] [Decorations] CAPPING events from decorations provider vscode.git 1783
[2022-06-03 09:38:54.966] [exthost] [warning] [Decorations] CAPPING events from decorations provider vscode.git 1783
[2022-06-03 09:39:00.297] [exthost] [warning] [Decorations] CAPPING events from decorations provider vscode.git 1783
[2022-06-03 09:39:07.001] [exthost] [warning] [Decorations] CAPPING events from decorations provider vscode.git 1783
[2022-06-03 09:39:12.275] [exthost] [warning] [Decorations] CAPPING events from decorations provider vscode.git 1783
[2022-06-03 09:39:18.770] [exthost] [warning] [Decorations] CAPPING events from decorations provider vscode.git 1783
[2022-06-03 09:39:24.054] [exthost] [warning] [Decorations] CAPPING events from decorations provider vscode.git 1783
[2022-06-03 09:39:30.645] [exthost] [warning] [Decorations] CAPPING events from decorations provider vscode.git 1783
[2022-06-03 09:39:35.894] [exthost] [warning] [Decorations] CAPPING events from decorations provider vscode.git 1783
[2022-06-03 09:39:41.270] [exthost] [warning] [Decorations] CAPPING events from decorations provider vscode.git 1783
[2022-06-03 09:39:47.737] [exthost] [warning] [Decorations] CAPPING events from decorations provider vscode.git 1783
[2022-06-03 09:39:53.252] [exthost] [warning] [Decorations] CAPPING events from decorations provider vscode.git 1783
[2022-06-03 09:39:59.837] [exthost] [warning] [Decorations] CAPPING events from decorations provider vscode.git 1783
[2022-06-03 09:40:05.227] [exthost] [warning] [Decorations] CAPPING events from decorations provider vscode.git 1783
[2022-06-03 09:40:11.706] [exthost] [warning] [Decorations] CAPPING events from decorations provider vscode.git 1783
[2022-06-03 09:40:16.998] [exthost] [warning] [Decorations] CAPPING events from decorations provider vscode.git 1783
[2022-06-03 09:40:23.573] [exthost] [warning] [Decorations] CAPPING events from decorations provider vscode.git 1783
[2022-06-03 09:40:28.967] [exthost] [warning] [Decorations] CAPPING events from decorations provider vscode.git 1783
[2022-06-03 09:40:35.337] [exthost] [warning] [Decorations] CAPPING events from decorations provider vscode.git 1783
[2022-06-03 09:40:40.679] [exthost] [warning] [Decorations] CAPPING events from decorations provider vscode.git 1783
[2022-06-03 09:40:47.225] [exthost] [warning] [Decorations] CAPPING events from decorations provider vscode.git 1783
[2022-06-03 09:40:52.507] [exthost] [warning] [Decorations] CAPPING events from decorations provider vscode.git 1783
[2022-06-03 09:40:57.740] [exthost] [warning] [Decorations] CAPPING events from decorations provider vscode.git 1783
[2022-06-03 09:43:26.128] [exthost] [warning] [Decorations] CAPPING events from decorations provider vscode.git 1783
[2022-06-03 09:43:31.360] [exthost] [warning] [Decorations] CAPPING events from decorations provider vscode.git 1783
[2022-06-03 09:43:36.600] [exthost] [warning] [Decorations] CAPPING events from decorations provider vscode.git 1783
[2022-06-03 09:43:41.831] [exthost] [warning] [Decorations] CAPPING events from decorations provider vscode.git 1783
[2022-06-03 09:43:47.071] [exthost] [warning] [Decorations] CAPPING events from decorations provider vscode.git 1783
[2022-06-03 09:43:52.309] [exthost] [warning] [Decorations] CAPPING events from decorations provider vscode.git 1783
[2022-06-03 09:43:57.541] [exthost] [warning] [Decorations] CAPPING events from decorations provider vscode.git 1783
[2022-06-03 09:44:02.773] [exthost] [warning] [Decorations] CAPPING events from decorations provider vscode.git 1783
[2022-06-03 09:44:07.988] [exthost] [warning] [Decorations] CAPPING events from decorations provider vscode.git 1783
[2022-06-03 09:44:13.224] [exthost] [warning] [Decorations] CAPPING events from decorations provider vscode.git 1783
[2022-06-03 09:44:18.475] [exthost] [warning] [Decorations] CAPPING events from decorations provider vscode.git 1783
[2022-06-03 09:44:23.705] [exthost] [warning] [Decorations] CAPPING events from decorations provider vscode.git 1783
[2022-06-03 09:44:29.038] [exthost] [warning] [Decorations] CAPPING events from decorations provider vscode.git 1783
[2022-06-03 09:44:53.227] [exthost] [warning] [Decorations] CAPPING events from decorations provider vscode.git 1783
[2022-06-03 09:44:58.490] [exthost] [warning] [Decorations] CAPPING events from decorations provider vscode.git 1783
[2022-06-03 09:45:03.727] [exthost] [warning] [Decorations] CAPPING events from decorations provider vscode.git 1783
[2022-06-03 09:45:08.967] [exthost] [warning] [Decorations] CAPPING events from decorations provider vscode.git 1783
[2022-06-03 09:45:14.343] [exthost] [warning] [Decorations] CAPPING events from decorations provider vscode.git 1783
[2022-06-03 09:45:20.780] [exthost] [warning] [Decorations] CAPPING events from decorations provider vscode.git 1783
[2022-06-03 09:45:26.010] [exthost] [warning] [Decorations] CAPPING events from decorations provider vscode.git 1783
[2022-06-03 09:45:31.234] [exthost] [warning] [Decorations] CAPPING events from decorations provider vscode.git 1783
[2022-06-03 09:45:36.567] [exthost] [warning] [Decorations] CAPPING events from decorations provider vscode.git 1783
[2022-06-03 09:45:43.128] [exthost] [warning] [Decorations] CAPPING events from decorations provider vscode.git 1783
[2022-06-03 09:45:48.372] [exthost] [warning] [Decorations] CAPPING events from decorations provider vscode.git 1783
[2022-06-03 09:45:53.605] [exthost] [warning] [Decorations] CAPPING events from decorations provider vscode.git 1783
[2022-06-03 09:45:58.841] [exthost] [warning] [Decorations] CAPPING events from decorations provider vscode.git 1783
[2022-06-03 09:46:04.073] [exthost] [warning] [Decorations] CAPPING events from decorations provider vscode.git 1783
[2022-06-03 09:46:09.304] [exthost] [warning] [Decorations] CAPPING events from decorations provider vscode.git 1783
[2022-06-03 09:46:14.537] [exthost] [warning] [Decorations] CAPPING events from decorations provider vscode.git 1783
[2022-06-03 09:46:32.333] [exthost] [warning] [Decorations] CAPPING events from decorations provider vscode.git 1783
[2022-06-03 09:46:37.568] [exthost] [warning] [Decorations] CAPPING events from decorations provider vscode.git 1783
[2022-06-03 09:46:42.794] [exthost] [warning] [Decorations] CAPPING events from decorations provider vscode.git 1783
[2022-06-03 09:46:48.180] [exthost] [warning] [Decorations] CAPPING events from decorations provider vscode.git 1783
[2022-06-03 09:46:54.659] [exthost] [warning] [Decorations] CAPPING events from decorations provider vscode.git 1783
[2022-06-03 09:46:59.973] [exthost] [warning] [Decorations] CAPPING events from decorations provider vscode.git 1783
[2022-06-03 09:47:06.442] [exthost] [warning] [Decorations] CAPPING events from decorations provider vscode.git 1783
[2022-06-03 09:47:11.665] [exthost] [warning] [Decorations] CAPPING events from decorations provider vscode.git 1784
[2022-06-03 09:47:16.894] [exthost] [warning] [Decorations] CAPPING events from decorations provider vscode.git 1784
[2022-06-03 09:47:22.147] [exthost] [warning] [Decorations] CAPPING events from decorations provider vscode.git 1784
[2022-06-03 09:47:27.459] [exthost] [warning] [Decorations] CAPPING events from decorations provider vscode.git 1784
[2022-06-03 09:47:34.032] [exthost] [warning] [Decorations] CAPPING events from decorations provider vscode.git 1784
[2022-06-03 09:47:39.371] [exthost] [warning] [Decorations] CAPPING events from decorations provider vscode.git 1784
[2022-06-03 09:47:45.707] [exthost] [warning] [Decorations] CAPPING events from decorations provider vscode.git 1784
[2022-06-03 09:47:50.964] [exthost] [warning] [Decorations] CAPPING events from decorations provider vscode.git 1784
[2022-06-03 09:47:56.197] [exthost] [warning] [Decorations] CAPPING events from decorations provider vscode.git 1784
[2022-06-03 09:48:01.425] [exthost] [warning] [Decorations] CAPPING events from decorations provider vscode.git 1784
[2022-06-03 09:48:06.722] [exthost] [warning] [Decorations] CAPPING events from decorations provider vscode.git 1784
[2022-06-03 09:48:13.205] [exthost] [warning] [Decorations] CAPPING events from decorations provider vscode.git 1784
[2022-06-03 09:48:18.513] [exthost] [warning] [Decorations] CAPPING events from decorations provider vscode.git 1784
[2022-06-03 09:48:25.037] [exthost] [warning] [Decorations] CAPPING events from decorations provider vscode.git 1784
[2022-06-03 09:48:30.399] [exthost] [warning] [Decorations] CAPPING events from decorations provider vscode.git 1784
[2022-06-03 09:48:36.727] [exthost] [warning] [Decorations] CAPPING events from decorations provider vscode.git 1784
[2022-06-03 09:48:41.967] [exthost] [warning] [Decorations] CAPPING events from decorations provider vscode.git 1784
[2022-06-03 09:48:48.015] [exthost] [warning] [Decorations] CAPPING events from decorations provider vscode.git 1784
[2022-06-03 09:48:54.602] [exthost] [warning] [Decorations] CAPPING events from decorations provider vscode.git 1784
[2022-06-03 09:48:59.848] [exthost] [warning] [Decorations] CAPPING events from decorations provider vscode.git 1784
[2022-06-03 09:49:05.076] [exthost] [warning] [Decorations] CAPPING events from decorations provider vscode.git 1784
[2022-06-03 09:49:10.323] [exthost] [warning] [Decorations] CAPPING events from decorations provider vscode.git 1784
[2022-06-03 09:49:15.555] [exthost] [warning] [Decorations] CAPPING events from decorations provider vscode.git 1784
[2022-06-03 09:49:20.791] [exthost] [warning] [Decorations] CAPPING events from decorations provider vscode.git 1784
[2022-06-03 09:49:26.038] [exthost] [warning] [Decorations] CAPPING events from decorations provider vscode.git 1784
[2022-06-03 09:49:31.399] [exthost] [warning] [Decorations] CAPPING events from decorations provider vscode.git 1784
[2022-06-03 09:49:37.941] [exthost] [warning] [Decorations] CAPPING events from decorations provider vscode.git 1784
[2022-06-03 09:49:43.186] [exthost] [warning] [Decorations] CAPPING events from decorations provider vscode.git 1784
[2022-06-03 09:49:48.415] [exthost] [warning] [Decorations] CAPPING events from decorations provider vscode.git 1784
[2022-06-03 09:49:53.663] [exthost] [warning] [Decorations] CAPPING events from decorations provider vscode.git 1784
[2022-06-03 09:49:58.950] [exthost] [warning] [Decorations] CAPPING events from decorations provider vscode.git 1784
[2022-06-03 09:50:05.452] [exthost] [warning] [Decorations] CAPPING events from decorations provider vscode.git 1784
[2022-06-03 09:50:10.749] [exthost] [warning] [Decorations] CAPPING events from decorations provider vscode.git 1784
[2022-06-03 09:50:17.228] [exthost] [warning] [Decorations] CAPPING events from decorations provider vscode.git 1784
[2022-06-03 09:50:22.469] [exthost] [warning] [Decorations] CAPPING events from decorations provider vscode.git 1784
[2022-06-03 09:50:29.536] [exthost] [warning] [Decorations] CAPPING events from decorations provider vscode.git 1785
[2022-06-03 09:50:37.137] [exthost] [warning] [Decorations] CAPPING events from decorations provider vscode.git 1785
[2022-06-03 09:50:44.212] [exthost] [warning] [Decorations] CAPPING events from decorations provider vscode.git 1785
[2022-06-03 09:50:49.604] [exthost] [warning] [Decorations] CAPPING events from decorations provider vscode.git 1785
[2022-06-03 09:50:55.186] [exthost] [warning] [Decorations] CAPPING events from decorations provider vscode.git 1785
[2022-06-03 09:51:02.257] [exthost] [warning] [Decorations] CAPPING events from decorations provider vscode.git 1785
[2022-06-03 09:51:07.508] [exthost] [warning] [Decorations] CAPPING events from decorations provider vscode.git 1785
[2022-06-03 09:51:12.754] [exthost] [warning] [Decorations] CAPPING events from decorations provider vscode.git 1785
[2022-06-03 09:51:17.997] [exthost] [warning] [Decorations] CAPPING events from decorations provider vscode.git 1785
[2022-06-03 09:51:23.239] [exthost] [warning] [Decorations] CAPPING events from decorations provider vscode.git 1785
[2022-06-03 09:51:28.523] [exthost] [warning] [Decorations] CAPPING events from decorations provider vscode.git 1786
[2022-06-03 09:51:33.783] [exthost] [warning] [Decorations] CAPPING events from decorations provider vscode.git 1786
[2022-06-03 09:51:39.013] [exthost] [warning] [Decorations] CAPPING events from decorations provider vscode.git 1786
[2022-06-03 09:51:44.310] [exthost] [warning] [Decorations] CAPPING events from decorations provider vscode.git 1786
[2022-06-03 09:51:49.771] [exthost] [warning] [Decorations] CAPPING events from decorations provider vscode.git 1787
[2022-06-03 09:51:56.943] [exthost] [warning] [Decorations] CAPPING events from decorations provider vscode.git 1787
[2022-06-03 09:52:06.204] [exthost] [warning] [Decorations] CAPPING events from decorations provider vscode.git 1787
[2022-06-03 09:52:11.589] [exthost] [warning] [Decorations] CAPPING events from decorations provider vscode.git 1787
[2022-06-03 09:52:16.856] [exthost] [warning] [Decorations] CAPPING events from decorations provider vscode.git 1787
[2022-06-03 09:52:27.118] [exthost] [warning] [Decorations] CAPPING events from decorations provider vscode.git 1787
[2022-06-03 09:52:35.916] [exthost] [warning] [Decorations] CAPPING events from decorations provider vscode.git 1787
[2022-06-03 09:52:41.178] [exthost] [warning] [Decorations] CAPPING events from decorations provider vscode.git 1787
[2022-06-03 09:52:46.400] [exthost] [warning] [Decorations] CAPPING events from decorations provider vscode.git 1787
[2022-06-03 09:52:51.973] [exthost] [warning] [Decorations] CAPPING events from decorations provider vscode.git 1787
[2022-06-03 09:52:58.790] [exthost] [warning] [Decorations] CAPPING events from decorations provider vscode.git 1787
[2022-06-03 09:53:04.141] [exthost] [warning] [Decorations] CAPPING events from decorations provider vscode.git 1787
[2022-06-03 09:53:09.412] [exthost] [warning] [Decorations] CAPPING events from decorations provider vscode.git 1787
[2022-06-03 09:53:14.857] [exthost] [warning] [Decorations] CAPPING events from decorations provider vscode.git 1787
[2022-06-03 09:53:29.592] [exthost] [warning] [Decorations] CAPPING events from decorations provider vscode.git 1787
[2022-06-03 09:53:34.825] [exthost] [warning] [Decorations] CAPPING events from decorations provider vscode.git 1787
[2022-06-03 09:53:52.954] [exthost] [warning] [Decorations] CAPPING events from decorations provider vscode.git 1787
[2022-06-03 09:53:58.209] [exthost] [warning] [Decorations] CAPPING events from decorations provider vscode.git 1787
[2022-06-03 09:54:03.626] [exthost] [warning] [Decorations] CAPPING events from decorations provider vscode.git 1787
[2022-06-03 09:54:09.123] [exthost] [warning] [Decorations] CAPPING events from decorations provider vscode.git 1788
[2022-06-03 09:54:15.594] [exthost] [warning] [Decorations] CAPPING events from decorations provider vscode.git 1787
[2022-06-03 09:54:20.839] [exthost] [warning] [Decorations] CAPPING events from decorations provider vscode.git 1787
[2022-06-03 09:54:26.077] [exthost] [warning] [Decorations] CAPPING events from decorations provider vscode.git 1788
[2022-06-03 09:54:31.301] [exthost] [warning] [Decorations] CAPPING events from decorations provider vscode.git 1787
[2022-06-03 09:54:36.521] [exthost] [warning] [Decorations] CAPPING events from decorations provider vscode.git 1787
[2022-06-03 09:54:41.776] [exthost] [warning] [Decorations] CAPPING events from decorations provider vscode.git 1787
[2022-06-03 09:54:47.004] [exthost] [warning] [Decorations] CAPPING events from decorations provider vscode.git 1788
[2022-06-03 09:54:52.253] [exthost] [warning] [Decorations] CAPPING events from decorations provider vscode.git 1787
[2022-06-03 09:55:23.967] [exthost] [warning] [Decorations] CAPPING events from decorations provider vscode.git 1787
[2022-06-03 09:55:29.197] [exthost] [warning] [Decorations] CAPPING events from decorations provider vscode.git 1787
[2022-06-03 09:55:34.554] [exthost] [warning] [Decorations] CAPPING events from decorations provider vscode.git 1788
[2022-06-03 09:55:39.794] [exthost] [warning] [Decorations] CAPPING events from decorations provider vscode.git 1787
[2022-06-03 09:55:45.038] [exthost] [warning] [Decorations] CAPPING events from decorations provider vscode.git 1787
[2022-06-03 09:55:50.269] [exthost] [warning] [Decorations] CAPPING events from decorations provider vscode.git 1787
[2022-06-03 09:55:55.463] [exthost] [warning] [Decorations] CAPPING events from decorations provider vscode.git 1788
[2022-06-03 09:56:00.921] [exthost] [warning] [Decorations] CAPPING events from decorations provider vscode.git 1787
[2022-06-03 09:56:07.939] [exthost] [warning] [Decorations] CAPPING events from decorations provider vscode.git 1787
[2022-06-03 09:56:13.174] [exthost] [warning] [Decorations] CAPPING events from decorations provider vscode.git 1787
[2022-06-03 09:56:18.467] [exthost] [warning] [Decorations] CAPPING events from decorations provider vscode.git 1787
[2022-06-03 09:56:23.721] [exthost] [warning] [Decorations] CAPPING events from decorations provider vscode.git 1787
[2022-06-03 09:56:28.949] [exthost] [warning] [Decorations] CAPPING events from decorations provider vscode.git 1787
[2022-06-03 09:56:34.202] [exthost] [warning] [Decorations] CAPPING events from decorations provider vscode.git 1787
[2022-06-03 09:56:39.494] [exthost] [warning] [Decorations] CAPPING events from decorations provider vscode.git 1787
[2022-06-03 09:56:44.740] [exthost] [warning] [Decorations] CAPPING events from decorations provider vscode.git 1787
[2022-06-03 09:56:49.985] [exthost] [warning] [Decorations] CAPPING events from decorations provider vscode.git 1787
[2022-06-03 09:56:55.233] [exthost] [warning] [Decorations] CAPPING events from decorations provider vscode.git 1787
[2022-06-03 09:57:00.464] [exthost] [warning] [Decorations] CAPPING events from decorations provider vscode.git 1787
[2022-06-03 09:57:05.720] [exthost] [warning] [Decorations] CAPPING events from decorations provider vscode.git 1787
[2022-06-03 09:57:10.949] [exthost] [warning] [Decorations] CAPPING events from decorations provider vscode.git 1787
[2022-06-03 09:57:16.207] [exthost] [warning] [Decorations] CAPPING events from decorations provider vscode.git 1787
[2022-06-03 09:57:21.442] [exthost] [warning] [Decorations] CAPPING events from decorations provider vscode.git 1787
[2022-06-03 09:57:26.816] [exthost] [warning] [Decorations] CAPPING events from decorations provider vscode.git 1787
[2022-06-03 09:57:33.276] [exthost] [warning] [Decorations] CAPPING events from decorations provider vscode.git 1787
[2022-06-03 09:57:38.534] [exthost] [warning] [Decorations] CAPPING events from decorations provider vscode.git 1787
[2022-06-03 09:57:43.774] [exthost] [warning] [Decorations] CAPPING events from decorations provider vscode.git 1787
[2022-06-03 09:57:49.001] [exthost] [warning] [Decorations] CAPPING events from decorations provider vscode.git 1787
[2022-06-03 09:57:54.263] [exthost] [warning] [Decorations] CAPPING events from decorations provider vscode.git 1787
[2022-06-03 09:57:59.525] [exthost] [warning] [Decorations] CAPPING events from decorations provider vscode.git 1787
[2022-06-03 09:58:04.785] [exthost] [warning] [Decorations] CAPPING events from decorations provider vscode.git 1787
[2022-06-03 09:59:40.362] [exthost] [warning] [Decorations] CAPPING events from decorations provider vscode.git 1787
[2022-06-03 09:59:45.625] [exthost] [warning] [Decorations] CAPPING events from decorations provider vscode.git 1787
[2022-06-03 09:59:50.882] [exthost] [warning] [Decorations] CAPPING events from decorations provider vscode.git 1787
[2022-06-03 09:59:56.153] [exthost] [warning] [Decorations] CAPPING events from decorations provider vscode.git 1787
[2022-06-03 10:00:01.397] [exthost] [warning] [Decorations] CAPPING events from decorations provider vscode.git 1787
[2022-06-03 10:00:06.653] [exthost] [warning] [Decorations] CAPPING events from decorations provider vscode.git 1787
[2022-06-03 10:00:11.913] [exthost] [warning] [Decorations] CAPPING events from decorations provider vscode.git 1787
[2022-06-03 10:00:17.144] [exthost] [warning] [Decorations] CAPPING events from decorations provider vscode.git 1787
[2022-06-03 10:00:22.369] [exthost] [warning] [Decorations] CAPPING events from decorations provider vscode.git 1787
[2022-06-03 10:00:27.649] [exthost] [warning] [Decorations] CAPPING events from decorations provider vscode.git 1787
[2022-06-03 10:00:32.889] [exthost] [warning] [Decorations] CAPPING events from decorations provider vscode.git 1787
[2022-06-03 10:00:38.355] [exthost] [warning] [Decorations] CAPPING events from decorations provider vscode.git 1788
[2022-06-03 10:00:45.037] [exthost] [warning] [Decorations] CAPPING events from decorations provider vscode.git 1787
[2022-06-03 10:00:50.273] [exthost] [warning] [Decorations] CAPPING events from decorations provider vscode.git 1787
[2022-06-03 10:00:55.519] [exthost] [warning] [Decorations] CAPPING events from decorations provider vscode.git 1787
[2022-06-03 10:01:00.758] [exthost] [warning] [Decorations] CAPPING events from decorations provider vscode.git 1787
[2022-06-03 10:01:58.663] [exthost] [warning] [Decorations] CAPPING events from decorations provider vscode.git 1788
[2022-06-03 10:02:03.898] [exthost] [warning] [Decorations] CAPPING events from decorations provider vscode.git 1787
[2022-06-03 10:02:09.155] [exthost] [warning] [Decorations] CAPPING events from decorations provider vscode.git 1787
[2022-06-03 10:02:14.390] [exthost] [warning] [Decorations] CAPPING events from decorations provider vscode.git 1787
[2022-06-03 10:02:19.652] [exthost] [warning] [Decorations] CAPPING events from decorations provider vscode.git 1787
[2022-06-03 10:02:24.884] [exthost] [warning] [Decorations] CAPPING events from decorations provider vscode.git 1787
[2022-06-03 10:02:30.109] [exthost] [warning] [Decorations] CAPPING events from decorations provider vscode.git 1787
[2022-06-03 10:02:35.356] [exthost] [warning] [Decorations] CAPPING events from decorations provider vscode.git 1787
[2022-06-03 10:03:02.399] [exthost] [warning] [Decorations] CAPPING events from decorations provider vscode.git 1787
[2022-06-03 10:03:07.810] [exthost] [warning] [Decorations] CAPPING events from decorations provider vscode.git 1788
[2022-06-03 10:03:15.030] [exthost] [warning] [Decorations] CAPPING events from decorations provider vscode.git 1788
[2022-06-03 10:03:20.263] [exthost] [warning] [Decorations] CAPPING events from decorations provider vscode.git 1788
[2022-06-03 10:03:25.492] [exthost] [warning] [Decorations] CAPPING events from decorations provider vscode.git 1788
[2022-06-03 10:03:30.745] [exthost] [warning] [Decorations] CAPPING events from decorations provider vscode.git 1788
[2022-06-03 10:03:36.008] [exthost] [warning] [Decorations] CAPPING events from decorations provider vscode.git 1789
[2022-06-03 10:03:41.247] [exthost] [warning] [Decorations] CAPPING events from decorations provider vscode.git 1789
[2022-06-03 10:03:46.478] [exthost] [warning] [Decorations] CAPPING events from decorations provider vscode.git 1789
[2022-06-03 10:03:51.742] [exthost] [warning] [Decorations] CAPPING events from decorations provider vscode.git 1789
[2022-06-03 10:03:56.995] [exthost] [warning] [Decorations] CAPPING events from decorations provider vscode.git 1789
[2022-06-03 10:04:02.232] [exthost] [warning] [Decorations] CAPPING events from decorations provider vscode.git 1789
[2022-06-03 10:04:07.493] [exthost] [warning] [Decorations] CAPPING events from decorations provider vscode.git 1789
[2022-06-03 10:04:12.750] [exthost] [warning] [Decorations] CAPPING events from decorations provider vscode.git 1789
[2022-06-03 10:04:17.983] [exthost] [warning] [Decorations] CAPPING events from decorations provider vscode.git 1789
[2022-06-03 10:04:23.219] [exthost] [warning] [Decorations] CAPPING events from decorations provider vscode.git 1789
[2022-06-03 10:04:28.466] [exthost] [warning] [Decorations] CAPPING events from decorations provider vscode.git 1789
[2022-06-03 10:04:33.705] [exthost] [warning] [Decorations] CAPPING events from decorations provider vscode.git 1789
[2022-06-03 10:04:38.927] [exthost] [warning] [Decorations] CAPPING events from decorations provider vscode.git 1789
[2022-06-03 10:04:44.169] [exthost] [warning] [Decorations] CAPPING events from decorations provider vscode.git 1789
[2022-06-03 10:04:49.388] [exthost] [warning] [Decorations] CAPPING events from decorations provider vscode.git 1789
[2022-06-03 10:04:54.638] [exthost] [warning] [Decorations] CAPPING events from decorations provider vscode.git 1789
[2022-06-03 10:04:59.888] [exthost] [warning] [Decorations] CAPPING events from decorations provider vscode.git 1789
[2022-06-03 10:05:05.128] [exthost] [warning] [Decorations] CAPPING events from decorations provider vscode.git 1789
[2022-06-03 10:05:10.356] [exthost] [warning] [Decorations] CAPPING events from decorations provider vscode.git 1789
[2022-06-03 10:05:15.600] [exthost] [warning] [Decorations] CAPPING events from decorations provider vscode.git 1789
[2022-06-03 10:05:20.844] [exthost] [warning] [Decorations] CAPPING events from decorations provider vscode.git 1789
[2022-06-03 10:05:26.072] [exthost] [warning] [Decorations] CAPPING events from decorations provider vscode.git 1789
[2022-06-03 10:05:31.719] [exthost] [warning] [Decorations] CAPPING events from decorations provider vscode.git 1790
[2022-06-03 10:05:37.549] [exthost] [warning] [Decorations] CAPPING events from decorations provider vscode.git 1790
[2022-06-03 10:05:42.876] [exthost] [warning] [Decorations] CAPPING events from decorations provider vscode.git 1790
[2022-06-03 10:05:48.194] [exthost] [warning] [Decorations] CAPPING events from decorations provider vscode.git 1790
[2022-06-03 10:05:54.499] [exthost] [warning] [Decorations] CAPPING events from decorations provider vscode.git 1790
[2022-06-03 10:06:00.472] [exthost] [warning] [Decorations] CAPPING events from decorations provider vscode.git 1790
[2022-06-03 10:06:07.277] [exthost] [warning] [Decorations] CAPPING events from decorations provider vscode.git 1790
[2022-06-03 10:06:12.539] [exthost] [warning] [Decorations] CAPPING events from decorations provider vscode.git 1790
[2022-06-03 10:06:17.826] [exthost] [warning] [Decorations] CAPPING events from decorations provider vscode.git 1790
[2022-06-03 10:06:23.312] [exthost] [warning] [Decorations] CAPPING events from decorations provider vscode.git 1791
[2022-06-03 10:06:30.122] [exthost] [warning] [Decorations] CAPPING events from decorations provider vscode.git 1791
[2022-06-03 10:06:35.377] [exthost] [warning] [Decorations] CAPPING events from decorations provider vscode.git 1791
[2022-06-03 10:06:40.613] [exthost] [warning] [Decorations] CAPPING events from decorations provider vscode.git 1791
[2022-06-03 10:06:45.849] [exthost] [warning] [Decorations] CAPPING events from decorations provider vscode.git 1791
[2022-06-03 10:06:51.431] [exthost] [warning] [Decorations] CAPPING events from decorations provider vscode.git 1792
[2022-06-03 10:06:58.624] [exthost] [warning] [Decorations] CAPPING events from decorations provider vscode.git 1793
[2022-06-03 10:07:18.854] [exthost] [warning] [Decorations] CAPPING events from decorations provider vscode.git 1793
[2022-06-03 10:07:24.122] [exthost] [warning] [Decorations] CAPPING events from decorations provider vscode.git 1793
[2022-06-03 10:07:29.654] [exthost] [warning] [Decorations] CAPPING events from decorations provider vscode.git 1794
[2022-06-03 10:07:35.039] [exthost] [warning] [Decorations] CAPPING events from decorations provider vscode.git 1794
[2022-06-03 10:07:40.295] [exthost] [warning] [Decorations] CAPPING events from decorations provider vscode.git 1794
[2022-06-03 10:07:45.558] [exthost] [warning] [Decorations] CAPPING events from decorations provider vscode.git 1794
[2022-06-03 10:07:50.782] [exthost] [warning] [Decorations] CAPPING events from decorations provider vscode.git 1794
[2022-06-03 10:08:13.009] [exthost] [warning] [Decorations] CAPPING events from decorations provider vscode.git 1794
[2022-06-03 10:08:18.254] [exthost] [warning] [Decorations] CAPPING events from decorations provider vscode.git 1794
[2022-06-03 10:08:23.631] [exthost] [warning] [Decorations] CAPPING events from decorations provider vscode.git 1794
[2022-06-03 10:08:28.807] [exthost] [warning] [Decorations] CAPPING events from decorations provider vscode.git 1795
[2022-06-03 10:08:38.490] [exthost] [warning] [Decorations] CAPPING events from decorations provider vscode.git 1795
[2022-06-03 10:08:43.717] [exthost] [warning] [Decorations] CAPPING events from decorations provider vscode.git 1795
[2022-06-03 10:08:49.046] [exthost] [warning] [Decorations] CAPPING events from decorations provider vscode.git 1796
[2022-06-03 10:08:55.947] [exthost] [warning] [Decorations] CAPPING events from decorations provider vscode.git 1796
[2022-06-03 10:09:01.201] [exthost] [warning] [Decorations] CAPPING events from decorations provider vscode.git 1796
[2022-06-03 10:09:09.536] [exthost] [warning] [Decorations] CAPPING events from decorations provider vscode.git 1796
[2022-06-03 10:09:14.770] [exthost] [warning] [Decorations] CAPPING events from decorations provider vscode.git 1796
[2022-06-03 10:09:20.005] [exthost] [warning] [Decorations] CAPPING events from decorations provider vscode.git 1796
[2022-06-03 10:09:25.251] [exthost] [warning] [Decorations] CAPPING events from decorations provider vscode.git 1796
[2022-06-03 10:09:30.480] [exthost] [warning] [Decorations] CAPPING events from decorations provider vscode.git 1796
[2022-06-03 10:09:35.752] [exthost] [warning] [Decorations] CAPPING events from decorations provider vscode.git 1796
[2022-06-03 10:09:40.977] [exthost] [warning] [Decorations] CAPPING events from decorations provider vscode.git 1796
[2022-06-03 10:09:46.692] [exthost] [warning] [Decorations] CAPPING events from decorations provider vscode.git 1796
[2022-06-03 10:09:51.924] [exthost] [warning] [Decorations] CAPPING events from decorations provider vscode.git 1796
[2022-06-03 10:09:57.172] [exthost] [warning] [Decorations] CAPPING events from decorations provider vscode.git 1796
[2022-06-03 10:10:02.406] [exthost] [warning] [Decorations] CAPPING events from decorations provider vscode.git 1796
[2022-06-03 10:10:07.655] [exthost] [warning] [Decorations] CAPPING events from decorations provider vscode.git 1796
[2022-06-03 10:10:12.893] [exthost] [warning] [Decorations] CAPPING events from decorations provider vscode.git 1796
[2022-06-03 10:10:18.128] [exthost] [warning] [Decorations] CAPPING events from decorations provider vscode.git 1796
[2022-06-03 10:10:23.367] [exthost] [warning] [Decorations] CAPPING events from decorations provider vscode.git 1796
[2022-06-03 10:10:28.614] [exthost] [warning] [Decorations] CAPPING events from decorations provider vscode.git 1796
[2022-06-03 10:10:33.843] [exthost] [warning] [Decorations] CAPPING events from decorations provider vscode.git 1796
[2022-06-03 10:10:39.073] [exthost] [warning] [Decorations] CAPPING events from decorations provider vscode.git 1796
[2022-06-03 10:10:44.298] [exthost] [warning] [Decorations] CAPPING events from decorations provider vscode.git 1796
[2022-06-03 10:10:49.544] [exthost] [warning] [Decorations] CAPPING events from decorations provider vscode.git 1796
[2022-06-03 10:10:54.786] [exthost] [warning] [Decorations] CAPPING events from decorations provider vscode.git 1796
[2022-06-03 10:11:00.017] [exthost] [warning] [Decorations] CAPPING events from decorations provider vscode.git 1796
[2022-06-03 10:11:05.249] [exthost] [warning] [Decorations] CAPPING events from decorations provider vscode.git 1796
[2022-06-03 10:11:10.497] [exthost] [warning] [Decorations] CAPPING events from decorations provider vscode.git 1796
[2022-06-03 10:11:15.721] [exthost] [warning] [Decorations] CAPPING events from decorations provider vscode.git 1796
[2022-06-03 10:11:20.958] [exthost] [warning] [Decorations] CAPPING events from decorations provider vscode.git 1796
[2022-06-03 10:11:26.184] [exthost] [warning] [Decorations] CAPPING events from decorations provider vscode.git 1796
[2022-06-03 10:11:31.513] [exthost] [warning] [Decorations] CAPPING events from decorations provider vscode.git 1797
[2022-06-03 10:11:36.720] [exthost] [warning] [Decorations] CAPPING events from decorations provider vscode.git 1797
[2022-06-03 10:11:44.916] [exthost] [warning] [Decorations] CAPPING events from decorations provider vscode.git 1797
[2022-06-03 10:11:50.134] [exthost] [warning] [Decorations] CAPPING events from decorations provider vscode.git 1797
[2022-06-03 10:11:55.386] [exthost] [warning] [Decorations] CAPPING events from decorations provider vscode.git 1797
[2022-06-03 10:12:00.639] [exthost] [warning] [Decorations] CAPPING events from decorations provider vscode.git 1797
[2022-06-03 10:12:05.868] [exthost] [warning] [Decorations] CAPPING events from decorations provider vscode.git 1797
[2022-06-03 10:12:11.103] [exthost] [warning] [Decorations] CAPPING events from decorations provider vscode.git 1797
[2022-06-03 10:12:16.420] [exthost] [warning] [Decorations] CAPPING events from decorations provider vscode.git 1797
[2022-06-03 10:13:41.788] [exthost] [warning] [Decorations] CAPPING events from decorations provider vscode.git 1797
[2022-06-03 10:13:47.028] [exthost] [warning] [Decorations] CAPPING events from decorations provider vscode.git 1797
[2022-06-03 10:13:52.295] [exthost] [warning] [Decorations] CAPPING events from decorations provider vscode.git 1797
[2022-06-03 10:13:57.537] [exthost] [warning] [Decorations] CAPPING events from decorations provider vscode.git 1797
[2022-06-03 10:14:02.780] [exthost] [warning] [Decorations] CAPPING events from decorations provider vscode.git 1797
[2022-06-03 10:14:08.020] [exthost] [warning] [Decorations] CAPPING events from decorations provider vscode.git 1797
[2022-06-03 10:14:13.292] [exthost] [warning] [Decorations] CAPPING events from decorations provider vscode.git 1797
[2022-06-03 10:14:18.563] [exthost] [warning] [Decorations] CAPPING events from decorations provider vscode.git 1797
[2022-06-03 10:14:23.791] [exthost] [warning] [Decorations] CAPPING events from decorations provider vscode.git 1797
[2022-06-03 10:14:29.052] [exthost] [warning] [Decorations] CAPPING events from decorations provider vscode.git 1797
[2022-06-03 10:14:34.284] [exthost] [warning] [Decorations] CAPPING events from decorations provider vscode.git 1797
[2022-06-03 10:14:39.550] [exthost] [warning] [Decorations] CAPPING events from decorations provider vscode.git 1797
[2022-06-03 10:14:44.776] [exthost] [warning] [Decorations] CAPPING events from decorations provider vscode.git 1797
[2022-06-03 10:14:50.370] [exthost] [warning] [Decorations] CAPPING events from decorations provider vscode.git 1797
[2022-06-03 10:14:55.607] [exthost] [warning] [Decorations] CAPPING events from decorations provider vscode.git 1797
[2022-06-03 10:15:00.863] [exthost] [warning] [Decorations] CAPPING events from decorations provider vscode.git 1797
[2022-06-03 10:15:06.102] [exthost] [warning] [Decorations] CAPPING events from decorations provider vscode.git 1797
[2022-06-03 10:15:11.350] [exthost] [warning] [Decorations] CAPPING events from decorations provider vscode.git 1797
[2022-06-03 10:15:16.581] [exthost] [warning] [Decorations] CAPPING events from decorations provider vscode.git 1797
[2022-06-03 10:15:21.972] [exthost] [warning] [Decorations] CAPPING events from decorations provider vscode.git 1797
[2022-06-03 10:15:28.381] [exthost] [warning] [Decorations] CAPPING events from decorations provider vscode.git 1797
[2022-06-03 10:15:33.743] [exthost] [warning] [Decorations] CAPPING events from decorations provider vscode.git 1798
[2022-06-03 10:15:38.907] [exthost] [warning] [Decorations] CAPPING events from decorations provider vscode.git 1799
[2022-06-03 10:15:44.262] [exthost] [warning] [Decorations] CAPPING events from decorations provider vscode.git 1800
[2022-06-03 10:15:49.505] [exthost] [warning] [Decorations] CAPPING events from decorations provider vscode.git 1800
[2022-06-03 10:15:55.094] [exthost] [warning] [Decorations] CAPPING events from decorations provider vscode.git 1800
[2022-06-03 10:16:02.104] [exthost] [warning] [Decorations] CAPPING events from decorations provider vscode.git 1800
[2022-06-03 10:16:07.355] [exthost] [warning] [Decorations] CAPPING events from decorations provider vscode.git 1800
[2022-06-03 10:16:12.582] [exthost] [warning] [Decorations] CAPPING events from decorations provider vscode.git 1800
[2022-06-03 10:16:17.848] [exthost] [warning] [Decorations] CAPPING events from decorations provider vscode.git 1800
[2022-06-03 10:16:23.456] [exthost] [warning] [Decorations] CAPPING events from decorations provider vscode.git 1800
[2022-06-03 10:16:31.099] [exthost] [warning] [Decorations] CAPPING events from decorations provider vscode.git 1801
[2022-06-03 10:16:36.365] [exthost] [warning] [Decorations] CAPPING events from decorations provider vscode.git 1800
[2022-06-03 10:16:41.606] [exthost] [warning] [Decorations] CAPPING events from decorations provider vscode.git 1800
[2022-06-03 10:16:46.853] [exthost] [warning] [Decorations] CAPPING events from decorations provider vscode.git 1800
[2022-06-03 10:16:52.082] [exthost] [warning] [Decorations] CAPPING events from decorations provider vscode.git 1800
[2022-06-03 10:16:57.403] [exthost] [warning] [Decorations] CAPPING events from decorations provider vscode.git 1800
[2022-06-03 10:17:04.041] [exthost] [warning] [Decorations] CAPPING events from decorations provider vscode.git 1800
[2022-06-03 10:17:09.422] [exthost] [warning] [Decorations] CAPPING events from decorations provider vscode.git 1800
[2022-06-03 10:17:16.370] [exthost] [warning] [Decorations] CAPPING events from decorations provider vscode.git 1800
[2022-06-03 10:17:21.617] [exthost] [warning] [Decorations] CAPPING events from decorations provider vscode.git 1800
[2022-06-03 10:17:27.251] [exthost] [warning] [Decorations] CAPPING events from decorations provider vscode.git 1801
[2022-06-03 10:17:32.505] [exthost] [warning] [Decorations] CAPPING events from decorations provider vscode.git 1801
[2022-06-03 10:17:37.808] [exthost] [warning] [Decorations] CAPPING events from decorations provider vscode.git 1801
[2022-06-03 10:17:44.363] [exthost] [warning] [Decorations] CAPPING events from decorations provider vscode.git 1802
[2022-06-03 10:17:49.647] [exthost] [warning] [Decorations] CAPPING events from decorations provider vscode.git 1802
[2022-06-03 10:17:54.998] [exthost] [warning] [Decorations] CAPPING events from decorations provider vscode.git 1802
[2022-06-03 10:18:00.164] [exthost] [warning] [Decorations] CAPPING events from decorations provider vscode.git 1802
[2022-06-03 10:18:05.655] [exthost] [warning] [Decorations] CAPPING events from decorations provider vscode.git 1802
[2022-06-03 10:18:12.807] [exthost] [warning] [Decorations] CAPPING events from decorations provider vscode.git 1802
[2022-06-03 10:18:18.572] [exthost] [warning] [Decorations] CAPPING events from decorations provider vscode.git 1803
[2022-06-03 10:18:25.796] [exthost] [warning] [Decorations] CAPPING events from decorations provider vscode.git 1803
[2022-06-03 10:18:32.515] [exthost] [warning] [Decorations] CAPPING events from decorations provider vscode.git 1803
[2022-06-03 10:18:37.834] [exthost] [warning] [Decorations] CAPPING events from decorations provider vscode.git 1803
[2022-06-03 10:18:41.513] [exthost] [error] [vscode.typescript-language-features] provider FAILED
[2022-06-03 10:18:42.163] [exthost] [error] Error: DisposableStore is missing...
	at Q._convertCompletionItem (/home/ubuntu-1021941/.vscode-server/bin/c3511e6c69bb39013c4a4b7b9566ec1ca73fc4d5/out/vs/workbench/api/node/extensionHostProcess.js:83:112140)
	at Q.resolveCompletionItem (/home/ubuntu-1021941/.vscode-server/bin/c3511e6c69bb39013c4a4b7b9566ec1ca73fc4d5/out/vs/workbench/api/node/extensionHostProcess.js:83:111918)
	at runMicrotasks (<anonymous>)
	at processTicksAndRejections (node:internal/process/task_queues:96:5)
[2022-06-03 10:18:42.164] [exthost] [error] [vscode.typescript-language-features] provider FAILED
[2022-06-03 10:18:42.164] [exthost] [error] Error: DisposableStore is missing...
	at Q._convertCompletionItem (/home/ubuntu-1021941/.vscode-server/bin/c3511e6c69bb39013c4a4b7b9566ec1ca73fc4d5/out/vs/workbench/api/node/extensionHostProcess.js:83:112140)
	at Q.resolveCompletionItem (/home/ubuntu-1021941/.vscode-server/bin/c3511e6c69bb39013c4a4b7b9566ec1ca73fc4d5/out/vs/workbench/api/node/extensionHostProcess.js:83:111918)
	at runNextTicks (node:internal/process/task_queues:61:5)
	at processTimers (node:internal/timers:497:9)
[2022-06-03 10:18:43.114] [exthost] [warning] [Decorations] CAPPING events from decorations provider vscode.git 1803
[2022-06-03 10:18:49.252] [exthost] [warning] [Decorations] CAPPING events from decorations provider vscode.git 1803
[2022-06-03 10:18:56.626] [exthost] [warning] [Decorations] CAPPING events from decorations provider vscode.git 1803
[2022-06-03 10:19:01.977] [exthost] [warning] [Decorations] CAPPING events from decorations provider vscode.git 1803
[2022-06-03 10:19:07.259] [exthost] [warning] [Decorations] CAPPING events from decorations provider vscode.git 1803
[2022-06-03 10:19:12.505] [exthost] [warning] [Decorations] CAPPING events from decorations provider vscode.git 1803
[2022-06-03 10:19:17.740] [exthost] [warning] [Decorations] CAPPING events from decorations provider vscode.git 1803
[2022-06-03 10:19:22.972] [exthost] [warning] [Decorations] CAPPING events from decorations provider vscode.git 1803
[2022-06-03 10:19:28.207] [exthost] [warning] [Decorations] CAPPING events from decorations provider vscode.git 1803
[2022-06-03 10:19:33.433] [exthost] [warning] [Decorations] CAPPING events from decorations provider vscode.git 1803
[2022-06-03 10:19:38.686] [exthost] [warning] [Decorations] CAPPING events from decorations provider vscode.git 1803
[2022-06-03 10:20:07.460] [exthost] [warning] [Decorations] CAPPING events from decorations provider vscode.git 1803
[2022-06-03 10:20:12.877] [exthost] [warning] [Decorations] CAPPING events from decorations provider vscode.git 1803
[2022-06-03 10:20:20.196] [exthost] [warning] [Decorations] CAPPING events from decorations provider vscode.git 1804
[2022-06-03 10:20:25.555] [exthost] [warning] [Decorations] CAPPING events from decorations provider vscode.git 1805
[2022-06-03 10:20:30.915] [exthost] [warning] [Decorations] CAPPING events from decorations provider vscode.git 1805
[2022-06-03 10:20:38.321] [exthost] [warning] [Decorations] CAPPING events from decorations provider vscode.git 1805
[2022-06-03 10:20:43.840] [exthost] [warning] [Decorations] CAPPING events from decorations provider vscode.git 1806
[2022-06-03 10:20:50.605] [exthost] [warning] [Decorations] CAPPING events from decorations provider vscode.git 1806
[2022-06-03 10:21:01.994] [exthost] [warning] [Decorations] CAPPING events from decorations provider vscode.git 1806
[2022-06-03 10:21:17.473] [exthost] [warning] [Decorations] CAPPING events from decorations provider vscode.git 1806
[2022-06-03 10:21:22.714] [exthost] [warning] [Decorations] CAPPING events from decorations provider vscode.git 1806
[2022-06-03 10:21:27.953] [exthost] [warning] [Decorations] CAPPING events from decorations provider vscode.git 1806
[2022-06-03 10:21:33.410] [exthost] [warning] [Decorations] CAPPING events from decorations provider vscode.git 1807
[2022-06-03 10:21:40.611] [exthost] [warning] [Decorations] CAPPING events from decorations provider vscode.git 1807
[2022-06-03 10:21:45.850] [exthost] [warning] [Decorations] CAPPING events from decorations provider vscode.git 1807
[2022-06-03 10:21:51.206] [exthost] [warning] [Decorations] CAPPING events from decorations provider vscode.git 1807
[2022-06-03 10:23:07.295] [exthost] [warning] [Decorations] CAPPING events from decorations provider vscode.git 1807
[2022-06-03 10:23:12.554] [exthost] [warning] [Decorations] CAPPING events from decorations provider vscode.git 1807
[2022-06-03 10:23:17.791] [exthost] [warning] [Decorations] CAPPING events from decorations provider vscode.git 1807
[2022-06-03 10:23:23.045] [exthost] [warning] [Decorations] CAPPING events from decorations provider vscode.git 1807
[2022-06-03 10:23:38.120] [exthost] [warning] [Decorations] CAPPING events from decorations provider vscode.git 1807
[2022-06-03 10:23:43.360] [exthost] [warning] [Decorations] CAPPING events from decorations provider vscode.git 1808
[2022-06-03 10:23:48.603] [exthost] [warning] [Decorations] CAPPING events from decorations provider vscode.git 1808
[2022-06-03 10:23:53.855] [exthost] [warning] [Decorations] CAPPING events from decorations provider vscode.git 1808
[2022-06-03 10:24:28.939] [exthost] [warning] [Decorations] CAPPING events from decorations provider vscode.git 1808
[2022-06-03 10:24:34.278] [exthost] [warning] [Decorations] CAPPING events from decorations provider vscode.git 1808
[2022-06-03 10:24:47.764] [exthost] [warning] [Decorations] CAPPING events from decorations provider vscode.git 1808
[2022-06-03 10:24:53.015] [exthost] [warning] [Decorations] CAPPING events from decorations provider vscode.git 1808
[2022-06-03 10:24:58.270] [exthost] [warning] [Decorations] CAPPING events from decorations provider vscode.git 1808
[2022-06-03 10:25:03.580] [exthost] [warning] [Decorations] CAPPING events from decorations provider vscode.git 1808
[2022-06-03 10:25:08.816] [exthost] [warning] [Decorations] CAPPING events from decorations provider vscode.git 1808
[2022-06-03 10:25:26.026] [exthost] [warning] [Decorations] CAPPING events from decorations provider vscode.git 1808
[2022-06-03 10:25:31.256] [exthost] [warning] [Decorations] CAPPING events from decorations provider vscode.git 1808
[2022-06-03 10:25:37.288] [exthost] [warning] [Decorations] CAPPING events from decorations provider vscode.git 1809
[2022-06-03 10:25:53.243] [exthost] [warning] [Decorations] CAPPING events from decorations provider vscode.git 1808
[2022-06-03 10:25:58.754] [exthost] [warning] [Decorations] CAPPING events from decorations provider vscode.git 1808
[2022-06-03 10:26:03.952] [exthost] [warning] [Decorations] CAPPING events from decorations provider vscode.git 1808
[2022-06-03 10:26:09.172] [exthost] [warning] [Decorations] CAPPING events from decorations provider vscode.git 1808
[2022-06-03 10:26:14.506] [exthost] [warning] [Decorations] CAPPING events from decorations provider vscode.git 1808
[2022-06-03 10:26:21.051] [exthost] [warning] [Decorations] CAPPING events from decorations provider vscode.git 1808
[2022-06-03 10:26:26.253] [exthost] [warning] [Decorations] CAPPING events from decorations provider vscode.git 1808
[2022-06-03 10:26:31.614] [exthost] [warning] [Decorations] CAPPING events from decorations provider vscode.git 1808
[2022-06-03 10:26:41.139] [exthost] [warning] [Decorations] CAPPING events from decorations provider vscode.git 1808
[2022-06-03 10:26:46.385] [exthost] [warning] [Decorations] CAPPING events from decorations provider vscode.git 1808
[2022-06-03 10:26:51.736] [exthost] [warning] [Decorations] CAPPING events from decorations provider vscode.git 1809
[2022-06-03 10:26:58.514] [exthost] [warning] [Decorations] CAPPING events from decorations provider vscode.git 1809
[2022-06-03 10:28:17.158] [exthost] [warning] [Decorations] CAPPING events from decorations provider vscode.git 1809
[2022-06-03 10:28:22.495] [exthost] [warning] [Decorations] CAPPING events from decorations provider vscode.git 1810
[2022-06-03 10:28:27.711] [exthost] [warning] [Decorations] CAPPING events from decorations provider vscode.git 1810
[2022-06-03 10:28:34.309] [exthost] [warning] [Decorations] CAPPING events from decorations provider vscode.git 1810
[2022-06-03 10:28:39.865] [exthost] [warning] [Decorations] CAPPING events from decorations provider vscode.git 1811
[2022-06-03 10:28:47.162] [exthost] [warning] [Decorations] CAPPING events from decorations provider vscode.git 1811
[2022-06-03 10:28:52.555] [exthost] [warning] [Decorations] CAPPING events from decorations provider vscode.git 1811
[2022-06-03 10:28:59.350] [exthost] [warning] [Decorations] CAPPING events from decorations provider vscode.git 1811
[2022-06-03 10:29:04.513] [exthost] [error] [vscode.typescript-language-features] provider FAILED
[2022-06-03 10:29:04.513] [exthost] [error] Error: DisposableStore is missing...
	at Q._convertCompletionItem (/home/ubuntu-1021941/.vscode-server/bin/c3511e6c69bb39013c4a4b7b9566ec1ca73fc4d5/out/vs/workbench/api/node/extensionHostProcess.js:83:112140)
	at Q.resolveCompletionItem (/home/ubuntu-1021941/.vscode-server/bin/c3511e6c69bb39013c4a4b7b9566ec1ca73fc4d5/out/vs/workbench/api/node/extensionHostProcess.js:83:111918)
	at processTicksAndRejections (node:internal/process/task_queues:96:5)
[2022-06-03 10:29:04.725] [exthost] [warning] [Decorations] CAPPING events from decorations provider vscode.git 1812
[2022-06-03 10:29:38.174] [exthost] [warning] [Decorations] CAPPING events from decorations provider vscode.git 1812
[2022-06-03 10:29:43.507] [exthost] [warning] [Decorations] CAPPING events from decorations provider vscode.git 1813
[2022-06-03 10:29:52.447] [exthost] [warning] [Decorations] CAPPING events from decorations provider vscode.git 1813
[2022-06-03 10:29:57.690] [exthost] [warning] [Decorations] CAPPING events from decorations provider vscode.git 1813
[2022-06-03 10:30:02.936] [exthost] [warning] [Decorations] CAPPING events from decorations provider vscode.git 1813
[2022-06-03 10:30:08.196] [exthost] [warning] [Decorations] CAPPING events from decorations provider vscode.git 1813
[2022-06-03 10:30:13.759] [exthost] [warning] [Decorations] CAPPING events from decorations provider vscode.git 1814
[2022-06-03 10:30:22.124] [exthost] [warning] [Decorations] CAPPING events from decorations provider vscode.git 1814
[2022-06-03 10:30:27.434] [exthost] [warning] [Decorations] CAPPING events from decorations provider vscode.git 1814
[2022-06-03 10:30:32.660] [exthost] [warning] [Decorations] CAPPING events from decorations provider vscode.git 1814
[2022-06-03 10:30:37.907] [exthost] [warning] [Decorations] CAPPING events from decorations provider vscode.git 1814
[2022-06-03 10:30:43.132] [exthost] [warning] [Decorations] CAPPING events from decorations provider vscode.git 1814
[2022-06-03 10:30:48.358] [exthost] [warning] [Decorations] CAPPING events from decorations provider vscode.git 1814
[2022-06-03 10:30:53.630] [exthost] [warning] [Decorations] CAPPING events from decorations provider vscode.git 1814
[2022-06-03 10:30:59.219] [exthost] [warning] [Decorations] CAPPING events from decorations provider vscode.git 1815
[2022-06-03 10:31:04.548] [exthost] [warning] [Decorations] CAPPING events from decorations provider vscode.git 1815
[2022-06-03 10:31:14.622] [exthost] [warning] [Decorations] CAPPING events from decorations provider vscode.git 1815
[2022-06-03 10:31:19.882] [exthost] [warning] [Decorations] CAPPING events from decorations provider vscode.git 1815
[2022-06-03 10:31:25.118] [exthost] [warning] [Decorations] CAPPING events from decorations provider vscode.git 1815
[2022-06-03 10:31:32.825] [exthost] [warning] [Decorations] CAPPING events from decorations provider vscode.git 1816
[2022-06-03 10:31:43.778] [exthost] [warning] [Decorations] CAPPING events from decorations provider vscode.git 1816
[2022-06-03 10:31:49.032] [exthost] [warning] [Decorations] CAPPING events from decorations provider vscode.git 1816
[2022-06-03 10:31:54.266] [exthost] [warning] [Decorations] CAPPING events from decorations provider vscode.git 1816
[2022-06-03 10:31:59.512] [exthost] [warning] [Decorations] CAPPING events from decorations provider vscode.git 1816
[2022-06-03 10:32:06.232] [exthost] [warning] [Decorations] CAPPING events from decorations provider vscode.git 1817
[2022-06-03 10:32:11.472] [exthost] [warning] [Decorations] CAPPING events from decorations provider vscode.git 1817
[2022-06-03 10:32:16.720] [exthost] [warning] [Decorations] CAPPING events from decorations provider vscode.git 1817
[2022-06-03 10:32:26.344] [exthost] [warning] [Decorations] CAPPING events from decorations provider vscode.git 1818
[2022-06-03 10:32:31.575] [exthost] [warning] [Decorations] CAPPING events from decorations provider vscode.git 1818
[2022-06-03 10:32:36.813] [exthost] [warning] [Decorations] CAPPING events from decorations provider vscode.git 1818
[2022-06-03 10:32:42.106] [exthost] [warning] [Decorations] CAPPING events from decorations provider vscode.git 1818
[2022-06-03 10:32:47.365] [exthost] [warning] [Decorations] CAPPING events from decorations provider vscode.git 1818
[2022-06-03 10:32:52.607] [exthost] [warning] [Decorations] CAPPING events from decorations provider vscode.git 1818
[2022-06-03 10:32:57.856] [exthost] [warning] [Decorations] CAPPING events from decorations provider vscode.git 1818
[2022-06-03 10:33:03.084] [exthost] [warning] [Decorations] CAPPING events from decorations provider vscode.git 1818
[2022-06-03 10:33:08.323] [exthost] [warning] [Decorations] CAPPING events from decorations provider vscode.git 1818
[2022-06-03 10:33:13.562] [exthost] [warning] [Decorations] CAPPING events from decorations provider vscode.git 1818
[2022-06-03 10:33:18.800] [exthost] [warning] [Decorations] CAPPING events from decorations provider vscode.git 1818
[2022-06-03 10:33:24.042] [exthost] [warning] [Decorations] CAPPING events from decorations provider vscode.git 1818
[2022-06-03 10:33:29.297] [exthost] [warning] [Decorations] CAPPING events from decorations provider vscode.git 1818
[2022-06-03 10:33:34.629] [exthost] [warning] [Decorations] CAPPING events from decorations provider vscode.git 1819
[2022-06-03 10:33:39.885] [exthost] [warning] [Decorations] CAPPING events from decorations provider vscode.git 1818
[2022-06-03 10:33:45.151] [exthost] [warning] [Decorations] CAPPING events from decorations provider vscode.git 1818
[2022-06-03 10:33:50.388] [exthost] [warning] [Decorations] CAPPING events from decorations provider vscode.git 1818
[2022-06-03 10:33:55.633] [exthost] [warning] [Decorations] CAPPING events from decorations provider vscode.git 1818
[2022-06-03 10:34:00.870] [exthost] [warning] [Decorations] CAPPING events from decorations provider vscode.git 1818
[2022-06-03 10:34:31.140] [exthost] [warning] [Decorations] CAPPING events from decorations provider vscode.git 1818
[2022-06-03 10:34:36.436] [exthost] [warning] [Decorations] CAPPING events from decorations provider vscode.git 1818
[2022-06-03 10:34:41.706] [exthost] [warning] [Decorations] CAPPING events from decorations provider vscode.git 1818
[2022-06-03 10:34:47.101] [exthost] [warning] [Decorations] CAPPING events from decorations provider vscode.git 1818
[2022-06-03 10:34:53.634] [exthost] [warning] [Decorations] CAPPING events from decorations provider vscode.git 1818
[2022-06-03 10:34:59.030] [exthost] [warning] [Decorations] CAPPING events from decorations provider vscode.git 1819
[2022-06-03 10:35:04.280] [exthost] [warning] [Decorations] CAPPING events from decorations provider vscode.git 1818
[2022-06-03 10:35:09.704] [exthost] [warning] [Decorations] CAPPING events from decorations provider vscode.git 1818
[2022-06-03 10:35:16.652] [exthost] [warning] [Decorations] CAPPING events from decorations provider vscode.git 1818
[2022-06-03 10:35:21.887] [exthost] [warning] [Decorations] CAPPING events from decorations provider vscode.git 1818
[2022-06-03 10:35:27.122] [exthost] [warning] [Decorations] CAPPING events from decorations provider vscode.git 1818
[2022-06-03 10:35:32.366] [exthost] [warning] [Decorations] CAPPING events from decorations provider vscode.git 1818
[2022-06-03 10:35:37.606] [exthost] [warning] [Decorations] CAPPING events from decorations provider vscode.git 1818
[2022-06-03 10:35:42.834] [exthost] [warning] [Decorations] CAPPING events from decorations provider vscode.git 1818
[2022-06-03 10:35:48.065] [exthost] [warning] [Decorations] CAPPING events from decorations provider vscode.git 1818
[2022-06-03 10:35:53.304] [exthost] [warning] [Decorations] CAPPING events from decorations provider vscode.git 1819
[2022-06-03 10:35:58.551] [exthost] [warning] [Decorations] CAPPING events from decorations provider vscode.git 1818
[2022-06-03 10:36:03.782] [exthost] [warning] [Decorations] CAPPING events from decorations provider vscode.git 1818
[2022-06-03 10:36:09.020] [exthost] [warning] [Decorations] CAPPING events from decorations provider vscode.git 1818
[2022-06-03 10:36:14.287] [exthost] [warning] [Decorations] CAPPING events from decorations provider vscode.git 1819
[2022-06-03 10:36:19.517] [exthost] [warning] [Decorations] CAPPING events from decorations provider vscode.git 1818
[2022-06-03 10:36:24.936] [exthost] [warning] [Decorations] CAPPING events from decorations provider vscode.git 1819
[2022-06-03 10:36:40.804] [exthost] [warning] [Decorations] CAPPING events from decorations provider vscode.git 1818
[2022-06-03 10:36:46.165] [exthost] [warning] [Decorations] CAPPING events from decorations provider vscode.git 1819
[2022-06-03 10:36:51.417] [exthost] [warning] [Decorations] CAPPING events from decorations provider vscode.git 1818
[2022-06-03 10:36:56.693] [exthost] [warning] [Decorations] CAPPING events from decorations provider vscode.git 1818
[2022-06-03 10:37:01.940] [exthost] [warning] [Decorations] CAPPING events from decorations provider vscode.git 1818
[2022-06-03 10:37:07.182] [exthost] [warning] [Decorations] CAPPING events from decorations provider vscode.git 1818
[2022-06-03 10:37:12.419] [exthost] [warning] [Decorations] CAPPING events from decorations provider vscode.git 1818
[2022-06-03 10:37:17.647] [exthost] [warning] [Decorations] CAPPING events from decorations provider vscode.git 1818
[2022-06-03 10:37:22.870] [exthost] [warning] [Decorations] CAPPING events from decorations provider vscode.git 1818
[2022-06-03 10:37:28.117] [exthost] [warning] [Decorations] CAPPING events from decorations provider vscode.git 1818
[2022-06-03 10:37:33.345] [exthost] [warning] [Decorations] CAPPING events from decorations provider vscode.git 1818
[2022-06-03 10:37:38.727] [exthost] [warning] [Decorations] CAPPING events from decorations provider vscode.git 1818
[2022-06-03 10:37:43.997] [exthost] [warning] [Decorations] CAPPING events from decorations provider vscode.git 1818
[2022-06-03 10:37:49.280] [exthost] [warning] [Decorations] CAPPING events from decorations provider vscode.git 1818
[2022-06-03 10:37:54.509] [exthost] [warning] [Decorations] CAPPING events from decorations provider vscode.git 1818
[2022-06-03 10:37:59.794] [exthost] [warning] [Decorations] CAPPING events from decorations provider vscode.git 1818
[2022-06-03 10:38:05.030] [exthost] [warning] [Decorations] CAPPING events from decorations provider vscode.git 1818
[2022-06-03 10:38:42.087] [exthost] [warning] [Decorations] CAPPING events from decorations provider vscode.git 1818
[2022-06-03 10:38:47.326] [exthost] [warning] [Decorations] CAPPING events from decorations provider vscode.git 1818
[2022-06-03 10:38:52.576] [exthost] [warning] [Decorations] CAPPING events from decorations provider vscode.git 1818
[2022-06-03 10:38:57.823] [exthost] [warning] [Decorations] CAPPING events from decorations provider vscode.git 1818
[2022-06-03 10:39:03.064] [exthost] [warning] [Decorations] CAPPING events from decorations provider vscode.git 1818
[2022-06-03 10:39:08.280] [exthost] [warning] [Decorations] CAPPING events from decorations provider vscode.git 1818
[2022-06-03 10:39:13.796] [exthost] [warning] [Decorations] CAPPING events from decorations provider vscode.git 1819
[2022-06-03 10:39:19.034] [exthost] [warning] [Decorations] CAPPING events from decorations provider vscode.git 1819
[2022-06-03 10:39:24.274] [exthost] [warning] [Decorations] CAPPING events from decorations provider vscode.git 1819
[2022-06-03 10:39:30.008] [exthost] [warning] [Decorations] CAPPING events from decorations provider vscode.git 1820
[2022-06-03 10:39:35.273] [exthost] [warning] [Decorations] CAPPING events from decorations provider vscode.git 1820
[2022-06-03 10:39:40.502] [exthost] [warning] [Decorations] CAPPING events from decorations provider vscode.git 1820
[2022-06-03 10:41:21.792] [exthost] [warning] [Decorations] CAPPING events from decorations provider vscode.git 1820
[2022-06-03 10:41:27.124] [exthost] [warning] [Decorations] CAPPING events from decorations provider vscode.git 1821
[2022-06-03 10:41:32.370] [exthost] [warning] [Decorations] CAPPING events from decorations provider vscode.git 1820
[2022-06-03 10:41:37.635] [exthost] [warning] [Decorations] CAPPING events from decorations provider vscode.git 1820
[2022-06-03 10:41:43.194] [exthost] [warning] [Decorations] CAPPING events from decorations provider vscode.git 1820
[2022-06-03 10:41:50.680] [exthost] [warning] [Decorations] CAPPING events from decorations provider vscode.git 1820
[2022-06-03 10:41:55.974] [exthost] [warning] [Decorations] CAPPING events from decorations provider vscode.git 1820
[2022-06-03 10:42:01.456] [exthost] [warning] [Decorations] CAPPING events from decorations provider vscode.git 1820
[2022-06-03 10:42:08.442] [exthost] [warning] [Decorations] CAPPING events from decorations provider vscode.git 1820
[2022-06-03 10:42:15.714] [exthost] [warning] [Decorations] CAPPING events from decorations provider vscode.git 1820
[2022-06-03 10:42:21.037] [exthost] [warning] [Decorations] CAPPING events from decorations provider vscode.git 1820
[2022-06-03 10:42:26.478] [exthost] [warning] [Decorations] CAPPING events from decorations provider vscode.git 1820
[2022-06-03 10:42:33.445] [exthost] [warning] [Decorations] CAPPING events from decorations provider vscode.git 1820
[2022-06-03 10:42:38.828] [exthost] [warning] [Decorations] CAPPING events from decorations provider vscode.git 1820
[2022-06-03 10:42:46.005] [exthost] [warning] [Decorations] CAPPING events from decorations provider vscode.git 1820
[2022-06-03 10:42:53.467] [exthost] [warning] [Decorations] CAPPING events from decorations provider vscode.git 1820
[2022-06-03 10:43:00.460] [exthost] [warning] [Decorations] CAPPING events from decorations provider vscode.git 1820
[2022-06-03 10:43:06.059] [exthost] [warning] [Decorations] CAPPING events from decorations provider vscode.git 1820
[2022-06-03 10:43:11.365] [exthost] [warning] [Decorations] CAPPING events from decorations provider vscode.git 1820
[2022-06-03 10:43:16.603] [exthost] [warning] [Decorations] CAPPING events from decorations provider vscode.git 1820
[2022-06-03 10:43:22.084] [exthost] [warning] [Decorations] CAPPING events from decorations provider vscode.git 1821
[2022-06-03 10:43:27.421] [exthost] [warning] [Decorations] CAPPING events from decorations provider vscode.git 1822
[2022-06-03 10:43:34.150] [exthost] [warning] [Decorations] CAPPING events from decorations provider vscode.git 1820
[2022-06-03 10:43:39.532] [exthost] [warning] [Decorations] CAPPING events from decorations provider vscode.git 1820
[2022-06-03 10:43:45.022] [exthost] [warning] [Decorations] CAPPING events from decorations provider vscode.git 1820
[2022-06-03 10:43:51.809] [exthost] [warning] [Decorations] CAPPING events from decorations provider vscode.git 1820
[2022-06-03 10:43:59.364] [exthost] [warning] [Decorations] CAPPING events from decorations provider vscode.git 1820
[2022-06-03 10:44:04.512] [exthost] [warning] [Decorations] CAPPING events from decorations provider vscode.git 1820
[2022-06-03 10:44:09.895] [exthost] [warning] [Decorations] CAPPING events from decorations provider vscode.git 1820
[2022-06-03 10:44:16.961] [exthost] [warning] [Decorations] CAPPING events from decorations provider vscode.git 1820
[2022-06-03 10:44:24.591] [exthost] [warning] [Decorations] CAPPING events from decorations provider vscode.git 1820
[2022-06-03 10:44:29.836] [exthost] [warning] [Decorations] CAPPING events from decorations provider vscode.git 1820
[2022-06-03 10:44:35.106] [exthost] [warning] [Decorations] CAPPING events from decorations provider vscode.git 1820
[2022-06-03 10:44:40.725] [exthost] [warning] [Decorations] CAPPING events from decorations provider vscode.git 1821
[2022-06-03 10:44:42.642] [exthost] [error] [vscode.typescript-language-features] provider FAILED
[2022-06-03 10:44:42.642] [exthost] [error] Error: DisposableStore is missing...
	at Q._convertCompletionItem (/home/ubuntu-1021941/.vscode-server/bin/c3511e6c69bb39013c4a4b7b9566ec1ca73fc4d5/out/vs/workbench/api/node/extensionHostProcess.js:83:112140)
	at Q.resolveCompletionItem (/home/ubuntu-1021941/.vscode-server/bin/c3511e6c69bb39013c4a4b7b9566ec1ca73fc4d5/out/vs/workbench/api/node/extensionHostProcess.js:83:111918)
	at runMicrotasks (<anonymous>)
	at processTicksAndRejections (node:internal/process/task_queues:96:5)
[2022-06-03 10:44:51.443] [exthost] [warning] [Decorations] CAPPING events from decorations provider vscode.git 1820
[2022-06-03 10:44:56.707] [exthost] [warning] [Decorations] CAPPING events from decorations provider vscode.git 1820
[2022-06-03 10:45:01.944] [exthost] [warning] [Decorations] CAPPING events from decorations provider vscode.git 1820
[2022-06-03 10:45:59.077] [exthost] [warning] [Decorations] CAPPING events from decorations provider vscode.git 1821
[2022-06-03 10:46:04.345] [exthost] [warning] [Decorations] CAPPING events from decorations provider vscode.git 1820
[2022-06-03 10:46:09.583] [exthost] [warning] [Decorations] CAPPING events from decorations provider vscode.git 1820
[2022-06-03 10:46:14.834] [exthost] [warning] [Decorations] CAPPING events from decorations provider vscode.git 1820
[2022-06-03 10:46:20.073] [exthost] [warning] [Decorations] CAPPING events from decorations provider vscode.git 1820
[2022-06-03 10:46:25.313] [exthost] [warning] [Decorations] CAPPING events from decorations provider vscode.git 1820
[2022-06-03 10:46:30.579] [exthost] [warning] [Decorations] CAPPING events from decorations provider vscode.git 1820
[2022-06-03 10:46:35.818] [exthost] [warning] [Decorations] CAPPING events from decorations provider vscode.git 1820
[2022-06-03 10:46:41.053] [exthost] [warning] [Decorations] CAPPING events from decorations provider vscode.git 1820
[2022-06-03 10:46:50.178] [exthost] [warning] [Decorations] CAPPING events from decorations provider vscode.git 1821
[2022-06-03 10:46:55.417] [exthost] [warning] [Decorations] CAPPING events from decorations provider vscode.git 1820
[2022-06-03 11:20:24.779] [exthost] [warning] [Decorations] CAPPING events from decorations provider vscode.git 1820
[2022-06-03 11:20:30.058] [exthost] [warning] [Decorations] CAPPING events from decorations provider vscode.git 1820
[2022-06-03 11:20:35.287] [exthost] [warning] [Decorations] CAPPING events from decorations provider vscode.git 1820
[2022-06-03 11:20:40.552] [exthost] [warning] [Decorations] CAPPING events from decorations provider vscode.git 1820
[2022-06-03 11:20:45.776] [exthost] [warning] [Decorations] CAPPING events from decorations provider vscode.git 1820
[2022-06-03 11:20:51.012] [exthost] [warning] [Decorations] CAPPING events from decorations provider vscode.git 1820
[2022-06-03 11:20:56.236] [exthost] [warning] [Decorations] CAPPING events from decorations provider vscode.git 1820
[2022-06-03 11:21:01.492] [exthost] [warning] [Decorations] CAPPING events from decorations provider vscode.git 1820
[2022-06-03 11:21:06.847] [exthost] [warning] [Decorations] CAPPING events from decorations provider vscode.git 1821
[2022-06-03 11:21:14.098] [exthost] [warning] [Decorations] CAPPING events from decorations provider vscode.git 1820
[2022-06-03 11:21:19.329] [exthost] [warning] [Decorations] CAPPING events from decorations provider vscode.git 1820
[2022-06-03 11:21:24.638] [exthost] [warning] [Decorations] CAPPING events from decorations provider vscode.git 1820
[2022-06-03 11:21:29.864] [exthost] [warning] [Decorations] CAPPING events from decorations provider vscode.git 1820
[2022-06-03 11:21:35.157] [exthost] [warning] [Decorations] CAPPING events from decorations provider vscode.git 1820
[2022-06-03 11:21:40.415] [exthost] [warning] [Decorations] CAPPING events from decorations provider vscode.git 1820
[2022-06-03 11:21:45.658] [exthost] [warning] [Decorations] CAPPING events from decorations provider vscode.git 1820
[2022-06-03 11:21:50.894] [exthost] [warning] [Decorations] CAPPING events from decorations provider vscode.git 1820
[2022-06-03 11:22:05.265] [exthost] [warning] [Decorations] CAPPING events from decorations provider vscode.git 1820
[2022-06-03 11:22:10.914] [exthost] [warning] [Decorations] CAPPING events from decorations provider vscode.git 1821
[2022-06-03 11:48:29.381] [exthost] [warning] [Decorations] CAPPING events from decorations provider vscode.git 1820
[2022-06-03 11:48:34.621] [exthost] [warning] [Decorations] CAPPING events from decorations provider vscode.git 1820
[2022-06-03 11:48:39.870] [exthost] [warning] [Decorations] CAPPING events from decorations provider vscode.git 1820
[2022-06-03 11:48:45.134] [exthost] [warning] [Decorations] CAPPING events from decorations provider vscode.git 1820
[2022-06-03 11:48:51.800] [exthost] [warning] [Decorations] CAPPING events from decorations provider vscode.git 1821
[2022-06-03 11:48:57.059] [exthost] [warning] [Decorations] CAPPING events from decorations provider vscode.git 1820
[2022-06-03 11:49:02.315] [exthost] [warning] [Decorations] CAPPING events from decorations provider vscode.git 1820
[2022-06-03 11:49:07.544] [exthost] [warning] [Decorations] CAPPING events from decorations provider vscode.git 1820
[2022-06-03 11:49:12.800] [exthost] [warning] [Decorations] CAPPING events from decorations provider vscode.git 1820
[2022-06-03 11:49:18.040] [exthost] [warning] [Decorations] CAPPING events from decorations provider vscode.git 1820
[2022-06-03 11:49:23.478] [exthost] [warning] [Decorations] CAPPING events from decorations provider vscode.git 1821
[2022-06-03 11:49:45.390] [exthost] [warning] [Decorations] CAPPING events from decorations provider vscode.git 1820
[2022-06-03 11:59:26.129] [exthost] [warning] [Decorations] CAPPING events from decorations provider vscode.git 1820
[2022-06-03 11:59:31.395] [exthost] [warning] [Decorations] CAPPING events from decorations provider vscode.git 1820
[2022-06-03 11:59:36.637] [exthost] [warning] [Decorations] CAPPING events from decorations provider vscode.git 1820
[2022-06-03 14:59:57.632] [exthost] [info] Extension host terminating: renderer disconnected for too long (1)
[2022-06-03 14:59:57.635] [exthost] [info] Lock '/home/ubuntu-1021941/.vscode-server/data/User/workspaceStorage/56b96f145db760d9a83f35b6caf5e4f2/vscode.lock': Marking the lockfile as scheduled to be released in 6000 ms.
[2022-06-03 14:59:57.852] [exthost] [info] Extension host with pid 1762339 exiting with code 0
