*
* Visual Studio Code Server
*
* By using the software, you agree to
* the Visual Studio Code Server License Terms (https://aka.ms/vscode-server-license) and
* the Microsoft Privacy Statement (https://privacy.microsoft.com/en-US/privacystatement).
*
Server bound to 127.0.0.1:45865 (IPv4)
Extension host agent listening on 45865

[11:57:56] Extension host agent started.
[11:57:57] [127.0.0.1][3b6774f1][ManagementConnection] New connection established.
[11:57:57] [127.0.0.1][934372e5][ExtensionHostConnection] New connection established.
[11:57:57] [127.0.0.1][934372e5][ExtensionHostConnection] <228876> Launched Extension Host Process.
[IPC Library: Pty Host]  WARN Shell integration cannot be enabled for executable "/bin/sh" and args [
  '-c',
  'wget --version > /dev/null\n' +
    'if [ $? -eq 0 ]\n' +
    'then\n' +
    "\twget --connect-timeout=7 --tries=1 --dns-timeout=7 -q --header='Metadata:true' -O - http://169.254.169.254/metadata/instance?api-version=2019-03-11\n" +
    'else\n' +
    '\tcurl --version > /dev/null\n' +
    '\tif [ $? -eq 0 ]\n' +
    '\tthen\n' +
    "\t\tcurl --connect-timeout 7 -s --header='Metadata:true' http://169.254.169.254/metadata/instance?api-version=2019-03-11\n" +
    '\tfi\n' +
    'fi\n' +
    'exit 0'
]
[IPC Library: Pty Host]  WARN Shell integration cannot be enabled for executable "/bin/sh" and args [
  '-c',
  'wget --version > /dev/null\n' +
    'if [ $? -eq 0 ]\n' +
    'then\n' +
    '\twget --connect-timeout=7 --tries=1 --dns-timeout=7 -q  -O - http://169.254.169.254/latest/meta-data/instance-id\n' +
    'else\n' +
    '\tcurl --version > /dev/null\n' +
    '\tif [ $? -eq 0 ]\n' +
    '\tthen\n' +
    '\t\tcurl --connect-timeout 7 -s  http://169.254.169.254/latest/meta-data/instance-id\n' +
    '\tfi\n' +
    'fi\n' +
    'exit 0'
]
[IPC Library: Pty Host]  WARN Shell integration cannot be enabled for executable "/bin/sh" and args [
  '-c',
  'wget --version > /dev/null\n' +
    'if [ $? -eq 0 ]\n' +
    'then\n' +
    '\twget --connect-timeout=7 --tries=1 --dns-timeout=7 -q  -O - http://169.254.169.254/metadata/v1/id\n' +
    'else\n' +
    '\tcurl --version > /dev/null\n' +
    '\tif [ $? -eq 0 ]\n' +
    '\tthen\n' +
    '\t\tcurl --connect-timeout 7 -s  http://169.254.169.254/metadata/v1/id\n' +
    '\tfi\n' +
    'fi\n' +
    'exit 0'
]
[IPC Library: Pty Host]  WARN Shell integration cannot be enabled for executable "/bin/sh" and args [
  '-c',
  'wget --version > /dev/null\n' +
    'if [ $? -eq 0 ]\n' +
    'then\n' +
    "\twget --connect-timeout=7 --tries=1 --dns-timeout=7 -q --header='Metadata-Flavor:Google' -O - http://metadata.google.internal/computeMetadata/v1/instance/id\n" +
    'else\n' +
    '\tcurl --version > /dev/null\n' +
    '\tif [ $? -eq 0 ]\n' +
    '\tthen\n' +
    "\t\tcurl --connect-timeout 7 -s --header='Metadata-Flavor:Google' http://metadata.google.internal/computeMetadata/v1/instance/id\n" +
    '\tfi\n' +
    'fi\n' +
    'exit 0'
]
[11:58:25] [127.0.0.1][3b6774f1][ManagementConnection] The client has disconnected gracefully, so the connection will be disposed.
[11:58:25] [127.0.0.1][934372e5][ExtensionHostConnection] <228876> Extension Host Process exited with code: 0, signal: null.
Last EH closed, waiting before shutting down
[11:58:25] Last EH closed, waiting before shutting down
Got delay-shutdown request while in shutdown timeout, delaying
[11:58:38] Got delay-shutdown request while in shutdown timeout, delaying
Cancelling previous shutdown timeout
[11:58:38] Cancelling previous shutdown timeout
[11:58:38] [127.0.0.1][898975b1][ManagementConnection] New connection established.
[11:58:38] [127.0.0.1][02967ae4][ExtensionHostConnection] New connection established.
[11:58:38] [127.0.0.1][02967ae4][ExtensionHostConnection] <229066> Launched Extension Host Process.
rejected promise not handled within 1 second: Error: Could not find pty on pty host
stack trace: Error: Could not find pty on pty host,    at C._throwIfNoPty (/home/ubuntu-1021941/.vscode-server/bin/dfd34e8260c270da74b5c2d86d61aee4b6d56977/out/vs/platform/terminal/node/ptyHostMain.js:20:5336),    at C.updateTitle (/home/ubuntu-1021941/.vscode-server/bin/dfd34e8260c270da74b5c2d86d61aee4b6d56977/out/vs/platform/terminal/node/ptyHostMain.js:20:1676),    at Object.call (/home/ubuntu-1021941/.vscode-server/bin/dfd34e8260c270da74b5c2d86d61aee4b6d56977/out/vs/platform/terminal/node/ptyHostMain.js:13:8332),    at E.onPromise (/home/ubuntu-1021941/.vscode-server/bin/dfd34e8260c270da74b5c2d86d61aee4b6d56977/out/vs/platform/terminal/node/ptyHostMain.js:12:4867),    at E.onRawMessage (/home/ubuntu-1021941/.vscode-server/bin/dfd34e8260c270da74b5c2d86d61aee4b6d56977/out/vs/platform/terminal/node/ptyHostMain.js:12:4262),    at /home/ubuntu-1021941/.vscode-server/bin/dfd34e8260c270da74b5c2d86d61aee4b6d56977/out/vs/platform/terminal/node/ptyHostMain.js:12:3554,    at L.invoke (/home/ubuntu-1021941/.vscode-server/bin/dfd34e8260c270da74b5c2d86d61aee4b6d56977/out/vs/platform/terminal/node/ptyHostMain.js:8:145),    at l.fire (/home/ubuntu-1021941/.vscode-server/bin/dfd34e8260c270da74b5c2d86d61aee4b6d56977/out/vs/platform/terminal/node/ptyHostMain.js:8:1856),    at process.U (/home/ubuntu-1021941/.vscode-server/bin/dfd34e8260c270da74b5c2d86d61aee4b6d56977/out/vs/platform/terminal/node/ptyHostMain.js:6:34661),    at process.emit (node:events:390:28),    at emit (node:internal/child_process:917:12),    at processTicksAndRejections (node:internal/process/task_queues:84:21)
[11:58:41] [Error: Could not find pty on pty host,    at C._throwIfNoPty (/home/ubuntu-1021941/.vscode-server/bin/dfd34e8260c270da74b5c2d86d61aee4b6d56977/out/vs/platform/terminal/node/ptyHostMain.js:20:5336),    at C.updateTitle (/home/ubuntu-1021941/.vscode-server/bin/dfd34e8260c270da74b5c2d86d61aee4b6d56977/out/vs/platform/terminal/node/ptyHostMain.js:20:1676),    at Object.call (/home/ubuntu-1021941/.vscode-server/bin/dfd34e8260c270da74b5c2d86d61aee4b6d56977/out/vs/platform/terminal/node/ptyHostMain.js:13:8332),    at E.onPromise (/home/ubuntu-1021941/.vscode-server/bin/dfd34e8260c270da74b5c2d86d61aee4b6d56977/out/vs/platform/terminal/node/ptyHostMain.js:12:4867),    at E.onRawMessage (/home/ubuntu-1021941/.vscode-server/bin/dfd34e8260c270da74b5c2d86d61aee4b6d56977/out/vs/platform/terminal/node/ptyHostMain.js:12:4262),    at /home/ubuntu-1021941/.vscode-server/bin/dfd34e8260c270da74b5c2d86d61aee4b6d56977/out/vs/platform/terminal/node/ptyHostMain.js:12:3554,    at L.invoke (/home/ubuntu-1021941/.vscode-server/bin/dfd34e8260c270da74b5c2d86d61aee4b6d56977/out/vs/platform/terminal/node/ptyHostMain.js:8:145),    at l.fire (/home/ubuntu-1021941/.vscode-server/bin/dfd34e8260c270da74b5c2d86d61aee4b6d56977/out/vs/platform/terminal/node/ptyHostMain.js:8:1856),    at process.U (/home/ubuntu-1021941/.vscode-server/bin/dfd34e8260c270da74b5c2d86d61aee4b6d56977/out/vs/platform/terminal/node/ptyHostMain.js:6:34661),    at process.emit (node:events:390:28),    at emit (node:internal/child_process:917:12),    at processTicksAndRejections (node:internal/process/task_queues:84:21)]
[IPC Library: Pty Host]  WARN Shell integration cannot be enabled for executable "/bin/sh" and args [
  '-c',
  'wget --version > /dev/null\n' +
    'if [ $? -eq 0 ]\n' +
    'then\n' +
    "\twget --connect-timeout=7 --tries=1 --dns-timeout=7 -q --header='Metadata:true' -O - http://169.254.169.254/metadata/instance?api-version=2019-03-11\n" +
    'else\n' +
    '\tcurl --version > /dev/null\n' +
    '\tif [ $? -eq 0 ]\n' +
    '\tthen\n' +
    "\t\tcurl --connect-timeout 7 -s --header='Metadata:true' http://169.254.169.254/metadata/instance?api-version=2019-03-11\n" +
    '\tfi\n' +
    'fi\n' +
    'exit 0'
]
[IPC Library: Pty Host]  WARN Shell integration cannot be enabled for executable "/bin/sh" and args [
  '-c',
  'wget --version > /dev/null\n' +
    'if [ $? -eq 0 ]\n' +
    'then\n' +
    '\twget --connect-timeout=7 --tries=1 --dns-timeout=7 -q  -O - http://169.254.169.254/latest/meta-data/instance-id\n' +
    'else\n' +
    '\tcurl --version > /dev/null\n' +
    '\tif [ $? -eq 0 ]\n' +
    '\tthen\n' +
    '\t\tcurl --connect-timeout 7 -s  http://169.254.169.254/latest/meta-data/instance-id\n' +
    '\tfi\n' +
    'fi\n' +
    'exit 0'
]
[IPC Library: Pty Host]  WARN Shell integration cannot be enabled for executable "/bin/sh" and args [
  '-c',
  'wget --version > /dev/null\n' +
    'if [ $? -eq 0 ]\n' +
    'then\n' +
    '\twget --connect-timeout=7 --tries=1 --dns-timeout=7 -q  -O - http://169.254.169.254/metadata/v1/id\n' +
    'else\n' +
    '\tcurl --version > /dev/null\n' +
    '\tif [ $? -eq 0 ]\n' +
    '\tthen\n' +
    '\t\tcurl --connect-timeout 7 -s  http://169.254.169.254/metadata/v1/id\n' +
    '\tfi\n' +
    'fi\n' +
    'exit 0'
]
[IPC Library: Pty Host]  WARN Shell integration cannot be enabled for executable "/bin/sh" and args [
  '-c',
  'wget --version > /dev/null\n' +
    'if [ $? -eq 0 ]\n' +
    'then\n' +
    "\twget --connect-timeout=7 --tries=1 --dns-timeout=7 -q --header='Metadata-Flavor:Google' -O - http://metadata.google.internal/computeMetadata/v1/instance/id\n" +
    'else\n' +
    '\tcurl --version > /dev/null\n' +
    '\tif [ $? -eq 0 ]\n' +
    '\tthen\n' +
    "\t\tcurl --connect-timeout 7 -s --header='Metadata-Flavor:Google' http://metadata.google.internal/computeMetadata/v1/instance/id\n" +
    '\tfi\n' +
    'fi\n' +
    'exit 0'
]
[IPC Library: Pty Host]  WARN Shell integration cannot be enabled for executable "/usr/bin/bash" and args undefined
New EH opened, aborting shutdown
[12:03:38] New EH opened, aborting shutdown
[14:55:47] [127.0.0.1][898975b1][ManagementConnection] The client has disconnected, will wait for reconnection 3h before disposing...
Error: Unexpected SIGPIPE
    at process.<anonymous> (/home/ubuntu-1021941/.vscode-server/bin/dfd34e8260c270da74b5c2d86d61aee4b6d56977/out/bootstrap.js:1:370)
    at process.emit (node:events:390:28)
[16:28:01] [127.0.0.1][898975b1][ManagementConnection] Another client has connected, will shorten the wait for reconnection 5m before disposing...
[16:28:01] [127.0.0.1][9df9414d][ManagementConnection] New connection established.
[16:28:01] [127.0.0.1][f39f25a3][ExtensionHostConnection] New connection established.
[16:28:01] [127.0.0.1][f39f25a3][ExtensionHostConnection] <236572> Launched Extension Host Process.
[IPC Library: Pty Host]  WARN Shell integration cannot be enabled for executable "/bin/sh" and args [
  '-c',
  'wget --version > /dev/null\n' +
    'if [ $? -eq 0 ]\n' +
    'then\n' +
    "\twget --connect-timeout=7 --tries=1 --dns-timeout=7 -q --header='Metadata:true' -O - http://169.254.169.254/metadata/instance?api-version=2019-03-11\n" +
    'else\n' +
    '\tcurl --version > /dev/null\n' +
    '\tif [ $? -eq 0 ]\n' +
    '\tthen\n' +
    "\t\tcurl --connect-timeout 7 -s --header='Metadata:true' http://169.254.169.254/metadata/instance?api-version=2019-03-11\n" +
    '\tfi\n' +
    'fi\n' +
    'exit 0'
]
[IPC Library: Pty Host]  WARN Shell integration cannot be enabled for executable "/bin/sh" and args [
  '-c',
  'wget --version > /dev/null\n' +
    'if [ $? -eq 0 ]\n' +
    'then\n' +
    '\twget --connect-timeout=7 --tries=1 --dns-timeout=7 -q  -O - http://169.254.169.254/latest/meta-data/instance-id\n' +
    'else\n' +
    '\tcurl --version > /dev/null\n' +
    '\tif [ $? -eq 0 ]\n' +
    '\tthen\n' +
    '\t\tcurl --connect-timeout 7 -s  http://169.254.169.254/latest/meta-data/instance-id\n' +
    '\tfi\n' +
    'fi\n' +
    'exit 0'
]
[IPC Library: Pty Host]  WARN Shell integration cannot be enabled for executable "/bin/sh" and args [
  '-c',
  'wget --version > /dev/null\n' +
    'if [ $? -eq 0 ]\n' +
    'then\n' +
    '\twget --connect-timeout=7 --tries=1 --dns-timeout=7 -q  -O - http://169.254.169.254/metadata/v1/id\n' +
    'else\n' +
    '\tcurl --version > /dev/null\n' +
    '\tif [ $? -eq 0 ]\n' +
    '\tthen\n' +
    '\t\tcurl --connect-timeout 7 -s  http://169.254.169.254/metadata/v1/id\n' +
    '\tfi\n' +
    'fi\n' +
    'exit 0'
]
[IPC Library: Pty Host]  WARN Shell integration cannot be enabled for executable "/bin/sh" and args [
  '-c',
  'wget --version > /dev/null\n' +
    'if [ $? -eq 0 ]\n' +
    'then\n' +
    "\twget --connect-timeout=7 --tries=1 --dns-timeout=7 -q --header='Metadata-Flavor:Google' -O - http://metadata.google.internal/computeMetadata/v1/instance/id\n" +
    'else\n' +
    '\tcurl --version > /dev/null\n' +
    '\tif [ $? -eq 0 ]\n' +
    '\tthen\n' +
    "\t\tcurl --connect-timeout 7 -s --header='Metadata-Flavor:Google' http://metadata.google.internal/computeMetadata/v1/instance/id\n" +
    '\tfi\n' +
    'fi\n' +
    'exit 0'
]
rejected promise not handled within 1 second: Error: Could not find pty on pty host
stack trace: Error: Could not find pty on pty host,    at C._throwIfNoPty (/home/ubuntu-1021941/.vscode-server/bin/dfd34e8260c270da74b5c2d86d61aee4b6d56977/out/vs/platform/terminal/node/ptyHostMain.js:20:5336),    at C.updateTitle (/home/ubuntu-1021941/.vscode-server/bin/dfd34e8260c270da74b5c2d86d61aee4b6d56977/out/vs/platform/terminal/node/ptyHostMain.js:20:1676),    at Object.call (/home/ubuntu-1021941/.vscode-server/bin/dfd34e8260c270da74b5c2d86d61aee4b6d56977/out/vs/platform/terminal/node/ptyHostMain.js:13:8332),    at E.onPromise (/home/ubuntu-1021941/.vscode-server/bin/dfd34e8260c270da74b5c2d86d61aee4b6d56977/out/vs/platform/terminal/node/ptyHostMain.js:12:4867),    at E.onRawMessage (/home/ubuntu-1021941/.vscode-server/bin/dfd34e8260c270da74b5c2d86d61aee4b6d56977/out/vs/platform/terminal/node/ptyHostMain.js:12:4262),    at /home/ubuntu-1021941/.vscode-server/bin/dfd34e8260c270da74b5c2d86d61aee4b6d56977/out/vs/platform/terminal/node/ptyHostMain.js:12:3554,    at L.invoke (/home/ubuntu-1021941/.vscode-server/bin/dfd34e8260c270da74b5c2d86d61aee4b6d56977/out/vs/platform/terminal/node/ptyHostMain.js:8:145),    at l.fire (/home/ubuntu-1021941/.vscode-server/bin/dfd34e8260c270da74b5c2d86d61aee4b6d56977/out/vs/platform/terminal/node/ptyHostMain.js:8:1856),    at process.U (/home/ubuntu-1021941/.vscode-server/bin/dfd34e8260c270da74b5c2d86d61aee4b6d56977/out/vs/platform/terminal/node/ptyHostMain.js:6:34661),    at process.emit (node:events:390:28),    at emit (node:internal/child_process:917:12),    at processTicksAndRejections (node:internal/process/task_queues:84:21)
[16:28:03] [Error: Could not find pty on pty host,    at C._throwIfNoPty (/home/ubuntu-1021941/.vscode-server/bin/dfd34e8260c270da74b5c2d86d61aee4b6d56977/out/vs/platform/terminal/node/ptyHostMain.js:20:5336),    at C.updateTitle (/home/ubuntu-1021941/.vscode-server/bin/dfd34e8260c270da74b5c2d86d61aee4b6d56977/out/vs/platform/terminal/node/ptyHostMain.js:20:1676),    at Object.call (/home/ubuntu-1021941/.vscode-server/bin/dfd34e8260c270da74b5c2d86d61aee4b6d56977/out/vs/platform/terminal/node/ptyHostMain.js:13:8332),    at E.onPromise (/home/ubuntu-1021941/.vscode-server/bin/dfd34e8260c270da74b5c2d86d61aee4b6d56977/out/vs/platform/terminal/node/ptyHostMain.js:12:4867),    at E.onRawMessage (/home/ubuntu-1021941/.vscode-server/bin/dfd34e8260c270da74b5c2d86d61aee4b6d56977/out/vs/platform/terminal/node/ptyHostMain.js:12:4262),    at /home/ubuntu-1021941/.vscode-server/bin/dfd34e8260c270da74b5c2d86d61aee4b6d56977/out/vs/platform/terminal/node/ptyHostMain.js:12:3554,    at L.invoke (/home/ubuntu-1021941/.vscode-server/bin/dfd34e8260c270da74b5c2d86d61aee4b6d56977/out/vs/platform/terminal/node/ptyHostMain.js:8:145),    at l.fire (/home/ubuntu-1021941/.vscode-server/bin/dfd34e8260c270da74b5c2d86d61aee4b6d56977/out/vs/platform/terminal/node/ptyHostMain.js:8:1856),    at process.U (/home/ubuntu-1021941/.vscode-server/bin/dfd34e8260c270da74b5c2d86d61aee4b6d56977/out/vs/platform/terminal/node/ptyHostMain.js:6:34661),    at process.emit (node:events:390:28),    at emit (node:internal/child_process:917:12),    at processTicksAndRejections (node:internal/process/task_queues:84:21)]
[16:33:01] [127.0.0.1][898975b1][ManagementConnection] The reconnection short grace time of 5m has expired, so the connection will be disposed.
[16:33:01] [127.0.0.1][02967ae4][ExtensionHostConnection] <229066> Extension Host Process exited with code: 0, signal: null.
[16:40:44] [127.0.0.1][be36217d][ManagementConnection] New connection established.
[16:40:44] [127.0.0.1][d997b307][ExtensionHostConnection] New connection established.
[16:40:44] [127.0.0.1][d997b307][ExtensionHostConnection] <237054> Launched Extension Host Process.
[IPC Library: Pty Host]  WARN Shell integration cannot be enabled for executable "/bin/sh" and args [
  '-c',
  'wget --version > /dev/null\n' +
    'if [ $? -eq 0 ]\n' +
    'then\n' +
    "\twget --connect-timeout=7 --tries=1 --dns-timeout=7 -q --header='Metadata:true' -O - http://169.254.169.254/metadata/instance?api-version=2019-03-11\n" +
    'else\n' +
    '\tcurl --version > /dev/null\n' +
    '\tif [ $? -eq 0 ]\n' +
    '\tthen\n' +
    "\t\tcurl --connect-timeout 7 -s --header='Metadata:true' http://169.254.169.254/metadata/instance?api-version=2019-03-11\n" +
    '\tfi\n' +
    'fi\n' +
    'exit 0'
]
[IPC Library: Pty Host]  WARN Shell integration cannot be enabled for executable "/bin/sh" and args [
  '-c',
  'wget --version > /dev/null\n' +
    'if [ $? -eq 0 ]\n' +
    'then\n' +
    '\twget --connect-timeout=7 --tries=1 --dns-timeout=7 -q  -O - http://169.254.169.254/latest/meta-data/instance-id\n' +
    'else\n' +
    '\tcurl --version > /dev/null\n' +
    '\tif [ $? -eq 0 ]\n' +
    '\tthen\n' +
    '\t\tcurl --connect-timeout 7 -s  http://169.254.169.254/latest/meta-data/instance-id\n' +
    '\tfi\n' +
    'fi\n' +
    'exit 0'
]
[IPC Library: Pty Host]  WARN Shell integration cannot be enabled for executable "/bin/sh" and args [
  '-c',
  'wget --version > /dev/null\n' +
    'if [ $? -eq 0 ]\n' +
    'then\n' +
    '\twget --connect-timeout=7 --tries=1 --dns-timeout=7 -q  -O - http://169.254.169.254/metadata/v1/id\n' +
    'else\n' +
    '\tcurl --version > /dev/null\n' +
    '\tif [ $? -eq 0 ]\n' +
    '\tthen\n' +
    '\t\tcurl --connect-timeout 7 -s  http://169.254.169.254/metadata/v1/id\n' +
    '\tfi\n' +
    'fi\n' +
    'exit 0'
]
[IPC Library: Pty Host]  WARN Shell integration cannot be enabled for executable "/bin/sh" and args [
  '-c',
  'wget --version > /dev/null\n' +
    'if [ $? -eq 0 ]\n' +
    'then\n' +
    "\twget --connect-timeout=7 --tries=1 --dns-timeout=7 -q --header='Metadata-Flavor:Google' -O - http://metadata.google.internal/computeMetadata/v1/instance/id\n" +
    'else\n' +
    '\tcurl --version > /dev/null\n' +
    '\tif [ $? -eq 0 ]\n' +
    '\tthen\n' +
    "\t\tcurl --connect-timeout 7 -s --header='Metadata-Flavor:Google' http://metadata.google.internal/computeMetadata/v1/instance/id\n" +
    '\tfi\n' +
    'fi\n' +
    'exit 0'
]
[IPC Library: Pty Host]  INFO Persistent process "9": Replaying 6002 chars and 1 size events
